<?xml version="1.0" encoding="UTF-8"?>
<testsuites name="BuyProcess" time="47" tests="2" failures="0" errors="1">
   <testsuite name="BuyProcess" tests="2" failures="0" errors="1" time="47" timestamp="2019-03-11 13:00:52" hostname="dipak - DIPAKDAS-PC.indusnettechnologies.com" id="Test Suites/BuyProcess">
      <properties>
         <property name="deviceName" value=""/>
         <property name="devicePlatform" value=""/>
         <property name="logFolder" value="E:\\MarkitCore\\Katalon\\Katalon\\MarkitCore\\Reports\\BuyProcess\\20190311_130051"/>
         <property name="logFiles" value="E:\\MarkitCore\\Katalon\\Katalon\\MarkitCore\\Reports\\BuyProcess\\20190311_130051\\execution0.log"/>
         <property name="attachments" value=""/>
         <property name="hostName" value="dipak - DIPAKDAS-PC.indusnettechnologies.com"/>
         <property name="os" value="Windows 7 32bit"/>
         <property name="katalonVersion" value="6.0.5.4"/>
         <property name="browser" value="Chrome 72.0.3626.121"/>
         <property name="hostAddress" value="10.0.12.237"/>
         <property name="sessionId" value="0dc9493001e9a9fdd78ba471e6ba470e"/>
         <property name="seleniumVersion" value="3.7.1"/>
         <property name="proxyInformation" value="ProxyInformation{proxyOption=NO_PROXY, proxyServerType=HTTP, password=, proxyServerAddress=, proxyServerPort=0}"/>
         <property name="platform" value="Windows 7"/>
      </properties>
      <testcase name="Test Cases/Login" classname="Test Cases/Login" status="PASSED">
         <system-out><![CDATA[2019-03-11 13:00:53 - [TEST_CASE][PASSED] - Test Cases/Login: Test Cases/Login

2019-03-11 13:00:53 - [TEST_STEP][PASSED] - openBrowser("https://dev.markit-systems.com/markit_coreV2/Sites/CoreTest/login/admin_display"): Browser is opened with url: 'https://dev.markit-systems.com/markit_coreV2/Sites/CoreTest/login/admin_display'

2019-03-11 13:00:53 - [MESSAGE][INFO] - Starting 'Chrome' driver

2019-03-11 13:00:53 - [MESSAGE][INFO] - Action delay is set to 0 seconds

2019-03-11 13:01:02 - [MESSAGE][PASSED] - Browser is opened with url: 'https://dev.markit-systems.com/markit_coreV2/Sites/CoreTest/login/admin_display'

2019-03-11 13:01:02 - [TEST_STEP][PASSED] - maximizeWindow(): Current window maximized

2019-03-11 13:01:02 - [MESSAGE][PASSED] - Current window maximized

2019-03-11 13:01:02 - [TEST_STEP][PASSED] - waitForPageLoad(4): Wait for page load successfully

2019-03-11 13:01:02 - [MESSAGE][PASSED] - Wait for page load successfully

2019-03-11 13:01:02 - [TEST_STEP][PASSED] - setText(findTestObject("Username"), "dDasTester"): Text 'dDasTester' is set on object 'Object Repository/Username'

2019-03-11 13:01:02 - [MESSAGE][PASSED] - Text 'dDasTester' is set on object 'Object Repository/Username'

2019-03-11 13:01:02 - [TEST_STEP][PASSED] - delay(2): Delayed 2 second(s)

2019-03-11 13:01:04 - [MESSAGE][PASSED] - Delayed 2 second(s)

2019-03-11 13:01:04 - [TEST_STEP][PASSED] - setText(findTestObject("Password"), "Czybm6R*"): Text 'Czybm6R*' is set on object 'Object Repository/Password'

2019-03-11 13:01:04 - [MESSAGE][PASSED] - Text 'Czybm6R*' is set on object 'Object Repository/Password'

2019-03-11 13:01:04 - [TEST_STEP][PASSED] - delay(3, STOP_ON_FAILURE): Delayed 3 second(s)

2019-03-11 13:01:07 - [MESSAGE][PASSED] - Delayed 3 second(s)

2019-03-11 13:01:07 - [TEST_STEP][PASSED] - click(findTestObject("LoginButton")): Object: 'Object Repository/LoginButton' is clicked on

2019-03-11 13:01:12 - [MESSAGE][PASSED] - Object: 'Object Repository/LoginButton' is clicked on

2019-03-11 13:01:12 - [TEST_STEP][PASSED] - delay(3): Delayed 3 second(s)

2019-03-11 13:01:15 - [MESSAGE][PASSED] - Delayed 3 second(s)]]></system-out>
         <system-err><![CDATA[]]></system-err>
      </testcase>
      <testcase name="Test Cases/ClientSearch" classname="Test Cases/ClientSearch" status="PASSED">
         <system-out><![CDATA[2019-03-11 13:01:15 - [TEST_CASE][PASSED] - Test Cases/ClientSearch: Test Cases/ClientSearch

2019-03-11 13:01:15 - [TEST_STEP][PASSED] - waitForElementClickable(findTestObject("ClientSearch"), 10): Object 'Object Repository/ClientSearch' is clickable

2019-03-11 13:01:16 - [MESSAGE][PASSED] - Object 'Object Repository/ClientSearch' is clickable

2019-03-11 13:01:16 - [TEST_STEP][PASSED] - click(findTestObject("ClientSearch")): Object: 'Object Repository/ClientSearch' is clicked on

2019-03-11 13:01:17 - [MESSAGE][PASSED] - Object: 'Object Repository/ClientSearch' is clicked on

2019-03-11 13:01:17 - [TEST_STEP][PASSED] - delay(5): Delayed 5 second(s)

2019-03-11 13:01:22 - [MESSAGE][PASSED] - Delayed 5 second(s)

2019-03-11 13:01:22 - [TEST_STEP][PASSED] - sendKeys(findTestObject("SearchText"), "Dipak"): Keys 'Dipak' sent to object: 'Object Repository/SearchText'

2019-03-11 13:01:22 - [MESSAGE][PASSED] - Keys 'Dipak' sent to object: 'Object Repository/SearchText'

2019-03-11 13:01:22 - [TEST_STEP][PASSED] - delay(2): Delayed 2 second(s)

2019-03-11 13:01:24 - [MESSAGE][PASSED] - Delayed 2 second(s)

2019-03-11 13:01:24 - [TEST_STEP][PASSED] - sendKeys(findTestObject("SearchText"), Keys.chord(ENTER)): Keys 'ENTER + ' sent to object: 'Object Repository/SearchText'

2019-03-11 13:01:24 - [MESSAGE][PASSED] - Keys 'ENTER + ' sent to object: 'Object Repository/SearchText'

2019-03-11 13:01:24 - [TEST_STEP][PASSED] - delay(3): Delayed 3 second(s)

2019-03-11 13:01:27 - [MESSAGE][PASSED] - Delayed 3 second(s)

2019-03-11 13:01:27 - [TEST_STEP][PASSED] - waitForElementClickable(findTestObject("ClientListingAction"), 5): Object 'Object Repository/ClientListingAction' is clickable

2019-03-11 13:01:27 - [MESSAGE][PASSED] - Object 'Object Repository/ClientListingAction' is clickable

2019-03-11 13:01:27 - [TEST_STEP][PASSED] - click(findTestObject("ClientListingAction")): Object: 'Object Repository/ClientListingAction' is clicked on

2019-03-11 13:01:31 - [MESSAGE][PASSED] - Object: 'Object Repository/ClientListingAction' is clicked on

2019-03-11 13:01:31 - [TEST_STEP][PASSED] - delay(5): Delayed 5 second(s)

2019-03-11 13:01:36 - [MESSAGE][PASSED] - Delayed 5 second(s)]]></system-out>
         <system-err><![CDATA[]]></system-err>
      </testcase>
      <testcase name="Test Cases/StartQuote" classname="Test Cases/StartQuote" status="ERROR">
         <error type="ERROR" message="Test Cases/StartQuote FAILED.
Reason:
groovy.lang.MissingMethodException: No signature of method: com.kms.katalon.core.testdata.reader.SheetPOI.getValue() is applicable for argument types: (java.lang.Class, java.lang.Integer) values: [class java.util.Currency, 1]
Possible solutions: getValue(int, int), getValue(java.lang.String, int), getClass(), getType()
	at StartQuote.run(StartQuote:27)
	at com.kms.katalon.core.main.ScriptEngine.run(ScriptEngine.java:194)
	at com.kms.katalon.core.main.ScriptEngine.runScriptAsRawText(ScriptEngine.java:119)
	at com.kms.katalon.core.main.TestCaseExecutor.runScript(TestCaseExecutor.java:331)
	at com.kms.katalon.core.main.TestCaseExecutor.doExecute(TestCaseExecutor.java:322)
	at com.kms.katalon.core.main.TestCaseExecutor.processExecutionPhase(TestCaseExecutor.java:301)
	at com.kms.katalon.core.main.TestCaseExecutor.accessMainPhase(TestCaseExecutor.java:293)
	at com.kms.katalon.core.main.TestCaseExecutor.execute(TestCaseExecutor.java:227)
	at com.kms.katalon.core.main.TestSuiteExecutor.accessTestCaseMainPhase(TestSuiteExecutor.java:129)
	at com.kms.katalon.core.main.TestSuiteExecutor.accessTestSuiteMainPhase(TestSuiteExecutor.java:112)
	at com.kms.katalon.core.main.TestSuiteExecutor.execute(TestSuiteExecutor.java:81)
	at com.kms.katalon.core.main.TestCaseMain.startTestSuite(TestCaseMain.java:157)
	at com.kms.katalon.core.main.TestCaseMain$startTestSuite$0.call(Unknown Source)
	at TempTestSuite1552289451160.run(TempTestSuite1552289451160.groovy:35)
"/>
         <system-out><![CDATA[2019-03-11 13:01:36 - [TEST_CASE][ERROR] - Test Cases/StartQuote: Test Cases/StartQuote FAILED.
Reason:
groovy.lang.MissingMethodException: No signature of method: com.kms.katalon.core.testdata.reader.SheetPOI.getValue() is applicable for argument types: (java.lang.Class, java.lang.Integer) values: [class java.util.Currency, 1]
Possible solutions: getValue(int, int), getValue(java.lang.String, int), getClass(), getType()
	at StartQuote.run(StartQuote:27)
	at com.kms.katalon.core.main.ScriptEngine.run(ScriptEngine.java:194)
	at com.kms.katalon.core.main.ScriptEngine.runScriptAsRawText(ScriptEngine.java:119)
	at com.kms.katalon.core.main.TestCaseExecutor.runScript(TestCaseExecutor.java:331)
	at com.kms.katalon.core.main.TestCaseExecutor.doExecute(TestCaseExecutor.java:322)
	at com.kms.katalon.core.main.TestCaseExecutor.processExecutionPhase(TestCaseExecutor.java:301)
	at com.kms.katalon.core.main.TestCaseExecutor.accessMainPhase(TestCaseExecutor.java:293)
	at com.kms.katalon.core.main.TestCaseExecutor.execute(TestCaseExecutor.java:227)
	at com.kms.katalon.core.main.TestSuiteExecutor.accessTestCaseMainPhase(TestSuiteExecutor.java:129)
	at com.kms.katalon.core.main.TestSuiteExecutor.accessTestSuiteMainPhase(TestSuiteExecutor.java:112)
	at com.kms.katalon.core.main.TestSuiteExecutor.execute(TestSuiteExecutor.java:81)
	at com.kms.katalon.core.main.TestCaseMain.startTestSuite(TestCaseMain.java:157)
	at com.kms.katalon.core.main.TestCaseMain$startTestSuite$0.call(Unknown Source)
	at TempTestSuite1552289451160.run(TempTestSuite1552289451160.groovy:35)


2019-03-11 13:01:36 - [TEST_STEP][NOT_RUN] - log = new com.kms.katalon.core.logging.KeywordLogger(): NOT_RUN: log = new com.kms.katalon.core.logging.KeywordLogger()

2019-03-11 13:01:36 - [MESSAGE][NOT_RUN] - NOT_RUN: log = new com.kms.katalon.core.logging.KeywordLogger()

2019-03-11 13:01:36 - [TEST_STEP][PASSED] - waitForPageLoad(10, STOP_ON_FAILURE): Wait for page load successfully

2019-03-11 13:01:36 - [MESSAGE][PASSED] - Wait for page load successfully

2019-03-11 13:01:36 - [TEST_STEP][PASSED] - click(findTestObject("StartQuote")): Object: 'Object Repository/StartQuote' is clicked on

2019-03-11 13:01:38 - [MESSAGE][PASSED] - Object: 'Object Repository/StartQuote' is clicked on

2019-03-11 13:01:38 - [TEST_STEP][PASSED] - waitForPageLoad(5): Wait for page load successfully

2019-03-11 13:01:38 - [MESSAGE][PASSED] - Wait for page load successfully

2019-03-11 13:01:38 - [TEST_STEP][PASSED] - excelData = findTestData("Data Files/Quote"): null

2019-03-11 13:01:39 - [TEST_STEP][ERROR] - deselectOptionByValue(findTestObject("GeneralInformation/currency"), excelData.getValue(java.util.Currency, 1), false): deselectOptionByValue(findTestObject("GeneralInformation/currency"), excelData.getValue(java.util.Currency, 1), false) FAILED.
Reason:
groovy.lang.MissingMethodException: No signature of method: com.kms.katalon.core.testdata.reader.SheetPOI.getValue() is applicable for argument types: (java.lang.Class, java.lang.Integer) values: [class java.util.Currency, 1]
Possible solutions: getValue(int, int), getValue(java.lang.String, int), getClass(), getType()
	at StartQuote.run(StartQuote:27)
	at com.kms.katalon.core.main.ScriptEngine.run(ScriptEngine.java:194)
	at com.kms.katalon.core.main.ScriptEngine.runScriptAsRawText(ScriptEngine.java:119)
	at com.kms.katalon.core.main.TestCaseExecutor.runScript(TestCaseExecutor.java:331)
	at com.kms.katalon.core.main.TestCaseExecutor.doExecute(TestCaseExecutor.java:322)
	at com.kms.katalon.core.main.TestCaseExecutor.processExecutionPhase(TestCaseExecutor.java:301)
	at com.kms.katalon.core.main.TestCaseExecutor.accessMainPhase(TestCaseExecutor.java:293)
	at com.kms.katalon.core.main.TestCaseExecutor.execute(TestCaseExecutor.java:227)
	at com.kms.katalon.core.main.TestSuiteExecutor.accessTestCaseMainPhase(TestSuiteExecutor.java:129)
	at com.kms.katalon.core.main.TestSuiteExecutor.accessTestSuiteMainPhase(TestSuiteExecutor.java:112)
	at com.kms.katalon.core.main.TestSuiteExecutor.execute(TestSuiteExecutor.java:81)
	at com.kms.katalon.core.main.TestCaseMain.startTestSuite(TestCaseMain.java:157)
	at com.kms.katalon.core.main.TestCaseMain$startTestSuite$0.call(Unknown Source)
	at TempTestSuite1552289451160.run(TempTestSuite1552289451160.groovy:35)


2019-03-11 13:01:39 - [MESSAGE][ERROR] - deselectOptionByValue(findTestObject("GeneralInformation/currency"), excelData.getValue(java.util.Currency, 1), false) FAILED.
Reason:
groovy.lang.MissingMethodException: No signature of method: com.kms.katalon.core.testdata.reader.SheetPOI.getValue() is applicable for argument types: (java.lang.Class, java.lang.Integer) values: [class java.util.Currency, 1]
Possible solutions: getValue(int, int), getValue(java.lang.String, int), getClass(), getType()
	at StartQuote.run(StartQuote:27)
	at com.kms.katalon.core.main.ScriptEngine.run(ScriptEngine.java:194)
	at com.kms.katalon.core.main.ScriptEngine.runScriptAsRawText(ScriptEngine.java:119)
	at com.kms.katalon.core.main.TestCaseExecutor.runScript(TestCaseExecutor.java:331)
	at com.kms.katalon.core.main.TestCaseExecutor.doExecute(TestCaseExecutor.java:322)
	at com.kms.katalon.core.main.TestCaseExecutor.processExecutionPhase(TestCaseExecutor.java:301)
	at com.kms.katalon.core.main.TestCaseExecutor.accessMainPhase(TestCaseExecutor.java:293)
	at com.kms.katalon.core.main.TestCaseExecutor.execute(TestCaseExecutor.java:227)
	at com.kms.katalon.core.main.TestSuiteExecutor.accessTestCaseMainPhase(TestSuiteExecutor.java:129)
	at com.kms.katalon.core.main.TestSuiteExecutor.accessTestSuiteMainPhase(TestSuiteExecutor.java:112)
	at com.kms.katalon.core.main.TestSuiteExecutor.execute(TestSuiteExecutor.java:81)
	at com.kms.katalon.core.main.TestCaseMain.startTestSuite(TestCaseMain.java:157)
	at com.kms.katalon.core.main.TestCaseMain$startTestSuite$0.call(Unknown Source)
	at TempTestSuite1552289451160.run(TempTestSuite1552289451160.groovy:35)]]></system-out>
         <system-err><![CDATA[2019-03-11 13:01:36 - [TEST_CASE][ERROR] - Test Cases/StartQuote: Test Cases/StartQuote FAILED.
Reason:
groovy.lang.MissingMethodException: No signature of method: com.kms.katalon.core.testdata.reader.SheetPOI.getValue() is applicable for argument types: (java.lang.Class, java.lang.Integer) values: [class java.util.Currency, 1]
Possible solutions: getValue(int, int), getValue(java.lang.String, int), getClass(), getType()
	at StartQuote.run(StartQuote:27)
	at com.kms.katalon.core.main.ScriptEngine.run(ScriptEngine.java:194)
	at com.kms.katalon.core.main.ScriptEngine.runScriptAsRawText(ScriptEngine.java:119)
	at com.kms.katalon.core.main.TestCaseExecutor.runScript(TestCaseExecutor.java:331)
	at com.kms.katalon.core.main.TestCaseExecutor.doExecute(TestCaseExecutor.java:322)
	at com.kms.katalon.core.main.TestCaseExecutor.processExecutionPhase(TestCaseExecutor.java:301)
	at com.kms.katalon.core.main.TestCaseExecutor.accessMainPhase(TestCaseExecutor.java:293)
	at com.kms.katalon.core.main.TestCaseExecutor.execute(TestCaseExecutor.java:227)
	at com.kms.katalon.core.main.TestSuiteExecutor.accessTestCaseMainPhase(TestSuiteExecutor.java:129)
	at com.kms.katalon.core.main.TestSuiteExecutor.accessTestSuiteMainPhase(TestSuiteExecutor.java:112)
	at com.kms.katalon.core.main.TestSuiteExecutor.execute(TestSuiteExecutor.java:81)
	at com.kms.katalon.core.main.TestCaseMain.startTestSuite(TestCaseMain.java:157)
	at com.kms.katalon.core.main.TestCaseMain$startTestSuite$0.call(Unknown Source)
	at TempTestSuite1552289451160.run(TempTestSuite1552289451160.groovy:35)]]></system-err>
      </testcase>
      <system-out><![CDATA[2019-03-11 13:00:52 - [TEST_SUITE][ERROR] - BuyProcess: Test Cases/StartQuote FAILED.
Reason:
groovy.lang.MissingMethodException: No signature of method: com.kms.katalon.core.testdata.reader.SheetPOI.getValue() is applicable for argument types: (java.lang.Class, java.lang.Integer) values: [class java.util.Currency, 1]
Possible solutions: getValue(int, int), getValue(java.lang.String, int), getClass(), getType()
	at StartQuote.run(StartQuote:27)
	at com.kms.katalon.core.main.ScriptEngine.run(ScriptEngine.java:194)
	at com.kms.katalon.core.main.ScriptEngine.runScriptAsRawText(ScriptEngine.java:119)
	at com.kms.katalon.core.main.TestCaseExecutor.runScript(TestCaseExecutor.java:331)
	at com.kms.katalon.core.main.TestCaseExecutor.doExecute(TestCaseExecutor.java:322)
	at com.kms.katalon.core.main.TestCaseExecutor.processExecutionPhase(TestCaseExecutor.java:301)
	at com.kms.katalon.core.main.TestCaseExecutor.accessMainPhase(TestCaseExecutor.java:293)
	at com.kms.katalon.core.main.TestCaseExecutor.execute(TestCaseExecutor.java:227)
	at com.kms.katalon.core.main.TestSuiteExecutor.accessTestCaseMainPhase(TestSuiteExecutor.java:129)
	at com.kms.katalon.core.main.TestSuiteExecutor.accessTestSuiteMainPhase(TestSuiteExecutor.java:112)
	at com.kms.katalon.core.main.TestSuiteExecutor.execute(TestSuiteExecutor.java:81)
	at com.kms.katalon.core.main.TestCaseMain.startTestSuite(TestCaseMain.java:157)
	at com.kms.katalon.core.main.TestCaseMain$startTestSuite$0.call(Unknown Source)
	at TempTestSuite1552289451160.run(TempTestSuite1552289451160.groovy:35)]]></system-out>
      <system-err><![CDATA[2019-03-11 13:00:52 - [TEST_SUITE][ERROR] - BuyProcess: Test Cases/StartQuote FAILED.
Reason:
groovy.lang.MissingMethodException: No signature of method: com.kms.katalon.core.testdata.reader.SheetPOI.getValue() is applicable for argument types: (java.lang.Class, java.lang.Integer) values: [class java.util.Currency, 1]
Possible solutions: getValue(int, int), getValue(java.lang.String, int), getClass(), getType()
	at StartQuote.run(StartQuote:27)
	at com.kms.katalon.core.main.ScriptEngine.run(ScriptEngine.java:194)
	at com.kms.katalon.core.main.ScriptEngine.runScriptAsRawText(ScriptEngine.java:119)
	at com.kms.katalon.core.main.TestCaseExecutor.runScript(TestCaseExecutor.java:331)
	at com.kms.katalon.core.main.TestCaseExecutor.doExecute(TestCaseExecutor.java:322)
	at com.kms.katalon.core.main.TestCaseExecutor.processExecutionPhase(TestCaseExecutor.java:301)
	at com.kms.katalon.core.main.TestCaseExecutor.accessMainPhase(TestCaseExecutor.java:293)
	at com.kms.katalon.core.main.TestCaseExecutor.execute(TestCaseExecutor.java:227)
	at com.kms.katalon.core.main.TestSuiteExecutor.accessTestCaseMainPhase(TestSuiteExecutor.java:129)
	at com.kms.katalon.core.main.TestSuiteExecutor.accessTestSuiteMainPhase(TestSuiteExecutor.java:112)
	at com.kms.katalon.core.main.TestSuiteExecutor.execute(TestSuiteExecutor.java:81)
	at com.kms.katalon.core.main.TestCaseMain.startTestSuite(TestCaseMain.java:157)
	at com.kms.katalon.core.main.TestCaseMain$startTestSuite$0.call(Unknown Source)
	at TempTestSuite1552289451160.run(TempTestSuite1552289451160.groovy:35)]]></system-err>
   </testsuite>
</testsuites>
