<?xml version="1.0" encoding="UTF-8"?>
<testsuites name="BuyProcess" time="98" tests="2" failures="0" errors="0">
   <testsuite name="BuyProcess" tests="2" failures="0" errors="0" time="98" timestamp="2019-02-27 16:48:20" hostname="dipak - DIPAKDAS-PC.indusnettechnologies.com" id="Test Suites/BuyProcess">
      <properties>
         <property name="deviceName" value=""/>
         <property name="devicePlatform" value=""/>
         <property name="logFolder" value="E:\\MarkitCore\\Katalon\\Katalon\\MarkitCore\\Reports\\BuyProcess\\20190227_164818"/>
         <property name="logFiles" value="E:\\MarkitCore\\Katalon\\Katalon\\MarkitCore\\Reports\\BuyProcess\\20190227_164818\\execution0.log"/>
         <property name="attachments" value=""/>
         <property name="hostName" value="dipak - DIPAKDAS-PC.indusnettechnologies.com"/>
         <property name="os" value="Windows 7 32bit"/>
         <property name="katalonVersion" value="6.0.4.1"/>
         <property name="browser" value="Chrome 72.0.3626.119"/>
         <property name="hostAddress" value="10.0.12.237"/>
         <property name="sessionId" value="1c720f0ee46a3ba0c5026fe6576076fa"/>
         <property name="seleniumVersion" value="3.7.1"/>
         <property name="proxyInformation" value="ProxyInformation{proxyOption=NO_PROXY, proxyServerType=HTTP, password=, proxyServerAddress=, proxyServerPort=0}"/>
         <property name="platform" value="Windows 7"/>
      </properties>
      <testcase name="Test Cases/DataDriven" classname="Test Cases/DataDriven" status="PASSED">
         <system-out><![CDATA[2019-02-27 16:48:20 - [TEST_CASE][PASSED] - Test Cases/DataDriven: Test Cases/DataDriven

2019-02-27 16:48:20 - [TEST_STEP][PASSED] - openBrowser("https://dev.markit-systems.com/markit_coreV2/Sites/CoreTest/login/admin_display"): Browser is opened with url: 'https://dev.markit-systems.com/markit_coreV2/Sites/CoreTest/login/admin_display'

2019-02-27 16:48:20 - [MESSAGE][INFO] - Starting 'Chrome' driver

2019-02-27 16:48:20 - [MESSAGE][INFO] - Action delay is set to 0 seconds

2019-02-27 16:48:29 - [MESSAGE][PASSED] - Browser is opened with url: 'https://dev.markit-systems.com/markit_coreV2/Sites/CoreTest/login/admin_display'

2019-02-27 16:48:29 - [TEST_STEP][PASSED] - maximizeWindow(): Current window maximized

2019-02-27 16:48:29 - [MESSAGE][PASSED] - Current window maximized

2019-02-27 16:48:29 - [TEST_STEP][PASSED] - waitForPageLoad(4): Wait for page load successfully

2019-02-27 16:48:29 - [MESSAGE][PASSED] - Wait for page load successfully

2019-02-27 16:48:29 - [TEST_STEP][PASSED] - setText(findTestObject("Username"), UserName): Text 'dDasTester' is set on object 'Object Repository/Username'

2019-02-27 16:48:29 - [MESSAGE][PASSED] - Text 'dDasTester' is set on object 'Object Repository/Username'

2019-02-27 16:48:29 - [TEST_STEP][PASSED] - waitForPageLoad(4): Wait for page load successfully

2019-02-27 16:48:29 - [MESSAGE][PASSED] - Wait for page load successfully

2019-02-27 16:48:29 - [TEST_STEP][PASSED] - setText(findTestObject("Password"), Password): Text 'Czybm6R*' is set on object 'Object Repository/Password'

2019-02-27 16:48:29 - [MESSAGE][PASSED] - Text 'Czybm6R*' is set on object 'Object Repository/Password'

2019-02-27 16:48:29 - [TEST_STEP][PASSED] - delay(5): Delayed 5 second(s)

2019-02-27 16:48:34 - [MESSAGE][PASSED] - Delayed 5 second(s)

2019-02-27 16:48:34 - [TEST_STEP][PASSED] - waitForElementClickable(findTestObject("LoginButton"), 5): Object 'Object Repository/LoginButton' is clickable

2019-02-27 16:48:34 - [MESSAGE][PASSED] - Object 'Object Repository/LoginButton' is clickable

2019-02-27 16:48:34 - [TEST_STEP][PASSED] - click(findTestObject("LoginButton")): Object: 'Object Repository/LoginButton' is clicked on

2019-02-27 16:48:43 - [MESSAGE][PASSED] - Object: 'Object Repository/LoginButton' is clicked on

2019-02-27 16:48:43 - [TEST_STEP][PASSED] - delay(3): Delayed 3 second(s)

2019-02-27 16:48:46 - [MESSAGE][PASSED] - Delayed 3 second(s)

2019-02-27 16:48:46 - [TEST_STEP][PASSED] - callTestCase(findTestCase("ClientSearch"), [:], STOP_ON_FAILURE): Call Test Case 'Test Cases/ClientSearch' successfully

2019-02-27 16:48:46 - [TEST_CASE][PASSED] - Test Cases/ClientSearch: Test Cases/ClientSearch

2019-02-27 16:48:46 - [TEST_STEP][PASSED] - waitForElementClickable(findTestObject("ClientSearch"), 10): Object 'Object Repository/ClientSearch' is clickable

2019-02-27 16:48:46 - [MESSAGE][PASSED] - Object 'Object Repository/ClientSearch' is clickable

2019-02-27 16:48:46 - [TEST_STEP][PASSED] - click(findTestObject("ClientSearch")): Object: 'Object Repository/ClientSearch' is clicked on

2019-02-27 16:48:48 - [MESSAGE][PASSED] - Object: 'Object Repository/ClientSearch' is clicked on

2019-02-27 16:48:48 - [TEST_STEP][PASSED] - delay(5): Delayed 5 second(s)

2019-02-27 16:48:53 - [MESSAGE][PASSED] - Delayed 5 second(s)

2019-02-27 16:48:53 - [TEST_STEP][PASSED] - sendKeys(findTestObject("SearchText"), "Dipak"): Keys 'Dipak' sent to object: 'Object Repository/SearchText'

2019-02-27 16:48:53 - [MESSAGE][PASSED] - Keys 'Dipak' sent to object: 'Object Repository/SearchText'

2019-02-27 16:48:53 - [TEST_STEP][PASSED] - sendKeys(findTestObject("SearchText"), Keys.chord(ENTER)): Keys 'ENTER + ' sent to object: 'Object Repository/SearchText'

2019-02-27 16:48:53 - [MESSAGE][PASSED] - Keys 'ENTER + ' sent to object: 'Object Repository/SearchText'

2019-02-27 16:48:53 - [TEST_STEP][PASSED] - waitForElementClickable(findTestObject("ClientListingAction"), 5): Object 'Object Repository/ClientListingAction' is clickable

2019-02-27 16:48:53 - [MESSAGE][PASSED] - Object 'Object Repository/ClientListingAction' is clickable

2019-02-27 16:48:53 - [TEST_STEP][PASSED] - click(findTestObject("ClientListingAction")): Object: 'Object Repository/ClientListingAction' is clicked on

2019-02-27 16:48:55 - [MESSAGE][PASSED] - Object: 'Object Repository/ClientListingAction' is clicked on

2019-02-27 16:48:55 - [TEST_STEP][PASSED] - delay(5): Delayed 5 second(s)

2019-02-27 16:49:00 - [MESSAGE][PASSED] - Delayed 5 second(s)

2019-02-27 16:49:00 - [MESSAGE][PASSED] - Call Test Case 'Test Cases/ClientSearch' successfully

2019-02-27 16:49:00 - [TEST_STEP][PASSED] - delay(3): Delayed 3 second(s)

2019-02-27 16:49:03 - [MESSAGE][PASSED] - Delayed 3 second(s)

2019-02-27 16:49:03 - [TEST_STEP][PASSED] - click(findTestObject("Logout")): Object: 'Object Repository/Logout' is clicked on

2019-02-27 16:49:04 - [MESSAGE][PASSED] - Object: 'Object Repository/Logout' is clicked on

2019-02-27 16:49:04 - [TEST_STEP][PASSED] - delay(4): Delayed 4 second(s)

2019-02-27 16:49:08 - [MESSAGE][PASSED] - Delayed 4 second(s)]]></system-out>
         <system-err><![CDATA[]]></system-err>
      </testcase>
      <testcase name="Test Cases/DataDriven" classname="Test Cases/DataDriven" status="PASSED">
         <system-out><![CDATA[2019-02-27 16:49:08 - [TEST_CASE][PASSED] - Test Cases/DataDriven: Test Cases/DataDriven

2019-02-27 16:49:08 - [TEST_STEP][PASSED] - openBrowser("https://dev.markit-systems.com/markit_coreV2/Sites/CoreTest/login/admin_display"): Browser is opened with url: 'https://dev.markit-systems.com/markit_coreV2/Sites/CoreTest/login/admin_display'

2019-02-27 16:49:08 - [MESSAGE][WARNING] - A browser is already opened. Closing browser and opening a new one

2019-02-27 16:49:09 - [MESSAGE][INFO] - Starting 'Chrome' driver

2019-02-27 16:49:19 - [MESSAGE][PASSED] - Browser is opened with url: 'https://dev.markit-systems.com/markit_coreV2/Sites/CoreTest/login/admin_display'

2019-02-27 16:49:19 - [TEST_STEP][PASSED] - maximizeWindow(): Current window maximized

2019-02-27 16:49:19 - [MESSAGE][PASSED] - Current window maximized

2019-02-27 16:49:19 - [TEST_STEP][PASSED] - waitForPageLoad(4): Wait for page load successfully

2019-02-27 16:49:19 - [MESSAGE][PASSED] - Wait for page load successfully

2019-02-27 16:49:19 - [TEST_STEP][PASSED] - setText(findTestObject("Username"), UserName): Text 'dDasTester' is set on object 'Object Repository/Username'

2019-02-27 16:49:19 - [MESSAGE][PASSED] - Text 'dDasTester' is set on object 'Object Repository/Username'

2019-02-27 16:49:19 - [TEST_STEP][PASSED] - waitForPageLoad(4): Wait for page load successfully

2019-02-27 16:49:19 - [MESSAGE][PASSED] - Wait for page load successfully

2019-02-27 16:49:19 - [TEST_STEP][PASSED] - setText(findTestObject("Password"), Password): Text 'Czybm6R*' is set on object 'Object Repository/Password'

2019-02-27 16:49:19 - [MESSAGE][PASSED] - Text 'Czybm6R*' is set on object 'Object Repository/Password'

2019-02-27 16:49:19 - [TEST_STEP][PASSED] - delay(5): Delayed 5 second(s)

2019-02-27 16:49:24 - [MESSAGE][PASSED] - Delayed 5 second(s)

2019-02-27 16:49:24 - [TEST_STEP][PASSED] - waitForElementClickable(findTestObject("LoginButton"), 5): Object 'Object Repository/LoginButton' is clickable

2019-02-27 16:49:24 - [MESSAGE][PASSED] - Object 'Object Repository/LoginButton' is clickable

2019-02-27 16:49:24 - [TEST_STEP][PASSED] - click(findTestObject("LoginButton")): Object: 'Object Repository/LoginButton' is clicked on

2019-02-27 16:49:32 - [MESSAGE][PASSED] - Object: 'Object Repository/LoginButton' is clicked on

2019-02-27 16:49:32 - [TEST_STEP][PASSED] - delay(3): Delayed 3 second(s)

2019-02-27 16:49:35 - [MESSAGE][PASSED] - Delayed 3 second(s)

2019-02-27 16:49:35 - [TEST_STEP][PASSED] - callTestCase(findTestCase("ClientSearch"), [:], STOP_ON_FAILURE): Call Test Case 'Test Cases/ClientSearch' successfully

2019-02-27 16:49:35 - [TEST_CASE][PASSED] - Test Cases/ClientSearch: Test Cases/ClientSearch

2019-02-27 16:49:35 - [TEST_STEP][PASSED] - waitForElementClickable(findTestObject("ClientSearch"), 10): Object 'Object Repository/ClientSearch' is clickable

2019-02-27 16:49:35 - [MESSAGE][PASSED] - Object 'Object Repository/ClientSearch' is clickable

2019-02-27 16:49:35 - [TEST_STEP][PASSED] - click(findTestObject("ClientSearch")): Object: 'Object Repository/ClientSearch' is clicked on

2019-02-27 16:49:36 - [MESSAGE][PASSED] - Object: 'Object Repository/ClientSearch' is clicked on

2019-02-27 16:49:36 - [TEST_STEP][PASSED] - delay(5): Delayed 5 second(s)

2019-02-27 16:49:41 - [MESSAGE][PASSED] - Delayed 5 second(s)

2019-02-27 16:49:41 - [TEST_STEP][PASSED] - sendKeys(findTestObject("SearchText"), "Dipak"): Keys 'Dipak' sent to object: 'Object Repository/SearchText'

2019-02-27 16:49:41 - [MESSAGE][PASSED] - Keys 'Dipak' sent to object: 'Object Repository/SearchText'

2019-02-27 16:49:41 - [TEST_STEP][PASSED] - sendKeys(findTestObject("SearchText"), Keys.chord(ENTER)): Keys 'ENTER + ' sent to object: 'Object Repository/SearchText'

2019-02-27 16:49:41 - [MESSAGE][PASSED] - Keys 'ENTER + ' sent to object: 'Object Repository/SearchText'

2019-02-27 16:49:41 - [TEST_STEP][PASSED] - waitForElementClickable(findTestObject("ClientListingAction"), 5): Object 'Object Repository/ClientListingAction' is clickable

2019-02-27 16:49:41 - [MESSAGE][PASSED] - Object 'Object Repository/ClientListingAction' is clickable

2019-02-27 16:49:41 - [TEST_STEP][PASSED] - click(findTestObject("ClientListingAction")): Object: 'Object Repository/ClientListingAction' is clicked on

2019-02-27 16:49:44 - [MESSAGE][PASSED] - Object: 'Object Repository/ClientListingAction' is clicked on

2019-02-27 16:49:44 - [TEST_STEP][PASSED] - delay(5): Delayed 5 second(s)

2019-02-27 16:49:49 - [MESSAGE][PASSED] - Delayed 5 second(s)

2019-02-27 16:49:49 - [MESSAGE][PASSED] - Call Test Case 'Test Cases/ClientSearch' successfully

2019-02-27 16:49:49 - [TEST_STEP][PASSED] - delay(3): Delayed 3 second(s)

2019-02-27 16:49:52 - [MESSAGE][PASSED] - Delayed 3 second(s)

2019-02-27 16:49:52 - [TEST_STEP][PASSED] - click(findTestObject("Logout")): Object: 'Object Repository/Logout' is clicked on

2019-02-27 16:49:54 - [MESSAGE][PASSED] - Object: 'Object Repository/Logout' is clicked on

2019-02-27 16:49:54 - [TEST_STEP][PASSED] - delay(4): Delayed 4 second(s)

2019-02-27 16:49:58 - [MESSAGE][PASSED] - Delayed 4 second(s)]]></system-out>
         <system-err><![CDATA[]]></system-err>
      </testcase>
      <system-out><![CDATA[2019-02-27 16:48:20 - [TEST_SUITE][PASSED] - BuyProcess: Test Cases/DataDriven]]></system-out>
      <system-err><![CDATA[]]></system-err>
   </testsuite>
</testsuites>
