<?xml version="1.0" encoding="UTF-8"?>
<testsuites name="BuyProcess" time="119" tests="2" failures="0" errors="1">
   <testsuite name="BuyProcess" tests="2" failures="0" errors="1" time="119" timestamp="2019-03-12 17:16:52" hostname="dipak - DIPAKDAS-PC.indusnettechnologies.com" id="Test Suites/BuyProcess">
      <properties>
         <property name="deviceName" value=""/>
         <property name="devicePlatform" value=""/>
         <property name="logFolder" value="E:\\MarkitCore\\Katalon\\Katalon\\MarkitCore\\Reports\\BuyProcess\\20190312_171650"/>
         <property name="logFiles" value="E:\\MarkitCore\\Katalon\\Katalon\\MarkitCore\\Reports\\BuyProcess\\20190312_171650\\execution0.log"/>
         <property name="attachments" value=""/>
         <property name="hostName" value="dipak - DIPAKDAS-PC.indusnettechnologies.com"/>
         <property name="os" value="Windows 7 32bit"/>
         <property name="katalonVersion" value="6.0.5.4"/>
         <property name="browser" value="Chrome 72.0.3626.121"/>
         <property name="hostAddress" value="10.0.12.237"/>
         <property name="sessionId" value="f6d1cc4bd1e7deb135700df3e07315f6"/>
         <property name="seleniumVersion" value="3.7.1"/>
         <property name="proxyInformation" value="ProxyInformation{proxyOption=NO_PROXY, proxyServerType=HTTP, password=, proxyServerAddress=, proxyServerPort=0}"/>
         <property name="platform" value="Windows 7"/>
      </properties>
      <testcase name="Test Cases/Login" classname="Test Cases/Login" status="PASSED">
         <system-out><![CDATA[2019-03-12 17:16:52 - [TEST_CASE][PASSED] - Test Cases/Login: Test Cases/Login

2019-03-12 17:16:52 - [TEST_STEP][PASSED] - openBrowser("https://dev.markit-systems.com/markit_coreV2/Sites/CoreTest/login/admin_display"): Browser is opened with url: 'https://dev.markit-systems.com/markit_coreV2/Sites/CoreTest/login/admin_display'

2019-03-12 17:16:53 - [MESSAGE][INFO] - Starting 'Chrome' driver

2019-03-12 17:16:53 - [MESSAGE][INFO] - Action delay is set to 0 seconds

2019-03-12 17:17:02 - [MESSAGE][PASSED] - Browser is opened with url: 'https://dev.markit-systems.com/markit_coreV2/Sites/CoreTest/login/admin_display'

2019-03-12 17:17:02 - [TEST_STEP][PASSED] - maximizeWindow(): Current window maximized

2019-03-12 17:17:02 - [MESSAGE][PASSED] - Current window maximized

2019-03-12 17:17:02 - [TEST_STEP][PASSED] - waitForPageLoad(4): Wait for page load successfully

2019-03-12 17:17:02 - [MESSAGE][PASSED] - Wait for page load successfully

2019-03-12 17:17:02 - [TEST_STEP][PASSED] - setText(findTestObject("Username"), "dDasTester"): Text 'dDasTester' is set on object 'Object Repository/Username'

2019-03-12 17:17:02 - [MESSAGE][PASSED] - Text 'dDasTester' is set on object 'Object Repository/Username'

2019-03-12 17:17:02 - [TEST_STEP][PASSED] - delay(2): Delayed 2 second(s)

2019-03-12 17:17:04 - [MESSAGE][PASSED] - Delayed 2 second(s)

2019-03-12 17:17:04 - [TEST_STEP][PASSED] - setText(findTestObject("Password"), "Czybm6R*"): Text 'Czybm6R*' is set on object 'Object Repository/Password'

2019-03-12 17:17:04 - [MESSAGE][PASSED] - Text 'Czybm6R*' is set on object 'Object Repository/Password'

2019-03-12 17:17:04 - [TEST_STEP][PASSED] - delay(3, STOP_ON_FAILURE): Delayed 3 second(s)

2019-03-12 17:17:07 - [MESSAGE][PASSED] - Delayed 3 second(s)

2019-03-12 17:17:07 - [TEST_STEP][PASSED] - click(findTestObject("LoginButton")): Object: 'Object Repository/LoginButton' is clicked on

2019-03-12 17:17:13 - [MESSAGE][PASSED] - Object: 'Object Repository/LoginButton' is clicked on

2019-03-12 17:17:13 - [TEST_STEP][PASSED] - delay(3): Delayed 3 second(s)

2019-03-12 17:17:16 - [MESSAGE][PASSED] - Delayed 3 second(s)]]></system-out>
         <system-err><![CDATA[]]></system-err>
      </testcase>
      <testcase name="Test Cases/ClientSearch" classname="Test Cases/ClientSearch" status="PASSED">
         <system-out><![CDATA[2019-03-12 17:17:16 - [TEST_CASE][PASSED] - Test Cases/ClientSearch: Test Cases/ClientSearch

2019-03-12 17:17:16 - [TEST_STEP][PASSED] - waitForElementClickable(findTestObject("ClientSearch"), 10): Object 'Object Repository/ClientSearch' is clickable

2019-03-12 17:17:16 - [MESSAGE][PASSED] - Object 'Object Repository/ClientSearch' is clickable

2019-03-12 17:17:16 - [TEST_STEP][PASSED] - click(findTestObject("ClientSearch")): Object: 'Object Repository/ClientSearch' is clicked on

2019-03-12 17:17:17 - [MESSAGE][PASSED] - Object: 'Object Repository/ClientSearch' is clicked on

2019-03-12 17:17:17 - [TEST_STEP][PASSED] - delay(5): Delayed 5 second(s)

2019-03-12 17:17:22 - [MESSAGE][PASSED] - Delayed 5 second(s)

2019-03-12 17:17:22 - [TEST_STEP][PASSED] - sendKeys(findTestObject("SearchText"), "Dipak"): Keys 'Dipak' sent to object: 'Object Repository/SearchText'

2019-03-12 17:17:22 - [MESSAGE][PASSED] - Keys 'Dipak' sent to object: 'Object Repository/SearchText'

2019-03-12 17:17:22 - [TEST_STEP][PASSED] - delay(2): Delayed 2 second(s)

2019-03-12 17:17:24 - [MESSAGE][PASSED] - Delayed 2 second(s)

2019-03-12 17:17:24 - [TEST_STEP][PASSED] - sendKeys(findTestObject("SearchText"), Keys.chord(ENTER)): Keys 'ENTER + ' sent to object: 'Object Repository/SearchText'

2019-03-12 17:17:24 - [MESSAGE][PASSED] - Keys 'ENTER + ' sent to object: 'Object Repository/SearchText'

2019-03-12 17:17:24 - [TEST_STEP][PASSED] - delay(3): Delayed 3 second(s)

2019-03-12 17:17:27 - [MESSAGE][PASSED] - Delayed 3 second(s)

2019-03-12 17:17:27 - [TEST_STEP][PASSED] - waitForElementClickable(findTestObject("ClientListingAction"), 5): Object 'Object Repository/ClientListingAction' is clickable

2019-03-12 17:17:27 - [MESSAGE][PASSED] - Object 'Object Repository/ClientListingAction' is clickable

2019-03-12 17:17:27 - [TEST_STEP][PASSED] - click(findTestObject("ClientListingAction")): Object: 'Object Repository/ClientListingAction' is clicked on

2019-03-12 17:17:28 - [MESSAGE][PASSED] - Object: 'Object Repository/ClientListingAction' is clicked on

2019-03-12 17:17:28 - [TEST_STEP][PASSED] - delay(5): Delayed 5 second(s)

2019-03-12 17:17:33 - [MESSAGE][PASSED] - Delayed 5 second(s)]]></system-out>
         <system-err><![CDATA[]]></system-err>
      </testcase>
      <testcase name="Test Cases/StartQuote" classname="Test Cases/StartQuote" status="ERROR">
         <error type="ERROR" message="Test Cases/StartQuote FAILED.
Reason:
groovy.lang.MissingPropertyException: No such property: var_policyNo for class: Script1550750722783
	at StartQuote.run(StartQuote:125)
	at com.kms.katalon.core.main.ScriptEngine.run(ScriptEngine.java:194)
	at com.kms.katalon.core.main.ScriptEngine.runScriptAsRawText(ScriptEngine.java:119)
	at com.kms.katalon.core.main.TestCaseExecutor.runScript(TestCaseExecutor.java:331)
	at com.kms.katalon.core.main.TestCaseExecutor.doExecute(TestCaseExecutor.java:322)
	at com.kms.katalon.core.main.TestCaseExecutor.processExecutionPhase(TestCaseExecutor.java:301)
	at com.kms.katalon.core.main.TestCaseExecutor.accessMainPhase(TestCaseExecutor.java:293)
	at com.kms.katalon.core.main.TestCaseExecutor.execute(TestCaseExecutor.java:227)
	at com.kms.katalon.core.main.TestSuiteExecutor.accessTestCaseMainPhase(TestSuiteExecutor.java:129)
	at com.kms.katalon.core.main.TestSuiteExecutor.accessTestSuiteMainPhase(TestSuiteExecutor.java:112)
	at com.kms.katalon.core.main.TestSuiteExecutor.execute(TestSuiteExecutor.java:81)
	at com.kms.katalon.core.main.TestCaseMain.startTestSuite(TestCaseMain.java:157)
	at com.kms.katalon.core.main.TestCaseMain$startTestSuite$0.call(Unknown Source)
	at TempTestSuite1552391210777.run(TempTestSuite1552391210777.groovy:35)
"/>
         <system-out><![CDATA[2019-03-12 17:17:33 - [TEST_CASE][ERROR] - Test Cases/StartQuote: Test Cases/StartQuote FAILED.
Reason:
groovy.lang.MissingPropertyException: No such property: var_policyNo for class: Script1550750722783
	at StartQuote.run(StartQuote:125)
	at com.kms.katalon.core.main.ScriptEngine.run(ScriptEngine.java:194)
	at com.kms.katalon.core.main.ScriptEngine.runScriptAsRawText(ScriptEngine.java:119)
	at com.kms.katalon.core.main.TestCaseExecutor.runScript(TestCaseExecutor.java:331)
	at com.kms.katalon.core.main.TestCaseExecutor.doExecute(TestCaseExecutor.java:322)
	at com.kms.katalon.core.main.TestCaseExecutor.processExecutionPhase(TestCaseExecutor.java:301)
	at com.kms.katalon.core.main.TestCaseExecutor.accessMainPhase(TestCaseExecutor.java:293)
	at com.kms.katalon.core.main.TestCaseExecutor.execute(TestCaseExecutor.java:227)
	at com.kms.katalon.core.main.TestSuiteExecutor.accessTestCaseMainPhase(TestSuiteExecutor.java:129)
	at com.kms.katalon.core.main.TestSuiteExecutor.accessTestSuiteMainPhase(TestSuiteExecutor.java:112)
	at com.kms.katalon.core.main.TestSuiteExecutor.execute(TestSuiteExecutor.java:81)
	at com.kms.katalon.core.main.TestCaseMain.startTestSuite(TestCaseMain.java:157)
	at com.kms.katalon.core.main.TestCaseMain$startTestSuite$0.call(Unknown Source)
	at TempTestSuite1552391210777.run(TempTestSuite1552391210777.groovy:35)


2019-03-12 17:17:34 - [TEST_STEP][NOT_RUN] - log = new com.kms.katalon.core.logging.KeywordLogger(): NOT_RUN: log = new com.kms.katalon.core.logging.KeywordLogger()

2019-03-12 17:17:34 - [MESSAGE][NOT_RUN] - NOT_RUN: log = new com.kms.katalon.core.logging.KeywordLogger()

2019-03-12 17:17:34 - [TEST_STEP][PASSED] - waitForPageLoad(10, STOP_ON_FAILURE): Wait for page load successfully

2019-03-12 17:17:34 - [MESSAGE][PASSED] - Wait for page load successfully

2019-03-12 17:17:34 - [TEST_STEP][PASSED] - click(findTestObject("StartQuote")): Object: 'Object Repository/StartQuote' is clicked on

2019-03-12 17:17:35 - [MESSAGE][PASSED] - Object: 'Object Repository/StartQuote' is clicked on

2019-03-12 17:17:35 - [TEST_STEP][PASSED] - waitForJQueryLoad(5): jQuery is ready.

2019-03-12 17:17:37 - [MESSAGE][PASSED] - jQuery is ready.

2019-03-12 17:17:37 - [TEST_STEP][PASSED] - selectOptionByLabel(findTestObject("GeneralInformation/currency"), var_currency, false): All options with label 'USD' are selected in object 'Object Repository/GeneralInformation/currency' 

2019-03-12 17:17:37 - [MESSAGE][PASSED] - All options with label 'USD' are selected in object 'Object Repository/GeneralInformation/currency' 

2019-03-12 17:17:37 - [TEST_STEP][PASSED] - delay(5): Delayed 5 second(s)

2019-03-12 17:17:42 - [MESSAGE][PASSED] - Delayed 5 second(s)

2019-03-12 17:17:42 - [TEST_STEP][PASSED] - click(findTestObject("GeneralInformation/SelectBroker")): Object: 'Object Repository/GeneralInformation/SelectBroker' is clicked on

2019-03-12 17:17:42 - [MESSAGE][PASSED] - Object: 'Object Repository/GeneralInformation/SelectBroker' is clicked on

2019-03-12 17:17:42 - [TEST_STEP][PASSED] - selectOptionByLabel(findTestObject("GeneralInformation/SelectBroker"), BrokerName, false): All options with label 'New Broker' are selected in object 'Object Repository/GeneralInformation/SelectBroker' 

2019-03-12 17:17:42 - [MESSAGE][PASSED] - All options with label 'New Broker' are selected in object 'Object Repository/GeneralInformation/SelectBroker' 

2019-03-12 17:17:42 - [TEST_STEP][PASSED] - delay(5): Delayed 5 second(s)

2019-03-12 17:17:47 - [MESSAGE][PASSED] - Delayed 5 second(s)

2019-03-12 17:17:47 - [TEST_STEP][PASSED] - click(findTestObject("GeneralInformation/SelectProduct")): Object: 'Object Repository/GeneralInformation/SelectProduct' is clicked on

2019-03-12 17:17:47 - [MESSAGE][PASSED] - Object: 'Object Repository/GeneralInformation/SelectProduct' is clicked on

2019-03-12 17:17:47 - [TEST_STEP][PASSED] - waitForJQueryLoad(5): jQuery is ready.

2019-03-12 17:17:47 - [MESSAGE][PASSED] - jQuery is ready.

2019-03-12 17:17:47 - [TEST_STEP][PASSED] - selectOptionByLabel(findTestObject("GeneralInformation/SelectProduct"), ProductName, false): All options with label 'BasicDemoProduct' are selected in object 'Object Repository/GeneralInformation/SelectProduct' 

2019-03-12 17:17:47 - [MESSAGE][PASSED] - All options with label 'BasicDemoProduct' are selected in object 'Object Repository/GeneralInformation/SelectProduct' 

2019-03-12 17:17:47 - [TEST_STEP][PASSED] - waitForJQueryLoad(5): jQuery is ready.

2019-03-12 17:17:48 - [MESSAGE][PASSED] - jQuery is ready.

2019-03-12 17:17:48 - [TEST_STEP][NOT_RUN] - delay(3): NOT_RUN: delay(3)

2019-03-12 17:17:48 - [MESSAGE][NOT_RUN] - NOT_RUN: delay(3)

2019-03-12 17:17:48 - [TEST_STEP][PASSED] - click(findTestObject("GeneralInformation/PolicyTerm")): Object: 'Object Repository/GeneralInformation/PolicyTerm' is clicked on

2019-03-12 17:17:48 - [MESSAGE][PASSED] - Object: 'Object Repository/GeneralInformation/PolicyTerm' is clicked on

2019-03-12 17:17:48 - [TEST_STEP][PASSED] - delay(5): Delayed 5 second(s)

2019-03-12 17:17:53 - [MESSAGE][PASSED] - Delayed 5 second(s)

2019-03-12 17:17:53 - [TEST_STEP][PASSED] - selectOptionByLabel(findTestObject("GeneralInformation/PolicyTerm"), Term, false): All options with label 'Yearly' are selected in object 'Object Repository/GeneralInformation/PolicyTerm' 

2019-03-12 17:17:53 - [MESSAGE][PASSED] - All options with label 'Yearly' are selected in object 'Object Repository/GeneralInformation/PolicyTerm' 

2019-03-12 17:17:53 - [TEST_STEP][PASSED] - waitForJQueryLoad(10): jQuery is ready.

2019-03-12 17:17:54 - [MESSAGE][PASSED] - jQuery is ready.

2019-03-12 17:17:54 - [TEST_STEP][PASSED] - click(findTestObject("GeneralInformation/PolicyStartDate")): Object: 'Object Repository/GeneralInformation/PolicyStartDate' is clicked on

2019-03-12 17:17:54 - [MESSAGE][PASSED] - Object: 'Object Repository/GeneralInformation/PolicyStartDate' is clicked on

2019-03-12 17:17:54 - [TEST_STEP][PASSED] - click(findTestObject("GeneralInformation/Policy_Start_Year")): Object: 'Object Repository/GeneralInformation/Policy_Start_Year' is clicked on

2019-03-12 17:17:54 - [MESSAGE][PASSED] - Object: 'Object Repository/GeneralInformation/Policy_Start_Year' is clicked on

2019-03-12 17:17:54 - [TEST_STEP][PASSED] - click(findTestObject("GeneralInformation/Policy_Start_Month")): Object: 'Object Repository/GeneralInformation/Policy_Start_Month' is clicked on

2019-03-12 17:17:54 - [MESSAGE][PASSED] - Object: 'Object Repository/GeneralInformation/Policy_Start_Month' is clicked on

2019-03-12 17:17:54 - [TEST_STEP][PASSED] - click(findTestObject("GeneralInformation/Policy_Start_Month")): Object: 'Object Repository/GeneralInformation/Policy_Start_Month' is clicked on

2019-03-12 17:17:54 - [MESSAGE][PASSED] - Object: 'Object Repository/GeneralInformation/Policy_Start_Month' is clicked on

2019-03-12 17:17:54 - [TEST_STEP][PASSED] - delay(4): Delayed 4 second(s)

2019-03-12 17:17:58 - [MESSAGE][PASSED] - Delayed 4 second(s)

2019-03-12 17:17:58 - [TEST_STEP][PASSED] - click(findTestObject("GeneralInformation/NextButton")): Object: 'Object Repository/GeneralInformation/NextButton' is clicked on

2019-03-12 17:17:59 - [MESSAGE][PASSED] - Object: 'Object Repository/GeneralInformation/NextButton' is clicked on

2019-03-12 17:17:59 - [TEST_STEP][PASSED] - delay(3): Delayed 3 second(s)

2019-03-12 17:18:02 - [MESSAGE][PASSED] - Delayed 3 second(s)

2019-03-12 17:18:02 - [TEST_STEP][PASSED] - if (var_cancelAlertCondition.equals("cancel")): Object: 'Object Repository/RiskDetails/Page_Markit core new  Risk details/ButtonSubmit' is clicked on

2019-03-12 17:18:02 - [TEST_STEP][PASSED] - click(findTestObject("GeneralInformation/CancelAlert")): Object: 'Object Repository/GeneralInformation/CancelAlert' is clicked on

2019-03-12 17:18:05 - [MESSAGE][PASSED] - Object: 'Object Repository/GeneralInformation/CancelAlert' is clicked on

2019-03-12 17:18:05 - [TEST_STEP][PASSED] - delay(4): Delayed 4 second(s)

2019-03-12 17:18:09 - [MESSAGE][PASSED] - Delayed 4 second(s)

2019-03-12 17:18:09 - [TEST_STEP][PASSED] - waitForElementVisible(findTestObject("RiskDetails/Page_Markit core new  Risk details/General_Info_Risk_Details"), 5): Object 'Object Repository/RiskDetails/Page_Markit core new  Risk details/General_Info_Risk_Details' is visible

2019-03-12 17:18:09 - [MESSAGE][PASSED] - Object 'Object Repository/RiskDetails/Page_Markit core new  Risk details/General_Info_Risk_Details' is visible

2019-03-12 17:18:09 - [TEST_STEP][PASSED] - delay(2): Delayed 2 second(s)

2019-03-12 17:18:11 - [MESSAGE][PASSED] - Delayed 2 second(s)

2019-03-12 17:18:11 - [TEST_STEP][PASSED] - selectOptionByLabel(findTestObject("RiskDetails/Page_Markit core new  Risk details/SelectType"), var_buildingtype, false): All options with label 'Flat' are selected in object 'Object Repository/RiskDetails/Page_Markit core new  Risk details/SelectType' 

2019-03-12 17:18:11 - [MESSAGE][PASSED] - All options with label 'Flat' are selected in object 'Object Repository/RiskDetails/Page_Markit core new  Risk details/SelectType' 

2019-03-12 17:18:11 - [TEST_STEP][PASSED] - delay(1): Delayed 1 second(s)

2019-03-12 17:18:12 - [MESSAGE][PASSED] - Delayed 1 second(s)

2019-03-12 17:18:12 - [TEST_STEP][PASSED] - sendKeys(findTestObject("RiskDetails/Page_Markit core new  Risk details/SumInsure"), BuildingSumInsure, STOP_ON_FAILURE): Keys '4000' sent to object: 'Object Repository/RiskDetails/Page_Markit core new  Risk details/SumInsure'

2019-03-12 17:18:12 - [MESSAGE][PASSED] - Keys '4000' sent to object: 'Object Repository/RiskDetails/Page_Markit core new  Risk details/SumInsure'

2019-03-12 17:18:12 - [TEST_STEP][PASSED] - sendKeys(findTestObject("RiskDetails/Page_Markit core new  Risk details/RoomNo"), NoofRoom): Keys '3' sent to object: 'Object Repository/RiskDetails/Page_Markit core new  Risk details/RoomNo'

2019-03-12 17:18:12 - [MESSAGE][PASSED] - Keys '3' sent to object: 'Object Repository/RiskDetails/Page_Markit core new  Risk details/RoomNo'

2019-03-12 17:18:12 - [TEST_STEP][PASSED] - sendKeys(findTestObject("RiskDetails/Page_Markit core new  Risk details/ContentSumInsure"), ContentSumInsure): Keys '5000' sent to object: 'Object Repository/RiskDetails/Page_Markit core new  Risk details/ContentSumInsure'

2019-03-12 17:18:12 - [MESSAGE][PASSED] - Keys '5000' sent to object: 'Object Repository/RiskDetails/Page_Markit core new  Risk details/ContentSumInsure'

2019-03-12 17:18:12 - [TEST_STEP][PASSED] - delay(2): Delayed 2 second(s)

2019-03-12 17:18:14 - [MESSAGE][PASSED] - Delayed 2 second(s)

2019-03-12 17:18:14 - [TEST_STEP][PASSED] - click(findTestObject("RiskDetails/Page_Markit core new  Risk details/ButtonSubmit")): Object: 'Object Repository/RiskDetails/Page_Markit core new  Risk details/ButtonSubmit' is clicked on

2019-03-12 17:18:20 - [MESSAGE][PASSED] - Object: 'Object Repository/RiskDetails/Page_Markit core new  Risk details/ButtonSubmit' is clicked on

2019-03-12 17:18:20 - [TEST_STEP][PASSED] - waitForJQueryLoad(10): jQuery is ready.

2019-03-12 17:18:21 - [MESSAGE][PASSED] - jQuery is ready.

2019-03-12 17:18:21 - [TEST_STEP][PASSED] - click(findTestObject("PremiumPage/Bind")): Object: 'Object Repository/PremiumPage/Bind' is clicked on

2019-03-12 17:18:23 - [MESSAGE][PASSED] - Object: 'Object Repository/PremiumPage/Bind' is clicked on

2019-03-12 17:18:23 - [TEST_STEP][PASSED] - delay(10): Delayed 10 second(s)

2019-03-12 17:18:33 - [MESSAGE][PASSED] - Delayed 10 second(s)

2019-03-12 17:18:33 - [TEST_STEP][PASSED] - click(findTestObject("PaymentDetails/PaymentMethods")): Object: 'Object Repository/PaymentDetails/PaymentMethods' is clicked on

2019-03-12 17:18:33 - [MESSAGE][PASSED] - Object: 'Object Repository/PaymentDetails/PaymentMethods' is clicked on

2019-03-12 17:18:33 - [TEST_STEP][PASSED] - waitForJQueryLoad(5): jQuery is ready.

2019-03-12 17:18:33 - [MESSAGE][PASSED] - jQuery is ready.

2019-03-12 17:18:33 - [TEST_STEP][PASSED] - selectOptionByLabel(findTestObject("PaymentDetails/SelectInstallment"), "1", false): All options with label '1' are selected in object 'Object Repository/PaymentDetails/SelectInstallment' 

2019-03-12 17:18:33 - [MESSAGE][PASSED] - All options with label '1' are selected in object 'Object Repository/PaymentDetails/SelectInstallment' 

2019-03-12 17:18:33 - [TEST_STEP][PASSED] - scrollToElement(findTestObject("PaymentDetails/ConfirmPaymentType"), 5): Scroll to object 'Object Repository/PaymentDetails/ConfirmPaymentType' successfully

2019-03-12 17:18:33 - [MESSAGE][PASSED] - Scroll to object 'Object Repository/PaymentDetails/ConfirmPaymentType' successfully

2019-03-12 17:18:33 - [TEST_STEP][PASSED] - delay(5): Delayed 5 second(s)

2019-03-12 17:18:38 - [MESSAGE][PASSED] - Delayed 5 second(s)

2019-03-12 17:18:38 - [TEST_STEP][PASSED] - click(findTestObject("PaymentDetails/ConfirmPaymentType")): Object: 'Object Repository/PaymentDetails/ConfirmPaymentType' is clicked on

2019-03-12 17:18:38 - [MESSAGE][PASSED] - Object: 'Object Repository/PaymentDetails/ConfirmPaymentType' is clicked on

2019-03-12 17:18:38 - [TEST_STEP][PASSED] - scrollToElement(findTestObject("PaymentDetails/BindAndSendPolicySchedule"), 5): Scroll to object 'Object Repository/PaymentDetails/BindAndSendPolicySchedule' successfully

2019-03-12 17:18:42 - [MESSAGE][PASSED] - Scroll to object 'Object Repository/PaymentDetails/BindAndSendPolicySchedule' successfully

2019-03-12 17:18:42 - [TEST_STEP][PASSED] - delay(4): Delayed 4 second(s)

2019-03-12 17:18:46 - [MESSAGE][PASSED] - Delayed 4 second(s)

2019-03-12 17:18:46 - [TEST_STEP][PASSED] - click(findTestObject("PaymentDetails/BindAndSendPolicySchedule")): Object: 'Object Repository/PaymentDetails/BindAndSendPolicySchedule' is clicked on

2019-03-12 17:18:46 - [MESSAGE][PASSED] - Object: 'Object Repository/PaymentDetails/BindAndSendPolicySchedule' is clicked on

2019-03-12 17:18:46 - [TEST_STEP][PASSED] - var_policyno = getAttribute(findTestObject("PremiumPage/PolicyNo"), ""): Attribute '' of object 'Object Repository/PremiumPage/PolicyNo' is: 'null'

2019-03-12 17:18:51 - [MESSAGE][PASSED] - Attribute '' of object 'Object Repository/PremiumPage/PolicyNo' is: 'null'

2019-03-12 17:18:51 - [TEST_STEP][ERROR] - com.helper.excel.ExcelHelper.writeTOExcelFile("E:\MarkitCore\ExcelWriter\test.xlsx", "TestData", var_policyNo, 1, 1): com.helper.excel.ExcelHelper.writeTOExcelFile("E:\MarkitCore\ExcelWriter\test.xlsx", "TestData", var_policyNo, 1, 1) FAILED.
Reason:
groovy.lang.MissingPropertyException: No such property: var_policyNo for class: Script1550750722783
	at StartQuote.run(StartQuote:125)
	at com.kms.katalon.core.main.ScriptEngine.run(ScriptEngine.java:194)
	at com.kms.katalon.core.main.ScriptEngine.runScriptAsRawText(ScriptEngine.java:119)
	at com.kms.katalon.core.main.TestCaseExecutor.runScript(TestCaseExecutor.java:331)
	at com.kms.katalon.core.main.TestCaseExecutor.doExecute(TestCaseExecutor.java:322)
	at com.kms.katalon.core.main.TestCaseExecutor.processExecutionPhase(TestCaseExecutor.java:301)
	at com.kms.katalon.core.main.TestCaseExecutor.accessMainPhase(TestCaseExecutor.java:293)
	at com.kms.katalon.core.main.TestCaseExecutor.execute(TestCaseExecutor.java:227)
	at com.kms.katalon.core.main.TestSuiteExecutor.accessTestCaseMainPhase(TestSuiteExecutor.java:129)
	at com.kms.katalon.core.main.TestSuiteExecutor.accessTestSuiteMainPhase(TestSuiteExecutor.java:112)
	at com.kms.katalon.core.main.TestSuiteExecutor.execute(TestSuiteExecutor.java:81)
	at com.kms.katalon.core.main.TestCaseMain.startTestSuite(TestCaseMain.java:157)
	at com.kms.katalon.core.main.TestCaseMain$startTestSuite$0.call(Unknown Source)
	at TempTestSuite1552391210777.run(TempTestSuite1552391210777.groovy:35)


2019-03-12 17:18:51 - [MESSAGE][ERROR] - com.helper.excel.ExcelHelper.writeTOExcelFile("E:\MarkitCore\ExcelWriter\test.xlsx", "TestData", var_policyNo, 1, 1) FAILED.
Reason:
groovy.lang.MissingPropertyException: No such property: var_policyNo for class: Script1550750722783
	at StartQuote.run(StartQuote:125)
	at com.kms.katalon.core.main.ScriptEngine.run(ScriptEngine.java:194)
	at com.kms.katalon.core.main.ScriptEngine.runScriptAsRawText(ScriptEngine.java:119)
	at com.kms.katalon.core.main.TestCaseExecutor.runScript(TestCaseExecutor.java:331)
	at com.kms.katalon.core.main.TestCaseExecutor.doExecute(TestCaseExecutor.java:322)
	at com.kms.katalon.core.main.TestCaseExecutor.processExecutionPhase(TestCaseExecutor.java:301)
	at com.kms.katalon.core.main.TestCaseExecutor.accessMainPhase(TestCaseExecutor.java:293)
	at com.kms.katalon.core.main.TestCaseExecutor.execute(TestCaseExecutor.java:227)
	at com.kms.katalon.core.main.TestSuiteExecutor.accessTestCaseMainPhase(TestSuiteExecutor.java:129)
	at com.kms.katalon.core.main.TestSuiteExecutor.accessTestSuiteMainPhase(TestSuiteExecutor.java:112)
	at com.kms.katalon.core.main.TestSuiteExecutor.execute(TestSuiteExecutor.java:81)
	at com.kms.katalon.core.main.TestCaseMain.startTestSuite(TestCaseMain.java:157)
	at com.kms.katalon.core.main.TestCaseMain$startTestSuite$0.call(Unknown Source)
	at TempTestSuite1552391210777.run(TempTestSuite1552391210777.groovy:35)]]></system-out>
         <system-err><![CDATA[2019-03-12 17:17:33 - [TEST_CASE][ERROR] - Test Cases/StartQuote: Test Cases/StartQuote FAILED.
Reason:
groovy.lang.MissingPropertyException: No such property: var_policyNo for class: Script1550750722783
	at StartQuote.run(StartQuote:125)
	at com.kms.katalon.core.main.ScriptEngine.run(ScriptEngine.java:194)
	at com.kms.katalon.core.main.ScriptEngine.runScriptAsRawText(ScriptEngine.java:119)
	at com.kms.katalon.core.main.TestCaseExecutor.runScript(TestCaseExecutor.java:331)
	at com.kms.katalon.core.main.TestCaseExecutor.doExecute(TestCaseExecutor.java:322)
	at com.kms.katalon.core.main.TestCaseExecutor.processExecutionPhase(TestCaseExecutor.java:301)
	at com.kms.katalon.core.main.TestCaseExecutor.accessMainPhase(TestCaseExecutor.java:293)
	at com.kms.katalon.core.main.TestCaseExecutor.execute(TestCaseExecutor.java:227)
	at com.kms.katalon.core.main.TestSuiteExecutor.accessTestCaseMainPhase(TestSuiteExecutor.java:129)
	at com.kms.katalon.core.main.TestSuiteExecutor.accessTestSuiteMainPhase(TestSuiteExecutor.java:112)
	at com.kms.katalon.core.main.TestSuiteExecutor.execute(TestSuiteExecutor.java:81)
	at com.kms.katalon.core.main.TestCaseMain.startTestSuite(TestCaseMain.java:157)
	at com.kms.katalon.core.main.TestCaseMain$startTestSuite$0.call(Unknown Source)
	at TempTestSuite1552391210777.run(TempTestSuite1552391210777.groovy:35)]]></system-err>
      </testcase>
      <system-out><![CDATA[2019-03-12 17:16:52 - [TEST_SUITE][ERROR] - BuyProcess: Test Cases/StartQuote FAILED.
Reason:
groovy.lang.MissingPropertyException: No such property: var_policyNo for class: Script1550750722783
	at StartQuote.run(StartQuote:125)
	at com.kms.katalon.core.main.ScriptEngine.run(ScriptEngine.java:194)
	at com.kms.katalon.core.main.ScriptEngine.runScriptAsRawText(ScriptEngine.java:119)
	at com.kms.katalon.core.main.TestCaseExecutor.runScript(TestCaseExecutor.java:331)
	at com.kms.katalon.core.main.TestCaseExecutor.doExecute(TestCaseExecutor.java:322)
	at com.kms.katalon.core.main.TestCaseExecutor.processExecutionPhase(TestCaseExecutor.java:301)
	at com.kms.katalon.core.main.TestCaseExecutor.accessMainPhase(TestCaseExecutor.java:293)
	at com.kms.katalon.core.main.TestCaseExecutor.execute(TestCaseExecutor.java:227)
	at com.kms.katalon.core.main.TestSuiteExecutor.accessTestCaseMainPhase(TestSuiteExecutor.java:129)
	at com.kms.katalon.core.main.TestSuiteExecutor.accessTestSuiteMainPhase(TestSuiteExecutor.java:112)
	at com.kms.katalon.core.main.TestSuiteExecutor.execute(TestSuiteExecutor.java:81)
	at com.kms.katalon.core.main.TestCaseMain.startTestSuite(TestCaseMain.java:157)
	at com.kms.katalon.core.main.TestCaseMain$startTestSuite$0.call(Unknown Source)
	at TempTestSuite1552391210777.run(TempTestSuite1552391210777.groovy:35)]]></system-out>
      <system-err><![CDATA[2019-03-12 17:16:52 - [TEST_SUITE][ERROR] - BuyProcess: Test Cases/StartQuote FAILED.
Reason:
groovy.lang.MissingPropertyException: No such property: var_policyNo for class: Script1550750722783
	at StartQuote.run(StartQuote:125)
	at com.kms.katalon.core.main.ScriptEngine.run(ScriptEngine.java:194)
	at com.kms.katalon.core.main.ScriptEngine.runScriptAsRawText(ScriptEngine.java:119)
	at com.kms.katalon.core.main.TestCaseExecutor.runScript(TestCaseExecutor.java:331)
	at com.kms.katalon.core.main.TestCaseExecutor.doExecute(TestCaseExecutor.java:322)
	at com.kms.katalon.core.main.TestCaseExecutor.processExecutionPhase(TestCaseExecutor.java:301)
	at com.kms.katalon.core.main.TestCaseExecutor.accessMainPhase(TestCaseExecutor.java:293)
	at com.kms.katalon.core.main.TestCaseExecutor.execute(TestCaseExecutor.java:227)
	at com.kms.katalon.core.main.TestSuiteExecutor.accessTestCaseMainPhase(TestSuiteExecutor.java:129)
	at com.kms.katalon.core.main.TestSuiteExecutor.accessTestSuiteMainPhase(TestSuiteExecutor.java:112)
	at com.kms.katalon.core.main.TestSuiteExecutor.execute(TestSuiteExecutor.java:81)
	at com.kms.katalon.core.main.TestCaseMain.startTestSuite(TestCaseMain.java:157)
	at com.kms.katalon.core.main.TestCaseMain$startTestSuite$0.call(Unknown Source)
	at TempTestSuite1552391210777.run(TempTestSuite1552391210777.groovy:35)]]></system-err>
   </testsuite>
</testsuites>
