<?xml version="1.0" encoding="UTF-8"?>
<testsuites name="BuyProcess" time="245" tests="2" failures="0" errors="2">
   <testsuite name="BuyProcess" tests="2" failures="0" errors="2" time="245" timestamp="2019-03-26 15:54:38" hostname="dipak - DIPAKDAS-PC.indusnettechnologies.com" id="Test Suites/BuyProcess">
      <properties>
         <property name="deviceName" value=""/>
         <property name="devicePlatform" value=""/>
         <property name="logFolder" value="E:\\MarkitCore\\Katalon\\Katalon\\MarkitCore\\Reports\\BuyProcess\\20190326_155430"/>
         <property name="logFiles" value="E:\\MarkitCore\\Katalon\\Katalon\\MarkitCore\\Reports\\BuyProcess\\20190326_155430\\execution0.log"/>
         <property name="attachments" value=""/>
         <property name="hostName" value="dipak - DIPAKDAS-PC.indusnettechnologies.com"/>
         <property name="os" value="Windows 7 32bit"/>
         <property name="katalonVersion" value="6.0.5.4"/>
         <property name="browser" value="Chrome 73.0.3683.86"/>
         <property name="hostAddress" value="10.0.12.237"/>
         <property name="sessionId" value="76952955bd8921d4a9c55a0608d52a6e"/>
         <property name="seleniumVersion" value="3.7.1"/>
         <property name="proxyInformation" value="ProxyInformation{proxyOption=NO_PROXY, proxyServerType=HTTP, password=, proxyServerAddress=, proxyServerPort=0}"/>
         <property name="platform" value="Windows 7"/>
      </properties>
      <testcase name="Test Cases/Login" classname="Test Cases/Login" status="PASSED">
         <system-out><![CDATA[2019-03-26 15:54:38 - [TEST_CASE][PASSED] - Test Cases/Login: Test Cases/Login

2019-03-26 15:54:38 - [TEST_STEP][PASSED] - openBrowser("https://dev.markit-systems.com/markit_coreV2/Sites/CoreTest/login/admin_display"): Browser is opened with url: 'https://dev.markit-systems.com/markit_coreV2/Sites/CoreTest/login/admin_display'

2019-03-26 15:54:39 - [MESSAGE][INFO] - Starting 'Chrome' driver

2019-03-26 15:54:39 - [MESSAGE][INFO] - Action delay is set to 0 seconds

2019-03-26 15:54:51 - [MESSAGE][PASSED] - Browser is opened with url: 'https://dev.markit-systems.com/markit_coreV2/Sites/CoreTest/login/admin_display'

2019-03-26 15:54:51 - [TEST_STEP][PASSED] - maximizeWindow(): Current window maximized

2019-03-26 15:54:51 - [MESSAGE][PASSED] - Current window maximized

2019-03-26 15:54:51 - [TEST_STEP][PASSED] - waitForPageLoad(4): Wait for page load successfully

2019-03-26 15:54:51 - [MESSAGE][PASSED] - Wait for page load successfully

2019-03-26 15:54:51 - [TEST_STEP][PASSED] - setText(findTestObject("Username"), "dDasTester"): Text 'dDasTester' is set on object 'Object Repository/Username'

2019-03-26 15:54:52 - [MESSAGE][PASSED] - Text 'dDasTester' is set on object 'Object Repository/Username'

2019-03-26 15:54:52 - [TEST_STEP][PASSED] - delay(2): Delayed 2 second(s)

2019-03-26 15:54:54 - [MESSAGE][PASSED] - Delayed 2 second(s)

2019-03-26 15:54:54 - [TEST_STEP][PASSED] - setText(findTestObject("Password"), "Czybm6R*"): Text 'Czybm6R*' is set on object 'Object Repository/Password'

2019-03-26 15:54:54 - [MESSAGE][PASSED] - Text 'Czybm6R*' is set on object 'Object Repository/Password'

2019-03-26 15:54:54 - [TEST_STEP][PASSED] - delay(3, STOP_ON_FAILURE): Delayed 3 second(s)

2019-03-26 15:54:57 - [MESSAGE][PASSED] - Delayed 3 second(s)

2019-03-26 15:54:57 - [TEST_STEP][PASSED] - click(findTestObject("LoginButton")): Object: 'Object Repository/LoginButton' is clicked on

2019-03-26 15:55:05 - [MESSAGE][PASSED] - Object: 'Object Repository/LoginButton' is clicked on

2019-03-26 15:55:05 - [TEST_STEP][PASSED] - delay(3): Delayed 3 second(s)

2019-03-26 15:55:08 - [MESSAGE][PASSED] - Delayed 3 second(s)]]></system-out>
         <system-err><![CDATA[]]></system-err>
      </testcase>
      <testcase name="Test Cases/ClientSearch" classname="Test Cases/ClientSearch" status="PASSED">
         <system-out><![CDATA[2019-03-26 15:55:09 - [TEST_CASE][PASSED] - Test Cases/ClientSearch: Test Cases/ClientSearch

2019-03-26 15:55:09 - [TEST_STEP][PASSED] - waitForElementClickable(findTestObject("ClientSearch"), 10): Object 'Object Repository/ClientSearch' is clickable

2019-03-26 15:55:09 - [MESSAGE][PASSED] - Object 'Object Repository/ClientSearch' is clickable

2019-03-26 15:55:09 - [TEST_STEP][PASSED] - click(findTestObject("ClientSearch")): Object: 'Object Repository/ClientSearch' is clicked on

2019-03-26 15:55:11 - [MESSAGE][PASSED] - Object: 'Object Repository/ClientSearch' is clicked on

2019-03-26 15:55:11 - [TEST_STEP][PASSED] - delay(5): Delayed 5 second(s)

2019-03-26 15:55:16 - [MESSAGE][PASSED] - Delayed 5 second(s)

2019-03-26 15:55:16 - [TEST_STEP][PASSED] - sendKeys(findTestObject("SearchText"), "Dipak"): Keys 'Dipak' sent to object: 'Object Repository/SearchText'

2019-03-26 15:55:16 - [MESSAGE][PASSED] - Keys 'Dipak' sent to object: 'Object Repository/SearchText'

2019-03-26 15:55:16 - [TEST_STEP][PASSED] - delay(2): Delayed 2 second(s)

2019-03-26 15:55:18 - [MESSAGE][PASSED] - Delayed 2 second(s)

2019-03-26 15:55:18 - [TEST_STEP][PASSED] - sendKeys(findTestObject("SearchText"), Keys.chord(ENTER)): Keys 'ENTER + ' sent to object: 'Object Repository/SearchText'

2019-03-26 15:55:18 - [MESSAGE][PASSED] - Keys 'ENTER + ' sent to object: 'Object Repository/SearchText'

2019-03-26 15:55:18 - [TEST_STEP][PASSED] - delay(3): Delayed 3 second(s)

2019-03-26 15:55:21 - [MESSAGE][PASSED] - Delayed 3 second(s)

2019-03-26 15:55:21 - [TEST_STEP][PASSED] - waitForElementClickable(findTestObject("ClientListingAction"), 5): Object 'Object Repository/ClientListingAction' is clickable

2019-03-26 15:55:21 - [MESSAGE][PASSED] - Object 'Object Repository/ClientListingAction' is clickable

2019-03-26 15:55:21 - [TEST_STEP][PASSED] - click(findTestObject("ClientListingAction")): Object: 'Object Repository/ClientListingAction' is clicked on

2019-03-26 15:55:22 - [MESSAGE][PASSED] - Object: 'Object Repository/ClientListingAction' is clicked on

2019-03-26 15:55:22 - [TEST_STEP][PASSED] - delay(5): Delayed 5 second(s)

2019-03-26 15:55:27 - [MESSAGE][PASSED] - Delayed 5 second(s)]]></system-out>
         <system-err><![CDATA[]]></system-err>
      </testcase>
      <testcase name="Test Cases/StartQuote" classname="Test Cases/StartQuote" status="ERROR">
         <error type="ERROR" message="Test Cases/StartQuote FAILED.
Reason:
java.lang.NullPointerException: Cannot invoke method getLastCellNum() on null object
	at com.helper.excel.ExcelHelper.writeTOExcelFile(ExcelHelper.groovy:49)
	at com.helper.excel.ExcelHelper.invokeMethod(ExcelHelper.groovy)
	at com.kms.katalon.core.main.CustomKeywordDelegatingMetaClass.invokeStaticMethod(CustomKeywordDelegatingMetaClass.java:49)
	at StartQuote.run(StartQuote:135)
	at com.kms.katalon.core.main.ScriptEngine.run(ScriptEngine.java:194)
	at com.kms.katalon.core.main.ScriptEngine.runScriptAsRawText(ScriptEngine.java:119)
	at com.kms.katalon.core.main.TestCaseExecutor.runScript(TestCaseExecutor.java:331)
	at com.kms.katalon.core.main.TestCaseExecutor.doExecute(TestCaseExecutor.java:322)
	at com.kms.katalon.core.main.TestCaseExecutor.processExecutionPhase(TestCaseExecutor.java:301)
	at com.kms.katalon.core.main.TestCaseExecutor.accessMainPhase(TestCaseExecutor.java:293)
	at com.kms.katalon.core.main.TestCaseExecutor.execute(TestCaseExecutor.java:227)
	at com.kms.katalon.core.main.TestSuiteExecutor.accessTestCaseMainPhase(TestSuiteExecutor.java:129)
	at com.kms.katalon.core.main.TestSuiteExecutor.accessTestSuiteMainPhase(TestSuiteExecutor.java:112)
	at com.kms.katalon.core.main.TestSuiteExecutor.execute(TestSuiteExecutor.java:81)
	at com.kms.katalon.core.main.TestCaseMain.startTestSuite(TestCaseMain.java:157)
	at com.kms.katalon.core.main.TestCaseMain$startTestSuite$0.call(Unknown Source)
	at TempTestSuite1553595870927.run(TempTestSuite1553595870927.groovy:35)
"/>
         <system-out><![CDATA[2019-03-26 15:55:27 - [TEST_CASE][ERROR] - Test Cases/StartQuote: Test Cases/StartQuote FAILED.
Reason:
java.lang.NullPointerException: Cannot invoke method getLastCellNum() on null object
	at com.helper.excel.ExcelHelper.writeTOExcelFile(ExcelHelper.groovy:49)
	at com.helper.excel.ExcelHelper.invokeMethod(ExcelHelper.groovy)
	at com.kms.katalon.core.main.CustomKeywordDelegatingMetaClass.invokeStaticMethod(CustomKeywordDelegatingMetaClass.java:49)
	at StartQuote.run(StartQuote:135)
	at com.kms.katalon.core.main.ScriptEngine.run(ScriptEngine.java:194)
	at com.kms.katalon.core.main.ScriptEngine.runScriptAsRawText(ScriptEngine.java:119)
	at com.kms.katalon.core.main.TestCaseExecutor.runScript(TestCaseExecutor.java:331)
	at com.kms.katalon.core.main.TestCaseExecutor.doExecute(TestCaseExecutor.java:322)
	at com.kms.katalon.core.main.TestCaseExecutor.processExecutionPhase(TestCaseExecutor.java:301)
	at com.kms.katalon.core.main.TestCaseExecutor.accessMainPhase(TestCaseExecutor.java:293)
	at com.kms.katalon.core.main.TestCaseExecutor.execute(TestCaseExecutor.java:227)
	at com.kms.katalon.core.main.TestSuiteExecutor.accessTestCaseMainPhase(TestSuiteExecutor.java:129)
	at com.kms.katalon.core.main.TestSuiteExecutor.accessTestSuiteMainPhase(TestSuiteExecutor.java:112)
	at com.kms.katalon.core.main.TestSuiteExecutor.execute(TestSuiteExecutor.java:81)
	at com.kms.katalon.core.main.TestCaseMain.startTestSuite(TestCaseMain.java:157)
	at com.kms.katalon.core.main.TestCaseMain$startTestSuite$0.call(Unknown Source)
	at TempTestSuite1553595870927.run(TempTestSuite1553595870927.groovy:35)


2019-03-26 15:55:28 - [TEST_STEP][PASSED] - log = new com.kms.katalon.core.logging.KeywordLogger(): null

2019-03-26 15:55:28 - [TEST_STEP][PASSED] - waitForPageLoad(10, STOP_ON_FAILURE): Wait for page load successfully

2019-03-26 15:55:28 - [MESSAGE][PASSED] - Wait for page load successfully

2019-03-26 15:55:28 - [TEST_STEP][PASSED] - click(findTestObject("StartQuote")): Object: 'Object Repository/StartQuote' is clicked on

2019-03-26 15:55:29 - [MESSAGE][PASSED] - Object: 'Object Repository/StartQuote' is clicked on

2019-03-26 15:55:29 - [TEST_STEP][PASSED] - waitForJQueryLoad(5): jQuery is ready.

2019-03-26 15:55:30 - [MESSAGE][PASSED] - jQuery is ready.

2019-03-26 15:55:30 - [TEST_STEP][PASSED] - selectOptionByLabel(findTestObject("GeneralInformation/currency"), var_currency, false): All options with label 'USD' are selected in object 'Object Repository/GeneralInformation/currency' 

2019-03-26 15:55:30 - [MESSAGE][PASSED] - All options with label 'USD' are selected in object 'Object Repository/GeneralInformation/currency' 

2019-03-26 15:55:30 - [TEST_STEP][PASSED] - delay(5): Delayed 5 second(s)

2019-03-26 15:55:35 - [MESSAGE][PASSED] - Delayed 5 second(s)

2019-03-26 15:55:35 - [TEST_STEP][PASSED] - click(findTestObject("GeneralInformation/SelectBroker")): Object: 'Object Repository/GeneralInformation/SelectBroker' is clicked on

2019-03-26 15:55:35 - [MESSAGE][PASSED] - Object: 'Object Repository/GeneralInformation/SelectBroker' is clicked on

2019-03-26 15:55:35 - [TEST_STEP][PASSED] - selectOptionByLabel(findTestObject("GeneralInformation/SelectBroker"), BrokerName, false): All options with label 'New Broker' are selected in object 'Object Repository/GeneralInformation/SelectBroker' 

2019-03-26 15:55:35 - [MESSAGE][PASSED] - All options with label 'New Broker' are selected in object 'Object Repository/GeneralInformation/SelectBroker' 

2019-03-26 15:55:35 - [TEST_STEP][PASSED] - delay(5): Delayed 5 second(s)

2019-03-26 15:55:40 - [MESSAGE][PASSED] - Delayed 5 second(s)

2019-03-26 15:55:40 - [TEST_STEP][PASSED] - click(findTestObject("GeneralInformation/SelectProduct")): Object: 'Object Repository/GeneralInformation/SelectProduct' is clicked on

2019-03-26 15:55:41 - [MESSAGE][PASSED] - Object: 'Object Repository/GeneralInformation/SelectProduct' is clicked on

2019-03-26 15:55:41 - [TEST_STEP][PASSED] - waitForJQueryLoad(5): jQuery is ready.

2019-03-26 15:55:41 - [MESSAGE][PASSED] - jQuery is ready.

2019-03-26 15:55:41 - [TEST_STEP][PASSED] - selectOptionByLabel(findTestObject("GeneralInformation/SelectProduct"), ProductName, false): All options with label 'BasicDemoProduct' are selected in object 'Object Repository/GeneralInformation/SelectProduct' 

2019-03-26 15:55:41 - [MESSAGE][PASSED] - All options with label 'BasicDemoProduct' are selected in object 'Object Repository/GeneralInformation/SelectProduct' 

2019-03-26 15:55:41 - [TEST_STEP][PASSED] - waitForJQueryLoad(5): jQuery is ready.

2019-03-26 15:55:42 - [MESSAGE][PASSED] - jQuery is ready.

2019-03-26 15:55:42 - [TEST_STEP][NOT_RUN] - delay(3): NOT_RUN: delay(3)

2019-03-26 15:55:42 - [MESSAGE][NOT_RUN] - NOT_RUN: delay(3)

2019-03-26 15:55:42 - [TEST_STEP][PASSED] - click(findTestObject("GeneralInformation/PolicyTerm")): Object: 'Object Repository/GeneralInformation/PolicyTerm' is clicked on

2019-03-26 15:55:42 - [MESSAGE][PASSED] - Object: 'Object Repository/GeneralInformation/PolicyTerm' is clicked on

2019-03-26 15:55:42 - [TEST_STEP][PASSED] - delay(5): Delayed 5 second(s)

2019-03-26 15:55:47 - [MESSAGE][PASSED] - Delayed 5 second(s)

2019-03-26 15:55:47 - [TEST_STEP][PASSED] - selectOptionByLabel(findTestObject("GeneralInformation/PolicyTerm"), Term, false): All options with label 'Yearly' are selected in object 'Object Repository/GeneralInformation/PolicyTerm' 

2019-03-26 15:55:47 - [MESSAGE][PASSED] - All options with label 'Yearly' are selected in object 'Object Repository/GeneralInformation/PolicyTerm' 

2019-03-26 15:55:47 - [TEST_STEP][PASSED] - waitForJQueryLoad(10): jQuery is ready.

2019-03-26 15:55:48 - [MESSAGE][PASSED] - jQuery is ready.

2019-03-26 15:55:48 - [TEST_STEP][PASSED] - click(findTestObject("GeneralInformation/PolicyStartDate")): Object: 'Object Repository/GeneralInformation/PolicyStartDate' is clicked on

2019-03-26 15:55:48 - [MESSAGE][PASSED] - Object: 'Object Repository/GeneralInformation/PolicyStartDate' is clicked on

2019-03-26 15:55:48 - [TEST_STEP][PASSED] - click(findTestObject("GeneralInformation/Policy_Start_Year")): Object: 'Object Repository/GeneralInformation/Policy_Start_Year' is clicked on

2019-03-26 15:55:48 - [MESSAGE][PASSED] - Object: 'Object Repository/GeneralInformation/Policy_Start_Year' is clicked on

2019-03-26 15:55:48 - [TEST_STEP][PASSED] - click(findTestObject("GeneralInformation/Policy_Start_Month")): Object: 'Object Repository/GeneralInformation/Policy_Start_Month' is clicked on

2019-03-26 15:55:48 - [MESSAGE][PASSED] - Object: 'Object Repository/GeneralInformation/Policy_Start_Month' is clicked on

2019-03-26 15:55:48 - [TEST_STEP][PASSED] - click(findTestObject("GeneralInformation/Policy_Start_Month")): Object: 'Object Repository/GeneralInformation/Policy_Start_Month' is clicked on

2019-03-26 15:55:48 - [MESSAGE][PASSED] - Object: 'Object Repository/GeneralInformation/Policy_Start_Month' is clicked on

2019-03-26 15:55:48 - [TEST_STEP][PASSED] - delay(4): Delayed 4 second(s)

2019-03-26 15:55:52 - [MESSAGE][PASSED] - Delayed 4 second(s)

2019-03-26 15:55:52 - [TEST_STEP][PASSED] - click(findTestObject("GeneralInformation/NextButton")): Object: 'Object Repository/GeneralInformation/NextButton' is clicked on

2019-03-26 15:55:53 - [MESSAGE][PASSED] - Object: 'Object Repository/GeneralInformation/NextButton' is clicked on

2019-03-26 15:55:53 - [TEST_STEP][PASSED] - delay(3): Delayed 3 second(s)

2019-03-26 15:55:56 - [MESSAGE][PASSED] - Delayed 3 second(s)

2019-03-26 15:55:56 - [TEST_STEP][PASSED] - if (var_cancelAlertCondition.equals("cancel")): Object: 'Object Repository/RiskDetails/Page_Markit core new  Risk details/ButtonSubmit' is clicked on

2019-03-26 15:55:56 - [TEST_STEP][PASSED] - click(findTestObject("GeneralInformation/CancelAlert")): Object: 'Object Repository/GeneralInformation/CancelAlert' is clicked on

2019-03-26 15:55:59 - [MESSAGE][PASSED] - Object: 'Object Repository/GeneralInformation/CancelAlert' is clicked on

2019-03-26 15:55:59 - [TEST_STEP][PASSED] - delay(4): Delayed 4 second(s)

2019-03-26 15:56:03 - [MESSAGE][PASSED] - Delayed 4 second(s)

2019-03-26 15:56:03 - [TEST_STEP][PASSED] - waitForElementVisible(findTestObject("RiskDetails/Page_Markit core new  Risk details/General_Info_Risk_Details"), 5): Object 'Object Repository/RiskDetails/Page_Markit core new  Risk details/General_Info_Risk_Details' is visible

2019-03-26 15:56:03 - [MESSAGE][PASSED] - Object 'Object Repository/RiskDetails/Page_Markit core new  Risk details/General_Info_Risk_Details' is visible

2019-03-26 15:56:03 - [TEST_STEP][PASSED] - delay(2): Delayed 2 second(s)

2019-03-26 15:56:05 - [MESSAGE][PASSED] - Delayed 2 second(s)

2019-03-26 15:56:05 - [TEST_STEP][PASSED] - selectOptionByLabel(findTestObject("RiskDetails/Page_Markit core new  Risk details/SelectType"), var_buildingtype, false): All options with label 'Flat' are selected in object 'Object Repository/RiskDetails/Page_Markit core new  Risk details/SelectType' 

2019-03-26 15:56:05 - [MESSAGE][PASSED] - All options with label 'Flat' are selected in object 'Object Repository/RiskDetails/Page_Markit core new  Risk details/SelectType' 

2019-03-26 15:56:05 - [TEST_STEP][PASSED] - delay(1): Delayed 1 second(s)

2019-03-26 15:56:06 - [MESSAGE][PASSED] - Delayed 1 second(s)

2019-03-26 15:56:06 - [TEST_STEP][PASSED] - sendKeys(findTestObject("RiskDetails/Page_Markit core new  Risk details/SumInsure"), BuildingSumInsure, STOP_ON_FAILURE): Keys '4000' sent to object: 'Object Repository/RiskDetails/Page_Markit core new  Risk details/SumInsure'

2019-03-26 15:56:07 - [MESSAGE][PASSED] - Keys '4000' sent to object: 'Object Repository/RiskDetails/Page_Markit core new  Risk details/SumInsure'

2019-03-26 15:56:07 - [TEST_STEP][PASSED] - sendKeys(findTestObject("RiskDetails/Page_Markit core new  Risk details/RoomNo"), NoofRoom): Keys '3' sent to object: 'Object Repository/RiskDetails/Page_Markit core new  Risk details/RoomNo'

2019-03-26 15:56:07 - [MESSAGE][PASSED] - Keys '3' sent to object: 'Object Repository/RiskDetails/Page_Markit core new  Risk details/RoomNo'

2019-03-26 15:56:07 - [TEST_STEP][PASSED] - sendKeys(findTestObject("RiskDetails/Page_Markit core new  Risk details/ContentSumInsure"), ContentSumInsure): Keys '5000' sent to object: 'Object Repository/RiskDetails/Page_Markit core new  Risk details/ContentSumInsure'

2019-03-26 15:56:07 - [MESSAGE][PASSED] - Keys '5000' sent to object: 'Object Repository/RiskDetails/Page_Markit core new  Risk details/ContentSumInsure'

2019-03-26 15:56:07 - [TEST_STEP][PASSED] - delay(2): Delayed 2 second(s)

2019-03-26 15:56:09 - [MESSAGE][PASSED] - Delayed 2 second(s)

2019-03-26 15:56:09 - [TEST_STEP][PASSED] - click(findTestObject("RiskDetails/Page_Markit core new  Risk details/ButtonSubmit")): Object: 'Object Repository/RiskDetails/Page_Markit core new  Risk details/ButtonSubmit' is clicked on

2019-03-26 15:56:15 - [MESSAGE][PASSED] - Object: 'Object Repository/RiskDetails/Page_Markit core new  Risk details/ButtonSubmit' is clicked on

2019-03-26 15:56:15 - [TEST_STEP][PASSED] - waitForJQueryLoad(10): jQuery is ready.

2019-03-26 15:56:15 - [MESSAGE][PASSED] - jQuery is ready.

2019-03-26 15:56:15 - [TEST_STEP][PASSED] - click(findTestObject("PremiumPage/Bind")): Object: 'Object Repository/PremiumPage/Bind' is clicked on

2019-03-26 15:56:17 - [MESSAGE][PASSED] - Object: 'Object Repository/PremiumPage/Bind' is clicked on

2019-03-26 15:56:17 - [TEST_STEP][PASSED] - delay(10): Delayed 10 second(s)

2019-03-26 15:56:27 - [MESSAGE][PASSED] - Delayed 10 second(s)

2019-03-26 15:56:27 - [TEST_STEP][PASSED] - click(findTestObject("PaymentDetails/PaymentMethods")): Object: 'Object Repository/PaymentDetails/PaymentMethods' is clicked on

2019-03-26 15:56:27 - [MESSAGE][PASSED] - Object: 'Object Repository/PaymentDetails/PaymentMethods' is clicked on

2019-03-26 15:56:27 - [TEST_STEP][PASSED] - waitForJQueryLoad(5): jQuery is ready.

2019-03-26 15:56:27 - [MESSAGE][PASSED] - jQuery is ready.

2019-03-26 15:56:27 - [TEST_STEP][PASSED] - selectOptionByLabel(findTestObject("PaymentDetails/SelectInstallment"), "1", false): All options with label '1' are selected in object 'Object Repository/PaymentDetails/SelectInstallment' 

2019-03-26 15:56:27 - [MESSAGE][PASSED] - All options with label '1' are selected in object 'Object Repository/PaymentDetails/SelectInstallment' 

2019-03-26 15:56:27 - [TEST_STEP][PASSED] - scrollToElement(findTestObject("PaymentDetails/ConfirmPaymentType"), 5): Scroll to object 'Object Repository/PaymentDetails/ConfirmPaymentType' successfully

2019-03-26 15:56:27 - [MESSAGE][PASSED] - Scroll to object 'Object Repository/PaymentDetails/ConfirmPaymentType' successfully

2019-03-26 15:56:27 - [TEST_STEP][PASSED] - delay(5): Delayed 5 second(s)

2019-03-26 15:56:32 - [MESSAGE][PASSED] - Delayed 5 second(s)

2019-03-26 15:56:32 - [TEST_STEP][PASSED] - click(findTestObject("PaymentDetails/ConfirmPaymentType")): Object: 'Object Repository/PaymentDetails/ConfirmPaymentType' is clicked on

2019-03-26 15:56:32 - [MESSAGE][PASSED] - Object: 'Object Repository/PaymentDetails/ConfirmPaymentType' is clicked on

2019-03-26 15:56:32 - [TEST_STEP][PASSED] - scrollToElement(findTestObject("PaymentDetails/BindAndSendPolicySchedule"), 5): Scroll to object 'Object Repository/PaymentDetails/BindAndSendPolicySchedule' successfully

2019-03-26 15:56:37 - [MESSAGE][PASSED] - Scroll to object 'Object Repository/PaymentDetails/BindAndSendPolicySchedule' successfully

2019-03-26 15:56:37 - [TEST_STEP][PASSED] - delay(4): Delayed 4 second(s)

2019-03-26 15:56:41 - [MESSAGE][PASSED] - Delayed 4 second(s)

2019-03-26 15:56:41 - [TEST_STEP][PASSED] - click(findTestObject("PaymentDetails/BindAndSendPolicySchedule")): Object: 'Object Repository/PaymentDetails/BindAndSendPolicySchedule' is clicked on

2019-03-26 15:56:41 - [MESSAGE][PASSED] - Object: 'Object Repository/PaymentDetails/BindAndSendPolicySchedule' is clicked on

2019-03-26 15:56:41 - [TEST_STEP][PASSED] - var_policyno = getText(findTestObject("PremiumPage/PolicyNo")): Text of object 'Object Repository/PremiumPage/PolicyNo' is: 'DASD/POLICY/002397'

2019-03-26 15:56:46 - [MESSAGE][PASSED] - Text of object 'Object Repository/PremiumPage/PolicyNo' is: 'DASD/POLICY/002397'

2019-03-26 15:56:46 - [TEST_STEP][PASSED] - Confirmmsg = getText(findTestObject("PaymentDetails/ConfirmationMessage")): Text of object 'Object Repository/PaymentDetails/ConfirmationMessage' is: 'Policy has been successfully created.'

2019-03-26 15:56:46 - [MESSAGE][PASSED] - Text of object 'Object Repository/PaymentDetails/ConfirmationMessage' is: 'Policy has been successfully created.'

2019-03-26 15:56:46 - [TEST_STEP][PASSED] - callTestCase(findTestCase("ClientSearch"), ["ClientName":""], STOP_ON_FAILURE): Call Test Case 'Test Cases/ClientSearch' successfully

2019-03-26 15:56:46 - [TEST_CASE][PASSED] - Test Cases/ClientSearch: Test Cases/ClientSearch

2019-03-26 15:56:46 - [TEST_STEP][PASSED] - waitForElementClickable(findTestObject("ClientSearch"), 10): Object 'Object Repository/ClientSearch' is clickable

2019-03-26 15:56:46 - [MESSAGE][PASSED] - Object 'Object Repository/ClientSearch' is clickable

2019-03-26 15:56:46 - [TEST_STEP][PASSED] - click(findTestObject("ClientSearch")): Object: 'Object Repository/ClientSearch' is clicked on

2019-03-26 15:56:47 - [MESSAGE][PASSED] - Object: 'Object Repository/ClientSearch' is clicked on

2019-03-26 15:56:47 - [TEST_STEP][PASSED] - delay(5): Delayed 5 second(s)

2019-03-26 15:56:52 - [MESSAGE][PASSED] - Delayed 5 second(s)

2019-03-26 15:56:52 - [TEST_STEP][PASSED] - sendKeys(findTestObject("SearchText"), "Dipak"): Keys 'Dipak' sent to object: 'Object Repository/SearchText'

2019-03-26 15:56:52 - [MESSAGE][PASSED] - Keys 'Dipak' sent to object: 'Object Repository/SearchText'

2019-03-26 15:56:52 - [TEST_STEP][PASSED] - delay(2): Delayed 2 second(s)

2019-03-26 15:56:54 - [MESSAGE][PASSED] - Delayed 2 second(s)

2019-03-26 15:56:54 - [TEST_STEP][PASSED] - sendKeys(findTestObject("SearchText"), Keys.chord(ENTER)): Keys 'ENTER + ' sent to object: 'Object Repository/SearchText'

2019-03-26 15:56:54 - [MESSAGE][PASSED] - Keys 'ENTER + ' sent to object: 'Object Repository/SearchText'

2019-03-26 15:56:54 - [TEST_STEP][PASSED] - delay(3): Delayed 3 second(s)

2019-03-26 15:56:57 - [MESSAGE][PASSED] - Delayed 3 second(s)

2019-03-26 15:56:57 - [TEST_STEP][PASSED] - waitForElementClickable(findTestObject("ClientListingAction"), 5): Object 'Object Repository/ClientListingAction' is clickable

2019-03-26 15:56:57 - [MESSAGE][PASSED] - Object 'Object Repository/ClientListingAction' is clickable

2019-03-26 15:56:57 - [TEST_STEP][PASSED] - click(findTestObject("ClientListingAction")): Object: 'Object Repository/ClientListingAction' is clicked on

2019-03-26 15:57:01 - [MESSAGE][PASSED] - Object: 'Object Repository/ClientListingAction' is clicked on

2019-03-26 15:57:01 - [TEST_STEP][PASSED] - delay(5): Delayed 5 second(s)

2019-03-26 15:57:06 - [MESSAGE][PASSED] - Delayed 5 second(s)

2019-03-26 15:57:06 - [MESSAGE][PASSED] - Call Test Case 'Test Cases/ClientSearch' successfully

2019-03-26 15:57:06 - [TEST_STEP][NOT_RUN] - log.logInfo(PolicyNo): NOT_RUN: log.logInfo(PolicyNo)

2019-03-26 15:57:06 - [MESSAGE][NOT_RUN] - NOT_RUN: log.logInfo(PolicyNo)

2019-03-26 15:57:06 - [TEST_STEP][NOT_RUN] - log.logInfo(Confirmmsg): NOT_RUN: log.logInfo(Confirmmsg)

2019-03-26 15:57:06 - [MESSAGE][NOT_RUN] - NOT_RUN: log.logInfo(Confirmmsg)

2019-03-26 15:57:06 - [TEST_STEP][NOT_RUN] - delay(2): NOT_RUN: delay(2)

2019-03-26 15:57:06 - [MESSAGE][NOT_RUN] - NOT_RUN: delay(2)

2019-03-26 15:57:06 - [TEST_STEP][ERROR] - com.helper.excel.ExcelHelper.writeTOExcelFile("E:\MarkitCore\ExcelWriter\test.xlsx", "TestData", var_policyno, 1, 1): com.helper.excel.ExcelHelper.writeTOExcelFile("E:\MarkitCore\ExcelWriter\test.xlsx", "TestData", var_policyno, 1, 1) FAILED.
Reason:
java.lang.NullPointerException: Cannot invoke method getLastCellNum() on null object
	at com.helper.excel.ExcelHelper.writeTOExcelFile(ExcelHelper.groovy:49)
	at com.helper.excel.ExcelHelper.invokeMethod(ExcelHelper.groovy)
	at com.kms.katalon.core.main.CustomKeywordDelegatingMetaClass.invokeStaticMethod(CustomKeywordDelegatingMetaClass.java:49)
	at StartQuote.run(StartQuote:135)
	at com.kms.katalon.core.main.ScriptEngine.run(ScriptEngine.java:194)
	at com.kms.katalon.core.main.ScriptEngine.runScriptAsRawText(ScriptEngine.java:119)
	at com.kms.katalon.core.main.TestCaseExecutor.runScript(TestCaseExecutor.java:331)
	at com.kms.katalon.core.main.TestCaseExecutor.doExecute(TestCaseExecutor.java:322)
	at com.kms.katalon.core.main.TestCaseExecutor.processExecutionPhase(TestCaseExecutor.java:301)
	at com.kms.katalon.core.main.TestCaseExecutor.accessMainPhase(TestCaseExecutor.java:293)
	at com.kms.katalon.core.main.TestCaseExecutor.execute(TestCaseExecutor.java:227)
	at com.kms.katalon.core.main.TestSuiteExecutor.accessTestCaseMainPhase(TestSuiteExecutor.java:129)
	at com.kms.katalon.core.main.TestSuiteExecutor.accessTestSuiteMainPhase(TestSuiteExecutor.java:112)
	at com.kms.katalon.core.main.TestSuiteExecutor.execute(TestSuiteExecutor.java:81)
	at com.kms.katalon.core.main.TestCaseMain.startTestSuite(TestCaseMain.java:157)
	at com.kms.katalon.core.main.TestCaseMain$startTestSuite$0.call(Unknown Source)
	at TempTestSuite1553595870927.run(TempTestSuite1553595870927.groovy:35)


2019-03-26 15:57:07 - [MESSAGE][ERROR] - Cannot invoke method getLastCellNum() on null object

2019-03-26 15:57:07 - [MESSAGE][ERROR] - com.helper.excel.ExcelHelper.writeTOExcelFile("E:\MarkitCore\ExcelWriter\test.xlsx", "TestData", var_policyno, 1, 1) FAILED.
Reason:
java.lang.NullPointerException: Cannot invoke method getLastCellNum() on null object
	at com.helper.excel.ExcelHelper.writeTOExcelFile(ExcelHelper.groovy:49)
	at com.helper.excel.ExcelHelper.invokeMethod(ExcelHelper.groovy)
	at com.kms.katalon.core.main.CustomKeywordDelegatingMetaClass.invokeStaticMethod(CustomKeywordDelegatingMetaClass.java:49)
	at StartQuote.run(StartQuote:135)
	at com.kms.katalon.core.main.ScriptEngine.run(ScriptEngine.java:194)
	at com.kms.katalon.core.main.ScriptEngine.runScriptAsRawText(ScriptEngine.java:119)
	at com.kms.katalon.core.main.TestCaseExecutor.runScript(TestCaseExecutor.java:331)
	at com.kms.katalon.core.main.TestCaseExecutor.doExecute(TestCaseExecutor.java:322)
	at com.kms.katalon.core.main.TestCaseExecutor.processExecutionPhase(TestCaseExecutor.java:301)
	at com.kms.katalon.core.main.TestCaseExecutor.accessMainPhase(TestCaseExecutor.java:293)
	at com.kms.katalon.core.main.TestCaseExecutor.execute(TestCaseExecutor.java:227)
	at com.kms.katalon.core.main.TestSuiteExecutor.accessTestCaseMainPhase(TestSuiteExecutor.java:129)
	at com.kms.katalon.core.main.TestSuiteExecutor.accessTestSuiteMainPhase(TestSuiteExecutor.java:112)
	at com.kms.katalon.core.main.TestSuiteExecutor.execute(TestSuiteExecutor.java:81)
	at com.kms.katalon.core.main.TestCaseMain.startTestSuite(TestCaseMain.java:157)
	at com.kms.katalon.core.main.TestCaseMain$startTestSuite$0.call(Unknown Source)
	at TempTestSuite1553595870927.run(TempTestSuite1553595870927.groovy:35)]]></system-out>
         <system-err><![CDATA[2019-03-26 15:55:27 - [TEST_CASE][ERROR] - Test Cases/StartQuote: Test Cases/StartQuote FAILED.
Reason:
java.lang.NullPointerException: Cannot invoke method getLastCellNum() on null object
	at com.helper.excel.ExcelHelper.writeTOExcelFile(ExcelHelper.groovy:49)
	at com.helper.excel.ExcelHelper.invokeMethod(ExcelHelper.groovy)
	at com.kms.katalon.core.main.CustomKeywordDelegatingMetaClass.invokeStaticMethod(CustomKeywordDelegatingMetaClass.java:49)
	at StartQuote.run(StartQuote:135)
	at com.kms.katalon.core.main.ScriptEngine.run(ScriptEngine.java:194)
	at com.kms.katalon.core.main.ScriptEngine.runScriptAsRawText(ScriptEngine.java:119)
	at com.kms.katalon.core.main.TestCaseExecutor.runScript(TestCaseExecutor.java:331)
	at com.kms.katalon.core.main.TestCaseExecutor.doExecute(TestCaseExecutor.java:322)
	at com.kms.katalon.core.main.TestCaseExecutor.processExecutionPhase(TestCaseExecutor.java:301)
	at com.kms.katalon.core.main.TestCaseExecutor.accessMainPhase(TestCaseExecutor.java:293)
	at com.kms.katalon.core.main.TestCaseExecutor.execute(TestCaseExecutor.java:227)
	at com.kms.katalon.core.main.TestSuiteExecutor.accessTestCaseMainPhase(TestSuiteExecutor.java:129)
	at com.kms.katalon.core.main.TestSuiteExecutor.accessTestSuiteMainPhase(TestSuiteExecutor.java:112)
	at com.kms.katalon.core.main.TestSuiteExecutor.execute(TestSuiteExecutor.java:81)
	at com.kms.katalon.core.main.TestCaseMain.startTestSuite(TestCaseMain.java:157)
	at com.kms.katalon.core.main.TestCaseMain$startTestSuite$0.call(Unknown Source)
	at TempTestSuite1553595870927.run(TempTestSuite1553595870927.groovy:35)]]></system-err>
      </testcase>
      <testcase name="Test Cases/StartQuote" classname="Test Cases/StartQuote" status="ERROR">
         <error type="ERROR" message="Test Cases/StartQuote FAILED.
Reason:
java.lang.NullPointerException: Cannot invoke method getLastCellNum() on null object
	at com.helper.excel.ExcelHelper.writeTOExcelFile(ExcelHelper.groovy:49)
	at com.helper.excel.ExcelHelper.invokeMethod(ExcelHelper.groovy)
	at com.kms.katalon.core.main.CustomKeywordDelegatingMetaClass.invokeStaticMethod(CustomKeywordDelegatingMetaClass.java:49)
	at StartQuote.run(StartQuote:135)
	at com.kms.katalon.core.main.ScriptEngine.run(ScriptEngine.java:194)
	at com.kms.katalon.core.main.ScriptEngine.runScriptAsRawText(ScriptEngine.java:119)
	at com.kms.katalon.core.main.TestCaseExecutor.runScript(TestCaseExecutor.java:331)
	at com.kms.katalon.core.main.TestCaseExecutor.doExecute(TestCaseExecutor.java:322)
	at com.kms.katalon.core.main.TestCaseExecutor.processExecutionPhase(TestCaseExecutor.java:301)
	at com.kms.katalon.core.main.TestCaseExecutor.accessMainPhase(TestCaseExecutor.java:293)
	at com.kms.katalon.core.main.TestCaseExecutor.execute(TestCaseExecutor.java:227)
	at com.kms.katalon.core.main.TestSuiteExecutor.accessTestCaseMainPhase(TestSuiteExecutor.java:129)
	at com.kms.katalon.core.main.TestSuiteExecutor.accessTestSuiteMainPhase(TestSuiteExecutor.java:112)
	at com.kms.katalon.core.main.TestSuiteExecutor.execute(TestSuiteExecutor.java:81)
	at com.kms.katalon.core.main.TestCaseMain.startTestSuite(TestCaseMain.java:157)
	at com.kms.katalon.core.main.TestCaseMain$startTestSuite$0.call(Unknown Source)
	at TempTestSuite1553595870927.run(TempTestSuite1553595870927.groovy:35)
"/>
         <system-out><![CDATA[2019-03-26 15:57:07 - [TEST_CASE][ERROR] - Test Cases/StartQuote: Test Cases/StartQuote FAILED.
Reason:
java.lang.NullPointerException: Cannot invoke method getLastCellNum() on null object
	at com.helper.excel.ExcelHelper.writeTOExcelFile(ExcelHelper.groovy:49)
	at com.helper.excel.ExcelHelper.invokeMethod(ExcelHelper.groovy)
	at com.kms.katalon.core.main.CustomKeywordDelegatingMetaClass.invokeStaticMethod(CustomKeywordDelegatingMetaClass.java:49)
	at StartQuote.run(StartQuote:135)
	at com.kms.katalon.core.main.ScriptEngine.run(ScriptEngine.java:194)
	at com.kms.katalon.core.main.ScriptEngine.runScriptAsRawText(ScriptEngine.java:119)
	at com.kms.katalon.core.main.TestCaseExecutor.runScript(TestCaseExecutor.java:331)
	at com.kms.katalon.core.main.TestCaseExecutor.doExecute(TestCaseExecutor.java:322)
	at com.kms.katalon.core.main.TestCaseExecutor.processExecutionPhase(TestCaseExecutor.java:301)
	at com.kms.katalon.core.main.TestCaseExecutor.accessMainPhase(TestCaseExecutor.java:293)
	at com.kms.katalon.core.main.TestCaseExecutor.execute(TestCaseExecutor.java:227)
	at com.kms.katalon.core.main.TestSuiteExecutor.accessTestCaseMainPhase(TestSuiteExecutor.java:129)
	at com.kms.katalon.core.main.TestSuiteExecutor.accessTestSuiteMainPhase(TestSuiteExecutor.java:112)
	at com.kms.katalon.core.main.TestSuiteExecutor.execute(TestSuiteExecutor.java:81)
	at com.kms.katalon.core.main.TestCaseMain.startTestSuite(TestCaseMain.java:157)
	at com.kms.katalon.core.main.TestCaseMain$startTestSuite$0.call(Unknown Source)
	at TempTestSuite1553595870927.run(TempTestSuite1553595870927.groovy:35)


2019-03-26 15:57:07 - [TEST_STEP][PASSED] - log = new com.kms.katalon.core.logging.KeywordLogger(): null

2019-03-26 15:57:07 - [TEST_STEP][PASSED] - waitForPageLoad(10, STOP_ON_FAILURE): Wait for page load successfully

2019-03-26 15:57:07 - [MESSAGE][PASSED] - Wait for page load successfully

2019-03-26 15:57:07 - [TEST_STEP][PASSED] - click(findTestObject("StartQuote")): Object: 'Object Repository/StartQuote' is clicked on

2019-03-26 15:57:09 - [MESSAGE][PASSED] - Object: 'Object Repository/StartQuote' is clicked on

2019-03-26 15:57:09 - [TEST_STEP][PASSED] - waitForJQueryLoad(5): jQuery is ready.

2019-03-26 15:57:09 - [MESSAGE][PASSED] - jQuery is ready.

2019-03-26 15:57:09 - [TEST_STEP][PASSED] - selectOptionByLabel(findTestObject("GeneralInformation/currency"), var_currency, false): All options with label 'USD' are selected in object 'Object Repository/GeneralInformation/currency' 

2019-03-26 15:57:10 - [MESSAGE][PASSED] - All options with label 'USD' are selected in object 'Object Repository/GeneralInformation/currency' 

2019-03-26 15:57:10 - [TEST_STEP][PASSED] - delay(5): Delayed 5 second(s)

2019-03-26 15:57:15 - [MESSAGE][PASSED] - Delayed 5 second(s)

2019-03-26 15:57:15 - [TEST_STEP][PASSED] - click(findTestObject("GeneralInformation/SelectBroker")): Object: 'Object Repository/GeneralInformation/SelectBroker' is clicked on

2019-03-26 15:57:15 - [MESSAGE][PASSED] - Object: 'Object Repository/GeneralInformation/SelectBroker' is clicked on

2019-03-26 15:57:15 - [TEST_STEP][PASSED] - selectOptionByLabel(findTestObject("GeneralInformation/SelectBroker"), BrokerName, false): All options with label 'New Broker' are selected in object 'Object Repository/GeneralInformation/SelectBroker' 

2019-03-26 15:57:15 - [MESSAGE][PASSED] - All options with label 'New Broker' are selected in object 'Object Repository/GeneralInformation/SelectBroker' 

2019-03-26 15:57:15 - [TEST_STEP][PASSED] - delay(5): Delayed 5 second(s)

2019-03-26 15:57:20 - [MESSAGE][PASSED] - Delayed 5 second(s)

2019-03-26 15:57:20 - [TEST_STEP][PASSED] - click(findTestObject("GeneralInformation/SelectProduct")): Object: 'Object Repository/GeneralInformation/SelectProduct' is clicked on

2019-03-26 15:57:20 - [MESSAGE][PASSED] - Object: 'Object Repository/GeneralInformation/SelectProduct' is clicked on

2019-03-26 15:57:20 - [TEST_STEP][PASSED] - waitForJQueryLoad(5): jQuery is ready.

2019-03-26 15:57:20 - [MESSAGE][PASSED] - jQuery is ready.

2019-03-26 15:57:20 - [TEST_STEP][PASSED] - selectOptionByLabel(findTestObject("GeneralInformation/SelectProduct"), ProductName, false): All options with label 'BasicDemoProduct' are selected in object 'Object Repository/GeneralInformation/SelectProduct' 

2019-03-26 15:57:20 - [MESSAGE][PASSED] - All options with label 'BasicDemoProduct' are selected in object 'Object Repository/GeneralInformation/SelectProduct' 

2019-03-26 15:57:20 - [TEST_STEP][PASSED] - waitForJQueryLoad(5): jQuery is ready.

2019-03-26 15:57:21 - [MESSAGE][PASSED] - jQuery is ready.

2019-03-26 15:57:21 - [TEST_STEP][NOT_RUN] - delay(3): NOT_RUN: delay(3)

2019-03-26 15:57:21 - [MESSAGE][NOT_RUN] - NOT_RUN: delay(3)

2019-03-26 15:57:21 - [TEST_STEP][PASSED] - click(findTestObject("GeneralInformation/PolicyTerm")): Object: 'Object Repository/GeneralInformation/PolicyTerm' is clicked on

2019-03-26 15:57:21 - [MESSAGE][PASSED] - Object: 'Object Repository/GeneralInformation/PolicyTerm' is clicked on

2019-03-26 15:57:21 - [TEST_STEP][PASSED] - delay(5): Delayed 5 second(s)

2019-03-26 15:57:26 - [MESSAGE][PASSED] - Delayed 5 second(s)

2019-03-26 15:57:26 - [TEST_STEP][PASSED] - selectOptionByLabel(findTestObject("GeneralInformation/PolicyTerm"), Term, false): All options with label 'Monthly' are selected in object 'Object Repository/GeneralInformation/PolicyTerm' 

2019-03-26 15:57:26 - [MESSAGE][PASSED] - All options with label 'Monthly' are selected in object 'Object Repository/GeneralInformation/PolicyTerm' 

2019-03-26 15:57:26 - [TEST_STEP][PASSED] - waitForJQueryLoad(10): jQuery is ready.

2019-03-26 15:57:27 - [MESSAGE][PASSED] - jQuery is ready.

2019-03-26 15:57:27 - [TEST_STEP][PASSED] - click(findTestObject("GeneralInformation/PolicyStartDate")): Object: 'Object Repository/GeneralInformation/PolicyStartDate' is clicked on

2019-03-26 15:57:27 - [MESSAGE][PASSED] - Object: 'Object Repository/GeneralInformation/PolicyStartDate' is clicked on

2019-03-26 15:57:27 - [TEST_STEP][PASSED] - click(findTestObject("GeneralInformation/Policy_Start_Year")): Object: 'Object Repository/GeneralInformation/Policy_Start_Year' is clicked on

2019-03-26 15:57:27 - [MESSAGE][PASSED] - Object: 'Object Repository/GeneralInformation/Policy_Start_Year' is clicked on

2019-03-26 15:57:27 - [TEST_STEP][PASSED] - click(findTestObject("GeneralInformation/Policy_Start_Month")): Object: 'Object Repository/GeneralInformation/Policy_Start_Month' is clicked on

2019-03-26 15:57:28 - [MESSAGE][PASSED] - Object: 'Object Repository/GeneralInformation/Policy_Start_Month' is clicked on

2019-03-26 15:57:28 - [TEST_STEP][PASSED] - click(findTestObject("GeneralInformation/Policy_Start_Month")): Object: 'Object Repository/GeneralInformation/Policy_Start_Month' is clicked on

2019-03-26 15:57:28 - [MESSAGE][PASSED] - Object: 'Object Repository/GeneralInformation/Policy_Start_Month' is clicked on

2019-03-26 15:57:28 - [TEST_STEP][PASSED] - delay(4): Delayed 4 second(s)

2019-03-26 15:57:32 - [MESSAGE][PASSED] - Delayed 4 second(s)

2019-03-26 15:57:32 - [TEST_STEP][PASSED] - click(findTestObject("GeneralInformation/NextButton")): Object: 'Object Repository/GeneralInformation/NextButton' is clicked on

2019-03-26 15:57:32 - [MESSAGE][PASSED] - Object: 'Object Repository/GeneralInformation/NextButton' is clicked on

2019-03-26 15:57:32 - [TEST_STEP][PASSED] - delay(3): Delayed 3 second(s)

2019-03-26 15:57:35 - [MESSAGE][PASSED] - Delayed 3 second(s)

2019-03-26 15:57:35 - [TEST_STEP][PASSED] - if (var_cancelAlertCondition.equals("cancel")): Object: 'Object Repository/RiskDetails/Page_Markit core new  Risk details/ButtonSubmit' is clicked on

2019-03-26 15:57:35 - [TEST_STEP][PASSED] - click(findTestObject("GeneralInformation/CancelAlert")): Object: 'Object Repository/GeneralInformation/CancelAlert' is clicked on

2019-03-26 15:57:38 - [MESSAGE][PASSED] - Object: 'Object Repository/GeneralInformation/CancelAlert' is clicked on

2019-03-26 15:57:38 - [TEST_STEP][PASSED] - delay(4): Delayed 4 second(s)

2019-03-26 15:57:42 - [MESSAGE][PASSED] - Delayed 4 second(s)

2019-03-26 15:57:42 - [TEST_STEP][PASSED] - waitForElementVisible(findTestObject("RiskDetails/Page_Markit core new  Risk details/General_Info_Risk_Details"), 5): Object 'Object Repository/RiskDetails/Page_Markit core new  Risk details/General_Info_Risk_Details' is visible

2019-03-26 15:57:42 - [MESSAGE][PASSED] - Object 'Object Repository/RiskDetails/Page_Markit core new  Risk details/General_Info_Risk_Details' is visible

2019-03-26 15:57:42 - [TEST_STEP][PASSED] - delay(2): Delayed 2 second(s)

2019-03-26 15:57:44 - [MESSAGE][PASSED] - Delayed 2 second(s)

2019-03-26 15:57:44 - [TEST_STEP][PASSED] - selectOptionByLabel(findTestObject("RiskDetails/Page_Markit core new  Risk details/SelectType"), var_buildingtype, false): All options with label 'Duplex' are selected in object 'Object Repository/RiskDetails/Page_Markit core new  Risk details/SelectType' 

2019-03-26 15:57:44 - [MESSAGE][PASSED] - All options with label 'Duplex' are selected in object 'Object Repository/RiskDetails/Page_Markit core new  Risk details/SelectType' 

2019-03-26 15:57:44 - [TEST_STEP][PASSED] - delay(1): Delayed 1 second(s)

2019-03-26 15:57:45 - [MESSAGE][PASSED] - Delayed 1 second(s)

2019-03-26 15:57:45 - [TEST_STEP][PASSED] - sendKeys(findTestObject("RiskDetails/Page_Markit core new  Risk details/SumInsure"), BuildingSumInsure, STOP_ON_FAILURE): Keys '4000' sent to object: 'Object Repository/RiskDetails/Page_Markit core new  Risk details/SumInsure'

2019-03-26 15:57:45 - [MESSAGE][PASSED] - Keys '4000' sent to object: 'Object Repository/RiskDetails/Page_Markit core new  Risk details/SumInsure'

2019-03-26 15:57:45 - [TEST_STEP][PASSED] - sendKeys(findTestObject("RiskDetails/Page_Markit core new  Risk details/RoomNo"), NoofRoom): Keys '2' sent to object: 'Object Repository/RiskDetails/Page_Markit core new  Risk details/RoomNo'

2019-03-26 15:57:45 - [MESSAGE][PASSED] - Keys '2' sent to object: 'Object Repository/RiskDetails/Page_Markit core new  Risk details/RoomNo'

2019-03-26 15:57:45 - [TEST_STEP][PASSED] - sendKeys(findTestObject("RiskDetails/Page_Markit core new  Risk details/ContentSumInsure"), ContentSumInsure): Keys '4000' sent to object: 'Object Repository/RiskDetails/Page_Markit core new  Risk details/ContentSumInsure'

2019-03-26 15:57:45 - [MESSAGE][PASSED] - Keys '4000' sent to object: 'Object Repository/RiskDetails/Page_Markit core new  Risk details/ContentSumInsure'

2019-03-26 15:57:45 - [TEST_STEP][PASSED] - delay(2): Delayed 2 second(s)

2019-03-26 15:57:47 - [MESSAGE][PASSED] - Delayed 2 second(s)

2019-03-26 15:57:47 - [TEST_STEP][PASSED] - click(findTestObject("RiskDetails/Page_Markit core new  Risk details/ButtonSubmit")): Object: 'Object Repository/RiskDetails/Page_Markit core new  Risk details/ButtonSubmit' is clicked on

2019-03-26 15:57:53 - [MESSAGE][PASSED] - Object: 'Object Repository/RiskDetails/Page_Markit core new  Risk details/ButtonSubmit' is clicked on

2019-03-26 15:57:53 - [TEST_STEP][PASSED] - waitForJQueryLoad(10): jQuery is ready.

2019-03-26 15:57:53 - [MESSAGE][PASSED] - jQuery is ready.

2019-03-26 15:57:53 - [TEST_STEP][PASSED] - click(findTestObject("PremiumPage/Bind")): Object: 'Object Repository/PremiumPage/Bind' is clicked on

2019-03-26 15:57:55 - [MESSAGE][PASSED] - Object: 'Object Repository/PremiumPage/Bind' is clicked on

2019-03-26 15:57:55 - [TEST_STEP][PASSED] - delay(10): Delayed 10 second(s)

2019-03-26 15:58:05 - [MESSAGE][PASSED] - Delayed 10 second(s)

2019-03-26 15:58:05 - [TEST_STEP][PASSED] - click(findTestObject("PaymentDetails/PaymentMethods")): Object: 'Object Repository/PaymentDetails/PaymentMethods' is clicked on

2019-03-26 15:58:05 - [MESSAGE][PASSED] - Object: 'Object Repository/PaymentDetails/PaymentMethods' is clicked on

2019-03-26 15:58:05 - [TEST_STEP][PASSED] - waitForJQueryLoad(5): jQuery is ready.

2019-03-26 15:58:05 - [MESSAGE][PASSED] - jQuery is ready.

2019-03-26 15:58:05 - [TEST_STEP][PASSED] - selectOptionByLabel(findTestObject("PaymentDetails/SelectInstallment"), "1", false): All options with label '1' are selected in object 'Object Repository/PaymentDetails/SelectInstallment' 

2019-03-26 15:58:05 - [MESSAGE][PASSED] - All options with label '1' are selected in object 'Object Repository/PaymentDetails/SelectInstallment' 

2019-03-26 15:58:05 - [TEST_STEP][PASSED] - scrollToElement(findTestObject("PaymentDetails/ConfirmPaymentType"), 5): Scroll to object 'Object Repository/PaymentDetails/ConfirmPaymentType' successfully

2019-03-26 15:58:05 - [MESSAGE][PASSED] - Scroll to object 'Object Repository/PaymentDetails/ConfirmPaymentType' successfully

2019-03-26 15:58:05 - [TEST_STEP][PASSED] - delay(5): Delayed 5 second(s)

2019-03-26 15:58:10 - [MESSAGE][PASSED] - Delayed 5 second(s)

2019-03-26 15:58:10 - [TEST_STEP][PASSED] - click(findTestObject("PaymentDetails/ConfirmPaymentType")): Object: 'Object Repository/PaymentDetails/ConfirmPaymentType' is clicked on

2019-03-26 15:58:10 - [MESSAGE][PASSED] - Object: 'Object Repository/PaymentDetails/ConfirmPaymentType' is clicked on

2019-03-26 15:58:10 - [TEST_STEP][PASSED] - scrollToElement(findTestObject("PaymentDetails/BindAndSendPolicySchedule"), 5): Scroll to object 'Object Repository/PaymentDetails/BindAndSendPolicySchedule' successfully

2019-03-26 15:58:12 - [MESSAGE][PASSED] - Scroll to object 'Object Repository/PaymentDetails/BindAndSendPolicySchedule' successfully

2019-03-26 15:58:12 - [TEST_STEP][PASSED] - delay(4): Delayed 4 second(s)

2019-03-26 15:58:16 - [MESSAGE][PASSED] - Delayed 4 second(s)

2019-03-26 15:58:16 - [TEST_STEP][PASSED] - click(findTestObject("PaymentDetails/BindAndSendPolicySchedule")): Object: 'Object Repository/PaymentDetails/BindAndSendPolicySchedule' is clicked on

2019-03-26 15:58:16 - [MESSAGE][PASSED] - Object: 'Object Repository/PaymentDetails/BindAndSendPolicySchedule' is clicked on

2019-03-26 15:58:16 - [TEST_STEP][PASSED] - var_policyno = getText(findTestObject("PremiumPage/PolicyNo")): Text of object 'Object Repository/PremiumPage/PolicyNo' is: 'DASD/POLICY/002399'

2019-03-26 15:58:22 - [MESSAGE][PASSED] - Text of object 'Object Repository/PremiumPage/PolicyNo' is: 'DASD/POLICY/002399'

2019-03-26 15:58:22 - [TEST_STEP][PASSED] - Confirmmsg = getText(findTestObject("PaymentDetails/ConfirmationMessage")): Text of object 'Object Repository/PaymentDetails/ConfirmationMessage' is: 'Policy has been successfully created.'

2019-03-26 15:58:22 - [MESSAGE][PASSED] - Text of object 'Object Repository/PaymentDetails/ConfirmationMessage' is: 'Policy has been successfully created.'

2019-03-26 15:58:22 - [TEST_STEP][PASSED] - callTestCase(findTestCase("ClientSearch"), ["ClientName":""], STOP_ON_FAILURE): Call Test Case 'Test Cases/ClientSearch' successfully

2019-03-26 15:58:22 - [TEST_CASE][PASSED] - Test Cases/ClientSearch: Test Cases/ClientSearch

2019-03-26 15:58:22 - [TEST_STEP][PASSED] - waitForElementClickable(findTestObject("ClientSearch"), 10): Object 'Object Repository/ClientSearch' is clickable

2019-03-26 15:58:22 - [MESSAGE][PASSED] - Object 'Object Repository/ClientSearch' is clickable

2019-03-26 15:58:22 - [TEST_STEP][PASSED] - click(findTestObject("ClientSearch")): Object: 'Object Repository/ClientSearch' is clicked on

2019-03-26 15:58:23 - [MESSAGE][PASSED] - Object: 'Object Repository/ClientSearch' is clicked on

2019-03-26 15:58:23 - [TEST_STEP][PASSED] - delay(5): Delayed 5 second(s)

2019-03-26 15:58:28 - [MESSAGE][PASSED] - Delayed 5 second(s)

2019-03-26 15:58:28 - [TEST_STEP][PASSED] - sendKeys(findTestObject("SearchText"), "Dipak"): Keys 'Dipak' sent to object: 'Object Repository/SearchText'

2019-03-26 15:58:28 - [MESSAGE][PASSED] - Keys 'Dipak' sent to object: 'Object Repository/SearchText'

2019-03-26 15:58:28 - [TEST_STEP][PASSED] - delay(2): Delayed 2 second(s)

2019-03-26 15:58:30 - [MESSAGE][PASSED] - Delayed 2 second(s)

2019-03-26 15:58:30 - [TEST_STEP][PASSED] - sendKeys(findTestObject("SearchText"), Keys.chord(ENTER)): Keys 'ENTER + ' sent to object: 'Object Repository/SearchText'

2019-03-26 15:58:31 - [MESSAGE][PASSED] - Keys 'ENTER + ' sent to object: 'Object Repository/SearchText'

2019-03-26 15:58:31 - [TEST_STEP][PASSED] - delay(3): Delayed 3 second(s)

2019-03-26 15:58:34 - [MESSAGE][PASSED] - Delayed 3 second(s)

2019-03-26 15:58:34 - [TEST_STEP][PASSED] - waitForElementClickable(findTestObject("ClientListingAction"), 5): Object 'Object Repository/ClientListingAction' is clickable

2019-03-26 15:58:34 - [MESSAGE][PASSED] - Object 'Object Repository/ClientListingAction' is clickable

2019-03-26 15:58:34 - [TEST_STEP][PASSED] - click(findTestObject("ClientListingAction")): Object: 'Object Repository/ClientListingAction' is clicked on

2019-03-26 15:58:37 - [MESSAGE][PASSED] - Object: 'Object Repository/ClientListingAction' is clicked on

2019-03-26 15:58:37 - [TEST_STEP][PASSED] - delay(5): Delayed 5 second(s)

2019-03-26 15:58:42 - [MESSAGE][PASSED] - Delayed 5 second(s)

2019-03-26 15:58:42 - [MESSAGE][PASSED] - Call Test Case 'Test Cases/ClientSearch' successfully

2019-03-26 15:58:42 - [TEST_STEP][NOT_RUN] - log.logInfo(PolicyNo): NOT_RUN: log.logInfo(PolicyNo)

2019-03-26 15:58:42 - [MESSAGE][NOT_RUN] - NOT_RUN: log.logInfo(PolicyNo)

2019-03-26 15:58:42 - [TEST_STEP][NOT_RUN] - log.logInfo(Confirmmsg): NOT_RUN: log.logInfo(Confirmmsg)

2019-03-26 15:58:42 - [MESSAGE][NOT_RUN] - NOT_RUN: log.logInfo(Confirmmsg)

2019-03-26 15:58:42 - [TEST_STEP][NOT_RUN] - delay(2): NOT_RUN: delay(2)

2019-03-26 15:58:42 - [MESSAGE][NOT_RUN] - NOT_RUN: delay(2)

2019-03-26 15:58:42 - [TEST_STEP][ERROR] - com.helper.excel.ExcelHelper.writeTOExcelFile("E:\MarkitCore\ExcelWriter\test.xlsx", "TestData", var_policyno, 1, 1): com.helper.excel.ExcelHelper.writeTOExcelFile("E:\MarkitCore\ExcelWriter\test.xlsx", "TestData", var_policyno, 1, 1) FAILED.
Reason:
java.lang.NullPointerException: Cannot invoke method getLastCellNum() on null object
	at com.helper.excel.ExcelHelper.writeTOExcelFile(ExcelHelper.groovy:49)
	at com.helper.excel.ExcelHelper.invokeMethod(ExcelHelper.groovy)
	at com.kms.katalon.core.main.CustomKeywordDelegatingMetaClass.invokeStaticMethod(CustomKeywordDelegatingMetaClass.java:49)
	at StartQuote.run(StartQuote:135)
	at com.kms.katalon.core.main.ScriptEngine.run(ScriptEngine.java:194)
	at com.kms.katalon.core.main.ScriptEngine.runScriptAsRawText(ScriptEngine.java:119)
	at com.kms.katalon.core.main.TestCaseExecutor.runScript(TestCaseExecutor.java:331)
	at com.kms.katalon.core.main.TestCaseExecutor.doExecute(TestCaseExecutor.java:322)
	at com.kms.katalon.core.main.TestCaseExecutor.processExecutionPhase(TestCaseExecutor.java:301)
	at com.kms.katalon.core.main.TestCaseExecutor.accessMainPhase(TestCaseExecutor.java:293)
	at com.kms.katalon.core.main.TestCaseExecutor.execute(TestCaseExecutor.java:227)
	at com.kms.katalon.core.main.TestSuiteExecutor.accessTestCaseMainPhase(TestSuiteExecutor.java:129)
	at com.kms.katalon.core.main.TestSuiteExecutor.accessTestSuiteMainPhase(TestSuiteExecutor.java:112)
	at com.kms.katalon.core.main.TestSuiteExecutor.execute(TestSuiteExecutor.java:81)
	at com.kms.katalon.core.main.TestCaseMain.startTestSuite(TestCaseMain.java:157)
	at com.kms.katalon.core.main.TestCaseMain$startTestSuite$0.call(Unknown Source)
	at TempTestSuite1553595870927.run(TempTestSuite1553595870927.groovy:35)


2019-03-26 15:58:42 - [MESSAGE][ERROR] - Cannot invoke method getLastCellNum() on null object

2019-03-26 15:58:42 - [MESSAGE][ERROR] - com.helper.excel.ExcelHelper.writeTOExcelFile("E:\MarkitCore\ExcelWriter\test.xlsx", "TestData", var_policyno, 1, 1) FAILED.
Reason:
java.lang.NullPointerException: Cannot invoke method getLastCellNum() on null object
	at com.helper.excel.ExcelHelper.writeTOExcelFile(ExcelHelper.groovy:49)
	at com.helper.excel.ExcelHelper.invokeMethod(ExcelHelper.groovy)
	at com.kms.katalon.core.main.CustomKeywordDelegatingMetaClass.invokeStaticMethod(CustomKeywordDelegatingMetaClass.java:49)
	at StartQuote.run(StartQuote:135)
	at com.kms.katalon.core.main.ScriptEngine.run(ScriptEngine.java:194)
	at com.kms.katalon.core.main.ScriptEngine.runScriptAsRawText(ScriptEngine.java:119)
	at com.kms.katalon.core.main.TestCaseExecutor.runScript(TestCaseExecutor.java:331)
	at com.kms.katalon.core.main.TestCaseExecutor.doExecute(TestCaseExecutor.java:322)
	at com.kms.katalon.core.main.TestCaseExecutor.processExecutionPhase(TestCaseExecutor.java:301)
	at com.kms.katalon.core.main.TestCaseExecutor.accessMainPhase(TestCaseExecutor.java:293)
	at com.kms.katalon.core.main.TestCaseExecutor.execute(TestCaseExecutor.java:227)
	at com.kms.katalon.core.main.TestSuiteExecutor.accessTestCaseMainPhase(TestSuiteExecutor.java:129)
	at com.kms.katalon.core.main.TestSuiteExecutor.accessTestSuiteMainPhase(TestSuiteExecutor.java:112)
	at com.kms.katalon.core.main.TestSuiteExecutor.execute(TestSuiteExecutor.java:81)
	at com.kms.katalon.core.main.TestCaseMain.startTestSuite(TestCaseMain.java:157)
	at com.kms.katalon.core.main.TestCaseMain$startTestSuite$0.call(Unknown Source)
	at TempTestSuite1553595870927.run(TempTestSuite1553595870927.groovy:35)]]></system-out>
         <system-err><![CDATA[2019-03-26 15:57:07 - [TEST_CASE][ERROR] - Test Cases/StartQuote: Test Cases/StartQuote FAILED.
Reason:
java.lang.NullPointerException: Cannot invoke method getLastCellNum() on null object
	at com.helper.excel.ExcelHelper.writeTOExcelFile(ExcelHelper.groovy:49)
	at com.helper.excel.ExcelHelper.invokeMethod(ExcelHelper.groovy)
	at com.kms.katalon.core.main.CustomKeywordDelegatingMetaClass.invokeStaticMethod(CustomKeywordDelegatingMetaClass.java:49)
	at StartQuote.run(StartQuote:135)
	at com.kms.katalon.core.main.ScriptEngine.run(ScriptEngine.java:194)
	at com.kms.katalon.core.main.ScriptEngine.runScriptAsRawText(ScriptEngine.java:119)
	at com.kms.katalon.core.main.TestCaseExecutor.runScript(TestCaseExecutor.java:331)
	at com.kms.katalon.core.main.TestCaseExecutor.doExecute(TestCaseExecutor.java:322)
	at com.kms.katalon.core.main.TestCaseExecutor.processExecutionPhase(TestCaseExecutor.java:301)
	at com.kms.katalon.core.main.TestCaseExecutor.accessMainPhase(TestCaseExecutor.java:293)
	at com.kms.katalon.core.main.TestCaseExecutor.execute(TestCaseExecutor.java:227)
	at com.kms.katalon.core.main.TestSuiteExecutor.accessTestCaseMainPhase(TestSuiteExecutor.java:129)
	at com.kms.katalon.core.main.TestSuiteExecutor.accessTestSuiteMainPhase(TestSuiteExecutor.java:112)
	at com.kms.katalon.core.main.TestSuiteExecutor.execute(TestSuiteExecutor.java:81)
	at com.kms.katalon.core.main.TestCaseMain.startTestSuite(TestCaseMain.java:157)
	at com.kms.katalon.core.main.TestCaseMain$startTestSuite$0.call(Unknown Source)
	at TempTestSuite1553595870927.run(TempTestSuite1553595870927.groovy:35)]]></system-err>
      </testcase>
      <system-out><![CDATA[2019-03-26 15:54:38 - [TEST_SUITE][ERROR] - BuyProcess: Test Cases/StartQuote FAILED.
Reason:
java.lang.NullPointerException: Cannot invoke method getLastCellNum() on null object
	at com.helper.excel.ExcelHelper.writeTOExcelFile(ExcelHelper.groovy:49)
	at com.helper.excel.ExcelHelper.invokeMethod(ExcelHelper.groovy)
	at com.kms.katalon.core.main.CustomKeywordDelegatingMetaClass.invokeStaticMethod(CustomKeywordDelegatingMetaClass.java:49)
	at StartQuote.run(StartQuote:135)
	at com.kms.katalon.core.main.ScriptEngine.run(ScriptEngine.java:194)
	at com.kms.katalon.core.main.ScriptEngine.runScriptAsRawText(ScriptEngine.java:119)
	at com.kms.katalon.core.main.TestCaseExecutor.runScript(TestCaseExecutor.java:331)
	at com.kms.katalon.core.main.TestCaseExecutor.doExecute(TestCaseExecutor.java:322)
	at com.kms.katalon.core.main.TestCaseExecutor.processExecutionPhase(TestCaseExecutor.java:301)
	at com.kms.katalon.core.main.TestCaseExecutor.accessMainPhase(TestCaseExecutor.java:293)
	at com.kms.katalon.core.main.TestCaseExecutor.execute(TestCaseExecutor.java:227)
	at com.kms.katalon.core.main.TestSuiteExecutor.accessTestCaseMainPhase(TestSuiteExecutor.java:129)
	at com.kms.katalon.core.main.TestSuiteExecutor.accessTestSuiteMainPhase(TestSuiteExecutor.java:112)
	at com.kms.katalon.core.main.TestSuiteExecutor.execute(TestSuiteExecutor.java:81)
	at com.kms.katalon.core.main.TestCaseMain.startTestSuite(TestCaseMain.java:157)
	at com.kms.katalon.core.main.TestCaseMain$startTestSuite$0.call(Unknown Source)
	at TempTestSuite1553595870927.run(TempTestSuite1553595870927.groovy:35)]]></system-out>
      <system-err><![CDATA[2019-03-26 15:54:38 - [TEST_SUITE][ERROR] - BuyProcess: Test Cases/StartQuote FAILED.
Reason:
java.lang.NullPointerException: Cannot invoke method getLastCellNum() on null object
	at com.helper.excel.ExcelHelper.writeTOExcelFile(ExcelHelper.groovy:49)
	at com.helper.excel.ExcelHelper.invokeMethod(ExcelHelper.groovy)
	at com.kms.katalon.core.main.CustomKeywordDelegatingMetaClass.invokeStaticMethod(CustomKeywordDelegatingMetaClass.java:49)
	at StartQuote.run(StartQuote:135)
	at com.kms.katalon.core.main.ScriptEngine.run(ScriptEngine.java:194)
	at com.kms.katalon.core.main.ScriptEngine.runScriptAsRawText(ScriptEngine.java:119)
	at com.kms.katalon.core.main.TestCaseExecutor.runScript(TestCaseExecutor.java:331)
	at com.kms.katalon.core.main.TestCaseExecutor.doExecute(TestCaseExecutor.java:322)
	at com.kms.katalon.core.main.TestCaseExecutor.processExecutionPhase(TestCaseExecutor.java:301)
	at com.kms.katalon.core.main.TestCaseExecutor.accessMainPhase(TestCaseExecutor.java:293)
	at com.kms.katalon.core.main.TestCaseExecutor.execute(TestCaseExecutor.java:227)
	at com.kms.katalon.core.main.TestSuiteExecutor.accessTestCaseMainPhase(TestSuiteExecutor.java:129)
	at com.kms.katalon.core.main.TestSuiteExecutor.accessTestSuiteMainPhase(TestSuiteExecutor.java:112)
	at com.kms.katalon.core.main.TestSuiteExecutor.execute(TestSuiteExecutor.java:81)
	at com.kms.katalon.core.main.TestCaseMain.startTestSuite(TestCaseMain.java:157)
	at com.kms.katalon.core.main.TestCaseMain$startTestSuite$0.call(Unknown Source)
	at TempTestSuite1553595870927.run(TempTestSuite1553595870927.groovy:35)]]></system-err>
   </testsuite>
</testsuites>
