<?xml version="1.0" encoding="UTF-8"?>
<testsuites name="BuyProcess" time="276" tests="0" failures="2" errors="0">
   <testsuite name="BuyProcess" tests="0" failures="2" errors="0" time="276" timestamp="2019-03-04 16:13:54" hostname="dipak - DIPAKDAS-PC.indusnettechnologies.com" id="Test Suites/BuyProcess">
      <properties>
         <property name="deviceName" value=""/>
         <property name="devicePlatform" value=""/>
         <property name="logFolder" value="E:\\MarkitCore\\Katalon\\Katalon\\MarkitCore\\Reports\\BuyProcess\\20190304_161347"/>
         <property name="logFiles" value="E:\\MarkitCore\\Katalon\\Katalon\\MarkitCore\\Reports\\BuyProcess\\20190304_161347\\execution0.log"/>
         <property name="attachments" value="E:\\MarkitCore\\Katalon\\Katalon\\MarkitCore\\Reports\\BuyProcess\\20190304_161347\\1551696367114.png, E:\\MarkitCore\\Katalon\\Katalon\\MarkitCore\\Reports\\BuyProcess\\20190304_161347\\1551696509984.png"/>
         <property name="hostName" value="dipak - DIPAKDAS-PC.indusnettechnologies.com"/>
         <property name="os" value="Windows 7 32bit"/>
         <property name="katalonVersion" value="6.0.5.4"/>
         <property name="browser" value="Chrome 72.0.3626.119"/>
         <property name="hostAddress" value="10.0.12.237"/>
         <property name="sessionId" value="12d03d99e89a95ff034b590cf93729a5"/>
         <property name="seleniumVersion" value="3.7.1"/>
         <property name="proxyInformation" value="ProxyInformation{proxyOption=NO_PROXY, proxyServerType=HTTP, password=, proxyServerAddress=, proxyServerPort=0}"/>
         <property name="platform" value="Windows 7"/>
      </properties>
      <testcase name="Test Cases/DataDriven" classname="Test Cases/DataDriven" status="FAILED">
         <failure type="FAILED" message="Test Cases/DataDriven FAILED.
Reason:
com.kms.katalon.core.exception.StepFailedException: Call Test Case 'Test Cases/StartQuote' failed
	at com.kms.katalon.core.keyword.builtin.CallTestCaseKeyword$_callTestCase_closure1.doCall(CallTestCaseKeyword.groovy:63)
	at com.kms.katalon.core.keyword.builtin.CallTestCaseKeyword$_callTestCase_closure1.call(CallTestCaseKeyword.groovy)
	at com.kms.katalon.core.keyword.internal.KeywordMain.runKeyword(KeywordMain.groovy:66)
	at com.kms.katalon.core.keyword.builtin.CallTestCaseKeyword.callTestCase(CallTestCaseKeyword.groovy:81)
	at com.kms.katalon.core.keyword.builtin.CallTestCaseKeyword.execute(CallTestCaseKeyword.groovy:44)
	at com.kms.katalon.core.keyword.internal.KeywordExecutor.executeKeywordForPlatform(KeywordExecutor.groovy:56)
	at com.kms.katalon.core.keyword.BuiltinKeywords.callTestCase(BuiltinKeywords.groovy:334)
	at DataDriven.run(DataDriven:40)
	at com.kms.katalon.core.main.ScriptEngine.run(ScriptEngine.java:194)
	at com.kms.katalon.core.main.ScriptEngine.runScriptAsRawText(ScriptEngine.java:119)
	at com.kms.katalon.core.main.TestCaseExecutor.runScript(TestCaseExecutor.java:331)
	at com.kms.katalon.core.main.TestCaseExecutor.doExecute(TestCaseExecutor.java:322)
	at com.kms.katalon.core.main.TestCaseExecutor.processExecutionPhase(TestCaseExecutor.java:301)
	at com.kms.katalon.core.main.TestCaseExecutor.accessMainPhase(TestCaseExecutor.java:293)
	at com.kms.katalon.core.main.TestCaseExecutor.execute(TestCaseExecutor.java:227)
	at com.kms.katalon.core.main.TestSuiteExecutor.accessTestCaseMainPhase(TestSuiteExecutor.java:129)
	at com.kms.katalon.core.main.TestSuiteExecutor.accessTestSuiteMainPhase(TestSuiteExecutor.java:112)
	at com.kms.katalon.core.main.TestSuiteExecutor.execute(TestSuiteExecutor.java:81)
	at com.kms.katalon.core.main.TestCaseMain.startTestSuite(TestCaseMain.java:157)
	at com.kms.katalon.core.main.TestCaseMain$startTestSuite$0.call(Unknown Source)
	at TempTestSuite1551696228007.run(TempTestSuite1551696228007.groovy:35)
Caused by: com.kms.katalon.core.exception.StepFailedException: Unable to click on object 'Object Repository/PaymentDetails/Email'
	at com.kms.katalon.core.keyword.internal.KeywordMain.stepFailed(KeywordMain.groovy:48)
	at com.kms.katalon.core.webui.keyword.internal.WebUIKeywordMain.stepFailed(WebUIKeywordMain.groovy:65)
	at com.kms.katalon.core.webui.keyword.internal.WebUIKeywordMain.runKeyword(WebUIKeywordMain.groovy:27)
	at com.kms.katalon.core.webui.keyword.builtin.ClickKeyword.click(ClickKeyword.groovy:86)
	at com.kms.katalon.core.webui.keyword.builtin.ClickKeyword.execute(ClickKeyword.groovy:67)
	at com.kms.katalon.core.keyword.internal.KeywordExecutor.executeKeywordForPlatform(KeywordExecutor.groovy:56)
	at com.kms.katalon.core.webui.keyword.WebUiBuiltInKeywords.click(WebUiBuiltInKeywords.groovy:616)
	at com.kms.katalon.core.webui.keyword.WebUiBuiltInKeywords$click$4.call(Unknown Source)
	at StartQuote.run(StartQuote:117)
	at com.kms.katalon.core.main.ScriptEngine.run(ScriptEngine.java:194)
	at com.kms.katalon.core.main.ScriptEngine.runScriptAsRawText(ScriptEngine.java:119)
	at com.kms.katalon.core.main.TestCaseExecutor.runScript(TestCaseExecutor.java:331)
	at com.kms.katalon.core.main.TestCaseExecutor.doExecute(TestCaseExecutor.java:322)
	at com.kms.katalon.core.main.TestCaseExecutor.processExecutionPhase(TestCaseExecutor.java:301)
	at com.kms.katalon.core.main.TestCaseExecutor.accessMainPhase(TestCaseExecutor.java:293)
	at com.kms.katalon.core.main.TestCaseExecutor.execute(TestCaseExecutor.java:227)
	at com.kms.katalon.core.main.TestCaseMain.runTestCase(TestCaseMain.java:114)
	at com.kms.katalon.core.keyword.builtin.CallTestCaseKeyword$_callTestCase_closure1.doCall(CallTestCaseKeyword.groovy:59)
	... 20 more
"/>
         <system-out><![CDATA[2019-03-04 16:13:54 - [TEST_CASE][FAILED] - Test Cases/DataDriven: Test Cases/DataDriven FAILED.
Reason:
com.kms.katalon.core.exception.StepFailedException: Call Test Case 'Test Cases/StartQuote' failed
	at com.kms.katalon.core.keyword.builtin.CallTestCaseKeyword$_callTestCase_closure1.doCall(CallTestCaseKeyword.groovy:63)
	at com.kms.katalon.core.keyword.builtin.CallTestCaseKeyword$_callTestCase_closure1.call(CallTestCaseKeyword.groovy)
	at com.kms.katalon.core.keyword.internal.KeywordMain.runKeyword(KeywordMain.groovy:66)
	at com.kms.katalon.core.keyword.builtin.CallTestCaseKeyword.callTestCase(CallTestCaseKeyword.groovy:81)
	at com.kms.katalon.core.keyword.builtin.CallTestCaseKeyword.execute(CallTestCaseKeyword.groovy:44)
	at com.kms.katalon.core.keyword.internal.KeywordExecutor.executeKeywordForPlatform(KeywordExecutor.groovy:56)
	at com.kms.katalon.core.keyword.BuiltinKeywords.callTestCase(BuiltinKeywords.groovy:334)
	at DataDriven.run(DataDriven:40)
	at com.kms.katalon.core.main.ScriptEngine.run(ScriptEngine.java:194)
	at com.kms.katalon.core.main.ScriptEngine.runScriptAsRawText(ScriptEngine.java:119)
	at com.kms.katalon.core.main.TestCaseExecutor.runScript(TestCaseExecutor.java:331)
	at com.kms.katalon.core.main.TestCaseExecutor.doExecute(TestCaseExecutor.java:322)
	at com.kms.katalon.core.main.TestCaseExecutor.processExecutionPhase(TestCaseExecutor.java:301)
	at com.kms.katalon.core.main.TestCaseExecutor.accessMainPhase(TestCaseExecutor.java:293)
	at com.kms.katalon.core.main.TestCaseExecutor.execute(TestCaseExecutor.java:227)
	at com.kms.katalon.core.main.TestSuiteExecutor.accessTestCaseMainPhase(TestSuiteExecutor.java:129)
	at com.kms.katalon.core.main.TestSuiteExecutor.accessTestSuiteMainPhase(TestSuiteExecutor.java:112)
	at com.kms.katalon.core.main.TestSuiteExecutor.execute(TestSuiteExecutor.java:81)
	at com.kms.katalon.core.main.TestCaseMain.startTestSuite(TestCaseMain.java:157)
	at com.kms.katalon.core.main.TestCaseMain$startTestSuite$0.call(Unknown Source)
	at TempTestSuite1551696228007.run(TempTestSuite1551696228007.groovy:35)
Caused by: com.kms.katalon.core.exception.StepFailedException: Unable to click on object 'Object Repository/PaymentDetails/Email'
	at com.kms.katalon.core.keyword.internal.KeywordMain.stepFailed(KeywordMain.groovy:48)
	at com.kms.katalon.core.webui.keyword.internal.WebUIKeywordMain.stepFailed(WebUIKeywordMain.groovy:65)
	at com.kms.katalon.core.webui.keyword.internal.WebUIKeywordMain.runKeyword(WebUIKeywordMain.groovy:27)
	at com.kms.katalon.core.webui.keyword.builtin.ClickKeyword.click(ClickKeyword.groovy:86)
	at com.kms.katalon.core.webui.keyword.builtin.ClickKeyword.execute(ClickKeyword.groovy:67)
	at com.kms.katalon.core.keyword.internal.KeywordExecutor.executeKeywordForPlatform(KeywordExecutor.groovy:56)
	at com.kms.katalon.core.webui.keyword.WebUiBuiltInKeywords.click(WebUiBuiltInKeywords.groovy:616)
	at com.kms.katalon.core.webui.keyword.WebUiBuiltInKeywords$click$4.call(Unknown Source)
	at StartQuote.run(StartQuote:117)
	at com.kms.katalon.core.main.ScriptEngine.run(ScriptEngine.java:194)
	at com.kms.katalon.core.main.ScriptEngine.runScriptAsRawText(ScriptEngine.java:119)
	at com.kms.katalon.core.main.TestCaseExecutor.runScript(TestCaseExecutor.java:331)
	at com.kms.katalon.core.main.TestCaseExecutor.doExecute(TestCaseExecutor.java:322)
	at com.kms.katalon.core.main.TestCaseExecutor.processExecutionPhase(TestCaseExecutor.java:301)
	at com.kms.katalon.core.main.TestCaseExecutor.accessMainPhase(TestCaseExecutor.java:293)
	at com.kms.katalon.core.main.TestCaseExecutor.execute(TestCaseExecutor.java:227)
	at com.kms.katalon.core.main.TestCaseMain.runTestCase(TestCaseMain.java:114)
	at com.kms.katalon.core.keyword.builtin.CallTestCaseKeyword$_callTestCase_closure1.doCall(CallTestCaseKeyword.groovy:59)
	... 20 more


2019-03-04 16:13:54 - [TEST_STEP][PASSED] - openBrowser("https://dev.markit-systems.com/markit_coreV2/Sites/CoreTest/login/admin_display"): Browser is opened with url: 'https://dev.markit-systems.com/markit_coreV2/Sites/CoreTest/login/admin_display'

2019-03-04 16:13:55 - [MESSAGE][INFO] - Starting 'Chrome' driver

2019-03-04 16:13:55 - [MESSAGE][INFO] - Action delay is set to 0 seconds

2019-03-04 16:14:05 - [MESSAGE][PASSED] - Browser is opened with url: 'https://dev.markit-systems.com/markit_coreV2/Sites/CoreTest/login/admin_display'

2019-03-04 16:14:05 - [TEST_STEP][PASSED] - maximizeWindow(): Current window maximized

2019-03-04 16:14:05 - [MESSAGE][PASSED] - Current window maximized

2019-03-04 16:14:05 - [TEST_STEP][PASSED] - waitForPageLoad(4): Wait for page load successfully

2019-03-04 16:14:05 - [MESSAGE][PASSED] - Wait for page load successfully

2019-03-04 16:14:05 - [TEST_STEP][PASSED] - setText(findTestObject("Username"), UserName): Text 'dDasTester' is set on object 'Object Repository/Username'

2019-03-04 16:14:05 - [MESSAGE][PASSED] - Text 'dDasTester' is set on object 'Object Repository/Username'

2019-03-04 16:14:05 - [TEST_STEP][PASSED] - waitForPageLoad(4): Wait for page load successfully

2019-03-04 16:14:05 - [MESSAGE][PASSED] - Wait for page load successfully

2019-03-04 16:14:05 - [TEST_STEP][PASSED] - setText(findTestObject("Password"), Password): Text 'Czybm6R*' is set on object 'Object Repository/Password'

2019-03-04 16:14:05 - [MESSAGE][PASSED] - Text 'Czybm6R*' is set on object 'Object Repository/Password'

2019-03-04 16:14:05 - [TEST_STEP][PASSED] - delay(5): Delayed 5 second(s)

2019-03-04 16:14:10 - [MESSAGE][PASSED] - Delayed 5 second(s)

2019-03-04 16:14:10 - [TEST_STEP][PASSED] - waitForElementClickable(findTestObject("LoginButton"), 5): Object 'Object Repository/LoginButton' is clickable

2019-03-04 16:14:10 - [MESSAGE][PASSED] - Object 'Object Repository/LoginButton' is clickable

2019-03-04 16:14:10 - [TEST_STEP][PASSED] - click(findTestObject("LoginButton")): Object: 'Object Repository/LoginButton' is clicked on

2019-03-04 16:14:16 - [MESSAGE][PASSED] - Object: 'Object Repository/LoginButton' is clicked on

2019-03-04 16:14:16 - [TEST_STEP][PASSED] - delay(3): Delayed 3 second(s)

2019-03-04 16:14:19 - [MESSAGE][PASSED] - Delayed 3 second(s)

2019-03-04 16:14:19 - [TEST_STEP][PASSED] - callTestCase(findTestCase("ClientSearch"), [:], STOP_ON_FAILURE): Call Test Case 'Test Cases/ClientSearch' successfully

2019-03-04 16:14:19 - [TEST_CASE][PASSED] - Test Cases/ClientSearch: Test Cases/ClientSearch

2019-03-04 16:14:19 - [TEST_STEP][PASSED] - waitForElementClickable(findTestObject("ClientSearch"), 10): Object 'Object Repository/ClientSearch' is clickable

2019-03-04 16:14:19 - [MESSAGE][PASSED] - Object 'Object Repository/ClientSearch' is clickable

2019-03-04 16:14:19 - [TEST_STEP][PASSED] - click(findTestObject("ClientSearch")): Object: 'Object Repository/ClientSearch' is clicked on

2019-03-04 16:14:20 - [MESSAGE][PASSED] - Object: 'Object Repository/ClientSearch' is clicked on

2019-03-04 16:14:20 - [TEST_STEP][PASSED] - delay(5): Delayed 5 second(s)

2019-03-04 16:14:25 - [MESSAGE][PASSED] - Delayed 5 second(s)

2019-03-04 16:14:25 - [TEST_STEP][PASSED] - sendKeys(findTestObject("SearchText"), "Dipak"): Keys 'Dipak' sent to object: 'Object Repository/SearchText'

2019-03-04 16:14:25 - [MESSAGE][PASSED] - Keys 'Dipak' sent to object: 'Object Repository/SearchText'

2019-03-04 16:14:25 - [TEST_STEP][PASSED] - sendKeys(findTestObject("SearchText"), Keys.chord(ENTER)): Keys 'ENTER + ' sent to object: 'Object Repository/SearchText'

2019-03-04 16:14:25 - [MESSAGE][PASSED] - Keys 'ENTER + ' sent to object: 'Object Repository/SearchText'

2019-03-04 16:14:25 - [TEST_STEP][PASSED] - delay(3): Delayed 3 second(s)

2019-03-04 16:14:28 - [MESSAGE][PASSED] - Delayed 3 second(s)

2019-03-04 16:14:28 - [TEST_STEP][PASSED] - waitForElementClickable(findTestObject("ClientListingAction"), 5): Object 'Object Repository/ClientListingAction' is clickable

2019-03-04 16:14:28 - [MESSAGE][PASSED] - Object 'Object Repository/ClientListingAction' is clickable

2019-03-04 16:14:28 - [TEST_STEP][PASSED] - click(findTestObject("ClientListingAction")): Object: 'Object Repository/ClientListingAction' is clicked on

2019-03-04 16:14:30 - [MESSAGE][PASSED] - Object: 'Object Repository/ClientListingAction' is clicked on

2019-03-04 16:14:30 - [TEST_STEP][PASSED] - delay(5): Delayed 5 second(s)

2019-03-04 16:14:35 - [MESSAGE][PASSED] - Delayed 5 second(s)

2019-03-04 16:14:35 - [MESSAGE][PASSED] - Call Test Case 'Test Cases/ClientSearch' successfully

2019-03-04 16:14:35 - [TEST_STEP][PASSED] - delay(3): Delayed 3 second(s)

2019-03-04 16:14:38 - [MESSAGE][PASSED] - Delayed 3 second(s)

2019-03-04 16:14:38 - [TEST_STEP][FAILED] - callTestCase(findTestCase("StartQuote"), [:], STOP_ON_FAILURE): callTestCase(findTestCase("StartQuote"), [:], STOP_ON_FAILURE) FAILED.
Reason:
com.kms.katalon.core.exception.StepFailedException: Call Test Case 'Test Cases/StartQuote' failed
	at com.kms.katalon.core.keyword.builtin.CallTestCaseKeyword$_callTestCase_closure1.doCall(CallTestCaseKeyword.groovy:63)
	at com.kms.katalon.core.keyword.builtin.CallTestCaseKeyword$_callTestCase_closure1.call(CallTestCaseKeyword.groovy)
	at com.kms.katalon.core.keyword.internal.KeywordMain.runKeyword(KeywordMain.groovy:66)
	at com.kms.katalon.core.keyword.builtin.CallTestCaseKeyword.callTestCase(CallTestCaseKeyword.groovy:81)
	at com.kms.katalon.core.keyword.builtin.CallTestCaseKeyword.execute(CallTestCaseKeyword.groovy:44)
	at com.kms.katalon.core.keyword.internal.KeywordExecutor.executeKeywordForPlatform(KeywordExecutor.groovy:56)
	at com.kms.katalon.core.keyword.BuiltinKeywords.callTestCase(BuiltinKeywords.groovy:334)
	at DataDriven.run(DataDriven:40)
	at com.kms.katalon.core.main.ScriptEngine.run(ScriptEngine.java:194)
	at com.kms.katalon.core.main.ScriptEngine.runScriptAsRawText(ScriptEngine.java:119)
	at com.kms.katalon.core.main.TestCaseExecutor.runScript(TestCaseExecutor.java:331)
	at com.kms.katalon.core.main.TestCaseExecutor.doExecute(TestCaseExecutor.java:322)
	at com.kms.katalon.core.main.TestCaseExecutor.processExecutionPhase(TestCaseExecutor.java:301)
	at com.kms.katalon.core.main.TestCaseExecutor.accessMainPhase(TestCaseExecutor.java:293)
	at com.kms.katalon.core.main.TestCaseExecutor.execute(TestCaseExecutor.java:227)
	at com.kms.katalon.core.main.TestSuiteExecutor.accessTestCaseMainPhase(TestSuiteExecutor.java:129)
	at com.kms.katalon.core.main.TestSuiteExecutor.accessTestSuiteMainPhase(TestSuiteExecutor.java:112)
	at com.kms.katalon.core.main.TestSuiteExecutor.execute(TestSuiteExecutor.java:81)
	at com.kms.katalon.core.main.TestCaseMain.startTestSuite(TestCaseMain.java:157)
	at com.kms.katalon.core.main.TestCaseMain$startTestSuite$0.call(Unknown Source)
	at TempTestSuite1551696228007.run(TempTestSuite1551696228007.groovy:35)
Caused by: com.kms.katalon.core.exception.StepFailedException: Unable to click on object 'Object Repository/PaymentDetails/Email'
	at com.kms.katalon.core.keyword.internal.KeywordMain.stepFailed(KeywordMain.groovy:48)
	at com.kms.katalon.core.webui.keyword.internal.WebUIKeywordMain.stepFailed(WebUIKeywordMain.groovy:65)
	at com.kms.katalon.core.webui.keyword.internal.WebUIKeywordMain.runKeyword(WebUIKeywordMain.groovy:27)
	at com.kms.katalon.core.webui.keyword.builtin.ClickKeyword.click(ClickKeyword.groovy:86)
	at com.kms.katalon.core.webui.keyword.builtin.ClickKeyword.execute(ClickKeyword.groovy:67)
	at com.kms.katalon.core.keyword.internal.KeywordExecutor.executeKeywordForPlatform(KeywordExecutor.groovy:56)
	at com.kms.katalon.core.webui.keyword.WebUiBuiltInKeywords.click(WebUiBuiltInKeywords.groovy:616)
	at com.kms.katalon.core.webui.keyword.WebUiBuiltInKeywords$click$4.call(Unknown Source)
	at StartQuote.run(StartQuote:117)
	at com.kms.katalon.core.main.ScriptEngine.run(ScriptEngine.java:194)
	at com.kms.katalon.core.main.ScriptEngine.runScriptAsRawText(ScriptEngine.java:119)
	at com.kms.katalon.core.main.TestCaseExecutor.runScript(TestCaseExecutor.java:331)
	at com.kms.katalon.core.main.TestCaseExecutor.doExecute(TestCaseExecutor.java:322)
	at com.kms.katalon.core.main.TestCaseExecutor.processExecutionPhase(TestCaseExecutor.java:301)
	at com.kms.katalon.core.main.TestCaseExecutor.accessMainPhase(TestCaseExecutor.java:293)
	at com.kms.katalon.core.main.TestCaseExecutor.execute(TestCaseExecutor.java:227)
	at com.kms.katalon.core.main.TestCaseMain.runTestCase(TestCaseMain.java:114)
	at com.kms.katalon.core.keyword.builtin.CallTestCaseKeyword$_callTestCase_closure1.doCall(CallTestCaseKeyword.groovy:59)
	... 20 more


2019-03-04 16:14:38 - [TEST_CASE][FAILED] - Test Cases/StartQuote: Test Cases/StartQuote FAILED.
Reason:
com.kms.katalon.core.exception.StepFailedException: Unable to click on object 'Object Repository/PaymentDetails/Email'
	at com.kms.katalon.core.keyword.internal.KeywordMain.stepFailed(KeywordMain.groovy:48)
	at com.kms.katalon.core.webui.keyword.internal.WebUIKeywordMain.stepFailed(WebUIKeywordMain.groovy:65)
	at com.kms.katalon.core.webui.keyword.internal.WebUIKeywordMain.runKeyword(WebUIKeywordMain.groovy:27)
	at com.kms.katalon.core.webui.keyword.builtin.ClickKeyword.click(ClickKeyword.groovy:86)
	at com.kms.katalon.core.webui.keyword.builtin.ClickKeyword.execute(ClickKeyword.groovy:67)
	at com.kms.katalon.core.keyword.internal.KeywordExecutor.executeKeywordForPlatform(KeywordExecutor.groovy:56)
	at com.kms.katalon.core.webui.keyword.WebUiBuiltInKeywords.click(WebUiBuiltInKeywords.groovy:616)
	at com.kms.katalon.core.webui.keyword.WebUiBuiltInKeywords$click$4.call(Unknown Source)
	at StartQuote.run(StartQuote:117)
	at com.kms.katalon.core.main.ScriptEngine.run(ScriptEngine.java:194)
	at com.kms.katalon.core.main.ScriptEngine.runScriptAsRawText(ScriptEngine.java:119)
	at com.kms.katalon.core.main.TestCaseExecutor.runScript(TestCaseExecutor.java:331)
	at com.kms.katalon.core.main.TestCaseExecutor.doExecute(TestCaseExecutor.java:322)
	at com.kms.katalon.core.main.TestCaseExecutor.processExecutionPhase(TestCaseExecutor.java:301)
	at com.kms.katalon.core.main.TestCaseExecutor.accessMainPhase(TestCaseExecutor.java:293)
	at com.kms.katalon.core.main.TestCaseExecutor.execute(TestCaseExecutor.java:227)
	at com.kms.katalon.core.main.TestCaseMain.runTestCase(TestCaseMain.java:114)
	at com.kms.katalon.core.keyword.builtin.CallTestCaseKeyword$_callTestCase_closure1.doCall(CallTestCaseKeyword.groovy:59)
	at com.kms.katalon.core.keyword.builtin.CallTestCaseKeyword$_callTestCase_closure1.call(CallTestCaseKeyword.groovy)
	at com.kms.katalon.core.keyword.internal.KeywordMain.runKeyword(KeywordMain.groovy:66)
	at com.kms.katalon.core.keyword.builtin.CallTestCaseKeyword.callTestCase(CallTestCaseKeyword.groovy:81)
	at com.kms.katalon.core.keyword.builtin.CallTestCaseKeyword.execute(CallTestCaseKeyword.groovy:44)
	at com.kms.katalon.core.keyword.internal.KeywordExecutor.executeKeywordForPlatform(KeywordExecutor.groovy:56)
	at com.kms.katalon.core.keyword.BuiltinKeywords.callTestCase(BuiltinKeywords.groovy:334)
	at DataDriven.run(DataDriven:40)
	at com.kms.katalon.core.main.ScriptEngine.run(ScriptEngine.java:194)
	at com.kms.katalon.core.main.ScriptEngine.runScriptAsRawText(ScriptEngine.java:119)
	at com.kms.katalon.core.main.TestCaseExecutor.runScript(TestCaseExecutor.java:331)
	at com.kms.katalon.core.main.TestCaseExecutor.doExecute(TestCaseExecutor.java:322)
	at com.kms.katalon.core.main.TestCaseExecutor.processExecutionPhase(TestCaseExecutor.java:301)
	at com.kms.katalon.core.main.TestCaseExecutor.accessMainPhase(TestCaseExecutor.java:293)
	at com.kms.katalon.core.main.TestCaseExecutor.execute(TestCaseExecutor.java:227)
	at com.kms.katalon.core.main.TestSuiteExecutor.accessTestCaseMainPhase(TestSuiteExecutor.java:129)
	at com.kms.katalon.core.main.TestSuiteExecutor.accessTestSuiteMainPhase(TestSuiteExecutor.java:112)
	at com.kms.katalon.core.main.TestSuiteExecutor.execute(TestSuiteExecutor.java:81)
	at com.kms.katalon.core.main.TestCaseMain.startTestSuite(TestCaseMain.java:157)
	at com.kms.katalon.core.main.TestCaseMain$startTestSuite$0.call(Unknown Source)
	at TempTestSuite1551696228007.run(TempTestSuite1551696228007.groovy:35)


2019-03-04 16:14:38 - [TEST_STEP][PASSED] - click(findTestObject("StartQuote")): Object: 'Object Repository/StartQuote' is clicked on

2019-03-04 16:14:40 - [MESSAGE][PASSED] - Object: 'Object Repository/StartQuote' is clicked on

2019-03-04 16:14:40 - [TEST_STEP][PASSED] - delay(3): Delayed 3 second(s)

2019-03-04 16:14:43 - [MESSAGE][PASSED] - Delayed 3 second(s)

2019-03-04 16:14:43 - [TEST_STEP][PASSED] - selectOptionByLabel(findTestObject("GeneralInformation/currency"), "ZAR", false): All options with label 'ZAR' are selected in object 'Object Repository/GeneralInformation/currency' 

2019-03-04 16:14:43 - [MESSAGE][PASSED] - All options with label 'ZAR' are selected in object 'Object Repository/GeneralInformation/currency' 

2019-03-04 16:14:43 - [TEST_STEP][PASSED] - delay(3): Delayed 3 second(s)

2019-03-04 16:14:46 - [MESSAGE][PASSED] - Delayed 3 second(s)

2019-03-04 16:14:46 - [TEST_STEP][PASSED] - selectOptionByLabel(findTestObject("GeneralInformation/SelectBroker"), "New Broker", false): All options with label 'New Broker' are selected in object 'Object Repository/GeneralInformation/SelectBroker' 

2019-03-04 16:14:46 - [MESSAGE][PASSED] - All options with label 'New Broker' are selected in object 'Object Repository/GeneralInformation/SelectBroker' 

2019-03-04 16:14:46 - [TEST_STEP][PASSED] - delay(3): Delayed 3 second(s)

2019-03-04 16:14:49 - [MESSAGE][PASSED] - Delayed 3 second(s)

2019-03-04 16:14:49 - [TEST_STEP][PASSED] - selectOptionByLabel(findTestObject("GeneralInformation/SelectProduct"), "BasicDemoProduct", false): All options with label 'BasicDemoProduct' are selected in object 'Object Repository/GeneralInformation/SelectProduct' 

2019-03-04 16:14:49 - [MESSAGE][PASSED] - All options with label 'BasicDemoProduct' are selected in object 'Object Repository/GeneralInformation/SelectProduct' 

2019-03-04 16:14:49 - [TEST_STEP][PASSED] - delay(3): Delayed 3 second(s)

2019-03-04 16:14:52 - [MESSAGE][PASSED] - Delayed 3 second(s)

2019-03-04 16:14:52 - [TEST_STEP][PASSED] - selectOptionByLabel(findTestObject("GeneralInformation/PolicyTerm"), "Monthly", false): All options with label 'Monthly' are selected in object 'Object Repository/GeneralInformation/PolicyTerm' 

2019-03-04 16:14:52 - [MESSAGE][PASSED] - All options with label 'Monthly' are selected in object 'Object Repository/GeneralInformation/PolicyTerm' 

2019-03-04 16:14:52 - [TEST_STEP][PASSED] - delay(3): Delayed 3 second(s)

2019-03-04 16:14:55 - [MESSAGE][PASSED] - Delayed 3 second(s)

2019-03-04 16:14:55 - [TEST_STEP][PASSED] - click(findTestObject("GeneralInformation/PolicyStartDate")): Object: 'Object Repository/GeneralInformation/PolicyStartDate' is clicked on

2019-03-04 16:14:55 - [MESSAGE][PASSED] - Object: 'Object Repository/GeneralInformation/PolicyStartDate' is clicked on

2019-03-04 16:14:55 - [TEST_STEP][PASSED] - delay(3): Delayed 3 second(s)

2019-03-04 16:14:58 - [MESSAGE][PASSED] - Delayed 3 second(s)

2019-03-04 16:14:58 - [TEST_STEP][PASSED] - selectOptionByLabel(findTestObject("GeneralInformation/Policy_Start_Year"), "2019", false): All options with label '2019' are selected in object 'Object Repository/GeneralInformation/Policy_Start_Year' 

2019-03-04 16:14:58 - [MESSAGE][PASSED] - All options with label '2019' are selected in object 'Object Repository/GeneralInformation/Policy_Start_Year' 

2019-03-04 16:14:58 - [TEST_STEP][PASSED] - delay(3): Delayed 3 second(s)

2019-03-04 16:15:01 - [MESSAGE][PASSED] - Delayed 3 second(s)

2019-03-04 16:15:01 - [TEST_STEP][PASSED] - selectOptionByLabel(findTestObject("GeneralInformation/Policy_Start_Month"), "Feb", false): All options with label 'Feb' are selected in object 'Object Repository/GeneralInformation/Policy_Start_Month' 

2019-03-04 16:15:01 - [MESSAGE][PASSED] - All options with label 'Feb' are selected in object 'Object Repository/GeneralInformation/Policy_Start_Month' 

2019-03-04 16:15:01 - [TEST_STEP][PASSED] - delay(3): Delayed 3 second(s)

2019-03-04 16:15:04 - [MESSAGE][PASSED] - Delayed 3 second(s)

2019-03-04 16:15:04 - [TEST_STEP][PASSED] - click(findTestObject("GeneralInformation/Policy_Start_Day")): Object: 'Object Repository/GeneralInformation/Policy_Start_Day' is clicked on

2019-03-04 16:15:05 - [MESSAGE][PASSED] - Object: 'Object Repository/GeneralInformation/Policy_Start_Day' is clicked on

2019-03-04 16:15:05 - [TEST_STEP][PASSED] - delay(3): Delayed 3 second(s)

2019-03-04 16:15:08 - [MESSAGE][PASSED] - Delayed 3 second(s)

2019-03-04 16:15:08 - [TEST_STEP][PASSED] - click(findTestObject("GeneralInformation/PolicyEndDate")): Object: 'Object Repository/GeneralInformation/PolicyEndDate' is clicked on

2019-03-04 16:15:08 - [MESSAGE][PASSED] - Object: 'Object Repository/GeneralInformation/PolicyEndDate' is clicked on

2019-03-04 16:15:08 - [TEST_STEP][PASSED] - delay(3): Delayed 3 second(s)

2019-03-04 16:15:11 - [MESSAGE][PASSED] - Delayed 3 second(s)

2019-03-04 16:15:11 - [TEST_STEP][PASSED] - selectOptionByLabel(findTestObject("GeneralInformation/Policy_Start_Year"), "2019", false): All options with label '2019' are selected in object 'Object Repository/GeneralInformation/Policy_Start_Year' 

2019-03-04 16:15:11 - [MESSAGE][PASSED] - All options with label '2019' are selected in object 'Object Repository/GeneralInformation/Policy_Start_Year' 

2019-03-04 16:15:11 - [TEST_STEP][PASSED] - delay(3): Delayed 3 second(s)

2019-03-04 16:15:14 - [MESSAGE][PASSED] - Delayed 3 second(s)

2019-03-04 16:15:14 - [TEST_STEP][PASSED] - selectOptionByLabel(findTestObject("GeneralInformation/Policy_Start_Month"), "Mar", false): All options with label 'Mar' are selected in object 'Object Repository/GeneralInformation/Policy_Start_Month' 

2019-03-04 16:15:14 - [MESSAGE][PASSED] - All options with label 'Mar' are selected in object 'Object Repository/GeneralInformation/Policy_Start_Month' 

2019-03-04 16:15:14 - [TEST_STEP][PASSED] - delay(3): Delayed 3 second(s)

2019-03-04 16:15:17 - [MESSAGE][PASSED] - Delayed 3 second(s)

2019-03-04 16:15:17 - [TEST_STEP][PASSED] - click(findTestObject("GeneralInformation/Policy_Start_Day")): Object: 'Object Repository/GeneralInformation/Policy_Start_Day' is clicked on

2019-03-04 16:15:18 - [MESSAGE][PASSED] - Object: 'Object Repository/GeneralInformation/Policy_Start_Day' is clicked on

2019-03-04 16:15:18 - [TEST_STEP][PASSED] - delay(3): Delayed 3 second(s)

2019-03-04 16:15:21 - [MESSAGE][PASSED] - Delayed 3 second(s)

2019-03-04 16:15:21 - [TEST_STEP][PASSED] - click(findTestObject("Object Repository/GeneralInformation/NextButton")): Object: 'Object Repository/GeneralInformation/NextButton' is clicked on

2019-03-04 16:15:21 - [MESSAGE][PASSED] - Object: 'Object Repository/GeneralInformation/NextButton' is clicked on

2019-03-04 16:15:21 - [TEST_STEP][PASSED] - delay(3): Delayed 3 second(s)

2019-03-04 16:15:24 - [MESSAGE][PASSED] - Delayed 3 second(s)

2019-03-04 16:15:24 - [TEST_STEP][PASSED] - click(findTestObject("GeneralInformation/CancelAlert")): Object: 'Object Repository/GeneralInformation/CancelAlert' is clicked on

2019-03-04 16:15:27 - [MESSAGE][PASSED] - Object: 'Object Repository/GeneralInformation/CancelAlert' is clicked on

2019-03-04 16:15:27 - [TEST_STEP][PASSED] - delay(5): Delayed 5 second(s)

2019-03-04 16:15:32 - [MESSAGE][PASSED] - Delayed 5 second(s)

2019-03-04 16:15:32 - [TEST_STEP][PASSED] - selectOptionByLabel(findTestObject("RiskDetails/Page_Markit core new  Risk details/SelectType"), "StandAlone", false): All options with label 'StandAlone' are selected in object 'Object Repository/RiskDetails/Page_Markit core new  Risk details/SelectType' 

2019-03-04 16:15:32 - [MESSAGE][PASSED] - All options with label 'StandAlone' are selected in object 'Object Repository/RiskDetails/Page_Markit core new  Risk details/SelectType' 

2019-03-04 16:15:32 - [TEST_STEP][PASSED] - delay(5): Delayed 5 second(s)

2019-03-04 16:15:37 - [MESSAGE][PASSED] - Delayed 5 second(s)

2019-03-04 16:15:37 - [TEST_STEP][PASSED] - setText(findTestObject("RiskDetails/Page_Markit core new  Risk details/SumInsure"), "1000"): Text '1000' is set on object 'Object Repository/RiskDetails/Page_Markit core new  Risk details/SumInsure'

2019-03-04 16:15:37 - [MESSAGE][PASSED] - Text '1000' is set on object 'Object Repository/RiskDetails/Page_Markit core new  Risk details/SumInsure'

2019-03-04 16:15:37 - [TEST_STEP][PASSED] - delay(2): Delayed 2 second(s)

2019-03-04 16:15:39 - [MESSAGE][PASSED] - Delayed 2 second(s)

2019-03-04 16:15:39 - [TEST_STEP][PASSED] - setText(findTestObject("RiskDetails/Page_Markit core new  Risk details/RoomNo"), "10"): Text '10' is set on object 'Object Repository/RiskDetails/Page_Markit core new  Risk details/RoomNo'

2019-03-04 16:15:39 - [MESSAGE][PASSED] - Text '10' is set on object 'Object Repository/RiskDetails/Page_Markit core new  Risk details/RoomNo'

2019-03-04 16:15:39 - [TEST_STEP][PASSED] - setText(findTestObject("RiskDetails/Page_Markit core new  Risk details/ContentSumInsure"), "1000"): Text '1000' is set on object 'Object Repository/RiskDetails/Page_Markit core new  Risk details/ContentSumInsure'

2019-03-04 16:15:40 - [MESSAGE][PASSED] - Text '1000' is set on object 'Object Repository/RiskDetails/Page_Markit core new  Risk details/ContentSumInsure'

2019-03-04 16:15:40 - [TEST_STEP][PASSED] - click(findTestObject("RiskDetails/Page_Markit core new  Risk details/ButtonSubmit")): Object: 'Object Repository/RiskDetails/Page_Markit core new  Risk details/ButtonSubmit' is clicked on

2019-03-04 16:15:46 - [MESSAGE][PASSED] - Object: 'Object Repository/RiskDetails/Page_Markit core new  Risk details/ButtonSubmit' is clicked on

2019-03-04 16:15:46 - [TEST_STEP][PASSED] - delay(3): Delayed 3 second(s)

2019-03-04 16:15:49 - [MESSAGE][PASSED] - Delayed 3 second(s)

2019-03-04 16:15:49 - [TEST_STEP][PASSED] - click(findTestObject("PremiumPage/Bind")): Object: 'Object Repository/PremiumPage/Bind' is clicked on

2019-03-04 16:15:52 - [MESSAGE][PASSED] - Object: 'Object Repository/PremiumPage/Bind' is clicked on

2019-03-04 16:15:52 - [TEST_STEP][PASSED] - delay(5): Delayed 5 second(s)

2019-03-04 16:15:57 - [MESSAGE][PASSED] - Delayed 5 second(s)

2019-03-04 16:15:57 - [TEST_STEP][PASSED] - click(findTestObject("PaymentDetails/PaymentMethods")): Object: 'Object Repository/PaymentDetails/PaymentMethods' is clicked on

2019-03-04 16:15:57 - [MESSAGE][PASSED] - Object: 'Object Repository/PaymentDetails/PaymentMethods' is clicked on

2019-03-04 16:15:57 - [TEST_STEP][PASSED] - selectOptionByLabel(findTestObject("PaymentDetails/SelectInstallment"), "1", false, STOP_ON_FAILURE): All options with label '1' are selected in object 'Object Repository/PaymentDetails/SelectInstallment' 

2019-03-04 16:15:57 - [MESSAGE][PASSED] - All options with label '1' are selected in object 'Object Repository/PaymentDetails/SelectInstallment' 

2019-03-04 16:15:57 - [TEST_STEP][PASSED] - delay(3): Delayed 3 second(s)

2019-03-04 16:16:00 - [MESSAGE][PASSED] - Delayed 3 second(s)

2019-03-04 16:16:00 - [TEST_STEP][PASSED] - click(findTestObject("PaymentDetails/PaymentBind")): Object: 'Object Repository/PaymentDetails/PaymentBind' is clicked on

2019-03-04 16:16:01 - [MESSAGE][PASSED] - Object: 'Object Repository/PaymentDetails/PaymentBind' is clicked on

2019-03-04 16:16:01 - [TEST_STEP][PASSED] - delay(5): Delayed 5 second(s)

2019-03-04 16:16:06 - [MESSAGE][PASSED] - Delayed 5 second(s)

2019-03-04 16:16:06 - [TEST_STEP][FAILED] - click(findTestObject("PaymentDetails/Email")): click(findTestObject("PaymentDetails/Email")) FAILED.
Reason:
com.kms.katalon.core.exception.StepFailedException: Unable to click on object 'Object Repository/PaymentDetails/Email'
	at com.kms.katalon.core.keyword.internal.KeywordMain.stepFailed(KeywordMain.groovy:48)
	at com.kms.katalon.core.webui.keyword.internal.WebUIKeywordMain.stepFailed(WebUIKeywordMain.groovy:65)
	at com.kms.katalon.core.webui.keyword.internal.WebUIKeywordMain.runKeyword(WebUIKeywordMain.groovy:27)
	at com.kms.katalon.core.webui.keyword.builtin.ClickKeyword.click(ClickKeyword.groovy:86)
	at com.kms.katalon.core.webui.keyword.builtin.ClickKeyword.execute(ClickKeyword.groovy:67)
	at com.kms.katalon.core.keyword.internal.KeywordExecutor.executeKeywordForPlatform(KeywordExecutor.groovy:56)
	at com.kms.katalon.core.webui.keyword.WebUiBuiltInKeywords.click(WebUiBuiltInKeywords.groovy:616)
	at com.kms.katalon.core.webui.keyword.WebUiBuiltInKeywords$click$4.call(Unknown Source)
	at StartQuote.run(StartQuote:117)
	at com.kms.katalon.core.main.ScriptEngine.run(ScriptEngine.java:194)
	at com.kms.katalon.core.main.ScriptEngine.runScriptAsRawText(ScriptEngine.java:119)
	at com.kms.katalon.core.main.TestCaseExecutor.runScript(TestCaseExecutor.java:331)
	at com.kms.katalon.core.main.TestCaseExecutor.doExecute(TestCaseExecutor.java:322)
	at com.kms.katalon.core.main.TestCaseExecutor.processExecutionPhase(TestCaseExecutor.java:301)
	at com.kms.katalon.core.main.TestCaseExecutor.accessMainPhase(TestCaseExecutor.java:293)
	at com.kms.katalon.core.main.TestCaseExecutor.execute(TestCaseExecutor.java:227)
	at com.kms.katalon.core.main.TestCaseMain.runTestCase(TestCaseMain.java:114)
	at com.kms.katalon.core.keyword.builtin.CallTestCaseKeyword$_callTestCase_closure1.doCall(CallTestCaseKeyword.groovy:59)
	at com.kms.katalon.core.keyword.builtin.CallTestCaseKeyword$_callTestCase_closure1.call(CallTestCaseKeyword.groovy)
	at com.kms.katalon.core.keyword.internal.KeywordMain.runKeyword(KeywordMain.groovy:66)
	at com.kms.katalon.core.keyword.builtin.CallTestCaseKeyword.callTestCase(CallTestCaseKeyword.groovy:81)
	at com.kms.katalon.core.keyword.builtin.CallTestCaseKeyword.execute(CallTestCaseKeyword.groovy:44)
	at com.kms.katalon.core.keyword.internal.KeywordExecutor.executeKeywordForPlatform(KeywordExecutor.groovy:56)
	at com.kms.katalon.core.keyword.BuiltinKeywords.callTestCase(BuiltinKeywords.groovy:334)
	at DataDriven.run(DataDriven:40)
	at com.kms.katalon.core.main.ScriptEngine.run(ScriptEngine.java:194)
	at com.kms.katalon.core.main.ScriptEngine.runScriptAsRawText(ScriptEngine.java:119)
	at com.kms.katalon.core.main.TestCaseExecutor.runScript(TestCaseExecutor.java:331)
	at com.kms.katalon.core.main.TestCaseExecutor.doExecute(TestCaseExecutor.java:322)
	at com.kms.katalon.core.main.TestCaseExecutor.processExecutionPhase(TestCaseExecutor.java:301)
	at com.kms.katalon.core.main.TestCaseExecutor.accessMainPhase(TestCaseExecutor.java:293)
	at com.kms.katalon.core.main.TestCaseExecutor.execute(TestCaseExecutor.java:227)
	at com.kms.katalon.core.main.TestSuiteExecutor.accessTestCaseMainPhase(TestSuiteExecutor.java:129)
	at com.kms.katalon.core.main.TestSuiteExecutor.accessTestSuiteMainPhase(TestSuiteExecutor.java:112)
	at com.kms.katalon.core.main.TestSuiteExecutor.execute(TestSuiteExecutor.java:81)
	at com.kms.katalon.core.main.TestCaseMain.startTestSuite(TestCaseMain.java:157)
	at com.kms.katalon.core.main.TestCaseMain$startTestSuite$0.call(Unknown Source)
	at TempTestSuite1551696228007.run(TempTestSuite1551696228007.groovy:35)


2019-03-04 16:16:07 - [MESSAGE][FAILED] - Unable to click on object 'Object Repository/PaymentDetails/Email'
[[ATTACHMENT|E:\\MarkitCore\\Katalon\\Katalon\\MarkitCore\\Reports\\BuyProcess\\20190304_161347\\1551696367114.png]]

2019-03-04 16:16:07 - [MESSAGE][FAILED] - click(findTestObject("PaymentDetails/Email")) FAILED.
Reason:
com.kms.katalon.core.exception.StepFailedException: Unable to click on object 'Object Repository/PaymentDetails/Email'
	at com.kms.katalon.core.keyword.internal.KeywordMain.stepFailed(KeywordMain.groovy:48)
	at com.kms.katalon.core.webui.keyword.internal.WebUIKeywordMain.stepFailed(WebUIKeywordMain.groovy:65)
	at com.kms.katalon.core.webui.keyword.internal.WebUIKeywordMain.runKeyword(WebUIKeywordMain.groovy:27)
	at com.kms.katalon.core.webui.keyword.builtin.ClickKeyword.click(ClickKeyword.groovy:86)
	at com.kms.katalon.core.webui.keyword.builtin.ClickKeyword.execute(ClickKeyword.groovy:67)
	at com.kms.katalon.core.keyword.internal.KeywordExecutor.executeKeywordForPlatform(KeywordExecutor.groovy:56)
	at com.kms.katalon.core.webui.keyword.WebUiBuiltInKeywords.click(WebUiBuiltInKeywords.groovy:616)
	at com.kms.katalon.core.webui.keyword.WebUiBuiltInKeywords$click$4.call(Unknown Source)
	at StartQuote.run(StartQuote:117)
	at com.kms.katalon.core.main.ScriptEngine.run(ScriptEngine.java:194)
	at com.kms.katalon.core.main.ScriptEngine.runScriptAsRawText(ScriptEngine.java:119)
	at com.kms.katalon.core.main.TestCaseExecutor.runScript(TestCaseExecutor.java:331)
	at com.kms.katalon.core.main.TestCaseExecutor.doExecute(TestCaseExecutor.java:322)
	at com.kms.katalon.core.main.TestCaseExecutor.processExecutionPhase(TestCaseExecutor.java:301)
	at com.kms.katalon.core.main.TestCaseExecutor.accessMainPhase(TestCaseExecutor.java:293)
	at com.kms.katalon.core.main.TestCaseExecutor.execute(TestCaseExecutor.java:227)
	at com.kms.katalon.core.main.TestCaseMain.runTestCase(TestCaseMain.java:114)
	at com.kms.katalon.core.keyword.builtin.CallTestCaseKeyword$_callTestCase_closure1.doCall(CallTestCaseKeyword.groovy:59)
	at com.kms.katalon.core.keyword.builtin.CallTestCaseKeyword$_callTestCase_closure1.call(CallTestCaseKeyword.groovy)
	at com.kms.katalon.core.keyword.internal.KeywordMain.runKeyword(KeywordMain.groovy:66)
	at com.kms.katalon.core.keyword.builtin.CallTestCaseKeyword.callTestCase(CallTestCaseKeyword.groovy:81)
	at com.kms.katalon.core.keyword.builtin.CallTestCaseKeyword.execute(CallTestCaseKeyword.groovy:44)
	at com.kms.katalon.core.keyword.internal.KeywordExecutor.executeKeywordForPlatform(KeywordExecutor.groovy:56)
	at com.kms.katalon.core.keyword.BuiltinKeywords.callTestCase(BuiltinKeywords.groovy:334)
	at DataDriven.run(DataDriven:40)
	at com.kms.katalon.core.main.ScriptEngine.run(ScriptEngine.java:194)
	at com.kms.katalon.core.main.ScriptEngine.runScriptAsRawText(ScriptEngine.java:119)
	at com.kms.katalon.core.main.TestCaseExecutor.runScript(TestCaseExecutor.java:331)
	at com.kms.katalon.core.main.TestCaseExecutor.doExecute(TestCaseExecutor.java:322)
	at com.kms.katalon.core.main.TestCaseExecutor.processExecutionPhase(TestCaseExecutor.java:301)
	at com.kms.katalon.core.main.TestCaseExecutor.accessMainPhase(TestCaseExecutor.java:293)
	at com.kms.katalon.core.main.TestCaseExecutor.execute(TestCaseExecutor.java:227)
	at com.kms.katalon.core.main.TestSuiteExecutor.accessTestCaseMainPhase(TestSuiteExecutor.java:129)
	at com.kms.katalon.core.main.TestSuiteExecutor.accessTestSuiteMainPhase(TestSuiteExecutor.java:112)
	at com.kms.katalon.core.main.TestSuiteExecutor.execute(TestSuiteExecutor.java:81)
	at com.kms.katalon.core.main.TestCaseMain.startTestSuite(TestCaseMain.java:157)
	at com.kms.katalon.core.main.TestCaseMain$startTestSuite$0.call(Unknown Source)
	at TempTestSuite1551696228007.run(TempTestSuite1551696228007.groovy:35)


2019-03-04 16:16:07 - [MESSAGE][FAILED] - Unable to call Test Case 'Test Cases/StartQuote' (Root cause: com.kms.katalon.core.exception.StepFailedException: Call Test Case 'Test Cases/StartQuote' failed
	at com.kms.katalon.core.keyword.builtin.CallTestCaseKeyword$_callTestCase_closure1.doCall(CallTestCaseKeyword.groovy:63)
	at com.kms.katalon.core.keyword.builtin.CallTestCaseKeyword$_callTestCase_closure1.call(CallTestCaseKeyword.groovy)
	at com.kms.katalon.core.keyword.internal.KeywordMain.runKeyword(KeywordMain.groovy:66)
	at com.kms.katalon.core.keyword.builtin.CallTestCaseKeyword.callTestCase(CallTestCaseKeyword.groovy:81)
	at com.kms.katalon.core.keyword.builtin.CallTestCaseKeyword.execute(CallTestCaseKeyword.groovy:44)
	at com.kms.katalon.core.keyword.internal.KeywordExecutor.executeKeywordForPlatform(KeywordExecutor.groovy:56)
	at com.kms.katalon.core.keyword.BuiltinKeywords.callTestCase(BuiltinKeywords.groovy:334)
	at DataDriven.run(DataDriven:40)
	at com.kms.katalon.core.main.ScriptEngine.run(ScriptEngine.java:194)
	at com.kms.katalon.core.main.ScriptEngine.runScriptAsRawText(ScriptEngine.java:119)
	at com.kms.katalon.core.main.TestCaseExecutor.runScript(TestCaseExecutor.java:331)
	at com.kms.katalon.core.main.TestCaseExecutor.doExecute(TestCaseExecutor.java:322)
	at com.kms.katalon.core.main.TestCaseExecutor.processExecutionPhase(TestCaseExecutor.java:301)
	at com.kms.katalon.core.main.TestCaseExecutor.accessMainPhase(TestCaseExecutor.java:293)
	at com.kms.katalon.core.main.TestCaseExecutor.execute(TestCaseExecutor.java:227)
	at com.kms.katalon.core.main.TestSuiteExecutor.accessTestCaseMainPhase(TestSuiteExecutor.java:129)
	at com.kms.katalon.core.main.TestSuiteExecutor.accessTestSuiteMainPhase(TestSuiteExecutor.java:112)
	at com.kms.katalon.core.main.TestSuiteExecutor.execute(TestSuiteExecutor.java:81)
	at com.kms.katalon.core.main.TestCaseMain.startTestSuite(TestCaseMain.java:157)
	at com.kms.katalon.core.main.TestCaseMain$startTestSuite$0.call(Unknown Source)
	at TempTestSuite1551696228007.run(TempTestSuite1551696228007.groovy:35)
Caused by: com.kms.katalon.core.exception.StepFailedException: Unable to click on object 'Object Repository/PaymentDetails/Email'
	at com.kms.katalon.core.keyword.internal.KeywordMain.stepFailed(KeywordMain.groovy:48)
	at com.kms.katalon.core.webui.keyword.internal.WebUIKeywordMain.stepFailed(WebUIKeywordMain.groovy:65)
	at com.kms.katalon.core.webui.keyword.internal.WebUIKeywordMain.runKeyword(WebUIKeywordMain.groovy:27)
	at com.kms.katalon.core.webui.keyword.builtin.ClickKeyword.click(ClickKeyword.groovy:86)
	at com.kms.katalon.core.webui.keyword.builtin.ClickKeyword.execute(ClickKeyword.groovy:67)
	at com.kms.katalon.core.keyword.internal.KeywordExecutor.executeKeywordForPlatform(KeywordExecutor.groovy:56)
	at com.kms.katalon.core.webui.keyword.WebUiBuiltInKeywords.click(WebUiBuiltInKeywords.groovy:616)
	at com.kms.katalon.core.webui.keyword.WebUiBuiltInKeywords$click$4.call(Unknown Source)
	at StartQuote.run(StartQuote:117)
	at com.kms.katalon.core.main.ScriptEngine.run(ScriptEngine.java:194)
	at com.kms.katalon.core.main.ScriptEngine.runScriptAsRawText(ScriptEngine.java:119)
	at com.kms.katalon.core.main.TestCaseExecutor.runScript(TestCaseExecutor.java:331)
	at com.kms.katalon.core.main.TestCaseExecutor.doExecute(TestCaseExecutor.java:322)
	at com.kms.katalon.core.main.TestCaseExecutor.processExecutionPhase(TestCaseExecutor.java:301)
	at com.kms.katalon.core.main.TestCaseExecutor.accessMainPhase(TestCaseExecutor.java:293)
	at com.kms.katalon.core.main.TestCaseExecutor.execute(TestCaseExecutor.java:227)
	at com.kms.katalon.core.main.TestCaseMain.runTestCase(TestCaseMain.java:114)
	at com.kms.katalon.core.keyword.builtin.CallTestCaseKeyword$_callTestCase_closure1.doCall(CallTestCaseKeyword.groovy:59)
	... 20 more
)

2019-03-04 16:16:07 - [MESSAGE][FAILED] - callTestCase(findTestCase("StartQuote"), [:], STOP_ON_FAILURE) FAILED.
Reason:
com.kms.katalon.core.exception.StepFailedException: Call Test Case 'Test Cases/StartQuote' failed
	at com.kms.katalon.core.keyword.builtin.CallTestCaseKeyword$_callTestCase_closure1.doCall(CallTestCaseKeyword.groovy:63)
	at com.kms.katalon.core.keyword.builtin.CallTestCaseKeyword$_callTestCase_closure1.call(CallTestCaseKeyword.groovy)
	at com.kms.katalon.core.keyword.internal.KeywordMain.runKeyword(KeywordMain.groovy:66)
	at com.kms.katalon.core.keyword.builtin.CallTestCaseKeyword.callTestCase(CallTestCaseKeyword.groovy:81)
	at com.kms.katalon.core.keyword.builtin.CallTestCaseKeyword.execute(CallTestCaseKeyword.groovy:44)
	at com.kms.katalon.core.keyword.internal.KeywordExecutor.executeKeywordForPlatform(KeywordExecutor.groovy:56)
	at com.kms.katalon.core.keyword.BuiltinKeywords.callTestCase(BuiltinKeywords.groovy:334)
	at DataDriven.run(DataDriven:40)
	at com.kms.katalon.core.main.ScriptEngine.run(ScriptEngine.java:194)
	at com.kms.katalon.core.main.ScriptEngine.runScriptAsRawText(ScriptEngine.java:119)
	at com.kms.katalon.core.main.TestCaseExecutor.runScript(TestCaseExecutor.java:331)
	at com.kms.katalon.core.main.TestCaseExecutor.doExecute(TestCaseExecutor.java:322)
	at com.kms.katalon.core.main.TestCaseExecutor.processExecutionPhase(TestCaseExecutor.java:301)
	at com.kms.katalon.core.main.TestCaseExecutor.accessMainPhase(TestCaseExecutor.java:293)
	at com.kms.katalon.core.main.TestCaseExecutor.execute(TestCaseExecutor.java:227)
	at com.kms.katalon.core.main.TestSuiteExecutor.accessTestCaseMainPhase(TestSuiteExecutor.java:129)
	at com.kms.katalon.core.main.TestSuiteExecutor.accessTestSuiteMainPhase(TestSuiteExecutor.java:112)
	at com.kms.katalon.core.main.TestSuiteExecutor.execute(TestSuiteExecutor.java:81)
	at com.kms.katalon.core.main.TestCaseMain.startTestSuite(TestCaseMain.java:157)
	at com.kms.katalon.core.main.TestCaseMain$startTestSuite$0.call(Unknown Source)
	at TempTestSuite1551696228007.run(TempTestSuite1551696228007.groovy:35)
Caused by: com.kms.katalon.core.exception.StepFailedException: Unable to click on object 'Object Repository/PaymentDetails/Email'
	at com.kms.katalon.core.keyword.internal.KeywordMain.stepFailed(KeywordMain.groovy:48)
	at com.kms.katalon.core.webui.keyword.internal.WebUIKeywordMain.stepFailed(WebUIKeywordMain.groovy:65)
	at com.kms.katalon.core.webui.keyword.internal.WebUIKeywordMain.runKeyword(WebUIKeywordMain.groovy:27)
	at com.kms.katalon.core.webui.keyword.builtin.ClickKeyword.click(ClickKeyword.groovy:86)
	at com.kms.katalon.core.webui.keyword.builtin.ClickKeyword.execute(ClickKeyword.groovy:67)
	at com.kms.katalon.core.keyword.internal.KeywordExecutor.executeKeywordForPlatform(KeywordExecutor.groovy:56)
	at com.kms.katalon.core.webui.keyword.WebUiBuiltInKeywords.click(WebUiBuiltInKeywords.groovy:616)
	at com.kms.katalon.core.webui.keyword.WebUiBuiltInKeywords$click$4.call(Unknown Source)
	at StartQuote.run(StartQuote:117)
	at com.kms.katalon.core.main.ScriptEngine.run(ScriptEngine.java:194)
	at com.kms.katalon.core.main.ScriptEngine.runScriptAsRawText(ScriptEngine.java:119)
	at com.kms.katalon.core.main.TestCaseExecutor.runScript(TestCaseExecutor.java:331)
	at com.kms.katalon.core.main.TestCaseExecutor.doExecute(TestCaseExecutor.java:322)
	at com.kms.katalon.core.main.TestCaseExecutor.processExecutionPhase(TestCaseExecutor.java:301)
	at com.kms.katalon.core.main.TestCaseExecutor.accessMainPhase(TestCaseExecutor.java:293)
	at com.kms.katalon.core.main.TestCaseExecutor.execute(TestCaseExecutor.java:227)
	at com.kms.katalon.core.main.TestCaseMain.runTestCase(TestCaseMain.java:114)
	at com.kms.katalon.core.keyword.builtin.CallTestCaseKeyword$_callTestCase_closure1.doCall(CallTestCaseKeyword.groovy:59)
	... 20 more]]></system-out>
         <system-err><![CDATA[2019-03-04 16:13:54 - [TEST_CASE][FAILED] - Test Cases/DataDriven: Test Cases/DataDriven FAILED.
Reason:
com.kms.katalon.core.exception.StepFailedException: Call Test Case 'Test Cases/StartQuote' failed
	at com.kms.katalon.core.keyword.builtin.CallTestCaseKeyword$_callTestCase_closure1.doCall(CallTestCaseKeyword.groovy:63)
	at com.kms.katalon.core.keyword.builtin.CallTestCaseKeyword$_callTestCase_closure1.call(CallTestCaseKeyword.groovy)
	at com.kms.katalon.core.keyword.internal.KeywordMain.runKeyword(KeywordMain.groovy:66)
	at com.kms.katalon.core.keyword.builtin.CallTestCaseKeyword.callTestCase(CallTestCaseKeyword.groovy:81)
	at com.kms.katalon.core.keyword.builtin.CallTestCaseKeyword.execute(CallTestCaseKeyword.groovy:44)
	at com.kms.katalon.core.keyword.internal.KeywordExecutor.executeKeywordForPlatform(KeywordExecutor.groovy:56)
	at com.kms.katalon.core.keyword.BuiltinKeywords.callTestCase(BuiltinKeywords.groovy:334)
	at DataDriven.run(DataDriven:40)
	at com.kms.katalon.core.main.ScriptEngine.run(ScriptEngine.java:194)
	at com.kms.katalon.core.main.ScriptEngine.runScriptAsRawText(ScriptEngine.java:119)
	at com.kms.katalon.core.main.TestCaseExecutor.runScript(TestCaseExecutor.java:331)
	at com.kms.katalon.core.main.TestCaseExecutor.doExecute(TestCaseExecutor.java:322)
	at com.kms.katalon.core.main.TestCaseExecutor.processExecutionPhase(TestCaseExecutor.java:301)
	at com.kms.katalon.core.main.TestCaseExecutor.accessMainPhase(TestCaseExecutor.java:293)
	at com.kms.katalon.core.main.TestCaseExecutor.execute(TestCaseExecutor.java:227)
	at com.kms.katalon.core.main.TestSuiteExecutor.accessTestCaseMainPhase(TestSuiteExecutor.java:129)
	at com.kms.katalon.core.main.TestSuiteExecutor.accessTestSuiteMainPhase(TestSuiteExecutor.java:112)
	at com.kms.katalon.core.main.TestSuiteExecutor.execute(TestSuiteExecutor.java:81)
	at com.kms.katalon.core.main.TestCaseMain.startTestSuite(TestCaseMain.java:157)
	at com.kms.katalon.core.main.TestCaseMain$startTestSuite$0.call(Unknown Source)
	at TempTestSuite1551696228007.run(TempTestSuite1551696228007.groovy:35)
Caused by: com.kms.katalon.core.exception.StepFailedException: Unable to click on object 'Object Repository/PaymentDetails/Email'
	at com.kms.katalon.core.keyword.internal.KeywordMain.stepFailed(KeywordMain.groovy:48)
	at com.kms.katalon.core.webui.keyword.internal.WebUIKeywordMain.stepFailed(WebUIKeywordMain.groovy:65)
	at com.kms.katalon.core.webui.keyword.internal.WebUIKeywordMain.runKeyword(WebUIKeywordMain.groovy:27)
	at com.kms.katalon.core.webui.keyword.builtin.ClickKeyword.click(ClickKeyword.groovy:86)
	at com.kms.katalon.core.webui.keyword.builtin.ClickKeyword.execute(ClickKeyword.groovy:67)
	at com.kms.katalon.core.keyword.internal.KeywordExecutor.executeKeywordForPlatform(KeywordExecutor.groovy:56)
	at com.kms.katalon.core.webui.keyword.WebUiBuiltInKeywords.click(WebUiBuiltInKeywords.groovy:616)
	at com.kms.katalon.core.webui.keyword.WebUiBuiltInKeywords$click$4.call(Unknown Source)
	at StartQuote.run(StartQuote:117)
	at com.kms.katalon.core.main.ScriptEngine.run(ScriptEngine.java:194)
	at com.kms.katalon.core.main.ScriptEngine.runScriptAsRawText(ScriptEngine.java:119)
	at com.kms.katalon.core.main.TestCaseExecutor.runScript(TestCaseExecutor.java:331)
	at com.kms.katalon.core.main.TestCaseExecutor.doExecute(TestCaseExecutor.java:322)
	at com.kms.katalon.core.main.TestCaseExecutor.processExecutionPhase(TestCaseExecutor.java:301)
	at com.kms.katalon.core.main.TestCaseExecutor.accessMainPhase(TestCaseExecutor.java:293)
	at com.kms.katalon.core.main.TestCaseExecutor.execute(TestCaseExecutor.java:227)
	at com.kms.katalon.core.main.TestCaseMain.runTestCase(TestCaseMain.java:114)
	at com.kms.katalon.core.keyword.builtin.CallTestCaseKeyword$_callTestCase_closure1.doCall(CallTestCaseKeyword.groovy:59)
	... 20 more]]></system-err>
      </testcase>
      <testcase name="Test Cases/DataDriven" classname="Test Cases/DataDriven" status="FAILED">
         <failure type="FAILED" message="Test Cases/DataDriven FAILED.
Reason:
com.kms.katalon.core.exception.StepFailedException: Unable to click on object 'Object Repository/Logout'
	at com.kms.katalon.core.keyword.internal.KeywordMain.stepFailed(KeywordMain.groovy:48)
	at com.kms.katalon.core.webui.keyword.internal.WebUIKeywordMain.stepFailed(WebUIKeywordMain.groovy:65)
	at com.kms.katalon.core.webui.keyword.internal.WebUIKeywordMain.runKeyword(WebUIKeywordMain.groovy:27)
	at com.kms.katalon.core.webui.keyword.builtin.ClickKeyword.click(ClickKeyword.groovy:86)
	at com.kms.katalon.core.webui.keyword.builtin.ClickKeyword.execute(ClickKeyword.groovy:67)
	at com.kms.katalon.core.keyword.internal.KeywordExecutor.executeKeywordForPlatform(KeywordExecutor.groovy:56)
	at com.kms.katalon.core.webui.keyword.WebUiBuiltInKeywords.click(WebUiBuiltInKeywords.groovy:616)
	at com.kms.katalon.core.webui.keyword.WebUiBuiltInKeywords$click$4.call(Unknown Source)
	at DataDriven.run(DataDriven:44)
	at com.kms.katalon.core.main.ScriptEngine.run(ScriptEngine.java:194)
	at com.kms.katalon.core.main.ScriptEngine.runScriptAsRawText(ScriptEngine.java:119)
	at com.kms.katalon.core.main.TestCaseExecutor.runScript(TestCaseExecutor.java:331)
	at com.kms.katalon.core.main.TestCaseExecutor.doExecute(TestCaseExecutor.java:322)
	at com.kms.katalon.core.main.TestCaseExecutor.processExecutionPhase(TestCaseExecutor.java:301)
	at com.kms.katalon.core.main.TestCaseExecutor.accessMainPhase(TestCaseExecutor.java:293)
	at com.kms.katalon.core.main.TestCaseExecutor.execute(TestCaseExecutor.java:227)
	at com.kms.katalon.core.main.TestSuiteExecutor.accessTestCaseMainPhase(TestSuiteExecutor.java:129)
	at com.kms.katalon.core.main.TestSuiteExecutor.accessTestSuiteMainPhase(TestSuiteExecutor.java:112)
	at com.kms.katalon.core.main.TestSuiteExecutor.execute(TestSuiteExecutor.java:81)
	at com.kms.katalon.core.main.TestCaseMain.startTestSuite(TestCaseMain.java:157)
	at com.kms.katalon.core.main.TestCaseMain$startTestSuite$0.call(Unknown Source)
	at TempTestSuite1551696228007.run(TempTestSuite1551696228007.groovy:35)
"/>
         <system-out><![CDATA[2019-03-04 16:16:07 - [TEST_CASE][FAILED] - Test Cases/DataDriven: Test Cases/DataDriven FAILED.
Reason:
com.kms.katalon.core.exception.StepFailedException: Unable to click on object 'Object Repository/Logout'
	at com.kms.katalon.core.keyword.internal.KeywordMain.stepFailed(KeywordMain.groovy:48)
	at com.kms.katalon.core.webui.keyword.internal.WebUIKeywordMain.stepFailed(WebUIKeywordMain.groovy:65)
	at com.kms.katalon.core.webui.keyword.internal.WebUIKeywordMain.runKeyword(WebUIKeywordMain.groovy:27)
	at com.kms.katalon.core.webui.keyword.builtin.ClickKeyword.click(ClickKeyword.groovy:86)
	at com.kms.katalon.core.webui.keyword.builtin.ClickKeyword.execute(ClickKeyword.groovy:67)
	at com.kms.katalon.core.keyword.internal.KeywordExecutor.executeKeywordForPlatform(KeywordExecutor.groovy:56)
	at com.kms.katalon.core.webui.keyword.WebUiBuiltInKeywords.click(WebUiBuiltInKeywords.groovy:616)
	at com.kms.katalon.core.webui.keyword.WebUiBuiltInKeywords$click$4.call(Unknown Source)
	at DataDriven.run(DataDriven:44)
	at com.kms.katalon.core.main.ScriptEngine.run(ScriptEngine.java:194)
	at com.kms.katalon.core.main.ScriptEngine.runScriptAsRawText(ScriptEngine.java:119)
	at com.kms.katalon.core.main.TestCaseExecutor.runScript(TestCaseExecutor.java:331)
	at com.kms.katalon.core.main.TestCaseExecutor.doExecute(TestCaseExecutor.java:322)
	at com.kms.katalon.core.main.TestCaseExecutor.processExecutionPhase(TestCaseExecutor.java:301)
	at com.kms.katalon.core.main.TestCaseExecutor.accessMainPhase(TestCaseExecutor.java:293)
	at com.kms.katalon.core.main.TestCaseExecutor.execute(TestCaseExecutor.java:227)
	at com.kms.katalon.core.main.TestSuiteExecutor.accessTestCaseMainPhase(TestSuiteExecutor.java:129)
	at com.kms.katalon.core.main.TestSuiteExecutor.accessTestSuiteMainPhase(TestSuiteExecutor.java:112)
	at com.kms.katalon.core.main.TestSuiteExecutor.execute(TestSuiteExecutor.java:81)
	at com.kms.katalon.core.main.TestCaseMain.startTestSuite(TestCaseMain.java:157)
	at com.kms.katalon.core.main.TestCaseMain$startTestSuite$0.call(Unknown Source)
	at TempTestSuite1551696228007.run(TempTestSuite1551696228007.groovy:35)


2019-03-04 16:16:07 - [TEST_STEP][PASSED] - openBrowser("https://dev.markit-systems.com/markit_coreV2/Sites/CoreTest/login/admin_display"): Browser is opened with url: 'https://dev.markit-systems.com/markit_coreV2/Sites/CoreTest/login/admin_display'

2019-03-04 16:16:07 - [MESSAGE][WARNING] - A browser is already opened. Closing browser and opening a new one

2019-03-04 16:16:08 - [MESSAGE][INFO] - Starting 'Chrome' driver

2019-03-04 16:16:14 - [MESSAGE][PASSED] - Browser is opened with url: 'https://dev.markit-systems.com/markit_coreV2/Sites/CoreTest/login/admin_display'

2019-03-04 16:16:14 - [TEST_STEP][PASSED] - maximizeWindow(): Current window maximized

2019-03-04 16:16:14 - [MESSAGE][PASSED] - Current window maximized

2019-03-04 16:16:14 - [TEST_STEP][PASSED] - waitForPageLoad(4): Wait for page load successfully

2019-03-04 16:16:14 - [MESSAGE][PASSED] - Wait for page load successfully

2019-03-04 16:16:14 - [TEST_STEP][PASSED] - setText(findTestObject("Username"), UserName): Text 'dDasTester' is set on object 'Object Repository/Username'

2019-03-04 16:16:14 - [MESSAGE][PASSED] - Text 'dDasTester' is set on object 'Object Repository/Username'

2019-03-04 16:16:14 - [TEST_STEP][PASSED] - waitForPageLoad(4): Wait for page load successfully

2019-03-04 16:16:14 - [MESSAGE][PASSED] - Wait for page load successfully

2019-03-04 16:16:14 - [TEST_STEP][PASSED] - setText(findTestObject("Password"), Password): Text 'Czybm6R*' is set on object 'Object Repository/Password'

2019-03-04 16:16:14 - [MESSAGE][PASSED] - Text 'Czybm6R*' is set on object 'Object Repository/Password'

2019-03-04 16:16:14 - [TEST_STEP][PASSED] - delay(5): Delayed 5 second(s)

2019-03-04 16:16:19 - [MESSAGE][PASSED] - Delayed 5 second(s)

2019-03-04 16:16:19 - [TEST_STEP][PASSED] - waitForElementClickable(findTestObject("LoginButton"), 5): Object 'Object Repository/LoginButton' is clickable

2019-03-04 16:16:20 - [MESSAGE][PASSED] - Object 'Object Repository/LoginButton' is clickable

2019-03-04 16:16:20 - [TEST_STEP][PASSED] - click(findTestObject("LoginButton")): Object: 'Object Repository/LoginButton' is clicked on

2019-03-04 16:16:25 - [MESSAGE][PASSED] - Object: 'Object Repository/LoginButton' is clicked on

2019-03-04 16:16:25 - [TEST_STEP][PASSED] - delay(3): Delayed 3 second(s)

2019-03-04 16:16:28 - [MESSAGE][PASSED] - Delayed 3 second(s)

2019-03-04 16:16:28 - [TEST_STEP][PASSED] - callTestCase(findTestCase("ClientSearch"), [:], STOP_ON_FAILURE): Call Test Case 'Test Cases/ClientSearch' successfully

2019-03-04 16:16:28 - [TEST_CASE][PASSED] - Test Cases/ClientSearch: Test Cases/ClientSearch

2019-03-04 16:16:28 - [TEST_STEP][PASSED] - waitForElementClickable(findTestObject("ClientSearch"), 10): Object 'Object Repository/ClientSearch' is clickable

2019-03-04 16:16:28 - [MESSAGE][PASSED] - Object 'Object Repository/ClientSearch' is clickable

2019-03-04 16:16:28 - [TEST_STEP][PASSED] - click(findTestObject("ClientSearch")): Object: 'Object Repository/ClientSearch' is clicked on

2019-03-04 16:16:29 - [MESSAGE][PASSED] - Object: 'Object Repository/ClientSearch' is clicked on

2019-03-04 16:16:29 - [TEST_STEP][PASSED] - delay(5): Delayed 5 second(s)

2019-03-04 16:16:34 - [MESSAGE][PASSED] - Delayed 5 second(s)

2019-03-04 16:16:34 - [TEST_STEP][PASSED] - sendKeys(findTestObject("SearchText"), "Dipak"): Keys 'Dipak' sent to object: 'Object Repository/SearchText'

2019-03-04 16:16:34 - [MESSAGE][PASSED] - Keys 'Dipak' sent to object: 'Object Repository/SearchText'

2019-03-04 16:16:34 - [TEST_STEP][PASSED] - sendKeys(findTestObject("SearchText"), Keys.chord(ENTER)): Keys 'ENTER + ' sent to object: 'Object Repository/SearchText'

2019-03-04 16:16:34 - [MESSAGE][PASSED] - Keys 'ENTER + ' sent to object: 'Object Repository/SearchText'

2019-03-04 16:16:34 - [TEST_STEP][PASSED] - delay(3): Delayed 3 second(s)

2019-03-04 16:16:37 - [MESSAGE][PASSED] - Delayed 3 second(s)

2019-03-04 16:16:37 - [TEST_STEP][PASSED] - waitForElementClickable(findTestObject("ClientListingAction"), 5): Object 'Object Repository/ClientListingAction' is clickable

2019-03-04 16:16:37 - [MESSAGE][PASSED] - Object 'Object Repository/ClientListingAction' is clickable

2019-03-04 16:16:37 - [TEST_STEP][PASSED] - click(findTestObject("ClientListingAction")): Object: 'Object Repository/ClientListingAction' is clicked on

2019-03-04 16:16:38 - [MESSAGE][PASSED] - Object: 'Object Repository/ClientListingAction' is clicked on

2019-03-04 16:16:38 - [TEST_STEP][PASSED] - delay(5): Delayed 5 second(s)

2019-03-04 16:16:43 - [MESSAGE][PASSED] - Delayed 5 second(s)

2019-03-04 16:16:43 - [MESSAGE][PASSED] - Call Test Case 'Test Cases/ClientSearch' successfully

2019-03-04 16:16:43 - [TEST_STEP][PASSED] - delay(3): Delayed 3 second(s)

2019-03-04 16:16:46 - [MESSAGE][PASSED] - Delayed 3 second(s)

2019-03-04 16:16:46 - [TEST_STEP][PASSED] - callTestCase(findTestCase("StartQuote"), [:], STOP_ON_FAILURE): Call Test Case 'Test Cases/StartQuote' successfully

2019-03-04 16:16:46 - [TEST_CASE][PASSED] - Test Cases/StartQuote: Test Cases/StartQuote

2019-03-04 16:16:46 - [TEST_STEP][PASSED] - click(findTestObject("StartQuote")): Object: 'Object Repository/StartQuote' is clicked on

2019-03-04 16:16:48 - [MESSAGE][PASSED] - Object: 'Object Repository/StartQuote' is clicked on

2019-03-04 16:16:48 - [TEST_STEP][PASSED] - delay(3): Delayed 3 second(s)

2019-03-04 16:16:51 - [MESSAGE][PASSED] - Delayed 3 second(s)

2019-03-04 16:16:51 - [TEST_STEP][PASSED] - selectOptionByLabel(findTestObject("GeneralInformation/currency"), "ZAR", false): All options with label 'ZAR' are selected in object 'Object Repository/GeneralInformation/currency' 

2019-03-04 16:16:51 - [MESSAGE][PASSED] - All options with label 'ZAR' are selected in object 'Object Repository/GeneralInformation/currency' 

2019-03-04 16:16:51 - [TEST_STEP][PASSED] - delay(3): Delayed 3 second(s)

2019-03-04 16:16:54 - [MESSAGE][PASSED] - Delayed 3 second(s)

2019-03-04 16:16:54 - [TEST_STEP][PASSED] - selectOptionByLabel(findTestObject("GeneralInformation/SelectBroker"), "New Broker", false): All options with label 'New Broker' are selected in object 'Object Repository/GeneralInformation/SelectBroker' 

2019-03-04 16:16:54 - [MESSAGE][PASSED] - All options with label 'New Broker' are selected in object 'Object Repository/GeneralInformation/SelectBroker' 

2019-03-04 16:16:54 - [TEST_STEP][PASSED] - delay(3): Delayed 3 second(s)

2019-03-04 16:16:57 - [MESSAGE][PASSED] - Delayed 3 second(s)

2019-03-04 16:16:57 - [TEST_STEP][PASSED] - selectOptionByLabel(findTestObject("GeneralInformation/SelectProduct"), "BasicDemoProduct", false): All options with label 'BasicDemoProduct' are selected in object 'Object Repository/GeneralInformation/SelectProduct' 

2019-03-04 16:16:57 - [MESSAGE][PASSED] - All options with label 'BasicDemoProduct' are selected in object 'Object Repository/GeneralInformation/SelectProduct' 

2019-03-04 16:16:57 - [TEST_STEP][PASSED] - delay(3): Delayed 3 second(s)

2019-03-04 16:17:00 - [MESSAGE][PASSED] - Delayed 3 second(s)

2019-03-04 16:17:00 - [TEST_STEP][PASSED] - selectOptionByLabel(findTestObject("GeneralInformation/PolicyTerm"), "Monthly", false): All options with label 'Monthly' are selected in object 'Object Repository/GeneralInformation/PolicyTerm' 

2019-03-04 16:17:00 - [MESSAGE][PASSED] - All options with label 'Monthly' are selected in object 'Object Repository/GeneralInformation/PolicyTerm' 

2019-03-04 16:17:00 - [TEST_STEP][PASSED] - delay(3): Delayed 3 second(s)

2019-03-04 16:17:03 - [MESSAGE][PASSED] - Delayed 3 second(s)

2019-03-04 16:17:03 - [TEST_STEP][PASSED] - click(findTestObject("GeneralInformation/PolicyStartDate")): Object: 'Object Repository/GeneralInformation/PolicyStartDate' is clicked on

2019-03-04 16:17:03 - [MESSAGE][PASSED] - Object: 'Object Repository/GeneralInformation/PolicyStartDate' is clicked on

2019-03-04 16:17:03 - [TEST_STEP][PASSED] - delay(3): Delayed 3 second(s)

2019-03-04 16:17:06 - [MESSAGE][PASSED] - Delayed 3 second(s)

2019-03-04 16:17:06 - [TEST_STEP][PASSED] - selectOptionByLabel(findTestObject("GeneralInformation/Policy_Start_Year"), "2019", false): All options with label '2019' are selected in object 'Object Repository/GeneralInformation/Policy_Start_Year' 

2019-03-04 16:17:06 - [MESSAGE][PASSED] - All options with label '2019' are selected in object 'Object Repository/GeneralInformation/Policy_Start_Year' 

2019-03-04 16:17:06 - [TEST_STEP][PASSED] - delay(3): Delayed 3 second(s)

2019-03-04 16:17:09 - [MESSAGE][PASSED] - Delayed 3 second(s)

2019-03-04 16:17:09 - [TEST_STEP][PASSED] - selectOptionByLabel(findTestObject("GeneralInformation/Policy_Start_Month"), "Feb", false): All options with label 'Feb' are selected in object 'Object Repository/GeneralInformation/Policy_Start_Month' 

2019-03-04 16:17:10 - [MESSAGE][PASSED] - All options with label 'Feb' are selected in object 'Object Repository/GeneralInformation/Policy_Start_Month' 

2019-03-04 16:17:10 - [TEST_STEP][PASSED] - delay(3): Delayed 3 second(s)

2019-03-04 16:17:13 - [MESSAGE][PASSED] - Delayed 3 second(s)

2019-03-04 16:17:13 - [TEST_STEP][PASSED] - click(findTestObject("GeneralInformation/Policy_Start_Day")): Object: 'Object Repository/GeneralInformation/Policy_Start_Day' is clicked on

2019-03-04 16:17:14 - [MESSAGE][PASSED] - Object: 'Object Repository/GeneralInformation/Policy_Start_Day' is clicked on

2019-03-04 16:17:14 - [TEST_STEP][PASSED] - delay(3): Delayed 3 second(s)

2019-03-04 16:17:17 - [MESSAGE][PASSED] - Delayed 3 second(s)

2019-03-04 16:17:17 - [TEST_STEP][PASSED] - click(findTestObject("GeneralInformation/PolicyEndDate")): Object: 'Object Repository/GeneralInformation/PolicyEndDate' is clicked on

2019-03-04 16:17:17 - [MESSAGE][PASSED] - Object: 'Object Repository/GeneralInformation/PolicyEndDate' is clicked on

2019-03-04 16:17:17 - [TEST_STEP][PASSED] - delay(3): Delayed 3 second(s)

2019-03-04 16:17:20 - [MESSAGE][PASSED] - Delayed 3 second(s)

2019-03-04 16:17:20 - [TEST_STEP][PASSED] - selectOptionByLabel(findTestObject("GeneralInformation/Policy_Start_Year"), "2019", false): All options with label '2019' are selected in object 'Object Repository/GeneralInformation/Policy_Start_Year' 

2019-03-04 16:17:20 - [MESSAGE][PASSED] - All options with label '2019' are selected in object 'Object Repository/GeneralInformation/Policy_Start_Year' 

2019-03-04 16:17:20 - [TEST_STEP][PASSED] - delay(3): Delayed 3 second(s)

2019-03-04 16:17:23 - [MESSAGE][PASSED] - Delayed 3 second(s)

2019-03-04 16:17:23 - [TEST_STEP][PASSED] - selectOptionByLabel(findTestObject("GeneralInformation/Policy_Start_Month"), "Mar", false): All options with label 'Mar' are selected in object 'Object Repository/GeneralInformation/Policy_Start_Month' 

2019-03-04 16:17:23 - [MESSAGE][PASSED] - All options with label 'Mar' are selected in object 'Object Repository/GeneralInformation/Policy_Start_Month' 

2019-03-04 16:17:23 - [TEST_STEP][PASSED] - delay(3): Delayed 3 second(s)

2019-03-04 16:17:26 - [MESSAGE][PASSED] - Delayed 3 second(s)

2019-03-04 16:17:26 - [TEST_STEP][PASSED] - click(findTestObject("GeneralInformation/Policy_Start_Day")): Object: 'Object Repository/GeneralInformation/Policy_Start_Day' is clicked on

2019-03-04 16:17:26 - [MESSAGE][PASSED] - Object: 'Object Repository/GeneralInformation/Policy_Start_Day' is clicked on

2019-03-04 16:17:26 - [TEST_STEP][PASSED] - delay(3): Delayed 3 second(s)

2019-03-04 16:17:29 - [MESSAGE][PASSED] - Delayed 3 second(s)

2019-03-04 16:17:29 - [TEST_STEP][PASSED] - click(findTestObject("Object Repository/GeneralInformation/NextButton")): Object: 'Object Repository/GeneralInformation/NextButton' is clicked on

2019-03-04 16:17:29 - [MESSAGE][PASSED] - Object: 'Object Repository/GeneralInformation/NextButton' is clicked on

2019-03-04 16:17:29 - [TEST_STEP][PASSED] - delay(3): Delayed 3 second(s)

2019-03-04 16:17:32 - [MESSAGE][PASSED] - Delayed 3 second(s)

2019-03-04 16:17:32 - [TEST_STEP][PASSED] - click(findTestObject("GeneralInformation/CancelAlert")): Object: 'Object Repository/GeneralInformation/CancelAlert' is clicked on

2019-03-04 16:17:37 - [MESSAGE][PASSED] - Object: 'Object Repository/GeneralInformation/CancelAlert' is clicked on

2019-03-04 16:17:37 - [TEST_STEP][PASSED] - delay(5): Delayed 5 second(s)

2019-03-04 16:17:42 - [MESSAGE][PASSED] - Delayed 5 second(s)

2019-03-04 16:17:42 - [TEST_STEP][PASSED] - selectOptionByLabel(findTestObject("RiskDetails/Page_Markit core new  Risk details/SelectType"), "StandAlone", false): All options with label 'StandAlone' are selected in object 'Object Repository/RiskDetails/Page_Markit core new  Risk details/SelectType' 

2019-03-04 16:17:42 - [MESSAGE][PASSED] - All options with label 'StandAlone' are selected in object 'Object Repository/RiskDetails/Page_Markit core new  Risk details/SelectType' 

2019-03-04 16:17:42 - [TEST_STEP][PASSED] - delay(5): Delayed 5 second(s)

2019-03-04 16:17:47 - [MESSAGE][PASSED] - Delayed 5 second(s)

2019-03-04 16:17:47 - [TEST_STEP][PASSED] - setText(findTestObject("RiskDetails/Page_Markit core new  Risk details/SumInsure"), "1000"): Text '1000' is set on object 'Object Repository/RiskDetails/Page_Markit core new  Risk details/SumInsure'

2019-03-04 16:17:47 - [MESSAGE][PASSED] - Text '1000' is set on object 'Object Repository/RiskDetails/Page_Markit core new  Risk details/SumInsure'

2019-03-04 16:17:47 - [TEST_STEP][PASSED] - delay(2): Delayed 2 second(s)

2019-03-04 16:17:49 - [MESSAGE][PASSED] - Delayed 2 second(s)

2019-03-04 16:17:49 - [TEST_STEP][PASSED] - setText(findTestObject("RiskDetails/Page_Markit core new  Risk details/RoomNo"), "10"): Text '10' is set on object 'Object Repository/RiskDetails/Page_Markit core new  Risk details/RoomNo'

2019-03-04 16:17:49 - [MESSAGE][PASSED] - Text '10' is set on object 'Object Repository/RiskDetails/Page_Markit core new  Risk details/RoomNo'

2019-03-04 16:17:49 - [TEST_STEP][PASSED] - setText(findTestObject("RiskDetails/Page_Markit core new  Risk details/ContentSumInsure"), "1000"): Text '1000' is set on object 'Object Repository/RiskDetails/Page_Markit core new  Risk details/ContentSumInsure'

2019-03-04 16:17:49 - [MESSAGE][PASSED] - Text '1000' is set on object 'Object Repository/RiskDetails/Page_Markit core new  Risk details/ContentSumInsure'

2019-03-04 16:17:49 - [TEST_STEP][PASSED] - click(findTestObject("RiskDetails/Page_Markit core new  Risk details/ButtonSubmit")): Object: 'Object Repository/RiskDetails/Page_Markit core new  Risk details/ButtonSubmit' is clicked on

2019-03-04 16:18:04 - [MESSAGE][PASSED] - Object: 'Object Repository/RiskDetails/Page_Markit core new  Risk details/ButtonSubmit' is clicked on

2019-03-04 16:18:04 - [TEST_STEP][PASSED] - delay(3): Delayed 3 second(s)

2019-03-04 16:18:07 - [MESSAGE][PASSED] - Delayed 3 second(s)

2019-03-04 16:18:07 - [TEST_STEP][PASSED] - click(findTestObject("PremiumPage/Bind")): Object: 'Object Repository/PremiumPage/Bind' is clicked on

2019-03-04 16:18:08 - [MESSAGE][PASSED] - Object: 'Object Repository/PremiumPage/Bind' is clicked on

2019-03-04 16:18:08 - [TEST_STEP][PASSED] - delay(5): Delayed 5 second(s)

2019-03-04 16:18:13 - [MESSAGE][PASSED] - Delayed 5 second(s)

2019-03-04 16:18:13 - [TEST_STEP][PASSED] - click(findTestObject("PaymentDetails/PaymentMethods")): Object: 'Object Repository/PaymentDetails/PaymentMethods' is clicked on

2019-03-04 16:18:13 - [MESSAGE][PASSED] - Object: 'Object Repository/PaymentDetails/PaymentMethods' is clicked on

2019-03-04 16:18:13 - [TEST_STEP][PASSED] - selectOptionByLabel(findTestObject("PaymentDetails/SelectInstallment"), "1", false, STOP_ON_FAILURE): All options with label '1' are selected in object 'Object Repository/PaymentDetails/SelectInstallment' 

2019-03-04 16:18:13 - [MESSAGE][PASSED] - All options with label '1' are selected in object 'Object Repository/PaymentDetails/SelectInstallment' 

2019-03-04 16:18:13 - [TEST_STEP][PASSED] - delay(3): Delayed 3 second(s)

2019-03-04 16:18:16 - [MESSAGE][PASSED] - Delayed 3 second(s)

2019-03-04 16:18:16 - [TEST_STEP][PASSED] - click(findTestObject("PaymentDetails/PaymentBind")): Object: 'Object Repository/PaymentDetails/PaymentBind' is clicked on

2019-03-04 16:18:16 - [MESSAGE][PASSED] - Object: 'Object Repository/PaymentDetails/PaymentBind' is clicked on

2019-03-04 16:18:16 - [TEST_STEP][PASSED] - delay(5): Delayed 5 second(s)

2019-03-04 16:18:21 - [MESSAGE][PASSED] - Delayed 5 second(s)

2019-03-04 16:18:21 - [TEST_STEP][PASSED] - click(findTestObject("PaymentDetails/Email")): Object: 'Object Repository/PaymentDetails/Email' is clicked on

2019-03-04 16:18:21 - [MESSAGE][PASSED] - Object: 'Object Repository/PaymentDetails/Email' is clicked on

2019-03-04 16:18:21 - [TEST_STEP][PASSED] - delay(3): Delayed 3 second(s)

2019-03-04 16:18:24 - [MESSAGE][PASSED] - Delayed 3 second(s)

2019-03-04 16:18:24 - [MESSAGE][PASSED] - Call Test Case 'Test Cases/StartQuote' successfully

2019-03-04 16:18:24 - [TEST_STEP][PASSED] - delay(5): Delayed 5 second(s)

2019-03-04 16:18:29 - [MESSAGE][PASSED] - Delayed 5 second(s)

2019-03-04 16:18:29 - [TEST_STEP][FAILED] - click(findTestObject("Logout")): click(findTestObject("Logout")) FAILED.
Reason:
com.kms.katalon.core.exception.StepFailedException: Unable to click on object 'Object Repository/Logout'
	at com.kms.katalon.core.keyword.internal.KeywordMain.stepFailed(KeywordMain.groovy:48)
	at com.kms.katalon.core.webui.keyword.internal.WebUIKeywordMain.stepFailed(WebUIKeywordMain.groovy:65)
	at com.kms.katalon.core.webui.keyword.internal.WebUIKeywordMain.runKeyword(WebUIKeywordMain.groovy:27)
	at com.kms.katalon.core.webui.keyword.builtin.ClickKeyword.click(ClickKeyword.groovy:86)
	at com.kms.katalon.core.webui.keyword.builtin.ClickKeyword.execute(ClickKeyword.groovy:67)
	at com.kms.katalon.core.keyword.internal.KeywordExecutor.executeKeywordForPlatform(KeywordExecutor.groovy:56)
	at com.kms.katalon.core.webui.keyword.WebUiBuiltInKeywords.click(WebUiBuiltInKeywords.groovy:616)
	at com.kms.katalon.core.webui.keyword.WebUiBuiltInKeywords$click$4.call(Unknown Source)
	at DataDriven.run(DataDriven:44)
	at com.kms.katalon.core.main.ScriptEngine.run(ScriptEngine.java:194)
	at com.kms.katalon.core.main.ScriptEngine.runScriptAsRawText(ScriptEngine.java:119)
	at com.kms.katalon.core.main.TestCaseExecutor.runScript(TestCaseExecutor.java:331)
	at com.kms.katalon.core.main.TestCaseExecutor.doExecute(TestCaseExecutor.java:322)
	at com.kms.katalon.core.main.TestCaseExecutor.processExecutionPhase(TestCaseExecutor.java:301)
	at com.kms.katalon.core.main.TestCaseExecutor.accessMainPhase(TestCaseExecutor.java:293)
	at com.kms.katalon.core.main.TestCaseExecutor.execute(TestCaseExecutor.java:227)
	at com.kms.katalon.core.main.TestSuiteExecutor.accessTestCaseMainPhase(TestSuiteExecutor.java:129)
	at com.kms.katalon.core.main.TestSuiteExecutor.accessTestSuiteMainPhase(TestSuiteExecutor.java:112)
	at com.kms.katalon.core.main.TestSuiteExecutor.execute(TestSuiteExecutor.java:81)
	at com.kms.katalon.core.main.TestCaseMain.startTestSuite(TestCaseMain.java:157)
	at com.kms.katalon.core.main.TestCaseMain$startTestSuite$0.call(Unknown Source)
	at TempTestSuite1551696228007.run(TempTestSuite1551696228007.groovy:35)


2019-03-04 16:18:30 - [MESSAGE][FAILED] - Unable to click on object 'Object Repository/Logout'
[[ATTACHMENT|E:\\MarkitCore\\Katalon\\Katalon\\MarkitCore\\Reports\\BuyProcess\\20190304_161347\\1551696509984.png]]

2019-03-04 16:18:30 - [MESSAGE][FAILED] - click(findTestObject("Logout")) FAILED.
Reason:
com.kms.katalon.core.exception.StepFailedException: Unable to click on object 'Object Repository/Logout'
	at com.kms.katalon.core.keyword.internal.KeywordMain.stepFailed(KeywordMain.groovy:48)
	at com.kms.katalon.core.webui.keyword.internal.WebUIKeywordMain.stepFailed(WebUIKeywordMain.groovy:65)
	at com.kms.katalon.core.webui.keyword.internal.WebUIKeywordMain.runKeyword(WebUIKeywordMain.groovy:27)
	at com.kms.katalon.core.webui.keyword.builtin.ClickKeyword.click(ClickKeyword.groovy:86)
	at com.kms.katalon.core.webui.keyword.builtin.ClickKeyword.execute(ClickKeyword.groovy:67)
	at com.kms.katalon.core.keyword.internal.KeywordExecutor.executeKeywordForPlatform(KeywordExecutor.groovy:56)
	at com.kms.katalon.core.webui.keyword.WebUiBuiltInKeywords.click(WebUiBuiltInKeywords.groovy:616)
	at com.kms.katalon.core.webui.keyword.WebUiBuiltInKeywords$click$4.call(Unknown Source)
	at DataDriven.run(DataDriven:44)
	at com.kms.katalon.core.main.ScriptEngine.run(ScriptEngine.java:194)
	at com.kms.katalon.core.main.ScriptEngine.runScriptAsRawText(ScriptEngine.java:119)
	at com.kms.katalon.core.main.TestCaseExecutor.runScript(TestCaseExecutor.java:331)
	at com.kms.katalon.core.main.TestCaseExecutor.doExecute(TestCaseExecutor.java:322)
	at com.kms.katalon.core.main.TestCaseExecutor.processExecutionPhase(TestCaseExecutor.java:301)
	at com.kms.katalon.core.main.TestCaseExecutor.accessMainPhase(TestCaseExecutor.java:293)
	at com.kms.katalon.core.main.TestCaseExecutor.execute(TestCaseExecutor.java:227)
	at com.kms.katalon.core.main.TestSuiteExecutor.accessTestCaseMainPhase(TestSuiteExecutor.java:129)
	at com.kms.katalon.core.main.TestSuiteExecutor.accessTestSuiteMainPhase(TestSuiteExecutor.java:112)
	at com.kms.katalon.core.main.TestSuiteExecutor.execute(TestSuiteExecutor.java:81)
	at com.kms.katalon.core.main.TestCaseMain.startTestSuite(TestCaseMain.java:157)
	at com.kms.katalon.core.main.TestCaseMain$startTestSuite$0.call(Unknown Source)
	at TempTestSuite1551696228007.run(TempTestSuite1551696228007.groovy:35)]]></system-out>
         <system-err><![CDATA[2019-03-04 16:16:07 - [TEST_CASE][FAILED] - Test Cases/DataDriven: Test Cases/DataDriven FAILED.
Reason:
com.kms.katalon.core.exception.StepFailedException: Unable to click on object 'Object Repository/Logout'
	at com.kms.katalon.core.keyword.internal.KeywordMain.stepFailed(KeywordMain.groovy:48)
	at com.kms.katalon.core.webui.keyword.internal.WebUIKeywordMain.stepFailed(WebUIKeywordMain.groovy:65)
	at com.kms.katalon.core.webui.keyword.internal.WebUIKeywordMain.runKeyword(WebUIKeywordMain.groovy:27)
	at com.kms.katalon.core.webui.keyword.builtin.ClickKeyword.click(ClickKeyword.groovy:86)
	at com.kms.katalon.core.webui.keyword.builtin.ClickKeyword.execute(ClickKeyword.groovy:67)
	at com.kms.katalon.core.keyword.internal.KeywordExecutor.executeKeywordForPlatform(KeywordExecutor.groovy:56)
	at com.kms.katalon.core.webui.keyword.WebUiBuiltInKeywords.click(WebUiBuiltInKeywords.groovy:616)
	at com.kms.katalon.core.webui.keyword.WebUiBuiltInKeywords$click$4.call(Unknown Source)
	at DataDriven.run(DataDriven:44)
	at com.kms.katalon.core.main.ScriptEngine.run(ScriptEngine.java:194)
	at com.kms.katalon.core.main.ScriptEngine.runScriptAsRawText(ScriptEngine.java:119)
	at com.kms.katalon.core.main.TestCaseExecutor.runScript(TestCaseExecutor.java:331)
	at com.kms.katalon.core.main.TestCaseExecutor.doExecute(TestCaseExecutor.java:322)
	at com.kms.katalon.core.main.TestCaseExecutor.processExecutionPhase(TestCaseExecutor.java:301)
	at com.kms.katalon.core.main.TestCaseExecutor.accessMainPhase(TestCaseExecutor.java:293)
	at com.kms.katalon.core.main.TestCaseExecutor.execute(TestCaseExecutor.java:227)
	at com.kms.katalon.core.main.TestSuiteExecutor.accessTestCaseMainPhase(TestSuiteExecutor.java:129)
	at com.kms.katalon.core.main.TestSuiteExecutor.accessTestSuiteMainPhase(TestSuiteExecutor.java:112)
	at com.kms.katalon.core.main.TestSuiteExecutor.execute(TestSuiteExecutor.java:81)
	at com.kms.katalon.core.main.TestCaseMain.startTestSuite(TestCaseMain.java:157)
	at com.kms.katalon.core.main.TestCaseMain$startTestSuite$0.call(Unknown Source)
	at TempTestSuite1551696228007.run(TempTestSuite1551696228007.groovy:35)]]></system-err>
      </testcase>
      <system-out><![CDATA[2019-03-04 16:13:54 - [TEST_SUITE][FAILED] - BuyProcess: Test Cases/DataDriven FAILED.
Reason:
com.kms.katalon.core.exception.StepFailedException: Call Test Case 'Test Cases/StartQuote' failed
	at com.kms.katalon.core.keyword.builtin.CallTestCaseKeyword$_callTestCase_closure1.doCall(CallTestCaseKeyword.groovy:63)
	at com.kms.katalon.core.keyword.builtin.CallTestCaseKeyword$_callTestCase_closure1.call(CallTestCaseKeyword.groovy)
	at com.kms.katalon.core.keyword.internal.KeywordMain.runKeyword(KeywordMain.groovy:66)
	at com.kms.katalon.core.keyword.builtin.CallTestCaseKeyword.callTestCase(CallTestCaseKeyword.groovy:81)
	at com.kms.katalon.core.keyword.builtin.CallTestCaseKeyword.execute(CallTestCaseKeyword.groovy:44)
	at com.kms.katalon.core.keyword.internal.KeywordExecutor.executeKeywordForPlatform(KeywordExecutor.groovy:56)
	at com.kms.katalon.core.keyword.BuiltinKeywords.callTestCase(BuiltinKeywords.groovy:334)
	at DataDriven.run(DataDriven:40)
	at com.kms.katalon.core.main.ScriptEngine.run(ScriptEngine.java:194)
	at com.kms.katalon.core.main.ScriptEngine.runScriptAsRawText(ScriptEngine.java:119)
	at com.kms.katalon.core.main.TestCaseExecutor.runScript(TestCaseExecutor.java:331)
	at com.kms.katalon.core.main.TestCaseExecutor.doExecute(TestCaseExecutor.java:322)
	at com.kms.katalon.core.main.TestCaseExecutor.processExecutionPhase(TestCaseExecutor.java:301)
	at com.kms.katalon.core.main.TestCaseExecutor.accessMainPhase(TestCaseExecutor.java:293)
	at com.kms.katalon.core.main.TestCaseExecutor.execute(TestCaseExecutor.java:227)
	at com.kms.katalon.core.main.TestSuiteExecutor.accessTestCaseMainPhase(TestSuiteExecutor.java:129)
	at com.kms.katalon.core.main.TestSuiteExecutor.accessTestSuiteMainPhase(TestSuiteExecutor.java:112)
	at com.kms.katalon.core.main.TestSuiteExecutor.execute(TestSuiteExecutor.java:81)
	at com.kms.katalon.core.main.TestCaseMain.startTestSuite(TestCaseMain.java:157)
	at com.kms.katalon.core.main.TestCaseMain$startTestSuite$0.call(Unknown Source)
	at TempTestSuite1551696228007.run(TempTestSuite1551696228007.groovy:35)
Caused by: com.kms.katalon.core.exception.StepFailedException: Unable to click on object 'Object Repository/PaymentDetails/Email'
	at com.kms.katalon.core.keyword.internal.KeywordMain.stepFailed(KeywordMain.groovy:48)
	at com.kms.katalon.core.webui.keyword.internal.WebUIKeywordMain.stepFailed(WebUIKeywordMain.groovy:65)
	at com.kms.katalon.core.webui.keyword.internal.WebUIKeywordMain.runKeyword(WebUIKeywordMain.groovy:27)
	at com.kms.katalon.core.webui.keyword.builtin.ClickKeyword.click(ClickKeyword.groovy:86)
	at com.kms.katalon.core.webui.keyword.builtin.ClickKeyword.execute(ClickKeyword.groovy:67)
	at com.kms.katalon.core.keyword.internal.KeywordExecutor.executeKeywordForPlatform(KeywordExecutor.groovy:56)
	at com.kms.katalon.core.webui.keyword.WebUiBuiltInKeywords.click(WebUiBuiltInKeywords.groovy:616)
	at com.kms.katalon.core.webui.keyword.WebUiBuiltInKeywords$click$4.call(Unknown Source)
	at StartQuote.run(StartQuote:117)
	at com.kms.katalon.core.main.ScriptEngine.run(ScriptEngine.java:194)
	at com.kms.katalon.core.main.ScriptEngine.runScriptAsRawText(ScriptEngine.java:119)
	at com.kms.katalon.core.main.TestCaseExecutor.runScript(TestCaseExecutor.java:331)
	at com.kms.katalon.core.main.TestCaseExecutor.doExecute(TestCaseExecutor.java:322)
	at com.kms.katalon.core.main.TestCaseExecutor.processExecutionPhase(TestCaseExecutor.java:301)
	at com.kms.katalon.core.main.TestCaseExecutor.accessMainPhase(TestCaseExecutor.java:293)
	at com.kms.katalon.core.main.TestCaseExecutor.execute(TestCaseExecutor.java:227)
	at com.kms.katalon.core.main.TestCaseMain.runTestCase(TestCaseMain.java:114)
	at com.kms.katalon.core.keyword.builtin.CallTestCaseKeyword$_callTestCase_closure1.doCall(CallTestCaseKeyword.groovy:59)
	... 20 more]]></system-out>
      <system-err><![CDATA[2019-03-04 16:13:54 - [TEST_SUITE][FAILED] - BuyProcess: Test Cases/DataDriven FAILED.
Reason:
com.kms.katalon.core.exception.StepFailedException: Call Test Case 'Test Cases/StartQuote' failed
	at com.kms.katalon.core.keyword.builtin.CallTestCaseKeyword$_callTestCase_closure1.doCall(CallTestCaseKeyword.groovy:63)
	at com.kms.katalon.core.keyword.builtin.CallTestCaseKeyword$_callTestCase_closure1.call(CallTestCaseKeyword.groovy)
	at com.kms.katalon.core.keyword.internal.KeywordMain.runKeyword(KeywordMain.groovy:66)
	at com.kms.katalon.core.keyword.builtin.CallTestCaseKeyword.callTestCase(CallTestCaseKeyword.groovy:81)
	at com.kms.katalon.core.keyword.builtin.CallTestCaseKeyword.execute(CallTestCaseKeyword.groovy:44)
	at com.kms.katalon.core.keyword.internal.KeywordExecutor.executeKeywordForPlatform(KeywordExecutor.groovy:56)
	at com.kms.katalon.core.keyword.BuiltinKeywords.callTestCase(BuiltinKeywords.groovy:334)
	at DataDriven.run(DataDriven:40)
	at com.kms.katalon.core.main.ScriptEngine.run(ScriptEngine.java:194)
	at com.kms.katalon.core.main.ScriptEngine.runScriptAsRawText(ScriptEngine.java:119)
	at com.kms.katalon.core.main.TestCaseExecutor.runScript(TestCaseExecutor.java:331)
	at com.kms.katalon.core.main.TestCaseExecutor.doExecute(TestCaseExecutor.java:322)
	at com.kms.katalon.core.main.TestCaseExecutor.processExecutionPhase(TestCaseExecutor.java:301)
	at com.kms.katalon.core.main.TestCaseExecutor.accessMainPhase(TestCaseExecutor.java:293)
	at com.kms.katalon.core.main.TestCaseExecutor.execute(TestCaseExecutor.java:227)
	at com.kms.katalon.core.main.TestSuiteExecutor.accessTestCaseMainPhase(TestSuiteExecutor.java:129)
	at com.kms.katalon.core.main.TestSuiteExecutor.accessTestSuiteMainPhase(TestSuiteExecutor.java:112)
	at com.kms.katalon.core.main.TestSuiteExecutor.execute(TestSuiteExecutor.java:81)
	at com.kms.katalon.core.main.TestCaseMain.startTestSuite(TestCaseMain.java:157)
	at com.kms.katalon.core.main.TestCaseMain$startTestSuite$0.call(Unknown Source)
	at TempTestSuite1551696228007.run(TempTestSuite1551696228007.groovy:35)
Caused by: com.kms.katalon.core.exception.StepFailedException: Unable to click on object 'Object Repository/PaymentDetails/Email'
	at com.kms.katalon.core.keyword.internal.KeywordMain.stepFailed(KeywordMain.groovy:48)
	at com.kms.katalon.core.webui.keyword.internal.WebUIKeywordMain.stepFailed(WebUIKeywordMain.groovy:65)
	at com.kms.katalon.core.webui.keyword.internal.WebUIKeywordMain.runKeyword(WebUIKeywordMain.groovy:27)
	at com.kms.katalon.core.webui.keyword.builtin.ClickKeyword.click(ClickKeyword.groovy:86)
	at com.kms.katalon.core.webui.keyword.builtin.ClickKeyword.execute(ClickKeyword.groovy:67)
	at com.kms.katalon.core.keyword.internal.KeywordExecutor.executeKeywordForPlatform(KeywordExecutor.groovy:56)
	at com.kms.katalon.core.webui.keyword.WebUiBuiltInKeywords.click(WebUiBuiltInKeywords.groovy:616)
	at com.kms.katalon.core.webui.keyword.WebUiBuiltInKeywords$click$4.call(Unknown Source)
	at StartQuote.run(StartQuote:117)
	at com.kms.katalon.core.main.ScriptEngine.run(ScriptEngine.java:194)
	at com.kms.katalon.core.main.ScriptEngine.runScriptAsRawText(ScriptEngine.java:119)
	at com.kms.katalon.core.main.TestCaseExecutor.runScript(TestCaseExecutor.java:331)
	at com.kms.katalon.core.main.TestCaseExecutor.doExecute(TestCaseExecutor.java:322)
	at com.kms.katalon.core.main.TestCaseExecutor.processExecutionPhase(TestCaseExecutor.java:301)
	at com.kms.katalon.core.main.TestCaseExecutor.accessMainPhase(TestCaseExecutor.java:293)
	at com.kms.katalon.core.main.TestCaseExecutor.execute(TestCaseExecutor.java:227)
	at com.kms.katalon.core.main.TestCaseMain.runTestCase(TestCaseMain.java:114)
	at com.kms.katalon.core.keyword.builtin.CallTestCaseKeyword$_callTestCase_closure1.doCall(CallTestCaseKeyword.groovy:59)
	... 20 more]]></system-err>
   </testsuite>
</testsuites>
