<?xml version="1.0" encoding="UTF-8"?>
<testsuites name="BuyProcess" time="166" tests="2" failures="1" errors="0">
   <testsuite name="BuyProcess" tests="2" failures="1" errors="0" time="166" timestamp="2019-03-06 19:25:46" hostname="dipak - DIPAKDAS-PC.indusnettechnologies.com" id="Test Suites/BuyProcess">
      <properties>
         <property name="deviceName" value=""/>
         <property name="devicePlatform" value=""/>
         <property name="logFolder" value="E:\\MarkitCore\\Katalon\\Katalon\\MarkitCore\\Reports\\BuyProcess\\20190306_192544"/>
         <property name="logFiles" value="E:\\MarkitCore\\Katalon\\Katalon\\MarkitCore\\Reports\\BuyProcess\\20190306_192544\\execution0.log"/>
         <property name="attachments" value="E:\\MarkitCore\\Katalon\\Katalon\\MarkitCore\\Reports\\BuyProcess\\20190306_192544\\1551880711783.png"/>
         <property name="hostName" value="dipak - DIPAKDAS-PC.indusnettechnologies.com"/>
         <property name="os" value="Windows 7 32bit"/>
         <property name="katalonVersion" value="6.0.5.4"/>
         <property name="browser" value="Chrome 72.0.3626.119"/>
         <property name="hostAddress" value="10.0.12.237"/>
         <property name="sessionId" value="7b8f5f942ebdd71932061f00cb443bf2"/>
         <property name="seleniumVersion" value="3.7.1"/>
         <property name="proxyInformation" value="ProxyInformation{proxyOption=NO_PROXY, proxyServerType=HTTP, password=, proxyServerAddress=, proxyServerPort=0}"/>
         <property name="platform" value="Windows 7"/>
      </properties>
      <testcase name="Test Cases/Login" classname="Test Cases/Login" status="PASSED">
         <system-out><![CDATA[2019-03-06 19:25:46 - [TEST_CASE][PASSED] - Test Cases/Login: Test Cases/Login

2019-03-06 19:25:46 - [TEST_STEP][PASSED] - openBrowser("https://dev.markit-systems.com/markit_coreV2/Sites/CoreTest/login/admin_display"): Browser is opened with url: 'https://dev.markit-systems.com/markit_coreV2/Sites/CoreTest/login/admin_display'

2019-03-06 19:25:46 - [MESSAGE][INFO] - Starting 'Chrome' driver

2019-03-06 19:25:46 - [MESSAGE][INFO] - Action delay is set to 0 seconds

2019-03-06 19:25:55 - [MESSAGE][PASSED] - Browser is opened with url: 'https://dev.markit-systems.com/markit_coreV2/Sites/CoreTest/login/admin_display'

2019-03-06 19:25:55 - [TEST_STEP][PASSED] - maximizeWindow(): Current window maximized

2019-03-06 19:25:55 - [MESSAGE][PASSED] - Current window maximized

2019-03-06 19:25:55 - [TEST_STEP][PASSED] - waitForPageLoad(4): Wait for page load successfully

2019-03-06 19:25:55 - [MESSAGE][PASSED] - Wait for page load successfully

2019-03-06 19:25:55 - [TEST_STEP][PASSED] - setText(findTestObject("Username"), "dDasTester"): Text 'dDasTester' is set on object 'Object Repository/Username'

2019-03-06 19:25:55 - [MESSAGE][PASSED] - Text 'dDasTester' is set on object 'Object Repository/Username'

2019-03-06 19:25:55 - [TEST_STEP][PASSED] - delay(2): Delayed 2 second(s)

2019-03-06 19:25:57 - [MESSAGE][PASSED] - Delayed 2 second(s)

2019-03-06 19:25:57 - [TEST_STEP][PASSED] - setText(findTestObject("Password"), "Czybm6R*"): Text 'Czybm6R*' is set on object 'Object Repository/Password'

2019-03-06 19:25:57 - [MESSAGE][PASSED] - Text 'Czybm6R*' is set on object 'Object Repository/Password'

2019-03-06 19:25:57 - [TEST_STEP][PASSED] - delay(3, STOP_ON_FAILURE): Delayed 3 second(s)

2019-03-06 19:26:00 - [MESSAGE][PASSED] - Delayed 3 second(s)

2019-03-06 19:26:00 - [TEST_STEP][PASSED] - click(findTestObject("LoginButton")): Object: 'Object Repository/LoginButton' is clicked on

2019-03-06 19:26:06 - [MESSAGE][PASSED] - Object: 'Object Repository/LoginButton' is clicked on

2019-03-06 19:26:06 - [TEST_STEP][PASSED] - delay(3): Delayed 3 second(s)

2019-03-06 19:26:09 - [MESSAGE][PASSED] - Delayed 3 second(s)]]></system-out>
         <system-err><![CDATA[]]></system-err>
      </testcase>
      <testcase name="Test Cases/ClientSearch" classname="Test Cases/ClientSearch" status="PASSED">
         <system-out><![CDATA[2019-03-06 19:26:09 - [TEST_CASE][PASSED] - Test Cases/ClientSearch: Test Cases/ClientSearch

2019-03-06 19:26:09 - [TEST_STEP][PASSED] - waitForElementClickable(findTestObject("ClientSearch"), 10): Object 'Object Repository/ClientSearch' is clickable

2019-03-06 19:26:09 - [MESSAGE][PASSED] - Object 'Object Repository/ClientSearch' is clickable

2019-03-06 19:26:09 - [TEST_STEP][PASSED] - click(findTestObject("ClientSearch")): Object: 'Object Repository/ClientSearch' is clicked on

2019-03-06 19:26:10 - [MESSAGE][PASSED] - Object: 'Object Repository/ClientSearch' is clicked on

2019-03-06 19:26:10 - [TEST_STEP][PASSED] - delay(5): Delayed 5 second(s)

2019-03-06 19:26:15 - [MESSAGE][PASSED] - Delayed 5 second(s)

2019-03-06 19:26:15 - [TEST_STEP][PASSED] - sendKeys(findTestObject("SearchText"), "Dipak"): Keys 'Dipak' sent to object: 'Object Repository/SearchText'

2019-03-06 19:26:15 - [MESSAGE][PASSED] - Keys 'Dipak' sent to object: 'Object Repository/SearchText'

2019-03-06 19:26:15 - [TEST_STEP][PASSED] - sendKeys(findTestObject("SearchText"), Keys.chord(ENTER)): Keys 'ENTER + ' sent to object: 'Object Repository/SearchText'

2019-03-06 19:26:15 - [MESSAGE][PASSED] - Keys 'ENTER + ' sent to object: 'Object Repository/SearchText'

2019-03-06 19:26:15 - [TEST_STEP][PASSED] - delay(3): Delayed 3 second(s)

2019-03-06 19:26:18 - [MESSAGE][PASSED] - Delayed 3 second(s)

2019-03-06 19:26:18 - [TEST_STEP][PASSED] - waitForElementClickable(findTestObject("ClientListingAction"), 5): Object 'Object Repository/ClientListingAction' is clickable

2019-03-06 19:26:18 - [MESSAGE][PASSED] - Object 'Object Repository/ClientListingAction' is clickable

2019-03-06 19:26:18 - [TEST_STEP][PASSED] - click(findTestObject("ClientListingAction")): Object: 'Object Repository/ClientListingAction' is clicked on

2019-03-06 19:26:21 - [MESSAGE][PASSED] - Object: 'Object Repository/ClientListingAction' is clicked on

2019-03-06 19:26:21 - [TEST_STEP][PASSED] - delay(5): Delayed 5 second(s)

2019-03-06 19:26:26 - [MESSAGE][PASSED] - Delayed 5 second(s)]]></system-out>
         <system-err><![CDATA[]]></system-err>
      </testcase>
      <testcase name="Test Cases/StartQuote" classname="Test Cases/StartQuote" status="FAILED">
         <failure type="FAILED" message="Test Cases/StartQuote FAILED.
Reason:
com.kms.katalon.core.exception.StepFailedException: Unable to get text of object 'Object Repository/PaymentDetails/ConfirmationMessage'
	at com.kms.katalon.core.keyword.internal.KeywordMain.stepFailed(KeywordMain.groovy:48)
	at com.kms.katalon.core.webui.keyword.internal.WebUIKeywordMain.stepFailed(WebUIKeywordMain.groovy:65)
	at com.kms.katalon.core.webui.keyword.internal.WebUIKeywordMain.runKeyword(WebUIKeywordMain.groovy:27)
	at com.kms.katalon.core.webui.keyword.builtin.GetTextKeyword.getText(GetTextKeyword.groovy:88)
	at com.kms.katalon.core.webui.keyword.builtin.GetTextKeyword.execute(GetTextKeyword.groovy:67)
	at com.kms.katalon.core.keyword.internal.KeywordExecutor.executeKeywordForPlatform(KeywordExecutor.groovy:56)
	at com.kms.katalon.core.webui.keyword.WebUiBuiltInKeywords.getText(WebUiBuiltInKeywords.groovy:888)
	at com.kms.katalon.core.webui.keyword.WebUiBuiltInKeywords$getText$10.call(Unknown Source)
	at StartQuote.run(StartQuote:131)
	at com.kms.katalon.core.main.ScriptEngine.run(ScriptEngine.java:194)
	at com.kms.katalon.core.main.ScriptEngine.runScriptAsRawText(ScriptEngine.java:119)
	at com.kms.katalon.core.main.TestCaseExecutor.runScript(TestCaseExecutor.java:331)
	at com.kms.katalon.core.main.TestCaseExecutor.doExecute(TestCaseExecutor.java:322)
	at com.kms.katalon.core.main.TestCaseExecutor.processExecutionPhase(TestCaseExecutor.java:301)
	at com.kms.katalon.core.main.TestCaseExecutor.accessMainPhase(TestCaseExecutor.java:293)
	at com.kms.katalon.core.main.TestCaseExecutor.execute(TestCaseExecutor.java:227)
	at com.kms.katalon.core.main.TestSuiteExecutor.accessTestCaseMainPhase(TestSuiteExecutor.java:129)
	at com.kms.katalon.core.main.TestSuiteExecutor.accessTestSuiteMainPhase(TestSuiteExecutor.java:112)
	at com.kms.katalon.core.main.TestSuiteExecutor.execute(TestSuiteExecutor.java:81)
	at com.kms.katalon.core.main.TestCaseMain.startTestSuite(TestCaseMain.java:157)
	at com.kms.katalon.core.main.TestCaseMain$startTestSuite$0.call(Unknown Source)
	at TempTestSuite1551880544442.run(TempTestSuite1551880544442.groovy:35)
"/>
         <system-out><![CDATA[2019-03-06 19:26:26 - [TEST_CASE][FAILED] - Test Cases/StartQuote: Test Cases/StartQuote FAILED.
Reason:
com.kms.katalon.core.exception.StepFailedException: Unable to get text of object 'Object Repository/PaymentDetails/ConfirmationMessage'
	at com.kms.katalon.core.keyword.internal.KeywordMain.stepFailed(KeywordMain.groovy:48)
	at com.kms.katalon.core.webui.keyword.internal.WebUIKeywordMain.stepFailed(WebUIKeywordMain.groovy:65)
	at com.kms.katalon.core.webui.keyword.internal.WebUIKeywordMain.runKeyword(WebUIKeywordMain.groovy:27)
	at com.kms.katalon.core.webui.keyword.builtin.GetTextKeyword.getText(GetTextKeyword.groovy:88)
	at com.kms.katalon.core.webui.keyword.builtin.GetTextKeyword.execute(GetTextKeyword.groovy:67)
	at com.kms.katalon.core.keyword.internal.KeywordExecutor.executeKeywordForPlatform(KeywordExecutor.groovy:56)
	at com.kms.katalon.core.webui.keyword.WebUiBuiltInKeywords.getText(WebUiBuiltInKeywords.groovy:888)
	at com.kms.katalon.core.webui.keyword.WebUiBuiltInKeywords$getText$10.call(Unknown Source)
	at StartQuote.run(StartQuote:131)
	at com.kms.katalon.core.main.ScriptEngine.run(ScriptEngine.java:194)
	at com.kms.katalon.core.main.ScriptEngine.runScriptAsRawText(ScriptEngine.java:119)
	at com.kms.katalon.core.main.TestCaseExecutor.runScript(TestCaseExecutor.java:331)
	at com.kms.katalon.core.main.TestCaseExecutor.doExecute(TestCaseExecutor.java:322)
	at com.kms.katalon.core.main.TestCaseExecutor.processExecutionPhase(TestCaseExecutor.java:301)
	at com.kms.katalon.core.main.TestCaseExecutor.accessMainPhase(TestCaseExecutor.java:293)
	at com.kms.katalon.core.main.TestCaseExecutor.execute(TestCaseExecutor.java:227)
	at com.kms.katalon.core.main.TestSuiteExecutor.accessTestCaseMainPhase(TestSuiteExecutor.java:129)
	at com.kms.katalon.core.main.TestSuiteExecutor.accessTestSuiteMainPhase(TestSuiteExecutor.java:112)
	at com.kms.katalon.core.main.TestSuiteExecutor.execute(TestSuiteExecutor.java:81)
	at com.kms.katalon.core.main.TestCaseMain.startTestSuite(TestCaseMain.java:157)
	at com.kms.katalon.core.main.TestCaseMain$startTestSuite$0.call(Unknown Source)
	at TempTestSuite1551880544442.run(TempTestSuite1551880544442.groovy:35)


2019-03-06 19:26:26 - [TEST_STEP][PASSED] - waitForElementClickable(findTestObject("StartQuote"), 10): Object 'Object Repository/StartQuote' is clickable

2019-03-06 19:26:26 - [MESSAGE][PASSED] - Object 'Object Repository/StartQuote' is clickable

2019-03-06 19:26:26 - [TEST_STEP][PASSED] - click(findTestObject("StartQuote")): Object: 'Object Repository/StartQuote' is clicked on

2019-03-06 19:26:28 - [MESSAGE][PASSED] - Object: 'Object Repository/StartQuote' is clicked on

2019-03-06 19:26:28 - [TEST_STEP][PASSED] - delay(3): Delayed 3 second(s)

2019-03-06 19:26:31 - [MESSAGE][PASSED] - Delayed 3 second(s)

2019-03-06 19:26:31 - [TEST_STEP][PASSED] - selectOptionByLabel(findTestObject("GeneralInformation/currency"), "ZAR", false): All options with label 'ZAR' are selected in object 'Object Repository/GeneralInformation/currency' 

2019-03-06 19:26:31 - [MESSAGE][PASSED] - All options with label 'ZAR' are selected in object 'Object Repository/GeneralInformation/currency' 

2019-03-06 19:26:31 - [TEST_STEP][PASSED] - delay(3): Delayed 3 second(s)

2019-03-06 19:26:34 - [MESSAGE][PASSED] - Delayed 3 second(s)

2019-03-06 19:26:34 - [TEST_STEP][PASSED] - selectOptionByLabel(findTestObject("GeneralInformation/SelectBroker"), "New Broker", false): All options with label 'New Broker' are selected in object 'Object Repository/GeneralInformation/SelectBroker' 

2019-03-06 19:26:34 - [MESSAGE][PASSED] - All options with label 'New Broker' are selected in object 'Object Repository/GeneralInformation/SelectBroker' 

2019-03-06 19:26:34 - [TEST_STEP][PASSED] - delay(3): Delayed 3 second(s)

2019-03-06 19:26:37 - [MESSAGE][PASSED] - Delayed 3 second(s)

2019-03-06 19:26:37 - [TEST_STEP][PASSED] - selectOptionByLabel(findTestObject("GeneralInformation/SelectProduct"), "BasicDemoProduct", false): All options with label 'BasicDemoProduct' are selected in object 'Object Repository/GeneralInformation/SelectProduct' 

2019-03-06 19:26:37 - [MESSAGE][PASSED] - All options with label 'BasicDemoProduct' are selected in object 'Object Repository/GeneralInformation/SelectProduct' 

2019-03-06 19:26:37 - [TEST_STEP][PASSED] - delay(3): Delayed 3 second(s)

2019-03-06 19:26:40 - [MESSAGE][PASSED] - Delayed 3 second(s)

2019-03-06 19:26:40 - [TEST_STEP][PASSED] - selectOptionByLabel(findTestObject("GeneralInformation/PolicyTerm"), "Monthly", false): All options with label 'Monthly' are selected in object 'Object Repository/GeneralInformation/PolicyTerm' 

2019-03-06 19:26:40 - [MESSAGE][PASSED] - All options with label 'Monthly' are selected in object 'Object Repository/GeneralInformation/PolicyTerm' 

2019-03-06 19:26:40 - [TEST_STEP][PASSED] - delay(3): Delayed 3 second(s)

2019-03-06 19:26:43 - [MESSAGE][PASSED] - Delayed 3 second(s)

2019-03-06 19:26:43 - [TEST_STEP][PASSED] - click(findTestObject("GeneralInformation/PolicyStartDate")): Object: 'Object Repository/GeneralInformation/PolicyStartDate' is clicked on

2019-03-06 19:26:43 - [MESSAGE][PASSED] - Object: 'Object Repository/GeneralInformation/PolicyStartDate' is clicked on

2019-03-06 19:26:43 - [TEST_STEP][PASSED] - delay(3): Delayed 3 second(s)

2019-03-06 19:26:46 - [MESSAGE][PASSED] - Delayed 3 second(s)

2019-03-06 19:26:46 - [TEST_STEP][PASSED] - selectOptionByLabel(findTestObject("GeneralInformation/Policy_Start_Year"), "2019", false): All options with label '2019' are selected in object 'Object Repository/GeneralInformation/Policy_Start_Year' 

2019-03-06 19:26:46 - [MESSAGE][PASSED] - All options with label '2019' are selected in object 'Object Repository/GeneralInformation/Policy_Start_Year' 

2019-03-06 19:26:46 - [TEST_STEP][PASSED] - delay(3): Delayed 3 second(s)

2019-03-06 19:26:49 - [MESSAGE][PASSED] - Delayed 3 second(s)

2019-03-06 19:26:49 - [TEST_STEP][PASSED] - selectOptionByLabel(findTestObject("GeneralInformation/Policy_Start_Month"), "Feb", false): All options with label 'Feb' are selected in object 'Object Repository/GeneralInformation/Policy_Start_Month' 

2019-03-06 19:26:49 - [MESSAGE][PASSED] - All options with label 'Feb' are selected in object 'Object Repository/GeneralInformation/Policy_Start_Month' 

2019-03-06 19:26:49 - [TEST_STEP][PASSED] - delay(3): Delayed 3 second(s)

2019-03-06 19:26:52 - [MESSAGE][PASSED] - Delayed 3 second(s)

2019-03-06 19:26:52 - [TEST_STEP][PASSED] - click(findTestObject("GeneralInformation/Policy_Start_Day")): Object: 'Object Repository/GeneralInformation/Policy_Start_Day' is clicked on

2019-03-06 19:26:53 - [MESSAGE][PASSED] - Object: 'Object Repository/GeneralInformation/Policy_Start_Day' is clicked on

2019-03-06 19:26:53 - [TEST_STEP][PASSED] - delay(3): Delayed 3 second(s)

2019-03-06 19:26:56 - [MESSAGE][PASSED] - Delayed 3 second(s)

2019-03-06 19:26:56 - [TEST_STEP][PASSED] - click(findTestObject("GeneralInformation/PolicyEndDate")): Object: 'Object Repository/GeneralInformation/PolicyEndDate' is clicked on

2019-03-06 19:26:56 - [MESSAGE][PASSED] - Object: 'Object Repository/GeneralInformation/PolicyEndDate' is clicked on

2019-03-06 19:26:56 - [TEST_STEP][PASSED] - delay(3): Delayed 3 second(s)

2019-03-06 19:26:59 - [MESSAGE][PASSED] - Delayed 3 second(s)

2019-03-06 19:26:59 - [TEST_STEP][PASSED] - selectOptionByLabel(findTestObject("GeneralInformation/Policy_Start_Year"), "2019", false): All options with label '2019' are selected in object 'Object Repository/GeneralInformation/Policy_Start_Year' 

2019-03-06 19:26:59 - [MESSAGE][PASSED] - All options with label '2019' are selected in object 'Object Repository/GeneralInformation/Policy_Start_Year' 

2019-03-06 19:26:59 - [TEST_STEP][PASSED] - delay(3): Delayed 3 second(s)

2019-03-06 19:27:02 - [MESSAGE][PASSED] - Delayed 3 second(s)

2019-03-06 19:27:02 - [TEST_STEP][PASSED] - selectOptionByLabel(findTestObject("GeneralInformation/Policy_Start_Month"), "Mar", false): All options with label 'Mar' are selected in object 'Object Repository/GeneralInformation/Policy_Start_Month' 

2019-03-06 19:27:02 - [MESSAGE][PASSED] - All options with label 'Mar' are selected in object 'Object Repository/GeneralInformation/Policy_Start_Month' 

2019-03-06 19:27:02 - [TEST_STEP][PASSED] - delay(3): Delayed 3 second(s)

2019-03-06 19:27:05 - [MESSAGE][PASSED] - Delayed 3 second(s)

2019-03-06 19:27:05 - [TEST_STEP][PASSED] - click(findTestObject("GeneralInformation/Policy_Start_Day")): Object: 'Object Repository/GeneralInformation/Policy_Start_Day' is clicked on

2019-03-06 19:27:05 - [MESSAGE][PASSED] - Object: 'Object Repository/GeneralInformation/Policy_Start_Day' is clicked on

2019-03-06 19:27:05 - [TEST_STEP][PASSED] - delay(3): Delayed 3 second(s)

2019-03-06 19:27:09 - [MESSAGE][PASSED] - Delayed 3 second(s)

2019-03-06 19:27:09 - [TEST_STEP][PASSED] - click(findTestObject("Object Repository/GeneralInformation/NextButton")): Object: 'Object Repository/GeneralInformation/NextButton' is clicked on

2019-03-06 19:27:09 - [MESSAGE][PASSED] - Object: 'Object Repository/GeneralInformation/NextButton' is clicked on

2019-03-06 19:27:09 - [TEST_STEP][PASSED] - delay(3): Delayed 3 second(s)

2019-03-06 19:27:12 - [MESSAGE][PASSED] - Delayed 3 second(s)

2019-03-06 19:27:12 - [TEST_STEP][PASSED] - click(findTestObject("GeneralInformation/CancelAlert")): Object: 'Object Repository/GeneralInformation/CancelAlert' is clicked on

2019-03-06 19:27:15 - [MESSAGE][PASSED] - Object: 'Object Repository/GeneralInformation/CancelAlert' is clicked on

2019-03-06 19:27:15 - [TEST_STEP][PASSED] - delay(5): Delayed 5 second(s)

2019-03-06 19:27:20 - [MESSAGE][PASSED] - Delayed 5 second(s)

2019-03-06 19:27:20 - [TEST_STEP][PASSED] - selectOptionByLabel(findTestObject("RiskDetails/Page_Markit core new  Risk details/SelectType"), "StandAlone", false): All options with label 'StandAlone' are selected in object 'Object Repository/RiskDetails/Page_Markit core new  Risk details/SelectType' 

2019-03-06 19:27:20 - [MESSAGE][PASSED] - All options with label 'StandAlone' are selected in object 'Object Repository/RiskDetails/Page_Markit core new  Risk details/SelectType' 

2019-03-06 19:27:20 - [TEST_STEP][PASSED] - delay(5): Delayed 5 second(s)

2019-03-06 19:27:25 - [MESSAGE][PASSED] - Delayed 5 second(s)

2019-03-06 19:27:25 - [TEST_STEP][PASSED] - setText(findTestObject("RiskDetails/Page_Markit core new  Risk details/SumInsure"), "1000"): Text '1000' is set on object 'Object Repository/RiskDetails/Page_Markit core new  Risk details/SumInsure'

2019-03-06 19:27:25 - [MESSAGE][PASSED] - Text '1000' is set on object 'Object Repository/RiskDetails/Page_Markit core new  Risk details/SumInsure'

2019-03-06 19:27:25 - [TEST_STEP][PASSED] - delay(2): Delayed 2 second(s)

2019-03-06 19:27:27 - [MESSAGE][PASSED] - Delayed 2 second(s)

2019-03-06 19:27:27 - [TEST_STEP][PASSED] - setText(findTestObject("RiskDetails/Page_Markit core new  Risk details/RoomNo"), "10"): Text '10' is set on object 'Object Repository/RiskDetails/Page_Markit core new  Risk details/RoomNo'

2019-03-06 19:27:27 - [MESSAGE][PASSED] - Text '10' is set on object 'Object Repository/RiskDetails/Page_Markit core new  Risk details/RoomNo'

2019-03-06 19:27:27 - [TEST_STEP][PASSED] - setText(findTestObject("RiskDetails/Page_Markit core new  Risk details/ContentSumInsure"), "1000"): Text '1000' is set on object 'Object Repository/RiskDetails/Page_Markit core new  Risk details/ContentSumInsure'

2019-03-06 19:27:27 - [MESSAGE][PASSED] - Text '1000' is set on object 'Object Repository/RiskDetails/Page_Markit core new  Risk details/ContentSumInsure'

2019-03-06 19:27:27 - [TEST_STEP][PASSED] - click(findTestObject("RiskDetails/Page_Markit core new  Risk details/ButtonSubmit")): Object: 'Object Repository/RiskDetails/Page_Markit core new  Risk details/ButtonSubmit' is clicked on

2019-03-06 19:27:32 - [MESSAGE][PASSED] - Object: 'Object Repository/RiskDetails/Page_Markit core new  Risk details/ButtonSubmit' is clicked on

2019-03-06 19:27:32 - [TEST_STEP][PASSED] - delay(3): Delayed 3 second(s)

2019-03-06 19:27:35 - [MESSAGE][PASSED] - Delayed 3 second(s)

2019-03-06 19:27:35 - [TEST_STEP][PASSED] - click(findTestObject("PremiumPage/Bind")): Object: 'Object Repository/PremiumPage/Bind' is clicked on

2019-03-06 19:27:37 - [MESSAGE][PASSED] - Object: 'Object Repository/PremiumPage/Bind' is clicked on

2019-03-06 19:27:37 - [TEST_STEP][PASSED] - delay(5): Delayed 5 second(s)

2019-03-06 19:27:42 - [MESSAGE][PASSED] - Delayed 5 second(s)

2019-03-06 19:27:42 - [TEST_STEP][PASSED] - click(findTestObject("PaymentDetails/PaymentMethods")): Object: 'Object Repository/PaymentDetails/PaymentMethods' is clicked on

2019-03-06 19:27:42 - [MESSAGE][PASSED] - Object: 'Object Repository/PaymentDetails/PaymentMethods' is clicked on

2019-03-06 19:27:42 - [TEST_STEP][PASSED] - selectOptionByLabel(findTestObject("PaymentDetails/SelectInstallment"), "1", false, STOP_ON_FAILURE): All options with label '1' are selected in object 'Object Repository/PaymentDetails/SelectInstallment' 

2019-03-06 19:27:42 - [MESSAGE][PASSED] - All options with label '1' are selected in object 'Object Repository/PaymentDetails/SelectInstallment' 

2019-03-06 19:27:42 - [TEST_STEP][PASSED] - waitForElementClickable(findTestObject("PaymentDetails/PaymentBind"), 10): Object 'Object Repository/PaymentDetails/PaymentBind' is clickable

2019-03-06 19:27:42 - [MESSAGE][PASSED] - Object 'Object Repository/PaymentDetails/PaymentBind' is clickable

2019-03-06 19:27:42 - [TEST_STEP][PASSED] - scrollToElement(findTestObject("PaymentDetails/PaymentBind"), 5): Scroll to object 'Object Repository/PaymentDetails/PaymentBind' successfully

2019-03-06 19:27:42 - [MESSAGE][PASSED] - Scroll to object 'Object Repository/PaymentDetails/PaymentBind' successfully

2019-03-06 19:27:42 - [TEST_STEP][PASSED] - delay(3, STOP_ON_FAILURE): Delayed 3 second(s)

2019-03-06 19:27:45 - [MESSAGE][PASSED] - Delayed 3 second(s)

2019-03-06 19:27:45 - [TEST_STEP][PASSED] - click(findTestObject("PaymentDetails/PaymentBind")): Object: 'Object Repository/PaymentDetails/PaymentBind' is clicked on

2019-03-06 19:27:45 - [MESSAGE][PASSED] - Object: 'Object Repository/PaymentDetails/PaymentBind' is clicked on

2019-03-06 19:27:45 - [TEST_STEP][PASSED] - delay(5): Delayed 5 second(s)

2019-03-06 19:27:50 - [MESSAGE][PASSED] - Delayed 5 second(s)

2019-03-06 19:27:50 - [TEST_STEP][PASSED] - scrollToElement(findTestObject("PaymentDetails/Email"), 10): Scroll to object 'Object Repository/PaymentDetails/Email' successfully

2019-03-06 19:27:50 - [MESSAGE][PASSED] - Scroll to object 'Object Repository/PaymentDetails/Email' successfully

2019-03-06 19:27:50 - [TEST_STEP][PASSED] - waitForElementClickable(findTestObject("PaymentDetails/Email"), 5): Object 'Object Repository/PaymentDetails/Email' is clickable

2019-03-06 19:27:50 - [MESSAGE][PASSED] - Object 'Object Repository/PaymentDetails/Email' is clickable

2019-03-06 19:27:50 - [TEST_STEP][PASSED] - click(findTestObject("PaymentDetails/Email")): Object: 'Object Repository/PaymentDetails/Email' is clicked on

2019-03-06 19:27:50 - [MESSAGE][PASSED] - Object: 'Object Repository/PaymentDetails/Email' is clicked on

2019-03-06 19:27:50 - [TEST_STEP][NOT_RUN] - delay(3): NOT_RUN: delay(3)

2019-03-06 19:27:50 - [MESSAGE][NOT_RUN] - NOT_RUN: delay(3)

2019-03-06 19:27:50 - [TEST_STEP][PASSED] - waitForElementVisible(findTestObject("PaymentDetails/ConfirmationMessage"), 10): Web element with id: 'Object Repository/PaymentDetails/ConfirmationMessage' located by 'By.xpath: //strong[contains(text(),'Policy has been successfully created.')]' not found

2019-03-06 19:28:00 - [MESSAGE][INFO] - Unable to find the element located by 'By.xpath: //strong[contains(text(),'Policy has been successfully created.')]'. Please recheck the objects properties to make sure the desired element is located. 

2019-03-06 19:28:00 - [MESSAGE][WARNING] - Web element with id: 'Object Repository/PaymentDetails/ConfirmationMessage' located by 'By.xpath: //strong[contains(text(),'Policy has been successfully created.')]' not found

2019-03-06 19:28:00 - [TEST_STEP][FAILED] - Confirmmsg = getText(findTestObject("PaymentDetails/ConfirmationMessage")): Confirmmsg = getText(findTestObject("PaymentDetails/ConfirmationMessage")) FAILED.
Reason:
com.kms.katalon.core.exception.StepFailedException: Unable to get text of object 'Object Repository/PaymentDetails/ConfirmationMessage'
	at com.kms.katalon.core.keyword.internal.KeywordMain.stepFailed(KeywordMain.groovy:48)
	at com.kms.katalon.core.webui.keyword.internal.WebUIKeywordMain.stepFailed(WebUIKeywordMain.groovy:65)
	at com.kms.katalon.core.webui.keyword.internal.WebUIKeywordMain.runKeyword(WebUIKeywordMain.groovy:27)
	at com.kms.katalon.core.webui.keyword.builtin.GetTextKeyword.getText(GetTextKeyword.groovy:88)
	at com.kms.katalon.core.webui.keyword.builtin.GetTextKeyword.execute(GetTextKeyword.groovy:67)
	at com.kms.katalon.core.keyword.internal.KeywordExecutor.executeKeywordForPlatform(KeywordExecutor.groovy:56)
	at com.kms.katalon.core.webui.keyword.WebUiBuiltInKeywords.getText(WebUiBuiltInKeywords.groovy:888)
	at com.kms.katalon.core.webui.keyword.WebUiBuiltInKeywords$getText$10.call(Unknown Source)
	at StartQuote.run(StartQuote:131)
	at com.kms.katalon.core.main.ScriptEngine.run(ScriptEngine.java:194)
	at com.kms.katalon.core.main.ScriptEngine.runScriptAsRawText(ScriptEngine.java:119)
	at com.kms.katalon.core.main.TestCaseExecutor.runScript(TestCaseExecutor.java:331)
	at com.kms.katalon.core.main.TestCaseExecutor.doExecute(TestCaseExecutor.java:322)
	at com.kms.katalon.core.main.TestCaseExecutor.processExecutionPhase(TestCaseExecutor.java:301)
	at com.kms.katalon.core.main.TestCaseExecutor.accessMainPhase(TestCaseExecutor.java:293)
	at com.kms.katalon.core.main.TestCaseExecutor.execute(TestCaseExecutor.java:227)
	at com.kms.katalon.core.main.TestSuiteExecutor.accessTestCaseMainPhase(TestSuiteExecutor.java:129)
	at com.kms.katalon.core.main.TestSuiteExecutor.accessTestSuiteMainPhase(TestSuiteExecutor.java:112)
	at com.kms.katalon.core.main.TestSuiteExecutor.execute(TestSuiteExecutor.java:81)
	at com.kms.katalon.core.main.TestCaseMain.startTestSuite(TestCaseMain.java:157)
	at com.kms.katalon.core.main.TestCaseMain$startTestSuite$0.call(Unknown Source)
	at TempTestSuite1551880544442.run(TempTestSuite1551880544442.groovy:35)


2019-03-06 19:28:31 - [MESSAGE][INFO] - Unable to find the element located by 'By.xpath: //strong[contains(text(),'Policy has been successfully created.')]'. Please recheck the objects properties to make sure the desired element is located. 

2019-03-06 19:28:32 - [MESSAGE][FAILED] - Unable to get text of object 'Object Repository/PaymentDetails/ConfirmationMessage'
[[ATTACHMENT|E:\\MarkitCore\\Katalon\\Katalon\\MarkitCore\\Reports\\BuyProcess\\20190306_192544\\1551880711783.png]]

2019-03-06 19:28:32 - [MESSAGE][FAILED] - Confirmmsg = getText(findTestObject("PaymentDetails/ConfirmationMessage")) FAILED.
Reason:
com.kms.katalon.core.exception.StepFailedException: Unable to get text of object 'Object Repository/PaymentDetails/ConfirmationMessage'
	at com.kms.katalon.core.keyword.internal.KeywordMain.stepFailed(KeywordMain.groovy:48)
	at com.kms.katalon.core.webui.keyword.internal.WebUIKeywordMain.stepFailed(WebUIKeywordMain.groovy:65)
	at com.kms.katalon.core.webui.keyword.internal.WebUIKeywordMain.runKeyword(WebUIKeywordMain.groovy:27)
	at com.kms.katalon.core.webui.keyword.builtin.GetTextKeyword.getText(GetTextKeyword.groovy:88)
	at com.kms.katalon.core.webui.keyword.builtin.GetTextKeyword.execute(GetTextKeyword.groovy:67)
	at com.kms.katalon.core.keyword.internal.KeywordExecutor.executeKeywordForPlatform(KeywordExecutor.groovy:56)
	at com.kms.katalon.core.webui.keyword.WebUiBuiltInKeywords.getText(WebUiBuiltInKeywords.groovy:888)
	at com.kms.katalon.core.webui.keyword.WebUiBuiltInKeywords$getText$10.call(Unknown Source)
	at StartQuote.run(StartQuote:131)
	at com.kms.katalon.core.main.ScriptEngine.run(ScriptEngine.java:194)
	at com.kms.katalon.core.main.ScriptEngine.runScriptAsRawText(ScriptEngine.java:119)
	at com.kms.katalon.core.main.TestCaseExecutor.runScript(TestCaseExecutor.java:331)
	at com.kms.katalon.core.main.TestCaseExecutor.doExecute(TestCaseExecutor.java:322)
	at com.kms.katalon.core.main.TestCaseExecutor.processExecutionPhase(TestCaseExecutor.java:301)
	at com.kms.katalon.core.main.TestCaseExecutor.accessMainPhase(TestCaseExecutor.java:293)
	at com.kms.katalon.core.main.TestCaseExecutor.execute(TestCaseExecutor.java:227)
	at com.kms.katalon.core.main.TestSuiteExecutor.accessTestCaseMainPhase(TestSuiteExecutor.java:129)
	at com.kms.katalon.core.main.TestSuiteExecutor.accessTestSuiteMainPhase(TestSuiteExecutor.java:112)
	at com.kms.katalon.core.main.TestSuiteExecutor.execute(TestSuiteExecutor.java:81)
	at com.kms.katalon.core.main.TestCaseMain.startTestSuite(TestCaseMain.java:157)
	at com.kms.katalon.core.main.TestCaseMain$startTestSuite$0.call(Unknown Source)
	at TempTestSuite1551880544442.run(TempTestSuite1551880544442.groovy:35)]]></system-out>
         <system-err><![CDATA[2019-03-06 19:26:26 - [TEST_CASE][FAILED] - Test Cases/StartQuote: Test Cases/StartQuote FAILED.
Reason:
com.kms.katalon.core.exception.StepFailedException: Unable to get text of object 'Object Repository/PaymentDetails/ConfirmationMessage'
	at com.kms.katalon.core.keyword.internal.KeywordMain.stepFailed(KeywordMain.groovy:48)
	at com.kms.katalon.core.webui.keyword.internal.WebUIKeywordMain.stepFailed(WebUIKeywordMain.groovy:65)
	at com.kms.katalon.core.webui.keyword.internal.WebUIKeywordMain.runKeyword(WebUIKeywordMain.groovy:27)
	at com.kms.katalon.core.webui.keyword.builtin.GetTextKeyword.getText(GetTextKeyword.groovy:88)
	at com.kms.katalon.core.webui.keyword.builtin.GetTextKeyword.execute(GetTextKeyword.groovy:67)
	at com.kms.katalon.core.keyword.internal.KeywordExecutor.executeKeywordForPlatform(KeywordExecutor.groovy:56)
	at com.kms.katalon.core.webui.keyword.WebUiBuiltInKeywords.getText(WebUiBuiltInKeywords.groovy:888)
	at com.kms.katalon.core.webui.keyword.WebUiBuiltInKeywords$getText$10.call(Unknown Source)
	at StartQuote.run(StartQuote:131)
	at com.kms.katalon.core.main.ScriptEngine.run(ScriptEngine.java:194)
	at com.kms.katalon.core.main.ScriptEngine.runScriptAsRawText(ScriptEngine.java:119)
	at com.kms.katalon.core.main.TestCaseExecutor.runScript(TestCaseExecutor.java:331)
	at com.kms.katalon.core.main.TestCaseExecutor.doExecute(TestCaseExecutor.java:322)
	at com.kms.katalon.core.main.TestCaseExecutor.processExecutionPhase(TestCaseExecutor.java:301)
	at com.kms.katalon.core.main.TestCaseExecutor.accessMainPhase(TestCaseExecutor.java:293)
	at com.kms.katalon.core.main.TestCaseExecutor.execute(TestCaseExecutor.java:227)
	at com.kms.katalon.core.main.TestSuiteExecutor.accessTestCaseMainPhase(TestSuiteExecutor.java:129)
	at com.kms.katalon.core.main.TestSuiteExecutor.accessTestSuiteMainPhase(TestSuiteExecutor.java:112)
	at com.kms.katalon.core.main.TestSuiteExecutor.execute(TestSuiteExecutor.java:81)
	at com.kms.katalon.core.main.TestCaseMain.startTestSuite(TestCaseMain.java:157)
	at com.kms.katalon.core.main.TestCaseMain$startTestSuite$0.call(Unknown Source)
	at TempTestSuite1551880544442.run(TempTestSuite1551880544442.groovy:35)]]></system-err>
      </testcase>
      <system-out><![CDATA[2019-03-06 19:25:46 - [TEST_SUITE][FAILED] - BuyProcess: Test Cases/StartQuote FAILED.
Reason:
com.kms.katalon.core.exception.StepFailedException: Unable to get text of object 'Object Repository/PaymentDetails/ConfirmationMessage'
	at com.kms.katalon.core.keyword.internal.KeywordMain.stepFailed(KeywordMain.groovy:48)
	at com.kms.katalon.core.webui.keyword.internal.WebUIKeywordMain.stepFailed(WebUIKeywordMain.groovy:65)
	at com.kms.katalon.core.webui.keyword.internal.WebUIKeywordMain.runKeyword(WebUIKeywordMain.groovy:27)
	at com.kms.katalon.core.webui.keyword.builtin.GetTextKeyword.getText(GetTextKeyword.groovy:88)
	at com.kms.katalon.core.webui.keyword.builtin.GetTextKeyword.execute(GetTextKeyword.groovy:67)
	at com.kms.katalon.core.keyword.internal.KeywordExecutor.executeKeywordForPlatform(KeywordExecutor.groovy:56)
	at com.kms.katalon.core.webui.keyword.WebUiBuiltInKeywords.getText(WebUiBuiltInKeywords.groovy:888)
	at com.kms.katalon.core.webui.keyword.WebUiBuiltInKeywords$getText$10.call(Unknown Source)
	at StartQuote.run(StartQuote:131)
	at com.kms.katalon.core.main.ScriptEngine.run(ScriptEngine.java:194)
	at com.kms.katalon.core.main.ScriptEngine.runScriptAsRawText(ScriptEngine.java:119)
	at com.kms.katalon.core.main.TestCaseExecutor.runScript(TestCaseExecutor.java:331)
	at com.kms.katalon.core.main.TestCaseExecutor.doExecute(TestCaseExecutor.java:322)
	at com.kms.katalon.core.main.TestCaseExecutor.processExecutionPhase(TestCaseExecutor.java:301)
	at com.kms.katalon.core.main.TestCaseExecutor.accessMainPhase(TestCaseExecutor.java:293)
	at com.kms.katalon.core.main.TestCaseExecutor.execute(TestCaseExecutor.java:227)
	at com.kms.katalon.core.main.TestSuiteExecutor.accessTestCaseMainPhase(TestSuiteExecutor.java:129)
	at com.kms.katalon.core.main.TestSuiteExecutor.accessTestSuiteMainPhase(TestSuiteExecutor.java:112)
	at com.kms.katalon.core.main.TestSuiteExecutor.execute(TestSuiteExecutor.java:81)
	at com.kms.katalon.core.main.TestCaseMain.startTestSuite(TestCaseMain.java:157)
	at com.kms.katalon.core.main.TestCaseMain$startTestSuite$0.call(Unknown Source)
	at TempTestSuite1551880544442.run(TempTestSuite1551880544442.groovy:35)]]></system-out>
      <system-err><![CDATA[2019-03-06 19:25:46 - [TEST_SUITE][FAILED] - BuyProcess: Test Cases/StartQuote FAILED.
Reason:
com.kms.katalon.core.exception.StepFailedException: Unable to get text of object 'Object Repository/PaymentDetails/ConfirmationMessage'
	at com.kms.katalon.core.keyword.internal.KeywordMain.stepFailed(KeywordMain.groovy:48)
	at com.kms.katalon.core.webui.keyword.internal.WebUIKeywordMain.stepFailed(WebUIKeywordMain.groovy:65)
	at com.kms.katalon.core.webui.keyword.internal.WebUIKeywordMain.runKeyword(WebUIKeywordMain.groovy:27)
	at com.kms.katalon.core.webui.keyword.builtin.GetTextKeyword.getText(GetTextKeyword.groovy:88)
	at com.kms.katalon.core.webui.keyword.builtin.GetTextKeyword.execute(GetTextKeyword.groovy:67)
	at com.kms.katalon.core.keyword.internal.KeywordExecutor.executeKeywordForPlatform(KeywordExecutor.groovy:56)
	at com.kms.katalon.core.webui.keyword.WebUiBuiltInKeywords.getText(WebUiBuiltInKeywords.groovy:888)
	at com.kms.katalon.core.webui.keyword.WebUiBuiltInKeywords$getText$10.call(Unknown Source)
	at StartQuote.run(StartQuote:131)
	at com.kms.katalon.core.main.ScriptEngine.run(ScriptEngine.java:194)
	at com.kms.katalon.core.main.ScriptEngine.runScriptAsRawText(ScriptEngine.java:119)
	at com.kms.katalon.core.main.TestCaseExecutor.runScript(TestCaseExecutor.java:331)
	at com.kms.katalon.core.main.TestCaseExecutor.doExecute(TestCaseExecutor.java:322)
	at com.kms.katalon.core.main.TestCaseExecutor.processExecutionPhase(TestCaseExecutor.java:301)
	at com.kms.katalon.core.main.TestCaseExecutor.accessMainPhase(TestCaseExecutor.java:293)
	at com.kms.katalon.core.main.TestCaseExecutor.execute(TestCaseExecutor.java:227)
	at com.kms.katalon.core.main.TestSuiteExecutor.accessTestCaseMainPhase(TestSuiteExecutor.java:129)
	at com.kms.katalon.core.main.TestSuiteExecutor.accessTestSuiteMainPhase(TestSuiteExecutor.java:112)
	at com.kms.katalon.core.main.TestSuiteExecutor.execute(TestSuiteExecutor.java:81)
	at com.kms.katalon.core.main.TestCaseMain.startTestSuite(TestCaseMain.java:157)
	at com.kms.katalon.core.main.TestCaseMain$startTestSuite$0.call(Unknown Source)
	at TempTestSuite1551880544442.run(TempTestSuite1551880544442.groovy:35)]]></system-err>
   </testsuite>
</testsuites>
