<?xml version="1.0" encoding="UTF-8"?>
<testsuites name="BuyProcess" time="248" tests="2" failures="0" errors="2">
   <testsuite name="BuyProcess" tests="2" failures="0" errors="2" time="248" timestamp="2019-03-26 16:38:23" hostname="dipak - DIPAKDAS-PC.indusnettechnologies.com" id="Test Suites/BuyProcess">
      <properties>
         <property name="deviceName" value=""/>
         <property name="devicePlatform" value=""/>
         <property name="logFolder" value="E:\\MarkitCore\\Katalon\\Katalon\\MarkitCore\\Reports\\BuyProcess\\20190326_163819"/>
         <property name="logFiles" value="E:\\MarkitCore\\Katalon\\Katalon\\MarkitCore\\Reports\\BuyProcess\\20190326_163819\\execution0.log"/>
         <property name="attachments" value=""/>
         <property name="hostName" value="dipak - DIPAKDAS-PC.indusnettechnologies.com"/>
         <property name="os" value="Windows 7 32bit"/>
         <property name="katalonVersion" value="6.0.5.4"/>
         <property name="browser" value="Chrome 73.0.3683.86"/>
         <property name="hostAddress" value="10.0.12.237"/>
         <property name="sessionId" value="2081a6ca61b96a258cfca6301784e38a"/>
         <property name="seleniumVersion" value="3.7.1"/>
         <property name="proxyInformation" value="ProxyInformation{proxyOption=NO_PROXY, proxyServerType=HTTP, password=, proxyServerAddress=, proxyServerPort=0}"/>
         <property name="platform" value="Windows 7"/>
      </properties>
      <testcase name="Test Cases/Login" classname="Test Cases/Login" status="PASSED">
         <system-out><![CDATA[2019-03-26 16:38:23 - [TEST_CASE][PASSED] - Test Cases/Login: Test Cases/Login

2019-03-26 16:38:24 - [TEST_STEP][PASSED] - openBrowser("https://dev.markit-systems.com/markit_coreV2/Sites/CoreTest/login/admin_display"): Browser is opened with url: 'https://dev.markit-systems.com/markit_coreV2/Sites/CoreTest/login/admin_display'

2019-03-26 16:38:24 - [MESSAGE][INFO] - Starting 'Chrome' driver

2019-03-26 16:38:24 - [MESSAGE][INFO] - Action delay is set to 0 seconds

2019-03-26 16:38:43 - [MESSAGE][PASSED] - Browser is opened with url: 'https://dev.markit-systems.com/markit_coreV2/Sites/CoreTest/login/admin_display'

2019-03-26 16:38:43 - [TEST_STEP][PASSED] - maximizeWindow(): Current window maximized

2019-03-26 16:38:43 - [MESSAGE][PASSED] - Current window maximized

2019-03-26 16:38:43 - [TEST_STEP][PASSED] - waitForPageLoad(4): Wait for page load successfully

2019-03-26 16:38:43 - [MESSAGE][PASSED] - Wait for page load successfully

2019-03-26 16:38:43 - [TEST_STEP][PASSED] - setText(findTestObject("Username"), "dDasTester"): Text 'dDasTester' is set on object 'Object Repository/Username'

2019-03-26 16:38:43 - [MESSAGE][PASSED] - Text 'dDasTester' is set on object 'Object Repository/Username'

2019-03-26 16:38:43 - [TEST_STEP][PASSED] - delay(2): Delayed 2 second(s)

2019-03-26 16:38:45 - [MESSAGE][PASSED] - Delayed 2 second(s)

2019-03-26 16:38:45 - [TEST_STEP][PASSED] - setText(findTestObject("Password"), "Czybm6R*"): Text 'Czybm6R*' is set on object 'Object Repository/Password'

2019-03-26 16:38:45 - [MESSAGE][PASSED] - Text 'Czybm6R*' is set on object 'Object Repository/Password'

2019-03-26 16:38:45 - [TEST_STEP][PASSED] - delay(3, STOP_ON_FAILURE): Delayed 3 second(s)

2019-03-26 16:38:48 - [MESSAGE][PASSED] - Delayed 3 second(s)

2019-03-26 16:38:48 - [TEST_STEP][PASSED] - click(findTestObject("LoginButton")): Object: 'Object Repository/LoginButton' is clicked on

2019-03-26 16:38:54 - [MESSAGE][PASSED] - Object: 'Object Repository/LoginButton' is clicked on

2019-03-26 16:38:54 - [TEST_STEP][PASSED] - delay(3): Delayed 3 second(s)

2019-03-26 16:38:57 - [MESSAGE][PASSED] - Delayed 3 second(s)]]></system-out>
         <system-err><![CDATA[]]></system-err>
      </testcase>
      <testcase name="Test Cases/ClientSearch" classname="Test Cases/ClientSearch" status="PASSED">
         <system-out><![CDATA[2019-03-26 16:38:57 - [TEST_CASE][PASSED] - Test Cases/ClientSearch: Test Cases/ClientSearch

2019-03-26 16:38:57 - [TEST_STEP][PASSED] - waitForElementClickable(findTestObject("ClientSearch"), 10): Object 'Object Repository/ClientSearch' is clickable

2019-03-26 16:38:57 - [MESSAGE][PASSED] - Object 'Object Repository/ClientSearch' is clickable

2019-03-26 16:38:57 - [TEST_STEP][PASSED] - click(findTestObject("ClientSearch")): Object: 'Object Repository/ClientSearch' is clicked on

2019-03-26 16:38:59 - [MESSAGE][PASSED] - Object: 'Object Repository/ClientSearch' is clicked on

2019-03-26 16:38:59 - [TEST_STEP][PASSED] - delay(5): Delayed 5 second(s)

2019-03-26 16:39:04 - [MESSAGE][PASSED] - Delayed 5 second(s)

2019-03-26 16:39:04 - [TEST_STEP][PASSED] - sendKeys(findTestObject("SearchText"), "Dipak"): Keys 'Dipak' sent to object: 'Object Repository/SearchText'

2019-03-26 16:39:04 - [MESSAGE][PASSED] - Keys 'Dipak' sent to object: 'Object Repository/SearchText'

2019-03-26 16:39:04 - [TEST_STEP][PASSED] - delay(2): Delayed 2 second(s)

2019-03-26 16:39:06 - [MESSAGE][PASSED] - Delayed 2 second(s)

2019-03-26 16:39:06 - [TEST_STEP][PASSED] - sendKeys(findTestObject("SearchText"), Keys.chord(ENTER)): Keys 'ENTER + ' sent to object: 'Object Repository/SearchText'

2019-03-26 16:39:06 - [MESSAGE][PASSED] - Keys 'ENTER + ' sent to object: 'Object Repository/SearchText'

2019-03-26 16:39:06 - [TEST_STEP][PASSED] - delay(3): Delayed 3 second(s)

2019-03-26 16:39:09 - [MESSAGE][PASSED] - Delayed 3 second(s)

2019-03-26 16:39:09 - [TEST_STEP][PASSED] - waitForElementClickable(findTestObject("ClientListingAction"), 5): Object 'Object Repository/ClientListingAction' is clickable

2019-03-26 16:39:09 - [MESSAGE][PASSED] - Object 'Object Repository/ClientListingAction' is clickable

2019-03-26 16:39:09 - [TEST_STEP][PASSED] - click(findTestObject("ClientListingAction")): Object: 'Object Repository/ClientListingAction' is clicked on

2019-03-26 16:39:10 - [MESSAGE][PASSED] - Object: 'Object Repository/ClientListingAction' is clicked on

2019-03-26 16:39:10 - [TEST_STEP][PASSED] - delay(5): Delayed 5 second(s)

2019-03-26 16:39:15 - [MESSAGE][PASSED] - Delayed 5 second(s)]]></system-out>
         <system-err><![CDATA[]]></system-err>
      </testcase>
      <testcase name="Test Cases/StartQuote" classname="Test Cases/StartQuote" status="ERROR">
         <error type="ERROR" message="Test Cases/StartQuote FAILED.
Reason:
org.codehaus.groovy.runtime.InvokerInvocationException: groovy.lang.MissingMethodException: No signature of method: org.apache.poi.xssf.usermodel.XSSFWorkbook.getSheetAt() is applicable for argument types: (java.lang.String) values: [Sheet1]
Possible solutions: getSheetAt(int), getSheet(java.lang.String), getSheetName(int), getFontAt(short), getNameAt(int), getSheetIndex(java.lang.String)
	at com.helper.excel2.excelwrite.invokeMethod(excelwrite.groovy)
	at com.kms.katalon.core.main.CustomKeywordDelegatingMetaClass.invokeStaticMethod(CustomKeywordDelegatingMetaClass.java:49)
	at StartQuote.run(StartQuote:135)
	at com.kms.katalon.core.main.ScriptEngine.run(ScriptEngine.java:194)
	at com.kms.katalon.core.main.ScriptEngine.runScriptAsRawText(ScriptEngine.java:119)
	at com.kms.katalon.core.main.TestCaseExecutor.runScript(TestCaseExecutor.java:331)
	at com.kms.katalon.core.main.TestCaseExecutor.doExecute(TestCaseExecutor.java:322)
	at com.kms.katalon.core.main.TestCaseExecutor.processExecutionPhase(TestCaseExecutor.java:301)
	at com.kms.katalon.core.main.TestCaseExecutor.accessMainPhase(TestCaseExecutor.java:293)
	at com.kms.katalon.core.main.TestCaseExecutor.execute(TestCaseExecutor.java:227)
	at com.kms.katalon.core.main.TestSuiteExecutor.accessTestCaseMainPhase(TestSuiteExecutor.java:129)
	at com.kms.katalon.core.main.TestSuiteExecutor.accessTestSuiteMainPhase(TestSuiteExecutor.java:112)
	at com.kms.katalon.core.main.TestSuiteExecutor.execute(TestSuiteExecutor.java:81)
	at com.kms.katalon.core.main.TestCaseMain.startTestSuite(TestCaseMain.java:157)
	at com.kms.katalon.core.main.TestCaseMain$startTestSuite$0.call(Unknown Source)
	at TempTestSuite1553598499225.run(TempTestSuite1553598499225.groovy:35)
Caused by: groovy.lang.MissingMethodException: No signature of method: org.apache.poi.xssf.usermodel.XSSFWorkbook.getSheetAt() is applicable for argument types: (java.lang.String) values: [Sheet1]
Possible solutions: getSheetAt(int), getSheet(java.lang.String), getSheetName(int), getFontAt(short), getNameAt(int), getSheetIndex(java.lang.String)
	at com.helper.excel2.excelwrite.WriteExcel(excelwrite.groovy:38)
	at com.helper.excel2.excelwrite.invokeMethod(excelwrite.groovy)
	at com.kms.katalon.core.main.CustomKeywordDelegatingMetaClass.invokeStaticMethod(CustomKeywordDelegatingMetaClass.java:49)
	at Script1550750722783.run(Script1550750722783.groovy:135)
	... 13 more
"/>
         <system-out><![CDATA[2019-03-26 16:39:15 - [TEST_CASE][ERROR] - Test Cases/StartQuote: Test Cases/StartQuote FAILED.
Reason:
org.codehaus.groovy.runtime.InvokerInvocationException: groovy.lang.MissingMethodException: No signature of method: org.apache.poi.xssf.usermodel.XSSFWorkbook.getSheetAt() is applicable for argument types: (java.lang.String) values: [Sheet1]
Possible solutions: getSheetAt(int), getSheet(java.lang.String), getSheetName(int), getFontAt(short), getNameAt(int), getSheetIndex(java.lang.String)
	at com.helper.excel2.excelwrite.invokeMethod(excelwrite.groovy)
	at com.kms.katalon.core.main.CustomKeywordDelegatingMetaClass.invokeStaticMethod(CustomKeywordDelegatingMetaClass.java:49)
	at StartQuote.run(StartQuote:135)
	at com.kms.katalon.core.main.ScriptEngine.run(ScriptEngine.java:194)
	at com.kms.katalon.core.main.ScriptEngine.runScriptAsRawText(ScriptEngine.java:119)
	at com.kms.katalon.core.main.TestCaseExecutor.runScript(TestCaseExecutor.java:331)
	at com.kms.katalon.core.main.TestCaseExecutor.doExecute(TestCaseExecutor.java:322)
	at com.kms.katalon.core.main.TestCaseExecutor.processExecutionPhase(TestCaseExecutor.java:301)
	at com.kms.katalon.core.main.TestCaseExecutor.accessMainPhase(TestCaseExecutor.java:293)
	at com.kms.katalon.core.main.TestCaseExecutor.execute(TestCaseExecutor.java:227)
	at com.kms.katalon.core.main.TestSuiteExecutor.accessTestCaseMainPhase(TestSuiteExecutor.java:129)
	at com.kms.katalon.core.main.TestSuiteExecutor.accessTestSuiteMainPhase(TestSuiteExecutor.java:112)
	at com.kms.katalon.core.main.TestSuiteExecutor.execute(TestSuiteExecutor.java:81)
	at com.kms.katalon.core.main.TestCaseMain.startTestSuite(TestCaseMain.java:157)
	at com.kms.katalon.core.main.TestCaseMain$startTestSuite$0.call(Unknown Source)
	at TempTestSuite1553598499225.run(TempTestSuite1553598499225.groovy:35)
Caused by: groovy.lang.MissingMethodException: No signature of method: org.apache.poi.xssf.usermodel.XSSFWorkbook.getSheetAt() is applicable for argument types: (java.lang.String) values: [Sheet1]
Possible solutions: getSheetAt(int), getSheet(java.lang.String), getSheetName(int), getFontAt(short), getNameAt(int), getSheetIndex(java.lang.String)
	at com.helper.excel2.excelwrite.WriteExcel(excelwrite.groovy:38)
	at com.helper.excel2.excelwrite.invokeMethod(excelwrite.groovy)
	at com.kms.katalon.core.main.CustomKeywordDelegatingMetaClass.invokeStaticMethod(CustomKeywordDelegatingMetaClass.java:49)
	at Script1550750722783.run(Script1550750722783.groovy:135)
	... 13 more


2019-03-26 16:39:16 - [TEST_STEP][PASSED] - log = new com.kms.katalon.core.logging.KeywordLogger(): null

2019-03-26 16:39:16 - [TEST_STEP][PASSED] - waitForPageLoad(10, STOP_ON_FAILURE): Wait for page load successfully

2019-03-26 16:39:16 - [MESSAGE][PASSED] - Wait for page load successfully

2019-03-26 16:39:16 - [TEST_STEP][PASSED] - click(findTestObject("StartQuote")): Object: 'Object Repository/StartQuote' is clicked on

2019-03-26 16:39:18 - [MESSAGE][PASSED] - Object: 'Object Repository/StartQuote' is clicked on

2019-03-26 16:39:18 - [TEST_STEP][PASSED] - waitForJQueryLoad(5): jQuery is ready.

2019-03-26 16:39:18 - [MESSAGE][PASSED] - jQuery is ready.

2019-03-26 16:39:18 - [TEST_STEP][PASSED] - selectOptionByLabel(findTestObject("GeneralInformation/currency"), var_currency, false): All options with label 'USD' are selected in object 'Object Repository/GeneralInformation/currency' 

2019-03-26 16:39:18 - [MESSAGE][PASSED] - All options with label 'USD' are selected in object 'Object Repository/GeneralInformation/currency' 

2019-03-26 16:39:18 - [TEST_STEP][PASSED] - delay(5): Delayed 5 second(s)

2019-03-26 16:39:23 - [MESSAGE][PASSED] - Delayed 5 second(s)

2019-03-26 16:39:23 - [TEST_STEP][PASSED] - click(findTestObject("GeneralInformation/SelectBroker")): Object: 'Object Repository/GeneralInformation/SelectBroker' is clicked on

2019-03-26 16:39:24 - [MESSAGE][PASSED] - Object: 'Object Repository/GeneralInformation/SelectBroker' is clicked on

2019-03-26 16:39:24 - [TEST_STEP][PASSED] - selectOptionByLabel(findTestObject("GeneralInformation/SelectBroker"), BrokerName, false): All options with label 'New Broker' are selected in object 'Object Repository/GeneralInformation/SelectBroker' 

2019-03-26 16:39:24 - [MESSAGE][PASSED] - All options with label 'New Broker' are selected in object 'Object Repository/GeneralInformation/SelectBroker' 

2019-03-26 16:39:24 - [TEST_STEP][PASSED] - delay(5): Delayed 5 second(s)

2019-03-26 16:39:29 - [MESSAGE][PASSED] - Delayed 5 second(s)

2019-03-26 16:39:29 - [TEST_STEP][PASSED] - click(findTestObject("GeneralInformation/SelectProduct")): Object: 'Object Repository/GeneralInformation/SelectProduct' is clicked on

2019-03-26 16:39:29 - [MESSAGE][PASSED] - Object: 'Object Repository/GeneralInformation/SelectProduct' is clicked on

2019-03-26 16:39:29 - [TEST_STEP][PASSED] - waitForJQueryLoad(5): jQuery is ready.

2019-03-26 16:39:29 - [MESSAGE][PASSED] - jQuery is ready.

2019-03-26 16:39:29 - [TEST_STEP][PASSED] - selectOptionByLabel(findTestObject("GeneralInformation/SelectProduct"), ProductName, false): All options with label 'BasicDemoProduct' are selected in object 'Object Repository/GeneralInformation/SelectProduct' 

2019-03-26 16:39:29 - [MESSAGE][PASSED] - All options with label 'BasicDemoProduct' are selected in object 'Object Repository/GeneralInformation/SelectProduct' 

2019-03-26 16:39:29 - [TEST_STEP][PASSED] - waitForJQueryLoad(5): jQuery is ready.

2019-03-26 16:39:30 - [MESSAGE][PASSED] - jQuery is ready.

2019-03-26 16:39:30 - [TEST_STEP][NOT_RUN] - delay(3): NOT_RUN: delay(3)

2019-03-26 16:39:30 - [MESSAGE][NOT_RUN] - NOT_RUN: delay(3)

2019-03-26 16:39:30 - [TEST_STEP][PASSED] - click(findTestObject("GeneralInformation/PolicyTerm")): Object: 'Object Repository/GeneralInformation/PolicyTerm' is clicked on

2019-03-26 16:39:30 - [MESSAGE][PASSED] - Object: 'Object Repository/GeneralInformation/PolicyTerm' is clicked on

2019-03-26 16:39:30 - [TEST_STEP][PASSED] - delay(5): Delayed 5 second(s)

2019-03-26 16:39:35 - [MESSAGE][PASSED] - Delayed 5 second(s)

2019-03-26 16:39:35 - [TEST_STEP][PASSED] - selectOptionByLabel(findTestObject("GeneralInformation/PolicyTerm"), Term, false): All options with label 'Yearly' are selected in object 'Object Repository/GeneralInformation/PolicyTerm' 

2019-03-26 16:39:35 - [MESSAGE][PASSED] - All options with label 'Yearly' are selected in object 'Object Repository/GeneralInformation/PolicyTerm' 

2019-03-26 16:39:35 - [TEST_STEP][PASSED] - waitForJQueryLoad(10): jQuery is ready.

2019-03-26 16:39:36 - [MESSAGE][PASSED] - jQuery is ready.

2019-03-26 16:39:36 - [TEST_STEP][PASSED] - click(findTestObject("GeneralInformation/PolicyStartDate")): Object: 'Object Repository/GeneralInformation/PolicyStartDate' is clicked on

2019-03-26 16:39:36 - [MESSAGE][PASSED] - Object: 'Object Repository/GeneralInformation/PolicyStartDate' is clicked on

2019-03-26 16:39:36 - [TEST_STEP][PASSED] - click(findTestObject("GeneralInformation/Policy_Start_Year")): Object: 'Object Repository/GeneralInformation/Policy_Start_Year' is clicked on

2019-03-26 16:39:36 - [MESSAGE][PASSED] - Object: 'Object Repository/GeneralInformation/Policy_Start_Year' is clicked on

2019-03-26 16:39:36 - [TEST_STEP][PASSED] - click(findTestObject("GeneralInformation/Policy_Start_Month")): Object: 'Object Repository/GeneralInformation/Policy_Start_Month' is clicked on

2019-03-26 16:39:37 - [MESSAGE][PASSED] - Object: 'Object Repository/GeneralInformation/Policy_Start_Month' is clicked on

2019-03-26 16:39:37 - [TEST_STEP][PASSED] - click(findTestObject("GeneralInformation/Policy_Start_Month")): Object: 'Object Repository/GeneralInformation/Policy_Start_Month' is clicked on

2019-03-26 16:39:37 - [MESSAGE][PASSED] - Object: 'Object Repository/GeneralInformation/Policy_Start_Month' is clicked on

2019-03-26 16:39:37 - [TEST_STEP][PASSED] - delay(4): Delayed 4 second(s)

2019-03-26 16:39:41 - [MESSAGE][PASSED] - Delayed 4 second(s)

2019-03-26 16:39:41 - [TEST_STEP][PASSED] - click(findTestObject("GeneralInformation/NextButton")): Object: 'Object Repository/GeneralInformation/NextButton' is clicked on

2019-03-26 16:39:41 - [MESSAGE][PASSED] - Object: 'Object Repository/GeneralInformation/NextButton' is clicked on

2019-03-26 16:39:41 - [TEST_STEP][PASSED] - delay(3): Delayed 3 second(s)

2019-03-26 16:39:44 - [MESSAGE][PASSED] - Delayed 3 second(s)

2019-03-26 16:39:44 - [TEST_STEP][PASSED] - if (var_cancelAlertCondition.equals("cancel")): Object: 'Object Repository/RiskDetails/Page_Markit core new  Risk details/ButtonSubmit' is clicked on

2019-03-26 16:39:44 - [TEST_STEP][PASSED] - click(findTestObject("GeneralInformation/CancelAlert")): Object: 'Object Repository/GeneralInformation/CancelAlert' is clicked on

2019-03-26 16:39:47 - [MESSAGE][PASSED] - Object: 'Object Repository/GeneralInformation/CancelAlert' is clicked on

2019-03-26 16:39:47 - [TEST_STEP][PASSED] - delay(4): Delayed 4 second(s)

2019-03-26 16:39:51 - [MESSAGE][PASSED] - Delayed 4 second(s)

2019-03-26 16:39:51 - [TEST_STEP][PASSED] - waitForElementVisible(findTestObject("RiskDetails/Page_Markit core new  Risk details/General_Info_Risk_Details"), 5): Object 'Object Repository/RiskDetails/Page_Markit core new  Risk details/General_Info_Risk_Details' is visible

2019-03-26 16:39:51 - [MESSAGE][PASSED] - Object 'Object Repository/RiskDetails/Page_Markit core new  Risk details/General_Info_Risk_Details' is visible

2019-03-26 16:39:51 - [TEST_STEP][PASSED] - delay(2): Delayed 2 second(s)

2019-03-26 16:39:53 - [MESSAGE][PASSED] - Delayed 2 second(s)

2019-03-26 16:39:53 - [TEST_STEP][PASSED] - selectOptionByLabel(findTestObject("RiskDetails/Page_Markit core new  Risk details/SelectType"), var_buildingtype, false): All options with label 'Flat' are selected in object 'Object Repository/RiskDetails/Page_Markit core new  Risk details/SelectType' 

2019-03-26 16:39:53 - [MESSAGE][PASSED] - All options with label 'Flat' are selected in object 'Object Repository/RiskDetails/Page_Markit core new  Risk details/SelectType' 

2019-03-26 16:39:53 - [TEST_STEP][PASSED] - delay(1): Delayed 1 second(s)

2019-03-26 16:39:54 - [MESSAGE][PASSED] - Delayed 1 second(s)

2019-03-26 16:39:54 - [TEST_STEP][PASSED] - sendKeys(findTestObject("RiskDetails/Page_Markit core new  Risk details/SumInsure"), BuildingSumInsure, STOP_ON_FAILURE): Keys '4000' sent to object: 'Object Repository/RiskDetails/Page_Markit core new  Risk details/SumInsure'

2019-03-26 16:39:54 - [MESSAGE][PASSED] - Keys '4000' sent to object: 'Object Repository/RiskDetails/Page_Markit core new  Risk details/SumInsure'

2019-03-26 16:39:54 - [TEST_STEP][PASSED] - sendKeys(findTestObject("RiskDetails/Page_Markit core new  Risk details/RoomNo"), NoofRoom): Keys '3' sent to object: 'Object Repository/RiskDetails/Page_Markit core new  Risk details/RoomNo'

2019-03-26 16:39:54 - [MESSAGE][PASSED] - Keys '3' sent to object: 'Object Repository/RiskDetails/Page_Markit core new  Risk details/RoomNo'

2019-03-26 16:39:54 - [TEST_STEP][PASSED] - sendKeys(findTestObject("RiskDetails/Page_Markit core new  Risk details/ContentSumInsure"), ContentSumInsure): Keys '5000' sent to object: 'Object Repository/RiskDetails/Page_Markit core new  Risk details/ContentSumInsure'

2019-03-26 16:39:54 - [MESSAGE][PASSED] - Keys '5000' sent to object: 'Object Repository/RiskDetails/Page_Markit core new  Risk details/ContentSumInsure'

2019-03-26 16:39:54 - [TEST_STEP][PASSED] - delay(2): Delayed 2 second(s)

2019-03-26 16:39:56 - [MESSAGE][PASSED] - Delayed 2 second(s)

2019-03-26 16:39:56 - [TEST_STEP][PASSED] - click(findTestObject("RiskDetails/Page_Markit core new  Risk details/ButtonSubmit")): Object: 'Object Repository/RiskDetails/Page_Markit core new  Risk details/ButtonSubmit' is clicked on

2019-03-26 16:40:03 - [MESSAGE][PASSED] - Object: 'Object Repository/RiskDetails/Page_Markit core new  Risk details/ButtonSubmit' is clicked on

2019-03-26 16:40:03 - [TEST_STEP][PASSED] - waitForJQueryLoad(10): jQuery is ready.

2019-03-26 16:40:04 - [MESSAGE][PASSED] - jQuery is ready.

2019-03-26 16:40:04 - [TEST_STEP][PASSED] - click(findTestObject("PremiumPage/Bind")): Object: 'Object Repository/PremiumPage/Bind' is clicked on

2019-03-26 16:40:06 - [MESSAGE][PASSED] - Object: 'Object Repository/PremiumPage/Bind' is clicked on

2019-03-26 16:40:06 - [TEST_STEP][PASSED] - delay(10): Delayed 10 second(s)

2019-03-26 16:40:16 - [MESSAGE][PASSED] - Delayed 10 second(s)

2019-03-26 16:40:16 - [TEST_STEP][PASSED] - click(findTestObject("PaymentDetails/PaymentMethods")): Object: 'Object Repository/PaymentDetails/PaymentMethods' is clicked on

2019-03-26 16:40:16 - [MESSAGE][PASSED] - Object: 'Object Repository/PaymentDetails/PaymentMethods' is clicked on

2019-03-26 16:40:16 - [TEST_STEP][PASSED] - waitForJQueryLoad(5): jQuery is ready.

2019-03-26 16:40:16 - [MESSAGE][PASSED] - jQuery is ready.

2019-03-26 16:40:16 - [TEST_STEP][PASSED] - selectOptionByLabel(findTestObject("PaymentDetails/SelectInstallment"), "1", false): All options with label '1' are selected in object 'Object Repository/PaymentDetails/SelectInstallment' 

2019-03-26 16:40:16 - [MESSAGE][PASSED] - All options with label '1' are selected in object 'Object Repository/PaymentDetails/SelectInstallment' 

2019-03-26 16:40:16 - [TEST_STEP][PASSED] - scrollToElement(findTestObject("PaymentDetails/ConfirmPaymentType"), 5): Scroll to object 'Object Repository/PaymentDetails/ConfirmPaymentType' successfully

2019-03-26 16:40:16 - [MESSAGE][PASSED] - Scroll to object 'Object Repository/PaymentDetails/ConfirmPaymentType' successfully

2019-03-26 16:40:16 - [TEST_STEP][PASSED] - delay(5): Delayed 5 second(s)

2019-03-26 16:40:21 - [MESSAGE][PASSED] - Delayed 5 second(s)

2019-03-26 16:40:21 - [TEST_STEP][PASSED] - click(findTestObject("PaymentDetails/ConfirmPaymentType")): Object: 'Object Repository/PaymentDetails/ConfirmPaymentType' is clicked on

2019-03-26 16:40:21 - [MESSAGE][PASSED] - Object: 'Object Repository/PaymentDetails/ConfirmPaymentType' is clicked on

2019-03-26 16:40:21 - [TEST_STEP][PASSED] - scrollToElement(findTestObject("PaymentDetails/BindAndSendPolicySchedule"), 5): Scroll to object 'Object Repository/PaymentDetails/BindAndSendPolicySchedule' successfully

2019-03-26 16:40:25 - [MESSAGE][PASSED] - Scroll to object 'Object Repository/PaymentDetails/BindAndSendPolicySchedule' successfully

2019-03-26 16:40:25 - [TEST_STEP][PASSED] - delay(4): Delayed 4 second(s)

2019-03-26 16:40:29 - [MESSAGE][PASSED] - Delayed 4 second(s)

2019-03-26 16:40:29 - [TEST_STEP][PASSED] - click(findTestObject("PaymentDetails/BindAndSendPolicySchedule")): Object: 'Object Repository/PaymentDetails/BindAndSendPolicySchedule' is clicked on

2019-03-26 16:40:29 - [MESSAGE][PASSED] - Object: 'Object Repository/PaymentDetails/BindAndSendPolicySchedule' is clicked on

2019-03-26 16:40:29 - [TEST_STEP][PASSED] - var_policyno = getText(findTestObject("PremiumPage/PolicyNo")): Text of object 'Object Repository/PremiumPage/PolicyNo' is: 'DASD/POLICY/002405'

2019-03-26 16:40:35 - [MESSAGE][PASSED] - Text of object 'Object Repository/PremiumPage/PolicyNo' is: 'DASD/POLICY/002405'

2019-03-26 16:40:35 - [TEST_STEP][PASSED] - Confirmmsg = getText(findTestObject("PaymentDetails/ConfirmationMessage")): Text of object 'Object Repository/PaymentDetails/ConfirmationMessage' is: 'Policy has been successfully created.'

2019-03-26 16:40:35 - [MESSAGE][PASSED] - Text of object 'Object Repository/PaymentDetails/ConfirmationMessage' is: 'Policy has been successfully created.'

2019-03-26 16:40:35 - [TEST_STEP][PASSED] - callTestCase(findTestCase("ClientSearch"), ["ClientName":""], STOP_ON_FAILURE): Call Test Case 'Test Cases/ClientSearch' successfully

2019-03-26 16:40:35 - [TEST_CASE][PASSED] - Test Cases/ClientSearch: Test Cases/ClientSearch

2019-03-26 16:40:35 - [TEST_STEP][PASSED] - waitForElementClickable(findTestObject("ClientSearch"), 10): Object 'Object Repository/ClientSearch' is clickable

2019-03-26 16:40:35 - [MESSAGE][PASSED] - Object 'Object Repository/ClientSearch' is clickable

2019-03-26 16:40:35 - [TEST_STEP][PASSED] - click(findTestObject("ClientSearch")): Object: 'Object Repository/ClientSearch' is clicked on

2019-03-26 16:40:36 - [MESSAGE][PASSED] - Object: 'Object Repository/ClientSearch' is clicked on

2019-03-26 16:40:36 - [TEST_STEP][PASSED] - delay(5): Delayed 5 second(s)

2019-03-26 16:40:41 - [MESSAGE][PASSED] - Delayed 5 second(s)

2019-03-26 16:40:41 - [TEST_STEP][PASSED] - sendKeys(findTestObject("SearchText"), "Dipak"): Keys 'Dipak' sent to object: 'Object Repository/SearchText'

2019-03-26 16:40:41 - [MESSAGE][PASSED] - Keys 'Dipak' sent to object: 'Object Repository/SearchText'

2019-03-26 16:40:41 - [TEST_STEP][PASSED] - delay(2): Delayed 2 second(s)

2019-03-26 16:40:43 - [MESSAGE][PASSED] - Delayed 2 second(s)

2019-03-26 16:40:43 - [TEST_STEP][PASSED] - sendKeys(findTestObject("SearchText"), Keys.chord(ENTER)): Keys 'ENTER + ' sent to object: 'Object Repository/SearchText'

2019-03-26 16:40:43 - [MESSAGE][PASSED] - Keys 'ENTER + ' sent to object: 'Object Repository/SearchText'

2019-03-26 16:40:43 - [TEST_STEP][PASSED] - delay(3): Delayed 3 second(s)

2019-03-26 16:40:46 - [MESSAGE][PASSED] - Delayed 3 second(s)

2019-03-26 16:40:46 - [TEST_STEP][PASSED] - waitForElementClickable(findTestObject("ClientListingAction"), 5): Object 'Object Repository/ClientListingAction' is clickable

2019-03-26 16:40:46 - [MESSAGE][PASSED] - Object 'Object Repository/ClientListingAction' is clickable

2019-03-26 16:40:46 - [TEST_STEP][PASSED] - click(findTestObject("ClientListingAction")): Object: 'Object Repository/ClientListingAction' is clicked on

2019-03-26 16:40:49 - [MESSAGE][PASSED] - Object: 'Object Repository/ClientListingAction' is clicked on

2019-03-26 16:40:49 - [TEST_STEP][PASSED] - delay(5): Delayed 5 second(s)

2019-03-26 16:40:54 - [MESSAGE][PASSED] - Delayed 5 second(s)

2019-03-26 16:40:54 - [MESSAGE][PASSED] - Call Test Case 'Test Cases/ClientSearch' successfully

2019-03-26 16:40:54 - [TEST_STEP][NOT_RUN] - log.logInfo(PolicyNo): NOT_RUN: log.logInfo(PolicyNo)

2019-03-26 16:40:54 - [MESSAGE][NOT_RUN] - NOT_RUN: log.logInfo(PolicyNo)

2019-03-26 16:40:54 - [TEST_STEP][NOT_RUN] - log.logInfo(Confirmmsg): NOT_RUN: log.logInfo(Confirmmsg)

2019-03-26 16:40:54 - [MESSAGE][NOT_RUN] - NOT_RUN: log.logInfo(Confirmmsg)

2019-03-26 16:40:54 - [TEST_STEP][NOT_RUN] - delay(2): NOT_RUN: delay(2)

2019-03-26 16:40:54 - [MESSAGE][NOT_RUN] - NOT_RUN: delay(2)

2019-03-26 16:40:54 - [TEST_STEP][ERROR] - com.helper.excel2.excelwrite.WriteExcel(PolicyNo): com.helper.excel2.excelwrite.WriteExcel(PolicyNo) FAILED.
Reason:
org.codehaus.groovy.runtime.InvokerInvocationException: groovy.lang.MissingMethodException: No signature of method: org.apache.poi.xssf.usermodel.XSSFWorkbook.getSheetAt() is applicable for argument types: (java.lang.String) values: [Sheet1]
Possible solutions: getSheetAt(int), getSheet(java.lang.String), getSheetName(int), getFontAt(short), getNameAt(int), getSheetIndex(java.lang.String)
	at com.helper.excel2.excelwrite.invokeMethod(excelwrite.groovy)
	at com.kms.katalon.core.main.CustomKeywordDelegatingMetaClass.invokeStaticMethod(CustomKeywordDelegatingMetaClass.java:49)
	at StartQuote.run(StartQuote:135)
	at com.kms.katalon.core.main.ScriptEngine.run(ScriptEngine.java:194)
	at com.kms.katalon.core.main.ScriptEngine.runScriptAsRawText(ScriptEngine.java:119)
	at com.kms.katalon.core.main.TestCaseExecutor.runScript(TestCaseExecutor.java:331)
	at com.kms.katalon.core.main.TestCaseExecutor.doExecute(TestCaseExecutor.java:322)
	at com.kms.katalon.core.main.TestCaseExecutor.processExecutionPhase(TestCaseExecutor.java:301)
	at com.kms.katalon.core.main.TestCaseExecutor.accessMainPhase(TestCaseExecutor.java:293)
	at com.kms.katalon.core.main.TestCaseExecutor.execute(TestCaseExecutor.java:227)
	at com.kms.katalon.core.main.TestSuiteExecutor.accessTestCaseMainPhase(TestSuiteExecutor.java:129)
	at com.kms.katalon.core.main.TestSuiteExecutor.accessTestSuiteMainPhase(TestSuiteExecutor.java:112)
	at com.kms.katalon.core.main.TestSuiteExecutor.execute(TestSuiteExecutor.java:81)
	at com.kms.katalon.core.main.TestCaseMain.startTestSuite(TestCaseMain.java:157)
	at com.kms.katalon.core.main.TestCaseMain$startTestSuite$0.call(Unknown Source)
	at TempTestSuite1553598499225.run(TempTestSuite1553598499225.groovy:35)
Caused by: groovy.lang.MissingMethodException: No signature of method: org.apache.poi.xssf.usermodel.XSSFWorkbook.getSheetAt() is applicable for argument types: (java.lang.String) values: [Sheet1]
Possible solutions: getSheetAt(int), getSheet(java.lang.String), getSheetName(int), getFontAt(short), getNameAt(int), getSheetIndex(java.lang.String)
	at com.helper.excel2.excelwrite.WriteExcel(excelwrite.groovy:38)
	at com.helper.excel2.excelwrite.invokeMethod(excelwrite.groovy)
	at com.kms.katalon.core.main.CustomKeywordDelegatingMetaClass.invokeStaticMethod(CustomKeywordDelegatingMetaClass.java:49)
	at Script1550750722783.run(Script1550750722783.groovy:135)
	... 13 more


2019-03-26 16:40:56 - [MESSAGE][ERROR] - groovy.lang.MissingMethodException: No signature of method: org.apache.poi.xssf.usermodel.XSSFWorkbook.getSheetAt() is applicable for argument types: (java.lang.String) values: [Sheet1]
Possible solutions: getSheetAt(int), getSheet(java.lang.String), getSheetName(int), getFontAt(short), getNameAt(int), getSheetIndex(java.lang.String)

2019-03-26 16:40:56 - [MESSAGE][ERROR] - com.helper.excel2.excelwrite.WriteExcel(PolicyNo) FAILED.
Reason:
org.codehaus.groovy.runtime.InvokerInvocationException: groovy.lang.MissingMethodException: No signature of method: org.apache.poi.xssf.usermodel.XSSFWorkbook.getSheetAt() is applicable for argument types: (java.lang.String) values: [Sheet1]
Possible solutions: getSheetAt(int), getSheet(java.lang.String), getSheetName(int), getFontAt(short), getNameAt(int), getSheetIndex(java.lang.String)
	at com.helper.excel2.excelwrite.invokeMethod(excelwrite.groovy)
	at com.kms.katalon.core.main.CustomKeywordDelegatingMetaClass.invokeStaticMethod(CustomKeywordDelegatingMetaClass.java:49)
	at StartQuote.run(StartQuote:135)
	at com.kms.katalon.core.main.ScriptEngine.run(ScriptEngine.java:194)
	at com.kms.katalon.core.main.ScriptEngine.runScriptAsRawText(ScriptEngine.java:119)
	at com.kms.katalon.core.main.TestCaseExecutor.runScript(TestCaseExecutor.java:331)
	at com.kms.katalon.core.main.TestCaseExecutor.doExecute(TestCaseExecutor.java:322)
	at com.kms.katalon.core.main.TestCaseExecutor.processExecutionPhase(TestCaseExecutor.java:301)
	at com.kms.katalon.core.main.TestCaseExecutor.accessMainPhase(TestCaseExecutor.java:293)
	at com.kms.katalon.core.main.TestCaseExecutor.execute(TestCaseExecutor.java:227)
	at com.kms.katalon.core.main.TestSuiteExecutor.accessTestCaseMainPhase(TestSuiteExecutor.java:129)
	at com.kms.katalon.core.main.TestSuiteExecutor.accessTestSuiteMainPhase(TestSuiteExecutor.java:112)
	at com.kms.katalon.core.main.TestSuiteExecutor.execute(TestSuiteExecutor.java:81)
	at com.kms.katalon.core.main.TestCaseMain.startTestSuite(TestCaseMain.java:157)
	at com.kms.katalon.core.main.TestCaseMain$startTestSuite$0.call(Unknown Source)
	at TempTestSuite1553598499225.run(TempTestSuite1553598499225.groovy:35)
Caused by: groovy.lang.MissingMethodException: No signature of method: org.apache.poi.xssf.usermodel.XSSFWorkbook.getSheetAt() is applicable for argument types: (java.lang.String) values: [Sheet1]
Possible solutions: getSheetAt(int), getSheet(java.lang.String), getSheetName(int), getFontAt(short), getNameAt(int), getSheetIndex(java.lang.String)
	at com.helper.excel2.excelwrite.WriteExcel(excelwrite.groovy:38)
	at com.helper.excel2.excelwrite.invokeMethod(excelwrite.groovy)
	at com.kms.katalon.core.main.CustomKeywordDelegatingMetaClass.invokeStaticMethod(CustomKeywordDelegatingMetaClass.java:49)
	at Script1550750722783.run(Script1550750722783.groovy:135)
	... 13 more]]></system-out>
         <system-err><![CDATA[2019-03-26 16:39:15 - [TEST_CASE][ERROR] - Test Cases/StartQuote: Test Cases/StartQuote FAILED.
Reason:
org.codehaus.groovy.runtime.InvokerInvocationException: groovy.lang.MissingMethodException: No signature of method: org.apache.poi.xssf.usermodel.XSSFWorkbook.getSheetAt() is applicable for argument types: (java.lang.String) values: [Sheet1]
Possible solutions: getSheetAt(int), getSheet(java.lang.String), getSheetName(int), getFontAt(short), getNameAt(int), getSheetIndex(java.lang.String)
	at com.helper.excel2.excelwrite.invokeMethod(excelwrite.groovy)
	at com.kms.katalon.core.main.CustomKeywordDelegatingMetaClass.invokeStaticMethod(CustomKeywordDelegatingMetaClass.java:49)
	at StartQuote.run(StartQuote:135)
	at com.kms.katalon.core.main.ScriptEngine.run(ScriptEngine.java:194)
	at com.kms.katalon.core.main.ScriptEngine.runScriptAsRawText(ScriptEngine.java:119)
	at com.kms.katalon.core.main.TestCaseExecutor.runScript(TestCaseExecutor.java:331)
	at com.kms.katalon.core.main.TestCaseExecutor.doExecute(TestCaseExecutor.java:322)
	at com.kms.katalon.core.main.TestCaseExecutor.processExecutionPhase(TestCaseExecutor.java:301)
	at com.kms.katalon.core.main.TestCaseExecutor.accessMainPhase(TestCaseExecutor.java:293)
	at com.kms.katalon.core.main.TestCaseExecutor.execute(TestCaseExecutor.java:227)
	at com.kms.katalon.core.main.TestSuiteExecutor.accessTestCaseMainPhase(TestSuiteExecutor.java:129)
	at com.kms.katalon.core.main.TestSuiteExecutor.accessTestSuiteMainPhase(TestSuiteExecutor.java:112)
	at com.kms.katalon.core.main.TestSuiteExecutor.execute(TestSuiteExecutor.java:81)
	at com.kms.katalon.core.main.TestCaseMain.startTestSuite(TestCaseMain.java:157)
	at com.kms.katalon.core.main.TestCaseMain$startTestSuite$0.call(Unknown Source)
	at TempTestSuite1553598499225.run(TempTestSuite1553598499225.groovy:35)
Caused by: groovy.lang.MissingMethodException: No signature of method: org.apache.poi.xssf.usermodel.XSSFWorkbook.getSheetAt() is applicable for argument types: (java.lang.String) values: [Sheet1]
Possible solutions: getSheetAt(int), getSheet(java.lang.String), getSheetName(int), getFontAt(short), getNameAt(int), getSheetIndex(java.lang.String)
	at com.helper.excel2.excelwrite.WriteExcel(excelwrite.groovy:38)
	at com.helper.excel2.excelwrite.invokeMethod(excelwrite.groovy)
	at com.kms.katalon.core.main.CustomKeywordDelegatingMetaClass.invokeStaticMethod(CustomKeywordDelegatingMetaClass.java:49)
	at Script1550750722783.run(Script1550750722783.groovy:135)
	... 13 more]]></system-err>
      </testcase>
      <testcase name="Test Cases/StartQuote" classname="Test Cases/StartQuote" status="ERROR">
         <error type="ERROR" message="Test Cases/StartQuote FAILED.
Reason:
org.codehaus.groovy.runtime.InvokerInvocationException: groovy.lang.MissingMethodException: No signature of method: org.apache.poi.xssf.usermodel.XSSFWorkbook.getSheetAt() is applicable for argument types: (java.lang.String) values: [Sheet1]
Possible solutions: getSheetAt(int), getSheet(java.lang.String), getSheetName(int), getFontAt(short), getNameAt(int), getSheetIndex(java.lang.String)
	at com.helper.excel2.excelwrite.invokeMethod(excelwrite.groovy)
	at com.kms.katalon.core.main.CustomKeywordDelegatingMetaClass.invokeStaticMethod(CustomKeywordDelegatingMetaClass.java:49)
	at StartQuote.run(StartQuote:135)
	at com.kms.katalon.core.main.ScriptEngine.run(ScriptEngine.java:194)
	at com.kms.katalon.core.main.ScriptEngine.runScriptAsRawText(ScriptEngine.java:119)
	at com.kms.katalon.core.main.TestCaseExecutor.runScript(TestCaseExecutor.java:331)
	at com.kms.katalon.core.main.TestCaseExecutor.doExecute(TestCaseExecutor.java:322)
	at com.kms.katalon.core.main.TestCaseExecutor.processExecutionPhase(TestCaseExecutor.java:301)
	at com.kms.katalon.core.main.TestCaseExecutor.accessMainPhase(TestCaseExecutor.java:293)
	at com.kms.katalon.core.main.TestCaseExecutor.execute(TestCaseExecutor.java:227)
	at com.kms.katalon.core.main.TestSuiteExecutor.accessTestCaseMainPhase(TestSuiteExecutor.java:129)
	at com.kms.katalon.core.main.TestSuiteExecutor.accessTestSuiteMainPhase(TestSuiteExecutor.java:112)
	at com.kms.katalon.core.main.TestSuiteExecutor.execute(TestSuiteExecutor.java:81)
	at com.kms.katalon.core.main.TestCaseMain.startTestSuite(TestCaseMain.java:157)
	at com.kms.katalon.core.main.TestCaseMain$startTestSuite$0.call(Unknown Source)
	at TempTestSuite1553598499225.run(TempTestSuite1553598499225.groovy:35)
Caused by: groovy.lang.MissingMethodException: No signature of method: org.apache.poi.xssf.usermodel.XSSFWorkbook.getSheetAt() is applicable for argument types: (java.lang.String) values: [Sheet1]
Possible solutions: getSheetAt(int), getSheet(java.lang.String), getSheetName(int), getFontAt(short), getNameAt(int), getSheetIndex(java.lang.String)
	at com.helper.excel2.excelwrite.WriteExcel(excelwrite.groovy:38)
	at com.helper.excel2.excelwrite.invokeMethod(excelwrite.groovy)
	at com.kms.katalon.core.main.CustomKeywordDelegatingMetaClass.invokeStaticMethod(CustomKeywordDelegatingMetaClass.java:49)
	at Script1550750722783.run(Script1550750722783.groovy:135)
	... 13 more
"/>
         <system-out><![CDATA[2019-03-26 16:40:56 - [TEST_CASE][ERROR] - Test Cases/StartQuote: Test Cases/StartQuote FAILED.
Reason:
org.codehaus.groovy.runtime.InvokerInvocationException: groovy.lang.MissingMethodException: No signature of method: org.apache.poi.xssf.usermodel.XSSFWorkbook.getSheetAt() is applicable for argument types: (java.lang.String) values: [Sheet1]
Possible solutions: getSheetAt(int), getSheet(java.lang.String), getSheetName(int), getFontAt(short), getNameAt(int), getSheetIndex(java.lang.String)
	at com.helper.excel2.excelwrite.invokeMethod(excelwrite.groovy)
	at com.kms.katalon.core.main.CustomKeywordDelegatingMetaClass.invokeStaticMethod(CustomKeywordDelegatingMetaClass.java:49)
	at StartQuote.run(StartQuote:135)
	at com.kms.katalon.core.main.ScriptEngine.run(ScriptEngine.java:194)
	at com.kms.katalon.core.main.ScriptEngine.runScriptAsRawText(ScriptEngine.java:119)
	at com.kms.katalon.core.main.TestCaseExecutor.runScript(TestCaseExecutor.java:331)
	at com.kms.katalon.core.main.TestCaseExecutor.doExecute(TestCaseExecutor.java:322)
	at com.kms.katalon.core.main.TestCaseExecutor.processExecutionPhase(TestCaseExecutor.java:301)
	at com.kms.katalon.core.main.TestCaseExecutor.accessMainPhase(TestCaseExecutor.java:293)
	at com.kms.katalon.core.main.TestCaseExecutor.execute(TestCaseExecutor.java:227)
	at com.kms.katalon.core.main.TestSuiteExecutor.accessTestCaseMainPhase(TestSuiteExecutor.java:129)
	at com.kms.katalon.core.main.TestSuiteExecutor.accessTestSuiteMainPhase(TestSuiteExecutor.java:112)
	at com.kms.katalon.core.main.TestSuiteExecutor.execute(TestSuiteExecutor.java:81)
	at com.kms.katalon.core.main.TestCaseMain.startTestSuite(TestCaseMain.java:157)
	at com.kms.katalon.core.main.TestCaseMain$startTestSuite$0.call(Unknown Source)
	at TempTestSuite1553598499225.run(TempTestSuite1553598499225.groovy:35)
Caused by: groovy.lang.MissingMethodException: No signature of method: org.apache.poi.xssf.usermodel.XSSFWorkbook.getSheetAt() is applicable for argument types: (java.lang.String) values: [Sheet1]
Possible solutions: getSheetAt(int), getSheet(java.lang.String), getSheetName(int), getFontAt(short), getNameAt(int), getSheetIndex(java.lang.String)
	at com.helper.excel2.excelwrite.WriteExcel(excelwrite.groovy:38)
	at com.helper.excel2.excelwrite.invokeMethod(excelwrite.groovy)
	at com.kms.katalon.core.main.CustomKeywordDelegatingMetaClass.invokeStaticMethod(CustomKeywordDelegatingMetaClass.java:49)
	at Script1550750722783.run(Script1550750722783.groovy:135)
	... 13 more


2019-03-26 16:40:56 - [TEST_STEP][PASSED] - log = new com.kms.katalon.core.logging.KeywordLogger(): null

2019-03-26 16:40:56 - [TEST_STEP][PASSED] - waitForPageLoad(10, STOP_ON_FAILURE): Wait for page load successfully

2019-03-26 16:40:56 - [MESSAGE][PASSED] - Wait for page load successfully

2019-03-26 16:40:56 - [TEST_STEP][PASSED] - click(findTestObject("StartQuote")): Object: 'Object Repository/StartQuote' is clicked on

2019-03-26 16:40:58 - [MESSAGE][PASSED] - Object: 'Object Repository/StartQuote' is clicked on

2019-03-26 16:40:58 - [TEST_STEP][PASSED] - waitForJQueryLoad(5): jQuery is ready.

2019-03-26 16:40:58 - [MESSAGE][PASSED] - jQuery is ready.

2019-03-26 16:40:58 - [TEST_STEP][PASSED] - selectOptionByLabel(findTestObject("GeneralInformation/currency"), var_currency, false): All options with label 'USD' are selected in object 'Object Repository/GeneralInformation/currency' 

2019-03-26 16:40:58 - [MESSAGE][PASSED] - All options with label 'USD' are selected in object 'Object Repository/GeneralInformation/currency' 

2019-03-26 16:40:58 - [TEST_STEP][PASSED] - delay(5): Delayed 5 second(s)

2019-03-26 16:41:03 - [MESSAGE][PASSED] - Delayed 5 second(s)

2019-03-26 16:41:03 - [TEST_STEP][PASSED] - click(findTestObject("GeneralInformation/SelectBroker")): Object: 'Object Repository/GeneralInformation/SelectBroker' is clicked on

2019-03-26 16:41:04 - [MESSAGE][PASSED] - Object: 'Object Repository/GeneralInformation/SelectBroker' is clicked on

2019-03-26 16:41:04 - [TEST_STEP][PASSED] - selectOptionByLabel(findTestObject("GeneralInformation/SelectBroker"), BrokerName, false): All options with label 'New Broker' are selected in object 'Object Repository/GeneralInformation/SelectBroker' 

2019-03-26 16:41:04 - [MESSAGE][PASSED] - All options with label 'New Broker' are selected in object 'Object Repository/GeneralInformation/SelectBroker' 

2019-03-26 16:41:04 - [TEST_STEP][PASSED] - delay(5): Delayed 5 second(s)

2019-03-26 16:41:09 - [MESSAGE][PASSED] - Delayed 5 second(s)

2019-03-26 16:41:09 - [TEST_STEP][PASSED] - click(findTestObject("GeneralInformation/SelectProduct")): Object: 'Object Repository/GeneralInformation/SelectProduct' is clicked on

2019-03-26 16:41:09 - [MESSAGE][PASSED] - Object: 'Object Repository/GeneralInformation/SelectProduct' is clicked on

2019-03-26 16:41:09 - [TEST_STEP][PASSED] - waitForJQueryLoad(5): jQuery is ready.

2019-03-26 16:41:09 - [MESSAGE][PASSED] - jQuery is ready.

2019-03-26 16:41:09 - [TEST_STEP][PASSED] - selectOptionByLabel(findTestObject("GeneralInformation/SelectProduct"), ProductName, false): All options with label 'BasicDemoProduct' are selected in object 'Object Repository/GeneralInformation/SelectProduct' 

2019-03-26 16:41:09 - [MESSAGE][PASSED] - All options with label 'BasicDemoProduct' are selected in object 'Object Repository/GeneralInformation/SelectProduct' 

2019-03-26 16:41:09 - [TEST_STEP][PASSED] - waitForJQueryLoad(5): jQuery is ready.

2019-03-26 16:41:10 - [MESSAGE][PASSED] - jQuery is ready.

2019-03-26 16:41:10 - [TEST_STEP][NOT_RUN] - delay(3): NOT_RUN: delay(3)

2019-03-26 16:41:10 - [MESSAGE][NOT_RUN] - NOT_RUN: delay(3)

2019-03-26 16:41:10 - [TEST_STEP][PASSED] - click(findTestObject("GeneralInformation/PolicyTerm")): Object: 'Object Repository/GeneralInformation/PolicyTerm' is clicked on

2019-03-26 16:41:10 - [MESSAGE][PASSED] - Object: 'Object Repository/GeneralInformation/PolicyTerm' is clicked on

2019-03-26 16:41:10 - [TEST_STEP][PASSED] - delay(5): Delayed 5 second(s)

2019-03-26 16:41:15 - [MESSAGE][PASSED] - Delayed 5 second(s)

2019-03-26 16:41:15 - [TEST_STEP][PASSED] - selectOptionByLabel(findTestObject("GeneralInformation/PolicyTerm"), Term, false): All options with label 'Monthly' are selected in object 'Object Repository/GeneralInformation/PolicyTerm' 

2019-03-26 16:41:15 - [MESSAGE][PASSED] - All options with label 'Monthly' are selected in object 'Object Repository/GeneralInformation/PolicyTerm' 

2019-03-26 16:41:15 - [TEST_STEP][PASSED] - waitForJQueryLoad(10): jQuery is ready.

2019-03-26 16:41:16 - [MESSAGE][PASSED] - jQuery is ready.

2019-03-26 16:41:16 - [TEST_STEP][PASSED] - click(findTestObject("GeneralInformation/PolicyStartDate")): Object: 'Object Repository/GeneralInformation/PolicyStartDate' is clicked on

2019-03-26 16:41:16 - [MESSAGE][PASSED] - Object: 'Object Repository/GeneralInformation/PolicyStartDate' is clicked on

2019-03-26 16:41:16 - [TEST_STEP][PASSED] - click(findTestObject("GeneralInformation/Policy_Start_Year")): Object: 'Object Repository/GeneralInformation/Policy_Start_Year' is clicked on

2019-03-26 16:41:16 - [MESSAGE][PASSED] - Object: 'Object Repository/GeneralInformation/Policy_Start_Year' is clicked on

2019-03-26 16:41:16 - [TEST_STEP][PASSED] - click(findTestObject("GeneralInformation/Policy_Start_Month")): Object: 'Object Repository/GeneralInformation/Policy_Start_Month' is clicked on

2019-03-26 16:41:16 - [MESSAGE][PASSED] - Object: 'Object Repository/GeneralInformation/Policy_Start_Month' is clicked on

2019-03-26 16:41:16 - [TEST_STEP][PASSED] - click(findTestObject("GeneralInformation/Policy_Start_Month")): Object: 'Object Repository/GeneralInformation/Policy_Start_Month' is clicked on

2019-03-26 16:41:16 - [MESSAGE][PASSED] - Object: 'Object Repository/GeneralInformation/Policy_Start_Month' is clicked on

2019-03-26 16:41:16 - [TEST_STEP][PASSED] - delay(4): Delayed 4 second(s)

2019-03-26 16:41:20 - [MESSAGE][PASSED] - Delayed 4 second(s)

2019-03-26 16:41:20 - [TEST_STEP][PASSED] - click(findTestObject("GeneralInformation/NextButton")): Object: 'Object Repository/GeneralInformation/NextButton' is clicked on

2019-03-26 16:41:20 - [MESSAGE][PASSED] - Object: 'Object Repository/GeneralInformation/NextButton' is clicked on

2019-03-26 16:41:21 - [TEST_STEP][PASSED] - delay(3): Delayed 3 second(s)

2019-03-26 16:41:24 - [MESSAGE][PASSED] - Delayed 3 second(s)

2019-03-26 16:41:24 - [TEST_STEP][PASSED] - if (var_cancelAlertCondition.equals("cancel")): Object: 'Object Repository/RiskDetails/Page_Markit core new  Risk details/ButtonSubmit' is clicked on

2019-03-26 16:41:24 - [TEST_STEP][PASSED] - click(findTestObject("GeneralInformation/CancelAlert")): Object: 'Object Repository/GeneralInformation/CancelAlert' is clicked on

2019-03-26 16:41:27 - [MESSAGE][PASSED] - Object: 'Object Repository/GeneralInformation/CancelAlert' is clicked on

2019-03-26 16:41:27 - [TEST_STEP][PASSED] - delay(4): Delayed 4 second(s)

2019-03-26 16:41:31 - [MESSAGE][PASSED] - Delayed 4 second(s)

2019-03-26 16:41:31 - [TEST_STEP][PASSED] - waitForElementVisible(findTestObject("RiskDetails/Page_Markit core new  Risk details/General_Info_Risk_Details"), 5): Object 'Object Repository/RiskDetails/Page_Markit core new  Risk details/General_Info_Risk_Details' is visible

2019-03-26 16:41:31 - [MESSAGE][PASSED] - Object 'Object Repository/RiskDetails/Page_Markit core new  Risk details/General_Info_Risk_Details' is visible

2019-03-26 16:41:31 - [TEST_STEP][PASSED] - delay(2): Delayed 2 second(s)

2019-03-26 16:41:33 - [MESSAGE][PASSED] - Delayed 2 second(s)

2019-03-26 16:41:33 - [TEST_STEP][PASSED] - selectOptionByLabel(findTestObject("RiskDetails/Page_Markit core new  Risk details/SelectType"), var_buildingtype, false): All options with label 'Duplex' are selected in object 'Object Repository/RiskDetails/Page_Markit core new  Risk details/SelectType' 

2019-03-26 16:41:33 - [MESSAGE][PASSED] - All options with label 'Duplex' are selected in object 'Object Repository/RiskDetails/Page_Markit core new  Risk details/SelectType' 

2019-03-26 16:41:33 - [TEST_STEP][PASSED] - delay(1): Delayed 1 second(s)

2019-03-26 16:41:34 - [MESSAGE][PASSED] - Delayed 1 second(s)

2019-03-26 16:41:34 - [TEST_STEP][PASSED] - sendKeys(findTestObject("RiskDetails/Page_Markit core new  Risk details/SumInsure"), BuildingSumInsure, STOP_ON_FAILURE): Keys '4000' sent to object: 'Object Repository/RiskDetails/Page_Markit core new  Risk details/SumInsure'

2019-03-26 16:41:34 - [MESSAGE][PASSED] - Keys '4000' sent to object: 'Object Repository/RiskDetails/Page_Markit core new  Risk details/SumInsure'

2019-03-26 16:41:34 - [TEST_STEP][PASSED] - sendKeys(findTestObject("RiskDetails/Page_Markit core new  Risk details/RoomNo"), NoofRoom): Keys '2' sent to object: 'Object Repository/RiskDetails/Page_Markit core new  Risk details/RoomNo'

2019-03-26 16:41:34 - [MESSAGE][PASSED] - Keys '2' sent to object: 'Object Repository/RiskDetails/Page_Markit core new  Risk details/RoomNo'

2019-03-26 16:41:34 - [TEST_STEP][PASSED] - sendKeys(findTestObject("RiskDetails/Page_Markit core new  Risk details/ContentSumInsure"), ContentSumInsure): Keys '4000' sent to object: 'Object Repository/RiskDetails/Page_Markit core new  Risk details/ContentSumInsure'

2019-03-26 16:41:34 - [MESSAGE][PASSED] - Keys '4000' sent to object: 'Object Repository/RiskDetails/Page_Markit core new  Risk details/ContentSumInsure'

2019-03-26 16:41:34 - [TEST_STEP][PASSED] - delay(2): Delayed 2 second(s)

2019-03-26 16:41:36 - [MESSAGE][PASSED] - Delayed 2 second(s)

2019-03-26 16:41:36 - [TEST_STEP][PASSED] - click(findTestObject("RiskDetails/Page_Markit core new  Risk details/ButtonSubmit")): Object: 'Object Repository/RiskDetails/Page_Markit core new  Risk details/ButtonSubmit' is clicked on

2019-03-26 16:41:42 - [MESSAGE][PASSED] - Object: 'Object Repository/RiskDetails/Page_Markit core new  Risk details/ButtonSubmit' is clicked on

2019-03-26 16:41:42 - [TEST_STEP][PASSED] - waitForJQueryLoad(10): jQuery is ready.

2019-03-26 16:41:43 - [MESSAGE][PASSED] - jQuery is ready.

2019-03-26 16:41:43 - [TEST_STEP][PASSED] - click(findTestObject("PremiumPage/Bind")): Object: 'Object Repository/PremiumPage/Bind' is clicked on

2019-03-26 16:41:44 - [MESSAGE][PASSED] - Object: 'Object Repository/PremiumPage/Bind' is clicked on

2019-03-26 16:41:44 - [TEST_STEP][PASSED] - delay(10): Delayed 10 second(s)

2019-03-26 16:41:54 - [MESSAGE][PASSED] - Delayed 10 second(s)

2019-03-26 16:41:54 - [TEST_STEP][PASSED] - click(findTestObject("PaymentDetails/PaymentMethods")): Object: 'Object Repository/PaymentDetails/PaymentMethods' is clicked on

2019-03-26 16:41:54 - [MESSAGE][PASSED] - Object: 'Object Repository/PaymentDetails/PaymentMethods' is clicked on

2019-03-26 16:41:54 - [TEST_STEP][PASSED] - waitForJQueryLoad(5): jQuery is ready.

2019-03-26 16:41:54 - [MESSAGE][PASSED] - jQuery is ready.

2019-03-26 16:41:54 - [TEST_STEP][PASSED] - selectOptionByLabel(findTestObject("PaymentDetails/SelectInstallment"), "1", false): All options with label '1' are selected in object 'Object Repository/PaymentDetails/SelectInstallment' 

2019-03-26 16:41:54 - [MESSAGE][PASSED] - All options with label '1' are selected in object 'Object Repository/PaymentDetails/SelectInstallment' 

2019-03-26 16:41:54 - [TEST_STEP][PASSED] - scrollToElement(findTestObject("PaymentDetails/ConfirmPaymentType"), 5): Scroll to object 'Object Repository/PaymentDetails/ConfirmPaymentType' successfully

2019-03-26 16:41:54 - [MESSAGE][PASSED] - Scroll to object 'Object Repository/PaymentDetails/ConfirmPaymentType' successfully

2019-03-26 16:41:54 - [TEST_STEP][PASSED] - delay(5): Delayed 5 second(s)

2019-03-26 16:41:59 - [MESSAGE][PASSED] - Delayed 5 second(s)

2019-03-26 16:41:59 - [TEST_STEP][PASSED] - click(findTestObject("PaymentDetails/ConfirmPaymentType")): Object: 'Object Repository/PaymentDetails/ConfirmPaymentType' is clicked on

2019-03-26 16:42:00 - [MESSAGE][PASSED] - Object: 'Object Repository/PaymentDetails/ConfirmPaymentType' is clicked on

2019-03-26 16:42:00 - [TEST_STEP][PASSED] - scrollToElement(findTestObject("PaymentDetails/BindAndSendPolicySchedule"), 5): Scroll to object 'Object Repository/PaymentDetails/BindAndSendPolicySchedule' successfully

2019-03-26 16:42:01 - [MESSAGE][PASSED] - Scroll to object 'Object Repository/PaymentDetails/BindAndSendPolicySchedule' successfully

2019-03-26 16:42:01 - [TEST_STEP][PASSED] - delay(4): Delayed 4 second(s)

2019-03-26 16:42:05 - [MESSAGE][PASSED] - Delayed 4 second(s)

2019-03-26 16:42:05 - [TEST_STEP][PASSED] - click(findTestObject("PaymentDetails/BindAndSendPolicySchedule")): Object: 'Object Repository/PaymentDetails/BindAndSendPolicySchedule' is clicked on

2019-03-26 16:42:05 - [MESSAGE][PASSED] - Object: 'Object Repository/PaymentDetails/BindAndSendPolicySchedule' is clicked on

2019-03-26 16:42:05 - [TEST_STEP][PASSED] - var_policyno = getText(findTestObject("PremiumPage/PolicyNo")): Text of object 'Object Repository/PremiumPage/PolicyNo' is: 'DASD/POLICY/002407'

2019-03-26 16:42:11 - [MESSAGE][PASSED] - Text of object 'Object Repository/PremiumPage/PolicyNo' is: 'DASD/POLICY/002407'

2019-03-26 16:42:11 - [TEST_STEP][PASSED] - Confirmmsg = getText(findTestObject("PaymentDetails/ConfirmationMessage")): Text of object 'Object Repository/PaymentDetails/ConfirmationMessage' is: 'Policy has been successfully created.'

2019-03-26 16:42:11 - [MESSAGE][PASSED] - Text of object 'Object Repository/PaymentDetails/ConfirmationMessage' is: 'Policy has been successfully created.'

2019-03-26 16:42:11 - [TEST_STEP][PASSED] - callTestCase(findTestCase("ClientSearch"), ["ClientName":""], STOP_ON_FAILURE): Call Test Case 'Test Cases/ClientSearch' successfully

2019-03-26 16:42:11 - [TEST_CASE][PASSED] - Test Cases/ClientSearch: Test Cases/ClientSearch

2019-03-26 16:42:11 - [TEST_STEP][PASSED] - waitForElementClickable(findTestObject("ClientSearch"), 10): Object 'Object Repository/ClientSearch' is clickable

2019-03-26 16:42:11 - [MESSAGE][PASSED] - Object 'Object Repository/ClientSearch' is clickable

2019-03-26 16:42:11 - [TEST_STEP][PASSED] - click(findTestObject("ClientSearch")): Object: 'Object Repository/ClientSearch' is clicked on

2019-03-26 16:42:12 - [MESSAGE][PASSED] - Object: 'Object Repository/ClientSearch' is clicked on

2019-03-26 16:42:12 - [TEST_STEP][PASSED] - delay(5): Delayed 5 second(s)

2019-03-26 16:42:17 - [MESSAGE][PASSED] - Delayed 5 second(s)

2019-03-26 16:42:17 - [TEST_STEP][PASSED] - sendKeys(findTestObject("SearchText"), "Dipak"): Keys 'Dipak' sent to object: 'Object Repository/SearchText'

2019-03-26 16:42:17 - [MESSAGE][PASSED] - Keys 'Dipak' sent to object: 'Object Repository/SearchText'

2019-03-26 16:42:17 - [TEST_STEP][PASSED] - delay(2): Delayed 2 second(s)

2019-03-26 16:42:19 - [MESSAGE][PASSED] - Delayed 2 second(s)

2019-03-26 16:42:19 - [TEST_STEP][PASSED] - sendKeys(findTestObject("SearchText"), Keys.chord(ENTER)): Keys 'ENTER + ' sent to object: 'Object Repository/SearchText'

2019-03-26 16:42:19 - [MESSAGE][PASSED] - Keys 'ENTER + ' sent to object: 'Object Repository/SearchText'

2019-03-26 16:42:19 - [TEST_STEP][PASSED] - delay(3): Delayed 3 second(s)

2019-03-26 16:42:22 - [MESSAGE][PASSED] - Delayed 3 second(s)

2019-03-26 16:42:22 - [TEST_STEP][PASSED] - waitForElementClickable(findTestObject("ClientListingAction"), 5): Object 'Object Repository/ClientListingAction' is clickable

2019-03-26 16:42:22 - [MESSAGE][PASSED] - Object 'Object Repository/ClientListingAction' is clickable

2019-03-26 16:42:22 - [TEST_STEP][PASSED] - click(findTestObject("ClientListingAction")): Object: 'Object Repository/ClientListingAction' is clicked on

2019-03-26 16:42:25 - [MESSAGE][PASSED] - Object: 'Object Repository/ClientListingAction' is clicked on

2019-03-26 16:42:25 - [TEST_STEP][PASSED] - delay(5): Delayed 5 second(s)

2019-03-26 16:42:30 - [MESSAGE][PASSED] - Delayed 5 second(s)

2019-03-26 16:42:30 - [MESSAGE][PASSED] - Call Test Case 'Test Cases/ClientSearch' successfully

2019-03-26 16:42:30 - [TEST_STEP][NOT_RUN] - log.logInfo(PolicyNo): NOT_RUN: log.logInfo(PolicyNo)

2019-03-26 16:42:30 - [MESSAGE][NOT_RUN] - NOT_RUN: log.logInfo(PolicyNo)

2019-03-26 16:42:30 - [TEST_STEP][NOT_RUN] - log.logInfo(Confirmmsg): NOT_RUN: log.logInfo(Confirmmsg)

2019-03-26 16:42:30 - [MESSAGE][NOT_RUN] - NOT_RUN: log.logInfo(Confirmmsg)

2019-03-26 16:42:30 - [TEST_STEP][NOT_RUN] - delay(2): NOT_RUN: delay(2)

2019-03-26 16:42:30 - [MESSAGE][NOT_RUN] - NOT_RUN: delay(2)

2019-03-26 16:42:30 - [TEST_STEP][ERROR] - com.helper.excel2.excelwrite.WriteExcel(PolicyNo): com.helper.excel2.excelwrite.WriteExcel(PolicyNo) FAILED.
Reason:
org.codehaus.groovy.runtime.InvokerInvocationException: groovy.lang.MissingMethodException: No signature of method: org.apache.poi.xssf.usermodel.XSSFWorkbook.getSheetAt() is applicable for argument types: (java.lang.String) values: [Sheet1]
Possible solutions: getSheetAt(int), getSheet(java.lang.String), getSheetName(int), getFontAt(short), getNameAt(int), getSheetIndex(java.lang.String)
	at com.helper.excel2.excelwrite.invokeMethod(excelwrite.groovy)
	at com.kms.katalon.core.main.CustomKeywordDelegatingMetaClass.invokeStaticMethod(CustomKeywordDelegatingMetaClass.java:49)
	at StartQuote.run(StartQuote:135)
	at com.kms.katalon.core.main.ScriptEngine.run(ScriptEngine.java:194)
	at com.kms.katalon.core.main.ScriptEngine.runScriptAsRawText(ScriptEngine.java:119)
	at com.kms.katalon.core.main.TestCaseExecutor.runScript(TestCaseExecutor.java:331)
	at com.kms.katalon.core.main.TestCaseExecutor.doExecute(TestCaseExecutor.java:322)
	at com.kms.katalon.core.main.TestCaseExecutor.processExecutionPhase(TestCaseExecutor.java:301)
	at com.kms.katalon.core.main.TestCaseExecutor.accessMainPhase(TestCaseExecutor.java:293)
	at com.kms.katalon.core.main.TestCaseExecutor.execute(TestCaseExecutor.java:227)
	at com.kms.katalon.core.main.TestSuiteExecutor.accessTestCaseMainPhase(TestSuiteExecutor.java:129)
	at com.kms.katalon.core.main.TestSuiteExecutor.accessTestSuiteMainPhase(TestSuiteExecutor.java:112)
	at com.kms.katalon.core.main.TestSuiteExecutor.execute(TestSuiteExecutor.java:81)
	at com.kms.katalon.core.main.TestCaseMain.startTestSuite(TestCaseMain.java:157)
	at com.kms.katalon.core.main.TestCaseMain$startTestSuite$0.call(Unknown Source)
	at TempTestSuite1553598499225.run(TempTestSuite1553598499225.groovy:35)
Caused by: groovy.lang.MissingMethodException: No signature of method: org.apache.poi.xssf.usermodel.XSSFWorkbook.getSheetAt() is applicable for argument types: (java.lang.String) values: [Sheet1]
Possible solutions: getSheetAt(int), getSheet(java.lang.String), getSheetName(int), getFontAt(short), getNameAt(int), getSheetIndex(java.lang.String)
	at com.helper.excel2.excelwrite.WriteExcel(excelwrite.groovy:38)
	at com.helper.excel2.excelwrite.invokeMethod(excelwrite.groovy)
	at com.kms.katalon.core.main.CustomKeywordDelegatingMetaClass.invokeStaticMethod(CustomKeywordDelegatingMetaClass.java:49)
	at Script1550750722783.run(Script1550750722783.groovy:135)
	... 13 more


2019-03-26 16:42:30 - [MESSAGE][ERROR] - groovy.lang.MissingMethodException: No signature of method: org.apache.poi.xssf.usermodel.XSSFWorkbook.getSheetAt() is applicable for argument types: (java.lang.String) values: [Sheet1]
Possible solutions: getSheetAt(int), getSheet(java.lang.String), getSheetName(int), getFontAt(short), getNameAt(int), getSheetIndex(java.lang.String)

2019-03-26 16:42:30 - [MESSAGE][ERROR] - com.helper.excel2.excelwrite.WriteExcel(PolicyNo) FAILED.
Reason:
org.codehaus.groovy.runtime.InvokerInvocationException: groovy.lang.MissingMethodException: No signature of method: org.apache.poi.xssf.usermodel.XSSFWorkbook.getSheetAt() is applicable for argument types: (java.lang.String) values: [Sheet1]
Possible solutions: getSheetAt(int), getSheet(java.lang.String), getSheetName(int), getFontAt(short), getNameAt(int), getSheetIndex(java.lang.String)
	at com.helper.excel2.excelwrite.invokeMethod(excelwrite.groovy)
	at com.kms.katalon.core.main.CustomKeywordDelegatingMetaClass.invokeStaticMethod(CustomKeywordDelegatingMetaClass.java:49)
	at StartQuote.run(StartQuote:135)
	at com.kms.katalon.core.main.ScriptEngine.run(ScriptEngine.java:194)
	at com.kms.katalon.core.main.ScriptEngine.runScriptAsRawText(ScriptEngine.java:119)
	at com.kms.katalon.core.main.TestCaseExecutor.runScript(TestCaseExecutor.java:331)
	at com.kms.katalon.core.main.TestCaseExecutor.doExecute(TestCaseExecutor.java:322)
	at com.kms.katalon.core.main.TestCaseExecutor.processExecutionPhase(TestCaseExecutor.java:301)
	at com.kms.katalon.core.main.TestCaseExecutor.accessMainPhase(TestCaseExecutor.java:293)
	at com.kms.katalon.core.main.TestCaseExecutor.execute(TestCaseExecutor.java:227)
	at com.kms.katalon.core.main.TestSuiteExecutor.accessTestCaseMainPhase(TestSuiteExecutor.java:129)
	at com.kms.katalon.core.main.TestSuiteExecutor.accessTestSuiteMainPhase(TestSuiteExecutor.java:112)
	at com.kms.katalon.core.main.TestSuiteExecutor.execute(TestSuiteExecutor.java:81)
	at com.kms.katalon.core.main.TestCaseMain.startTestSuite(TestCaseMain.java:157)
	at com.kms.katalon.core.main.TestCaseMain$startTestSuite$0.call(Unknown Source)
	at TempTestSuite1553598499225.run(TempTestSuite1553598499225.groovy:35)
Caused by: groovy.lang.MissingMethodException: No signature of method: org.apache.poi.xssf.usermodel.XSSFWorkbook.getSheetAt() is applicable for argument types: (java.lang.String) values: [Sheet1]
Possible solutions: getSheetAt(int), getSheet(java.lang.String), getSheetName(int), getFontAt(short), getNameAt(int), getSheetIndex(java.lang.String)
	at com.helper.excel2.excelwrite.WriteExcel(excelwrite.groovy:38)
	at com.helper.excel2.excelwrite.invokeMethod(excelwrite.groovy)
	at com.kms.katalon.core.main.CustomKeywordDelegatingMetaClass.invokeStaticMethod(CustomKeywordDelegatingMetaClass.java:49)
	at Script1550750722783.run(Script1550750722783.groovy:135)
	... 13 more]]></system-out>
         <system-err><![CDATA[2019-03-26 16:40:56 - [TEST_CASE][ERROR] - Test Cases/StartQuote: Test Cases/StartQuote FAILED.
Reason:
org.codehaus.groovy.runtime.InvokerInvocationException: groovy.lang.MissingMethodException: No signature of method: org.apache.poi.xssf.usermodel.XSSFWorkbook.getSheetAt() is applicable for argument types: (java.lang.String) values: [Sheet1]
Possible solutions: getSheetAt(int), getSheet(java.lang.String), getSheetName(int), getFontAt(short), getNameAt(int), getSheetIndex(java.lang.String)
	at com.helper.excel2.excelwrite.invokeMethod(excelwrite.groovy)
	at com.kms.katalon.core.main.CustomKeywordDelegatingMetaClass.invokeStaticMethod(CustomKeywordDelegatingMetaClass.java:49)
	at StartQuote.run(StartQuote:135)
	at com.kms.katalon.core.main.ScriptEngine.run(ScriptEngine.java:194)
	at com.kms.katalon.core.main.ScriptEngine.runScriptAsRawText(ScriptEngine.java:119)
	at com.kms.katalon.core.main.TestCaseExecutor.runScript(TestCaseExecutor.java:331)
	at com.kms.katalon.core.main.TestCaseExecutor.doExecute(TestCaseExecutor.java:322)
	at com.kms.katalon.core.main.TestCaseExecutor.processExecutionPhase(TestCaseExecutor.java:301)
	at com.kms.katalon.core.main.TestCaseExecutor.accessMainPhase(TestCaseExecutor.java:293)
	at com.kms.katalon.core.main.TestCaseExecutor.execute(TestCaseExecutor.java:227)
	at com.kms.katalon.core.main.TestSuiteExecutor.accessTestCaseMainPhase(TestSuiteExecutor.java:129)
	at com.kms.katalon.core.main.TestSuiteExecutor.accessTestSuiteMainPhase(TestSuiteExecutor.java:112)
	at com.kms.katalon.core.main.TestSuiteExecutor.execute(TestSuiteExecutor.java:81)
	at com.kms.katalon.core.main.TestCaseMain.startTestSuite(TestCaseMain.java:157)
	at com.kms.katalon.core.main.TestCaseMain$startTestSuite$0.call(Unknown Source)
	at TempTestSuite1553598499225.run(TempTestSuite1553598499225.groovy:35)
Caused by: groovy.lang.MissingMethodException: No signature of method: org.apache.poi.xssf.usermodel.XSSFWorkbook.getSheetAt() is applicable for argument types: (java.lang.String) values: [Sheet1]
Possible solutions: getSheetAt(int), getSheet(java.lang.String), getSheetName(int), getFontAt(short), getNameAt(int), getSheetIndex(java.lang.String)
	at com.helper.excel2.excelwrite.WriteExcel(excelwrite.groovy:38)
	at com.helper.excel2.excelwrite.invokeMethod(excelwrite.groovy)
	at com.kms.katalon.core.main.CustomKeywordDelegatingMetaClass.invokeStaticMethod(CustomKeywordDelegatingMetaClass.java:49)
	at Script1550750722783.run(Script1550750722783.groovy:135)
	... 13 more]]></system-err>
      </testcase>
      <system-out><![CDATA[2019-03-26 16:38:23 - [TEST_SUITE][ERROR] - BuyProcess: Test Cases/StartQuote FAILED.
Reason:
org.codehaus.groovy.runtime.InvokerInvocationException: groovy.lang.MissingMethodException: No signature of method: org.apache.poi.xssf.usermodel.XSSFWorkbook.getSheetAt() is applicable for argument types: (java.lang.String) values: [Sheet1]
Possible solutions: getSheetAt(int), getSheet(java.lang.String), getSheetName(int), getFontAt(short), getNameAt(int), getSheetIndex(java.lang.String)
	at com.helper.excel2.excelwrite.invokeMethod(excelwrite.groovy)
	at com.kms.katalon.core.main.CustomKeywordDelegatingMetaClass.invokeStaticMethod(CustomKeywordDelegatingMetaClass.java:49)
	at StartQuote.run(StartQuote:135)
	at com.kms.katalon.core.main.ScriptEngine.run(ScriptEngine.java:194)
	at com.kms.katalon.core.main.ScriptEngine.runScriptAsRawText(ScriptEngine.java:119)
	at com.kms.katalon.core.main.TestCaseExecutor.runScript(TestCaseExecutor.java:331)
	at com.kms.katalon.core.main.TestCaseExecutor.doExecute(TestCaseExecutor.java:322)
	at com.kms.katalon.core.main.TestCaseExecutor.processExecutionPhase(TestCaseExecutor.java:301)
	at com.kms.katalon.core.main.TestCaseExecutor.accessMainPhase(TestCaseExecutor.java:293)
	at com.kms.katalon.core.main.TestCaseExecutor.execute(TestCaseExecutor.java:227)
	at com.kms.katalon.core.main.TestSuiteExecutor.accessTestCaseMainPhase(TestSuiteExecutor.java:129)
	at com.kms.katalon.core.main.TestSuiteExecutor.accessTestSuiteMainPhase(TestSuiteExecutor.java:112)
	at com.kms.katalon.core.main.TestSuiteExecutor.execute(TestSuiteExecutor.java:81)
	at com.kms.katalon.core.main.TestCaseMain.startTestSuite(TestCaseMain.java:157)
	at com.kms.katalon.core.main.TestCaseMain$startTestSuite$0.call(Unknown Source)
	at TempTestSuite1553598499225.run(TempTestSuite1553598499225.groovy:35)
Caused by: groovy.lang.MissingMethodException: No signature of method: org.apache.poi.xssf.usermodel.XSSFWorkbook.getSheetAt() is applicable for argument types: (java.lang.String) values: [Sheet1]
Possible solutions: getSheetAt(int), getSheet(java.lang.String), getSheetName(int), getFontAt(short), getNameAt(int), getSheetIndex(java.lang.String)
	at com.helper.excel2.excelwrite.WriteExcel(excelwrite.groovy:38)
	at com.helper.excel2.excelwrite.invokeMethod(excelwrite.groovy)
	at com.kms.katalon.core.main.CustomKeywordDelegatingMetaClass.invokeStaticMethod(CustomKeywordDelegatingMetaClass.java:49)
	at Script1550750722783.run(Script1550750722783.groovy:135)
	... 13 more]]></system-out>
      <system-err><![CDATA[2019-03-26 16:38:23 - [TEST_SUITE][ERROR] - BuyProcess: Test Cases/StartQuote FAILED.
Reason:
org.codehaus.groovy.runtime.InvokerInvocationException: groovy.lang.MissingMethodException: No signature of method: org.apache.poi.xssf.usermodel.XSSFWorkbook.getSheetAt() is applicable for argument types: (java.lang.String) values: [Sheet1]
Possible solutions: getSheetAt(int), getSheet(java.lang.String), getSheetName(int), getFontAt(short), getNameAt(int), getSheetIndex(java.lang.String)
	at com.helper.excel2.excelwrite.invokeMethod(excelwrite.groovy)
	at com.kms.katalon.core.main.CustomKeywordDelegatingMetaClass.invokeStaticMethod(CustomKeywordDelegatingMetaClass.java:49)
	at StartQuote.run(StartQuote:135)
	at com.kms.katalon.core.main.ScriptEngine.run(ScriptEngine.java:194)
	at com.kms.katalon.core.main.ScriptEngine.runScriptAsRawText(ScriptEngine.java:119)
	at com.kms.katalon.core.main.TestCaseExecutor.runScript(TestCaseExecutor.java:331)
	at com.kms.katalon.core.main.TestCaseExecutor.doExecute(TestCaseExecutor.java:322)
	at com.kms.katalon.core.main.TestCaseExecutor.processExecutionPhase(TestCaseExecutor.java:301)
	at com.kms.katalon.core.main.TestCaseExecutor.accessMainPhase(TestCaseExecutor.java:293)
	at com.kms.katalon.core.main.TestCaseExecutor.execute(TestCaseExecutor.java:227)
	at com.kms.katalon.core.main.TestSuiteExecutor.accessTestCaseMainPhase(TestSuiteExecutor.java:129)
	at com.kms.katalon.core.main.TestSuiteExecutor.accessTestSuiteMainPhase(TestSuiteExecutor.java:112)
	at com.kms.katalon.core.main.TestSuiteExecutor.execute(TestSuiteExecutor.java:81)
	at com.kms.katalon.core.main.TestCaseMain.startTestSuite(TestCaseMain.java:157)
	at com.kms.katalon.core.main.TestCaseMain$startTestSuite$0.call(Unknown Source)
	at TempTestSuite1553598499225.run(TempTestSuite1553598499225.groovy:35)
Caused by: groovy.lang.MissingMethodException: No signature of method: org.apache.poi.xssf.usermodel.XSSFWorkbook.getSheetAt() is applicable for argument types: (java.lang.String) values: [Sheet1]
Possible solutions: getSheetAt(int), getSheet(java.lang.String), getSheetName(int), getFontAt(short), getNameAt(int), getSheetIndex(java.lang.String)
	at com.helper.excel2.excelwrite.WriteExcel(excelwrite.groovy:38)
	at com.helper.excel2.excelwrite.invokeMethod(excelwrite.groovy)
	at com.kms.katalon.core.main.CustomKeywordDelegatingMetaClass.invokeStaticMethod(CustomKeywordDelegatingMetaClass.java:49)
	at Script1550750722783.run(Script1550750722783.groovy:135)
	... 13 more]]></system-err>
   </testsuite>
</testsuites>
