<?xml version="1.0" encoding="UTF-8"?>
<testsuites name="BuyProcess" time="128" tests="3" failures="0" errors="0">
   <testsuite name="BuyProcess" tests="3" failures="0" errors="0" time="128" timestamp="2019-03-12 18:59:35" hostname="dipak - DIPAKDAS-PC.indusnettechnologies.com" id="Test Suites/BuyProcess">
      <properties>
         <property name="deviceName" value=""/>
         <property name="devicePlatform" value=""/>
         <property name="logFolder" value="E:\\MarkitCore\\Katalon\\Katalon\\MarkitCore\\Reports\\BuyProcess\\20190312_185933"/>
         <property name="logFiles" value="E:\\MarkitCore\\Katalon\\Katalon\\MarkitCore\\Reports\\BuyProcess\\20190312_185933\\execution0.log"/>
         <property name="attachments" value=""/>
         <property name="hostName" value="dipak - DIPAKDAS-PC.indusnettechnologies.com"/>
         <property name="os" value="Windows 7 32bit"/>
         <property name="katalonVersion" value="6.0.5.4"/>
         <property name="browser" value="Chrome 72.0.3626.121"/>
         <property name="hostAddress" value="10.0.12.237"/>
         <property name="sessionId" value="3efc269b94b6c93d381752b06207fddb"/>
         <property name="seleniumVersion" value="3.7.1"/>
         <property name="proxyInformation" value="ProxyInformation{proxyOption=NO_PROXY, proxyServerType=HTTP, password=, proxyServerAddress=, proxyServerPort=0}"/>
         <property name="platform" value="Windows 7"/>
      </properties>
      <testcase name="Test Cases/Login" classname="Test Cases/Login" status="PASSED">
         <system-out><![CDATA[2019-03-12 18:59:35 - [TEST_CASE][PASSED] - Test Cases/Login: Test Cases/Login

2019-03-12 18:59:35 - [TEST_STEP][PASSED] - openBrowser("https://dev.markit-systems.com/markit_coreV2/Sites/CoreTest/login/admin_display"): Browser is opened with url: 'https://dev.markit-systems.com/markit_coreV2/Sites/CoreTest/login/admin_display'

2019-03-12 18:59:36 - [MESSAGE][INFO] - Starting 'Chrome' driver

2019-03-12 18:59:36 - [MESSAGE][INFO] - Action delay is set to 0 seconds

2019-03-12 18:59:41 - [MESSAGE][PASSED] - Browser is opened with url: 'https://dev.markit-systems.com/markit_coreV2/Sites/CoreTest/login/admin_display'

2019-03-12 18:59:41 - [TEST_STEP][PASSED] - maximizeWindow(): Current window maximized

2019-03-12 18:59:42 - [MESSAGE][PASSED] - Current window maximized

2019-03-12 18:59:42 - [TEST_STEP][PASSED] - waitForPageLoad(4): Wait for page load successfully

2019-03-12 18:59:42 - [MESSAGE][PASSED] - Wait for page load successfully

2019-03-12 18:59:42 - [TEST_STEP][PASSED] - setText(findTestObject("Username"), "dDasTester"): Text 'dDasTester' is set on object 'Object Repository/Username'

2019-03-12 18:59:42 - [MESSAGE][PASSED] - Text 'dDasTester' is set on object 'Object Repository/Username'

2019-03-12 18:59:42 - [TEST_STEP][PASSED] - delay(2): Delayed 2 second(s)

2019-03-12 18:59:44 - [MESSAGE][PASSED] - Delayed 2 second(s)

2019-03-12 18:59:44 - [TEST_STEP][PASSED] - setText(findTestObject("Password"), "Czybm6R*"): Text 'Czybm6R*' is set on object 'Object Repository/Password'

2019-03-12 18:59:44 - [MESSAGE][PASSED] - Text 'Czybm6R*' is set on object 'Object Repository/Password'

2019-03-12 18:59:44 - [TEST_STEP][PASSED] - delay(3, STOP_ON_FAILURE): Delayed 3 second(s)

2019-03-12 18:59:47 - [MESSAGE][PASSED] - Delayed 3 second(s)

2019-03-12 18:59:47 - [TEST_STEP][PASSED] - click(findTestObject("LoginButton")): Object: 'Object Repository/LoginButton' is clicked on

2019-03-12 18:59:52 - [MESSAGE][PASSED] - Object: 'Object Repository/LoginButton' is clicked on

2019-03-12 18:59:52 - [TEST_STEP][PASSED] - delay(3): Delayed 3 second(s)

2019-03-12 18:59:55 - [MESSAGE][PASSED] - Delayed 3 second(s)]]></system-out>
         <system-err><![CDATA[]]></system-err>
      </testcase>
      <testcase name="Test Cases/ClientSearch" classname="Test Cases/ClientSearch" status="PASSED">
         <system-out><![CDATA[2019-03-12 18:59:55 - [TEST_CASE][PASSED] - Test Cases/ClientSearch: Test Cases/ClientSearch

2019-03-12 18:59:55 - [TEST_STEP][PASSED] - waitForElementClickable(findTestObject("ClientSearch"), 10): Object 'Object Repository/ClientSearch' is clickable

2019-03-12 18:59:55 - [MESSAGE][PASSED] - Object 'Object Repository/ClientSearch' is clickable

2019-03-12 18:59:55 - [TEST_STEP][PASSED] - click(findTestObject("ClientSearch")): Object: 'Object Repository/ClientSearch' is clicked on

2019-03-12 18:59:57 - [MESSAGE][PASSED] - Object: 'Object Repository/ClientSearch' is clicked on

2019-03-12 18:59:57 - [TEST_STEP][PASSED] - delay(5): Delayed 5 second(s)

2019-03-12 19:00:02 - [MESSAGE][PASSED] - Delayed 5 second(s)

2019-03-12 19:00:02 - [TEST_STEP][PASSED] - sendKeys(findTestObject("SearchText"), "Dipak"): Keys 'Dipak' sent to object: 'Object Repository/SearchText'

2019-03-12 19:00:02 - [MESSAGE][PASSED] - Keys 'Dipak' sent to object: 'Object Repository/SearchText'

2019-03-12 19:00:02 - [TEST_STEP][PASSED] - delay(2): Delayed 2 second(s)

2019-03-12 19:00:04 - [MESSAGE][PASSED] - Delayed 2 second(s)

2019-03-12 19:00:04 - [TEST_STEP][PASSED] - sendKeys(findTestObject("SearchText"), Keys.chord(ENTER)): Keys 'ENTER + ' sent to object: 'Object Repository/SearchText'

2019-03-12 19:00:04 - [MESSAGE][PASSED] - Keys 'ENTER + ' sent to object: 'Object Repository/SearchText'

2019-03-12 19:00:04 - [TEST_STEP][PASSED] - delay(3): Delayed 3 second(s)

2019-03-12 19:00:07 - [MESSAGE][PASSED] - Delayed 3 second(s)

2019-03-12 19:00:07 - [TEST_STEP][PASSED] - waitForElementClickable(findTestObject("ClientListingAction"), 5): Object 'Object Repository/ClientListingAction' is clickable

2019-03-12 19:00:07 - [MESSAGE][PASSED] - Object 'Object Repository/ClientListingAction' is clickable

2019-03-12 19:00:07 - [TEST_STEP][PASSED] - click(findTestObject("ClientListingAction")): Object: 'Object Repository/ClientListingAction' is clicked on

2019-03-12 19:00:11 - [MESSAGE][PASSED] - Object: 'Object Repository/ClientListingAction' is clicked on

2019-03-12 19:00:11 - [TEST_STEP][PASSED] - delay(5): Delayed 5 second(s)

2019-03-12 19:00:16 - [MESSAGE][PASSED] - Delayed 5 second(s)]]></system-out>
         <system-err><![CDATA[]]></system-err>
      </testcase>
      <testcase name="Test Cases/StartQuote" classname="Test Cases/StartQuote" status="PASSED">
         <system-out><![CDATA[2019-03-12 19:00:17 - [TEST_CASE][PASSED] - Test Cases/StartQuote: Test Cases/StartQuote

2019-03-12 19:00:17 - [TEST_STEP][NOT_RUN] - log = new com.kms.katalon.core.logging.KeywordLogger(): NOT_RUN: log = new com.kms.katalon.core.logging.KeywordLogger()

2019-03-12 19:00:17 - [MESSAGE][NOT_RUN] - NOT_RUN: log = new com.kms.katalon.core.logging.KeywordLogger()

2019-03-12 19:00:17 - [TEST_STEP][PASSED] - waitForPageLoad(10, STOP_ON_FAILURE): Wait for page load successfully

2019-03-12 19:00:17 - [MESSAGE][PASSED] - Wait for page load successfully

2019-03-12 19:00:17 - [TEST_STEP][PASSED] - click(findTestObject("StartQuote")): Object: 'Object Repository/StartQuote' is clicked on

2019-03-12 19:00:19 - [MESSAGE][PASSED] - Object: 'Object Repository/StartQuote' is clicked on

2019-03-12 19:00:19 - [TEST_STEP][PASSED] - waitForJQueryLoad(5): jQuery is ready.

2019-03-12 19:00:20 - [MESSAGE][PASSED] - jQuery is ready.

2019-03-12 19:00:20 - [TEST_STEP][PASSED] - selectOptionByLabel(findTestObject("GeneralInformation/currency"), var_currency, false): All options with label 'USD' are selected in object 'Object Repository/GeneralInformation/currency' 

2019-03-12 19:00:20 - [MESSAGE][PASSED] - All options with label 'USD' are selected in object 'Object Repository/GeneralInformation/currency' 

2019-03-12 19:00:20 - [TEST_STEP][PASSED] - delay(5): Delayed 5 second(s)

2019-03-12 19:00:25 - [MESSAGE][PASSED] - Delayed 5 second(s)

2019-03-12 19:00:25 - [TEST_STEP][PASSED] - click(findTestObject("GeneralInformation/SelectBroker")): Object: 'Object Repository/GeneralInformation/SelectBroker' is clicked on

2019-03-12 19:00:25 - [MESSAGE][PASSED] - Object: 'Object Repository/GeneralInformation/SelectBroker' is clicked on

2019-03-12 19:00:25 - [TEST_STEP][PASSED] - selectOptionByLabel(findTestObject("GeneralInformation/SelectBroker"), BrokerName, false): All options with label 'New Broker' are selected in object 'Object Repository/GeneralInformation/SelectBroker' 

2019-03-12 19:00:25 - [MESSAGE][PASSED] - All options with label 'New Broker' are selected in object 'Object Repository/GeneralInformation/SelectBroker' 

2019-03-12 19:00:25 - [TEST_STEP][PASSED] - delay(5): Delayed 5 second(s)

2019-03-12 19:00:30 - [MESSAGE][PASSED] - Delayed 5 second(s)

2019-03-12 19:00:30 - [TEST_STEP][PASSED] - click(findTestObject("GeneralInformation/SelectProduct")): Object: 'Object Repository/GeneralInformation/SelectProduct' is clicked on

2019-03-12 19:00:30 - [MESSAGE][PASSED] - Object: 'Object Repository/GeneralInformation/SelectProduct' is clicked on

2019-03-12 19:00:30 - [TEST_STEP][PASSED] - waitForJQueryLoad(5): jQuery is ready.

2019-03-12 19:00:30 - [MESSAGE][PASSED] - jQuery is ready.

2019-03-12 19:00:30 - [TEST_STEP][PASSED] - selectOptionByLabel(findTestObject("GeneralInformation/SelectProduct"), ProductName, false): All options with label 'BasicDemoProduct' are selected in object 'Object Repository/GeneralInformation/SelectProduct' 

2019-03-12 19:00:30 - [MESSAGE][PASSED] - All options with label 'BasicDemoProduct' are selected in object 'Object Repository/GeneralInformation/SelectProduct' 

2019-03-12 19:00:30 - [TEST_STEP][PASSED] - waitForJQueryLoad(5): jQuery is ready.

2019-03-12 19:00:31 - [MESSAGE][PASSED] - jQuery is ready.

2019-03-12 19:00:31 - [TEST_STEP][NOT_RUN] - delay(3): NOT_RUN: delay(3)

2019-03-12 19:00:31 - [MESSAGE][NOT_RUN] - NOT_RUN: delay(3)

2019-03-12 19:00:31 - [TEST_STEP][PASSED] - click(findTestObject("GeneralInformation/PolicyTerm")): Object: 'Object Repository/GeneralInformation/PolicyTerm' is clicked on

2019-03-12 19:00:32 - [MESSAGE][PASSED] - Object: 'Object Repository/GeneralInformation/PolicyTerm' is clicked on

2019-03-12 19:00:32 - [TEST_STEP][PASSED] - delay(5): Delayed 5 second(s)

2019-03-12 19:00:37 - [MESSAGE][PASSED] - Delayed 5 second(s)

2019-03-12 19:00:37 - [TEST_STEP][PASSED] - selectOptionByLabel(findTestObject("GeneralInformation/PolicyTerm"), Term, false): All options with label 'Yearly' are selected in object 'Object Repository/GeneralInformation/PolicyTerm' 

2019-03-12 19:00:37 - [MESSAGE][PASSED] - All options with label 'Yearly' are selected in object 'Object Repository/GeneralInformation/PolicyTerm' 

2019-03-12 19:00:37 - [TEST_STEP][PASSED] - waitForJQueryLoad(10): jQuery is ready.

2019-03-12 19:00:38 - [MESSAGE][PASSED] - jQuery is ready.

2019-03-12 19:00:38 - [TEST_STEP][PASSED] - click(findTestObject("GeneralInformation/PolicyStartDate")): Object: 'Object Repository/GeneralInformation/PolicyStartDate' is clicked on

2019-03-12 19:00:38 - [MESSAGE][PASSED] - Object: 'Object Repository/GeneralInformation/PolicyStartDate' is clicked on

2019-03-12 19:00:38 - [TEST_STEP][PASSED] - click(findTestObject("GeneralInformation/Policy_Start_Year")): Object: 'Object Repository/GeneralInformation/Policy_Start_Year' is clicked on

2019-03-12 19:00:38 - [MESSAGE][PASSED] - Object: 'Object Repository/GeneralInformation/Policy_Start_Year' is clicked on

2019-03-12 19:00:38 - [TEST_STEP][PASSED] - click(findTestObject("GeneralInformation/Policy_Start_Month")): Object: 'Object Repository/GeneralInformation/Policy_Start_Month' is clicked on

2019-03-12 19:00:38 - [MESSAGE][PASSED] - Object: 'Object Repository/GeneralInformation/Policy_Start_Month' is clicked on

2019-03-12 19:00:38 - [TEST_STEP][PASSED] - click(findTestObject("GeneralInformation/Policy_Start_Month")): Object: 'Object Repository/GeneralInformation/Policy_Start_Month' is clicked on

2019-03-12 19:00:38 - [MESSAGE][PASSED] - Object: 'Object Repository/GeneralInformation/Policy_Start_Month' is clicked on

2019-03-12 19:00:38 - [TEST_STEP][PASSED] - delay(4): Delayed 4 second(s)

2019-03-12 19:00:42 - [MESSAGE][PASSED] - Delayed 4 second(s)

2019-03-12 19:00:42 - [TEST_STEP][PASSED] - click(findTestObject("GeneralInformation/NextButton")): Object: 'Object Repository/GeneralInformation/NextButton' is clicked on

2019-03-12 19:00:42 - [MESSAGE][PASSED] - Object: 'Object Repository/GeneralInformation/NextButton' is clicked on

2019-03-12 19:00:42 - [TEST_STEP][PASSED] - delay(3): Delayed 3 second(s)

2019-03-12 19:00:45 - [MESSAGE][PASSED] - Delayed 3 second(s)

2019-03-12 19:00:45 - [TEST_STEP][PASSED] - if (var_cancelAlertCondition.equals("cancel")): Object: 'Object Repository/RiskDetails/Page_Markit core new  Risk details/ButtonSubmit' is clicked on

2019-03-12 19:00:45 - [TEST_STEP][PASSED] - click(findTestObject("GeneralInformation/CancelAlert")): Object: 'Object Repository/GeneralInformation/CancelAlert' is clicked on

2019-03-12 19:00:49 - [MESSAGE][PASSED] - Object: 'Object Repository/GeneralInformation/CancelAlert' is clicked on

2019-03-12 19:00:49 - [TEST_STEP][PASSED] - delay(4): Delayed 4 second(s)

2019-03-12 19:00:53 - [MESSAGE][PASSED] - Delayed 4 second(s)

2019-03-12 19:00:53 - [TEST_STEP][PASSED] - waitForElementVisible(findTestObject("RiskDetails/Page_Markit core new  Risk details/General_Info_Risk_Details"), 5): Object 'Object Repository/RiskDetails/Page_Markit core new  Risk details/General_Info_Risk_Details' is visible

2019-03-12 19:00:53 - [MESSAGE][PASSED] - Object 'Object Repository/RiskDetails/Page_Markit core new  Risk details/General_Info_Risk_Details' is visible

2019-03-12 19:00:53 - [TEST_STEP][PASSED] - delay(2): Delayed 2 second(s)

2019-03-12 19:00:55 - [MESSAGE][PASSED] - Delayed 2 second(s)

2019-03-12 19:00:55 - [TEST_STEP][PASSED] - selectOptionByLabel(findTestObject("RiskDetails/Page_Markit core new  Risk details/SelectType"), var_buildingtype, false): All options with label 'Flat' are selected in object 'Object Repository/RiskDetails/Page_Markit core new  Risk details/SelectType' 

2019-03-12 19:00:55 - [MESSAGE][PASSED] - All options with label 'Flat' are selected in object 'Object Repository/RiskDetails/Page_Markit core new  Risk details/SelectType' 

2019-03-12 19:00:55 - [TEST_STEP][PASSED] - delay(1): Delayed 1 second(s)

2019-03-12 19:00:56 - [MESSAGE][PASSED] - Delayed 1 second(s)

2019-03-12 19:00:56 - [TEST_STEP][PASSED] - sendKeys(findTestObject("RiskDetails/Page_Markit core new  Risk details/SumInsure"), BuildingSumInsure, STOP_ON_FAILURE): Keys '4000' sent to object: 'Object Repository/RiskDetails/Page_Markit core new  Risk details/SumInsure'

2019-03-12 19:00:56 - [MESSAGE][PASSED] - Keys '4000' sent to object: 'Object Repository/RiskDetails/Page_Markit core new  Risk details/SumInsure'

2019-03-12 19:00:56 - [TEST_STEP][PASSED] - sendKeys(findTestObject("RiskDetails/Page_Markit core new  Risk details/RoomNo"), NoofRoom): Keys '3' sent to object: 'Object Repository/RiskDetails/Page_Markit core new  Risk details/RoomNo'

2019-03-12 19:00:56 - [MESSAGE][PASSED] - Keys '3' sent to object: 'Object Repository/RiskDetails/Page_Markit core new  Risk details/RoomNo'

2019-03-12 19:00:56 - [TEST_STEP][PASSED] - sendKeys(findTestObject("RiskDetails/Page_Markit core new  Risk details/ContentSumInsure"), ContentSumInsure): Keys '5000' sent to object: 'Object Repository/RiskDetails/Page_Markit core new  Risk details/ContentSumInsure'

2019-03-12 19:00:56 - [MESSAGE][PASSED] - Keys '5000' sent to object: 'Object Repository/RiskDetails/Page_Markit core new  Risk details/ContentSumInsure'

2019-03-12 19:00:56 - [TEST_STEP][PASSED] - delay(2): Delayed 2 second(s)

2019-03-12 19:00:58 - [MESSAGE][PASSED] - Delayed 2 second(s)

2019-03-12 19:00:58 - [TEST_STEP][PASSED] - click(findTestObject("RiskDetails/Page_Markit core new  Risk details/ButtonSubmit")): Object: 'Object Repository/RiskDetails/Page_Markit core new  Risk details/ButtonSubmit' is clicked on

2019-03-12 19:01:04 - [MESSAGE][PASSED] - Object: 'Object Repository/RiskDetails/Page_Markit core new  Risk details/ButtonSubmit' is clicked on

2019-03-12 19:01:04 - [TEST_STEP][PASSED] - waitForJQueryLoad(10): jQuery is ready.

2019-03-12 19:01:05 - [MESSAGE][PASSED] - jQuery is ready.

2019-03-12 19:01:05 - [TEST_STEP][PASSED] - click(findTestObject("PremiumPage/Bind")): Object: 'Object Repository/PremiumPage/Bind' is clicked on

2019-03-12 19:01:06 - [MESSAGE][PASSED] - Object: 'Object Repository/PremiumPage/Bind' is clicked on

2019-03-12 19:01:06 - [TEST_STEP][PASSED] - delay(10): Delayed 10 second(s)

2019-03-12 19:01:16 - [MESSAGE][PASSED] - Delayed 10 second(s)

2019-03-12 19:01:16 - [TEST_STEP][PASSED] - click(findTestObject("PaymentDetails/PaymentMethods")): Object: 'Object Repository/PaymentDetails/PaymentMethods' is clicked on

2019-03-12 19:01:16 - [MESSAGE][PASSED] - Object: 'Object Repository/PaymentDetails/PaymentMethods' is clicked on

2019-03-12 19:01:16 - [TEST_STEP][PASSED] - waitForJQueryLoad(5): jQuery is ready.

2019-03-12 19:01:16 - [MESSAGE][PASSED] - jQuery is ready.

2019-03-12 19:01:16 - [TEST_STEP][PASSED] - selectOptionByLabel(findTestObject("PaymentDetails/SelectInstallment"), "1", false): All options with label '1' are selected in object 'Object Repository/PaymentDetails/SelectInstallment' 

2019-03-12 19:01:16 - [MESSAGE][PASSED] - All options with label '1' are selected in object 'Object Repository/PaymentDetails/SelectInstallment' 

2019-03-12 19:01:16 - [TEST_STEP][PASSED] - scrollToElement(findTestObject("PaymentDetails/ConfirmPaymentType"), 5): Scroll to object 'Object Repository/PaymentDetails/ConfirmPaymentType' successfully

2019-03-12 19:01:16 - [MESSAGE][PASSED] - Scroll to object 'Object Repository/PaymentDetails/ConfirmPaymentType' successfully

2019-03-12 19:01:16 - [TEST_STEP][PASSED] - delay(5): Delayed 5 second(s)

2019-03-12 19:01:21 - [MESSAGE][PASSED] - Delayed 5 second(s)

2019-03-12 19:01:21 - [TEST_STEP][PASSED] - click(findTestObject("PaymentDetails/ConfirmPaymentType")): Object: 'Object Repository/PaymentDetails/ConfirmPaymentType' is clicked on

2019-03-12 19:01:21 - [MESSAGE][PASSED] - Object: 'Object Repository/PaymentDetails/ConfirmPaymentType' is clicked on

2019-03-12 19:01:21 - [TEST_STEP][PASSED] - scrollToElement(findTestObject("PaymentDetails/BindAndSendPolicySchedule"), 5): Scroll to object 'Object Repository/PaymentDetails/BindAndSendPolicySchedule' successfully

2019-03-12 19:01:26 - [MESSAGE][PASSED] - Scroll to object 'Object Repository/PaymentDetails/BindAndSendPolicySchedule' successfully

2019-03-12 19:01:26 - [TEST_STEP][PASSED] - delay(4): Delayed 4 second(s)

2019-03-12 19:01:30 - [MESSAGE][PASSED] - Delayed 4 second(s)

2019-03-12 19:01:30 - [TEST_STEP][PASSED] - click(findTestObject("PaymentDetails/BindAndSendPolicySchedule")): Object: 'Object Repository/PaymentDetails/BindAndSendPolicySchedule' is clicked on

2019-03-12 19:01:30 - [MESSAGE][PASSED] - Object: 'Object Repository/PaymentDetails/BindAndSendPolicySchedule' is clicked on

2019-03-12 19:01:30 - [TEST_STEP][PASSED] - var_policyno = getText(findTestObject("PremiumPage/PolicyNo")): Text of object 'Object Repository/PremiumPage/PolicyNo' is: 'DASD/POLICY/002243'

2019-03-12 19:01:36 - [MESSAGE][PASSED] - Text of object 'Object Repository/PremiumPage/PolicyNo' is: 'DASD/POLICY/002243'

2019-03-12 19:01:36 - [TEST_STEP][PASSED] - out.println(var_policyno): null

2019-03-12 19:01:36 - [TEST_STEP][PASSED] - delay(2): Delayed 2 second(s)

2019-03-12 19:01:38 - [MESSAGE][PASSED] - Delayed 2 second(s)

2019-03-12 19:01:38 - [TEST_STEP][NOT_RUN] - com.helper.excel.ExcelHelper.writeTOExcelFile("E:\MarkitCore\ExcelWriter\test.xlsx", "TestData", var_policyNo, 1, 1): NOT_RUN: com.helper.excel.ExcelHelper.writeTOExcelFile("E:\MarkitCore\ExcelWriter\test.xlsx", "TestData", var_policyNo, 1, 1)

2019-03-12 19:01:38 - [MESSAGE][NOT_RUN] - NOT_RUN: com.helper.excel.ExcelHelper.writeTOExcelFile("E:\MarkitCore\ExcelWriter\test.xlsx", "TestData", var_policyNo, 1, 1)

2019-03-12 19:01:38 - [TEST_STEP][NOT_RUN] - com.helper.excel2.excelwrite.WriteExcel(): NOT_RUN: com.helper.excel2.excelwrite.WriteExcel()

2019-03-12 19:01:38 - [MESSAGE][NOT_RUN] - NOT_RUN: com.helper.excel2.excelwrite.WriteExcel()

2019-03-12 19:01:38 - [TEST_STEP][PASSED] - delay(5): Delayed 5 second(s)

2019-03-12 19:01:43 - [MESSAGE][PASSED] - Delayed 5 second(s)]]></system-out>
         <system-err><![CDATA[]]></system-err>
      </testcase>
      <system-out><![CDATA[2019-03-12 18:59:35 - [TEST_SUITE][PASSED] - BuyProcess: Test Cases/StartQuote]]></system-out>
      <system-err><![CDATA[]]></system-err>
   </testsuite>
</testsuites>
